#
# There is insufficient memory for the Java Runtime Environment to continue.
# Native memory allocation (malloc) failed to allocate 122736 bytes for Chunk::new
# Possible reasons:
#   The system is out of physical RAM or swap space
#   In 32 bit mode, the process size limit was hit
# Possible solutions:
#   Reduce memory load on the system
#   Increase physical memory or swap space
#   Check if swap backing store is full
#   Use 64 bit Java on a 64 bit OS
#   Decrease Java heap size (-Xmx/-Xms)
#   Decrease number of Java threads
#   Decrease Java thread stack sizes (-Xss)
#   Set larger code cache with -XX:ReservedCodeCacheSize=
# This output file may be truncated or incomplete.
#
#  Out of Memory Error (allocation.cpp:390), pid=6704, tid=2120
#
# JRE version: Java(TM) SE Runtime Environment (8.0_31-b13) (build 1.8.0_31-b13)
# Java VM: Java HotSpot(TM) 64-Bit Server VM (25.31-b07 mixed mode windows-amd64 compressed oops)
# Failed to write core dump. Minidumps are not enabled by default on client versions of Windows
#

---------------  T H R E A D  ---------------

Current thread (0x000000001777a000):  JavaThread "C2 CompilerThread1" daemon [_thread_in_native, id=2120, stack(0x0000000017e50000,0x0000000017f50000)]

Stack: [0x0000000017e50000,0x0000000017f50000]
Native frames: (J=compiled Java code, j=interpreted, Vv=VM code, C=native code)
V  [jvm.dll+0x3169ba]


Current CompileTask:
C2:   1387 1295       4       com.android.dx.ssa.SsaRenamer$BlockRenamer::processResultReg (56 bytes)


---------------  P R O C E S S  ---------------

Java Threads: ( => current thread )
  0x0000000017a2e800 JavaThread "pool-1-thread-4" [_thread_blocked, id=6844, stack(0x0000000018750000,0x0000000018850000)]
  0x0000000017a2d800 JavaThread "pool-1-thread-3" [_thread_blocked, id=3536, stack(0x0000000018650000,0x0000000018750000)]
  0x0000000017a30000 JavaThread "pool-1-thread-2" [_thread_blocked, id=8040, stack(0x0000000018550000,0x0000000018650000)]
  0x0000000017a29000 JavaThread "pool-2-thread-1" [_thread_blocked, id=5096, stack(0x0000000018450000,0x0000000018550000)]
  0x0000000017a28000 JavaThread "pool-1-thread-1" [_thread_in_Java, id=7600, stack(0x0000000018350000,0x0000000018450000)]
  0x0000000017815800 JavaThread "Service Thread" daemon [_thread_blocked, id=984, stack(0x0000000018150000,0x0000000018250000)]
  0x0000000017783800 JavaThread "C1 CompilerThread3" daemon [_thread_in_vm, id=6148, stack(0x0000000018050000,0x0000000018150000)]
  0x000000001777c000 JavaThread "C2 CompilerThread2" daemon [_thread_in_native, id=7636, stack(0x0000000017f50000,0x0000000018050000)]
=>0x000000001777a000 JavaThread "C2 CompilerThread1" daemon [_thread_in_native, id=2120, stack(0x0000000017e50000,0x0000000017f50000)]
  0x0000000017778000 JavaThread "C2 CompilerThread0" daemon [_thread_in_native, id=3664, stack(0x0000000017d50000,0x0000000017e50000)]
  0x0000000017775800 JavaThread "Attach Listener" daemon [_thread_blocked, id=8132, stack(0x0000000017c50000,0x0000000017d50000)]
  0x0000000017775000 JavaThread "Signal Dispatcher" daemon [_thread_blocked, id=7548, stack(0x0000000017b50000,0x0000000017c50000)]
  0x0000000002c53000 JavaThread "Finalizer" daemon [_thread_blocked, id=5856, stack(0x0000000017650000,0x0000000017750000)]
  0x0000000002c52000 JavaThread "Reference Handler" daemon [_thread_blocked, id=6968, stack(0x0000000017550000,0x0000000017650000)]
  0x0000000002b60800 JavaThread "main" [_thread_blocked, id=8080, stack(0x00000000029a0000,0x0000000002aa0000)]

Other Threads:
  0x0000000015778800 VMThread [stack: 0x0000000017450000,0x0000000017550000] [id=5424]
  0x0000000017816800 WatcherThread [stack: 0x0000000018250000,0x0000000018350000] [id=7080]

VM state:not at safepoint (normal execution)

VM Mutex/Monitor currently owned by a thread: None

Heap:
 PSYoungGen      total 18944K, used 17365K [0x00000000eab00000, 0x00000000ed000000, 0x0000000100000000)
  eden space 16384K, 90% used [0x00000000eab00000,0x00000000eb977b10,0x00000000ebb00000)
  from space 2560K, 99% used [0x00000000ebb00000,0x00000000ebd7dc78,0x00000000ebd80000)
  to   space 2560K, 0% used [0x00000000ecd80000,0x00000000ecd80000,0x00000000ed000000)
 ParOldGen       total 44032K, used 1561K [0x00000000c0000000, 0x00000000c2b00000, 0x00000000eab00000)
  object space 44032K, 3% used [0x00000000c0000000,0x00000000c0186508,0x00000000c2b00000)
 Metaspace       used 5896K, capacity 6960K, committed 7040K, reserved 1056768K
  class space    used 579K, capacity 616K, committed 640K, reserved 1048576K

Card table byte_map: [0x0000000012020000,0x0000000012230000] byte_map_base: 0x0000000011a20000

Marking Bits: (ParMarkBitMap*) 0x00000000702ed4f0
 Begin Bits: [0x0000000012b90000, 0x0000000013b90000)
 End Bits:   [0x0000000013b90000, 0x0000000014b90000)

Polling page: 0x00000000011c0000

CodeCache: size=245760Kb used=5090Kb max_used=5090Kb free=240669Kb
 bounds [0x0000000002c60000, 0x0000000003160000, 0x0000000011c60000]
 total_blobs=1537 nmethods=1273 adapters=178
 compilation: enabled

Compilation events (10 events):
Event: 1.375 Thread 0x000000001777a000 nmethod 1287 0x000000000315aad0 code [0x000000000315aca0, 0x000000000315b540]
Event: 1.380 Thread 0x0000000017783800 1292       3       com.android.dx.util.FixedSizeList::shrinkToFit (103 bytes)
Event: 1.381 Thread 0x0000000017783800 nmethod 1292 0x0000000003159d90 code [0x0000000003159f40, 0x000000000315a7a8]
Event: 1.381 Thread 0x0000000017783800 1293       3       com.android.dx.ssa.SsaConverter::edgeSplitMoveExceptionsAndResults (157 bytes)
Event: 1.381 Thread 0x000000001777a000 1295       4       com.android.dx.ssa.SsaRenamer$BlockRenamer::processResultReg (56 bytes)
Event: 1.383 Thread 0x0000000017783800 nmethod 1293 0x000000000315bc90 code [0x000000000315c040, 0x000000000315de28]
Event: 1.383 Thread 0x0000000017783800 1294       3       com.android.dx.ssa.LocalVariableExtractor::doit (59 bytes)
Event: 1.383 Thread 0x0000000017783800 nmethod 1294 0x00000000031512d0 code [0x0000000003151480, 0x00000000031519c8]
Event: 1.384 Thread 0x0000000017783800 1296       3       com.android.dx.rop.cst.CstString::<init> (42 bytes)
Event: 1.384 Thread 0x0000000017783800 nmethod 1296 0x00000000031593d0 code [0x0000000003159580, 0x0000000003159af8]

GC Heap History (2 events):
Event: 0.964 GC heap before
{Heap before GC invocations=1 (full 0):
 PSYoungGen      total 18944K, used 16384K [0x00000000eab00000, 0x00000000ec000000, 0x0000000100000000)
  eden space 16384K, 100% used [0x00000000eab00000,0x00000000ebb00000,0x00000000ebb00000)
  from space 2560K, 0% used [0x00000000ebd80000,0x00000000ebd80000,0x00000000ec000000)
  to   space 2560K, 0% used [0x00000000ebb00000,0x00000000ebb00000,0x00000000ebd80000)
 ParOldGen       total 44032K, used 0K [0x00000000c0000000, 0x00000000c2b00000, 0x00000000eab00000)
  object space 44032K, 0% used [0x00000000c0000000,0x00000000c0000000,0x00000000c2b00000)
 Metaspace       used 5632K, capacity 6768K, committed 7040K, reserved 1056768K
  class space    used 576K, capacity 616K, committed 640K, reserved 1048576K
Event: 0.992 GC heap after
Heap after GC invocations=1 (full 0):
 PSYoungGen      total 18944K, used 2551K [0x00000000eab00000, 0x00000000ed000000, 0x0000000100000000)
  eden space 16384K, 0% used [0x00000000eab00000,0x00000000eab00000,0x00000000ebb00000)
  from space 2560K, 99% used [0x00000000ebb00000,0x00000000ebd7dc78,0x00000000ebd80000)
  to   space 2560K, 0% used [0x00000000ecd80000,0x00000000ecd80000,0x00000000ed000000)
 ParOldGen       total 44032K, used 1561K [0x00000000c0000000, 0x00000000c2b00000, 0x00000000eab00000)
  object space 44032K, 3% used [0x00000000c0000000,0x00000000c0186508,0x00000000c2b00000)
 Metaspace       used 5632K, capacity 6768K, committed 7040K, reserved 1056768K
  class space    used 576K, capacity 616K, committed 640K, reserved 1048576K
}

Deoptimization events (0 events):
No events

Internal exceptions (10 events):
Event: 0.516 Thread 0x0000000017a30000 Exception <a 'java/security/PrivilegedActionException'> (0x00000000eb437758) thrown at [C:\workspace\8-2-build-windows-amd64-cygwin\jdk8u31\2394\hotspot\src\share\vm\prims\jvm.cpp, line 1312]
Event: 0.518 Thread 0x0000000017a28000 Exception <a 'java/security/PrivilegedActionException'> (0x00000000eb218a78) thrown at [C:\workspace\8-2-build-windows-amd64-cygwin\jdk8u31\2394\hotspot\src\share\vm\prims\jvm.cpp, line 1312]
Event: 0.519 Thread 0x0000000017a30000 Exception <a 'java/security/PrivilegedActionException'> (0x00000000eb445878) thrown at [C:\workspace\8-2-build-windows-amd64-cygwin\jdk8u31\2394\hotspot\src\share\vm\prims\jvm.cpp, line 1312]
Event: 0.519 Thread 0x0000000017a30000 Exception <a 'java/security/PrivilegedActionException'> (0x00000000eb449b58) thrown at [C:\workspace\8-2-build-windows-amd64-cygwin\jdk8u31\2394\hotspot\src\share\vm\prims\jvm.cpp, line 1312]
Event: 0.591 Thread 0x0000000017a2e800 Exception <a 'java/security/PrivilegedActionException'> (0x00000000eb8043c0) thrown at [C:\workspace\8-2-build-windows-amd64-cygwin\jdk8u31\2394\hotspot\src\share\vm\prims\jvm.cpp, line 1312]
Event: 1.269 Thread 0x0000000002b60800 Exception <a 'java/security/PrivilegedActionException'> (0x00000000eb25ab98) thrown at [C:\workspace\8-2-build-windows-amd64-cygwin\jdk8u31\2394\hotspot\src\share\vm\prims\jvm.cpp, line 1312]
Event: 1.323 Thread 0x0000000002b60800 Exception <a 'java/security/PrivilegedActionException'> (0x00000000eb2778c0) thrown at [C:\workspace\8-2-build-windows-amd64-cygwin\jdk8u31\2394\hotspot\src\share\vm\prims\jvm.cpp, line 1312]
Event: 1.324 Thread 0x0000000002b60800 Exception <a 'java/security/PrivilegedActionException'> (0x00000000eb279d50) thrown at [C:\workspace\8-2-build-windows-amd64-cygwin\jdk8u31\2394\hotspot\src\share\vm\prims\jvm.cpp, line 1312]
Event: 1.325 Thread 0x0000000002b60800 Exception <a 'java/security/PrivilegedActionException'> (0x00000000eb283fd8) thrown at [C:\workspace\8-2-build-windows-amd64-cygwin\jdk8u31\2394\hotspot\src\share\vm\prims\jvm.cpp, line 1312]
Event: 1.325 Thread 0x0000000002b60800 Exception <a 'java/security/PrivilegedActionException'> (0x00000000eb2866c8) thrown at [C:\workspace\8-2-build-windows-amd64-cygwin\jdk8u31\2394\hotspot\src\share\vm\prims\jvm.cpp, line 1312]

Events (10 events):
Event: 1.269 loading class com/android/dx/cf/attrib/AttLocalVariableTypeTable
Event: 1.269 loading class com/android/dx/cf/attrib/AttLocalVariableTypeTable done
Event: 1.323 loading class com/android/dx/cf/attrib/AttDeprecated
Event: 1.323 loading class com/android/dx/cf/attrib/AttDeprecated done
Event: 1.324 loading class com/android/dx/cf/direct/AnnotationParser
Event: 1.324 loading class com/android/dx/cf/direct/AnnotationParser done
Event: 1.324 loading class com/android/dx/cf/attrib/AttRuntimeVisibleAnnotations
Event: 1.324 loading class com/android/dx/cf/attrib/AttRuntimeVisibleAnnotations done
Event: 1.325 loading class com/android/dx/cf/attrib/BaseAnnotations
Event: 1.325 loading class com/android/dx/cf/attrib/BaseAnnotations done


Dynamic libraries:
0x00007ff73e6e0000 - 0x00007ff73e714000 	C:\Program Files\Java\jdk1.8.0_31\bin\java.exe
0x00007ffda6090000 - 0x00007ffda623c000 	C:\Windows\SYSTEM32\ntdll.dll
0x00007ffda3a50000 - 0x00007ffda3b8e000 	C:\Windows\system32\KERNEL32.DLL
0x00007ffda3540000 - 0x00007ffda3655000 	C:\Windows\system32\KERNELBASE.dll
0x00007ffda1dd0000 - 0x00007ffda1e5e000 	C:\Windows\system32\apphelp.dll
0x00007ffd9e5c0000 - 0x00007ffd9e613000 	C:\Windows\AppPatch\AppPatch64\AcGenral.DLL
0x00007ffda4640000 - 0x00007ffda46ea000 	C:\Windows\system32\msvcrt.dll
0x00007ffda2fa0000 - 0x00007ffda2fce000 	C:\Windows\SYSTEM32\SspiCli.dll
0x00007ffda3e00000 - 0x00007ffda3e54000 	C:\Windows\system32\SHLWAPI.dll
0x00007ffda4290000 - 0x00007ffda4407000 	C:\Windows\system32\USER32.dll
0x00007ffda3b90000 - 0x00007ffda3d24000 	C:\Windows\system32\ole32.dll
0x00007ffda4b60000 - 0x00007ffda608b000 	C:\Windows\system32\SHELL32.dll
0x00007ffda2780000 - 0x00007ffda27a1000 	C:\Windows\SYSTEM32\USERENV.dll
0x00007ffda3e60000 - 0x00007ffda3f0a000 	C:\Windows\system32\ADVAPI32.dll
0x00007ffd942c0000 - 0x00007ffd942de000 	C:\Windows\SYSTEM32\MPR.dll
0x00007ffda4140000 - 0x00007ffda4281000 	C:\Windows\system32\RPCRT4.dll
0x00007ffda3f10000 - 0x00007ffda3f69000 	C:\Windows\SYSTEM32\sechost.dll
0x00007ffda4420000 - 0x00007ffda4631000 	C:\Windows\SYSTEM32\combase.dll
0x00007ffda3710000 - 0x00007ffda385f000 	C:\Windows\system32\GDI32.dll
0x00007ffda31e0000 - 0x00007ffda31f5000 	C:\Windows\SYSTEM32\profapi.dll
0x00007ffda1c60000 - 0x00007ffda1d12000 	C:\Windows\SYSTEM32\SHCORE.dll
0x00007ffda4090000 - 0x00007ffda40c6000 	C:\Windows\system32\IMM32.DLL
0x00007ffda46f0000 - 0x00007ffda4842000 	C:\Windows\system32\MSCTF.dll
0x00007ffda1070000 - 0x00007ffda12eb000 	C:\Windows\WinSxS\amd64_microsoft.windows.common-controls_6595b64144ccf1df_6.0.9600.18006_none_623f33d3ecbe86e8\COMCTL32.dll
0x000000006f6e0000 - 0x000000006f7b2000 	C:\Program Files\Java\jdk1.8.0_31\jre\bin\msvcr100.dll
0x000000006fb10000 - 0x000000007036a000 	C:\Program Files\Java\jdk1.8.0_31\jre\bin\server\jvm.dll
0x00007ffda1bc0000 - 0x00007ffda1bc9000 	C:\Windows\SYSTEM32\WSOCK32.dll
0x00007ffda1bd0000 - 0x00007ffda1bf2000 	C:\Windows\SYSTEM32\WINMM.dll
0x00007ffda4410000 - 0x00007ffda4417000 	C:\Windows\system32\PSAPI.DLL
0x00007ffda40e0000 - 0x00007ffda413a000 	C:\Windows\system32\WS2_32.dll
0x00007ffda04a0000 - 0x00007ffda04ca000 	C:\Windows\SYSTEM32\WINMMBASE.dll
0x00007ffda40d0000 - 0x00007ffda40d9000 	C:\Windows\system32\NSI.dll
0x00007ffda36c0000 - 0x00007ffda370f000 	C:\Windows\SYSTEM32\cfgmgr32.dll
0x00007ffda1fd0000 - 0x00007ffda1ff8000 	C:\Windows\SYSTEM32\DEVOBJ.dll
0x0000000070cd0000 - 0x0000000070cdf000 	C:\Program Files\Java\jdk1.8.0_31\jre\bin\verify.dll
0x0000000070ca0000 - 0x0000000070cc8000 	C:\Program Files\Java\jdk1.8.0_31\jre\bin\java.dll
0x000000006faf0000 - 0x000000006fb06000 	C:\Program Files\Java\jdk1.8.0_31\jre\bin\zip.dll

VM Arguments:
jvm_args: -Xmx1024M -Dfile.encoding=windows-1252 -Duser.country=US -Duser.language=en -Duser.variant 
java_command: com.android.dx.command.Main --dex --num-threads=4 --output E:\Data Adek\Data Kuliah\SEM 7 - MOBILE\FINAL PROJECT\Android1_EasyGo\EasyGo\app\build\intermediates\pre-dexed\debug\classes-aa0988d6386b8179d9ea08655c311fb2bf914d48.jar E:\Data Adek\Data Kuliah\SEM 7 - MOBILE\FINAL PROJECT\Android1_EasyGo\EasyGo\app\build\intermediates\exploded-aar\com.google.android.gms\play-services-nearby\8.4.0\jars\classes.jar
java_class_path (initial): C:\Users\angga\AppData\Local\Android\sdk\build-tools\23.0.1\lib\dx.jar
Launcher Type: SUN_STANDARD

Environment Variables:
PATH=C:\ProgramData\Oracle\Java\javapath;C:\oraclexe\app\oracle\product\10.2.0\server\bin;C:\Program Files (x86)\Intel\iCLS Client\;C:\Program Files\Intel\iCLS Client\;C:\Windows\system32;C:\Windows;C:\Windows\System32\Wbem;C:\Windows\System32\WindowsPowerShell\v1.0\;C:\Program Files\Intel\Intel(R) Management Engine Components\DAL;C:\Program Files\Intel\Intel(R) Management Engine Components\IPT;C:\Program Files (x86)\Intel\Intel(R) Management Engine Components\DAL;C:\Program Files (x86)\Intel\Intel(R) Management Engine Components\IPT;C:\Program Files (x86)\Windows Kits\8.1\Windows Performance Toolkit\;C:\Program Files\Microsoft SQL Server\110\Tools\Binn\;C:\Program Files (x86)\nodejs\;C:\Users\angga\AppData\Roaming\npm;C:\Program Files (x86)\Java\jre7\bin
USERNAME=angga
OS=Windows_NT
PROCESSOR_IDENTIFIER=Intel64 Family 6 Model 58 Stepping 9, GenuineIntel



---------------  S Y S T E M  ---------------

OS: Windows 8.1 , 64 bit Build 9600 

CPU:total 8 (4 cores per cpu, 2 threads per core) family 6 model 58 stepping 9, cmov, cx8, fxsr, mmx, sse, sse2, sse3, ssse3, sse4.1, sse4.2, popcnt, avx, aes, clmul, erms, ht, tsc, tscinvbit, tscinv

Memory: 4k page, physical 4144288k(432380k free), swap 7290016k(5040k free)

vm_info: Java HotSpot(TM) 64-Bit Server VM (25.31-b07) for windows-amd64 JRE (1.8.0_31-b13), built on Dec 17 2014 21:00:28 by "java_re" with MS VC++ 10.0 (VS2010)

time: Sat Jan 02 20:43:14 2016
elapsed time: 1 seconds (0d 0h 0m 1s)

