#
# There is insufficient memory for the Java Runtime Environment to continue.
# Native memory allocation (malloc) failed to allocate 1693136 bytes for Chunk::new
# Possible reasons:
#   The system is out of physical RAM or swap space
#   In 32 bit mode, the process size limit was hit
# Possible solutions:
#   Reduce memory load on the system
#   Increase physical memory or swap space
#   Check if swap backing store is full
#   Use 64 bit Java on a 64 bit OS
#   Decrease Java heap size (-Xmx/-Xms)
#   Decrease number of Java threads
#   Decrease Java thread stack sizes (-Xss)
#   Set larger code cache with -XX:ReservedCodeCacheSize=
# This output file may be truncated or incomplete.
#
#  Out of Memory Error (allocation.cpp:390), pid=6488, tid=4756
#
# JRE version: Java(TM) SE Runtime Environment (8.0_31-b13) (build 1.8.0_31-b13)
# Java VM: Java HotSpot(TM) 64-Bit Server VM (25.31-b07 mixed mode windows-amd64 compressed oops)
# Failed to write core dump. Minidumps are not enabled by default on client versions of Windows
#

---------------  T H R E A D  ---------------

Current thread (0x0000000017109000):  JavaThread "C2 CompilerThread1" daemon [_thread_in_native, id=4756, stack(0x00000000177e0000,0x00000000178e0000)]

Stack: [0x00000000177e0000,0x00000000178e0000]
Native frames: (J=compiled Java code, j=interpreted, Vv=VM code, C=native code)
V  [jvm.dll+0x3169ba]


Current CompileTask:
C2:   7502 1568       4       com.android.dx.rop.code.Rops::ropFor (771 bytes)


---------------  P R O C E S S  ---------------

Java Threads: ( => current thread )
  0x0000000017410000 JavaThread "pool-1-thread-4" [_thread_blocked, id=7400, stack(0x00000000180e0000,0x00000000181e0000)]
  0x0000000017413800 JavaThread "pool-1-thread-3" [_thread_blocked, id=7620, stack(0x0000000017fe0000,0x00000000180e0000)]
  0x00000000173e9000 JavaThread "pool-1-thread-2" [_thread_in_Java, id=6200, stack(0x0000000017ee0000,0x0000000017fe0000)]
  0x00000000173e8000 JavaThread "pool-2-thread-1" [_thread_blocked, id=1032, stack(0x0000000017de0000,0x0000000017ee0000)]
  0x00000000173e3000 JavaThread "pool-1-thread-1" [_thread_in_Java, id=3136, stack(0x0000000017ce0000,0x0000000017de0000)]
  0x0000000017117000 JavaThread "Service Thread" daemon [_thread_blocked, id=6648, stack(0x0000000017ae0000,0x0000000017be0000)]
  0x0000000017110800 JavaThread "C1 CompilerThread3" daemon [_thread_blocked, id=5780, stack(0x00000000179e0000,0x0000000017ae0000)]
  0x000000001710b000 JavaThread "C2 CompilerThread2" daemon [_thread_in_native, id=312, stack(0x00000000178e0000,0x00000000179e0000)]
=>0x0000000017109000 JavaThread "C2 CompilerThread1" daemon [_thread_in_native, id=4756, stack(0x00000000177e0000,0x00000000178e0000)]
  0x0000000017107000 JavaThread "C2 CompilerThread0" daemon [_thread_in_native, id=5492, stack(0x00000000176e0000,0x00000000177e0000)]
  0x0000000017104800 JavaThread "Attach Listener" daemon [_thread_blocked, id=8124, stack(0x00000000175e0000,0x00000000176e0000)]
  0x0000000017104000 JavaThread "Signal Dispatcher" daemon [_thread_blocked, id=7576, stack(0x00000000174e0000,0x00000000175e0000)]
  0x00000000025d7800 JavaThread "Finalizer" daemon [_thread_blocked, id=7124, stack(0x0000000016fe0000,0x00000000170e0000)]
  0x00000000025d1000 JavaThread "Reference Handler" daemon [_thread_blocked, id=1048, stack(0x0000000016ee0000,0x0000000016fe0000)]
  0x00000000024e0800 JavaThread "main" [_thread_in_Java, id=420, stack(0x0000000002350000,0x0000000002450000)]

Other Threads:
  0x00000000150f8800 VMThread [stack: 0x0000000016de0000,0x0000000016ee0000] [id=400]
  0x000000001711b800 WatcherThread [stack: 0x0000000017be0000,0x0000000017ce0000] [id=5724]

VM state:not at safepoint (normal execution)

VM Mutex/Monitor currently owned by a thread: None

Heap:
 PSYoungGen      total 68096K, used 17730K [0x00000000eab00000, 0x00000000ef000000, 0x0000000100000000)
  eden space 65536K, 23% used [0x00000000eab00000,0x00000000eb9d3fd0,0x00000000eeb00000)
  from space 2560K, 99% used [0x00000000eed80000,0x00000000eeffc858,0x00000000ef000000)
  to   space 2560K, 0% used [0x00000000eeb00000,0x00000000eeb00000,0x00000000eed80000)
 ParOldGen       total 44032K, used 22601K [0x00000000c0000000, 0x00000000c2b00000, 0x00000000eab00000)
  object space 44032K, 51% used [0x00000000c0000000,0x00000000c16127f8,0x00000000c2b00000)
 Metaspace       used 6079K, capacity 7088K, committed 7296K, reserved 1056768K
  class space    used 584K, capacity 616K, committed 640K, reserved 1048576K

Card table byte_map: [0x00000000119a0000,0x0000000011bb0000] byte_map_base: 0x00000000113a0000

Marking Bits: (ParMarkBitMap*) 0x00000000702ed4f0
 Begin Bits: [0x0000000012510000, 0x0000000013510000)
 End Bits:   [0x0000000013510000, 0x0000000014510000)

Polling page: 0x00000000022a0000

CodeCache: size=245760Kb used=7201Kb max_used=7201Kb free=238558Kb
 bounds [0x00000000025e0000, 0x0000000002cf0000, 0x00000000115e0000]
 total_blobs=1967 nmethods=1702 adapters=178
 compilation: enabled

Compilation events (10 events):
Event: 6.486 Thread 0x0000000017110800 1627       3       java.lang.String::<init> (15 bytes)
Event: 6.486 Thread 0x0000000017110800 nmethod 1627 0x0000000002c5a850 code [0x0000000002c5a9e0, 0x0000000002c5adc8]
Event: 7.041 Thread 0x0000000017110800 1633       3       java.util.HashMap$EntryIterator::next (5 bytes)
Event: 7.041 Thread 0x0000000017110800 nmethod 1633 0x0000000002c5a350 code [0x0000000002c5a4c0, 0x0000000002c5a7a8]
Event: 7.041 Thread 0x0000000017110800 1634       3       java.util.HashMap$EntryIterator::next (5 bytes)
Event: 7.041 Thread 0x0000000017110800 nmethod 1634 0x0000000002c59f50 code [0x0000000002c5a0c0, 0x0000000002c5a2c8]
Event: 7.079 Thread 0x0000000017107000 nmethod 1626 0x0000000002c7ff10 code [0x0000000002c800e0, 0x0000000002c80710]
Event: 7.079 Thread 0x0000000017107000 1635       4       com.android.dx.ssa.SCCP::simulateBranch (666 bytes)
Event: 7.081 Thread 0x0000000017110800 1637       3       com.android.dx.ssa.PhiInsn::updateSourcesToDefinitions (68 bytes)
Event: 7.082 Thread 0x0000000017110800 nmethod 1637 0x0000000002c79290 code [0x0000000002c794a0, 0x0000000002c7a038]

GC Heap History (6 events):
Event: 2.735 GC heap before
{Heap before GC invocations=1 (full 0):
 PSYoungGen      total 18944K, used 16384K [0x00000000eab00000, 0x00000000ec000000, 0x0000000100000000)
  eden space 16384K, 100% used [0x00000000eab00000,0x00000000ebb00000,0x00000000ebb00000)
  from space 2560K, 0% used [0x00000000ebd80000,0x00000000ebd80000,0x00000000ec000000)
  to   space 2560K, 0% used [0x00000000ebb00000,0x00000000ebb00000,0x00000000ebd80000)
 ParOldGen       total 44032K, used 0K [0x00000000c0000000, 0x00000000c2b00000, 0x00000000eab00000)
  object space 44032K, 0% used [0x00000000c0000000,0x00000000c0000000,0x00000000c2b00000)
 Metaspace       used 5571K, capacity 6640K, committed 6784K, reserved 1056768K
  class space    used 577K, capacity 616K, committed 640K, reserved 1048576K
Event: 3.180 GC heap after
Heap after GC invocations=1 (full 0):
 PSYoungGen      total 18944K, used 2554K [0x00000000eab00000, 0x00000000ed000000, 0x0000000100000000)
  eden space 16384K, 0% used [0x00000000eab00000,0x00000000eab00000,0x00000000ebb00000)
  from space 2560K, 99% used [0x00000000ebb00000,0x00000000ebd7eab8,0x00000000ebd80000)
  to   space 2560K, 0% used [0x00000000ecd80000,0x00000000ecd80000,0x00000000ed000000)
 ParOldGen       total 44032K, used 1571K [0x00000000c0000000, 0x00000000c2b00000, 0x00000000eab00000)
  object space 44032K, 3% used [0x00000000c0000000,0x00000000c0188d18,0x00000000c2b00000)
 Metaspace       used 5571K, capacity 6640K, committed 6784K, reserved 1056768K
  class space    used 577K, capacity 616K, committed 640K, reserved 1048576K
}
Event: 5.024 GC heap before
{Heap before GC invocations=2 (full 0):
 PSYoungGen      total 18944K, used 18938K [0x00000000eab00000, 0x00000000ed000000, 0x0000000100000000)
  eden space 16384K, 100% used [0x00000000eab00000,0x00000000ebb00000,0x00000000ebb00000)
  from space 2560K, 99% used [0x00000000ebb00000,0x00000000ebd7eab8,0x00000000ebd80000)
  to   space 2560K, 0% used [0x00000000ecd80000,0x00000000ecd80000,0x00000000ed000000)
 ParOldGen       total 44032K, used 1571K [0x00000000c0000000, 0x00000000c2b00000, 0x00000000eab00000)
  object space 44032K, 3% used [0x00000000c0000000,0x00000000c0188d18,0x00000000c2b00000)
 Metaspace       used 5926K, capacity 6960K, committed 7040K, reserved 1056768K
  class space    used 583K, capacity 616K, committed 640K, reserved 1048576K
Event: 5.175 GC heap after
Heap after GC invocations=2 (full 0):
 PSYoungGen      total 35328K, used 2538K [0x00000000eab00000, 0x00000000ed000000, 0x0000000100000000)
  eden space 32768K, 0% used [0x00000000eab00000,0x00000000eab00000,0x00000000ecb00000)
  from space 2560K, 99% used [0x00000000ecd80000,0x00000000ecffaab8,0x00000000ed000000)
  to   space 2560K, 0% used [0x00000000ecb00000,0x00000000ecb00000,0x00000000ecd80000)
 ParOldGen       total 44032K, used 3803K [0x00000000c0000000, 0x00000000c2b00000, 0x00000000eab00000)
  object space 44032K, 8% used [0x00000000c0000000,0x00000000c03b6dd8,0x00000000c2b00000)
 Metaspace       used 5926K, capacity 6960K, committed 7040K, reserved 1056768K
  class space    used 583K, capacity 616K, committed 640K, reserved 1048576K
}
Event: 6.652 GC heap before
{Heap before GC invocations=3 (full 0):
 PSYoungGen      total 35328K, used 35306K [0x00000000eab00000, 0x00000000ed000000, 0x0000000100000000)
  eden space 32768K, 100% used [0x00000000eab00000,0x00000000ecb00000,0x00000000ecb00000)
  from space 2560K, 99% used [0x00000000ecd80000,0x00000000ecffaab8,0x00000000ed000000)
  to   space 2560K, 0% used [0x00000000ecb00000,0x00000000ecb00000,0x00000000ecd80000)
 ParOldGen       total 44032K, used 3803K [0x00000000c0000000, 0x00000000c2b00000, 0x00000000eab00000)
  object space 44032K, 8% used [0x00000000c0000000,0x00000000c03b6dd8,0x00000000c2b00000)
 Metaspace       used 6014K, capacity 7024K, committed 7296K, reserved 1056768K
  class space    used 584K, capacity 616K, committed 640K, reserved 1048576K
Event: 7.020 GC heap after
Heap after GC invocations=3 (full 0):
 PSYoungGen      total 35328K, used 2553K [0x00000000eab00000, 0x00000000ef000000, 0x0000000100000000)
  eden space 32768K, 0% used [0x00000000eab00000,0x00000000eab00000,0x00000000ecb00000)
  from space 2560K, 99% used [0x00000000ecb00000,0x00000000ecd7e520,0x00000000ecd80000)
  to   space 2560K, 0% used [0x00000000eed80000,0x00000000eed80000,0x00000000ef000000)
 ParOldGen       total 44032K, used 12418K [0x00000000c0000000, 0x00000000c2b00000, 0x00000000eab00000)
  object space 44032K, 28% used [0x00000000c0000000,0x00000000c0c20b90,0x00000000c2b00000)
 Metaspace       used 6014K, capacity 7024K, committed 7296K, reserved 1056768K
  class space    used 584K, capacity 616K, committed 640K, reserved 1048576K
}

Deoptimization events (10 events):
Event: 4.996 Thread 0x00000000173e3000 Uncommon trap: reason=class_check action=maybe_recompile pc=0x00000000029d7614 method=com.android.dx.rop.cst.CstLiteral32.equals(Ljava/lang/Object;)Z @ 20
Event: 4.996 Thread 0x00000000173e3000 Uncommon trap: reason=class_check action=maybe_recompile pc=0x00000000029d7614 method=com.android.dx.rop.cst.CstLiteral32.equals(Ljava/lang/Object;)Z @ 20
Event: 5.003 Thread 0x00000000173e3000 Uncommon trap: reason=bimorphic action=maybe_recompile pc=0x000000000281f824 method=java.util.HashMap.getNode(ILjava/lang/Object;)Ljava/util/HashMap$Node; @ 126
Event: 5.412 Thread 0x0000000017410000 Uncommon trap: reason=unreached action=reinterpret pc=0x0000000002ae1288 method=com.android.dx.ssa.MoveParamCombiner$1.visitNonMoveInsn(Lcom/android/dx/ssa/NormalSsaInsn;)V @ 27
Event: 5.503 Thread 0x00000000173e3000 Uncommon trap: reason=unreached action=reinterpret pc=0x0000000002af572c method=com.android.dx.ssa.SCCP.simulateBranch(Lcom/android/dx/ssa/SsaInsn;)V @ 132
Event: 5.504 Thread 0x00000000173e3000 Uncommon trap: reason=unloaded action=reinterpret pc=0x0000000002b09224 method=com.android.dx.ssa.LiteralOpUpgrader$1.visitNonMoveInsn(Lcom/android/dx/ssa/NormalSsaInsn;)V @ 72
Event: 5.505 Thread 0x00000000173e3000 Uncommon trap: reason=unreached action=reinterpret pc=0x00000000029ed89c method=com.android.dx.ssa.SsaMethod.updateOneDefinition(Lcom/android/dx/ssa/SsaInsn;Lcom/android/dx/rop/code/RegisterSpec;)V @ 4
Event: 5.858 Thread 0x0000000017413800 Uncommon trap: reason=bimorphic action=maybe_recompile pc=0x0000000002a5e8ec method=com.android.dx.ssa.SCCP.simulatePhi(Lcom/android/dx/ssa/PhiInsn;)V @ 124
Event: 5.858 Thread 0x0000000017413800 Uncommon trap: reason=bimorphic action=maybe_recompile pc=0x0000000002a5e8ec method=com.android.dx.ssa.SCCP.simulatePhi(Lcom/android/dx/ssa/PhiInsn;)V @ 124
Event: 5.862 Thread 0x0000000017413800 Uncommon trap: reason=bimorphic action=maybe_recompile pc=0x0000000002a5e8ec method=com.android.dx.ssa.SCCP.simulatePhi(Lcom/android/dx/ssa/PhiInsn;)V @ 124

Internal exceptions (10 events):
Event: 2.258 Thread 0x00000000173e3000 Exception <a 'java/security/PrivilegedActionException'> (0x00000000eb6f78a8) thrown at [C:\workspace\8-2-build-windows-amd64-cygwin\jdk8u31\2394\hotspot\src\share\vm\prims\jvm.cpp, line 1312]
Event: 3.433 Thread 0x00000000173e9000 Implicit null exception at 0x0000000002854aa2 to 0x0000000002854b92
Event: 3.826 Thread 0x00000000173e9000 Exception <a 'java/security/PrivilegedActionException'> (0x00000000eb0a3990) thrown at [C:\workspace\8-2-build-windows-amd64-cygwin\jdk8u31\2394\hotspot\src\share\vm\prims\jvm.cpp, line 1312]
Event: 4.286 Thread 0x00000000024e0800 Exception <a 'java/security/PrivilegedActionException'> (0x00000000eb4660b8) thrown at [C:\workspace\8-2-build-windows-amd64-cygwin\jdk8u31\2394\hotspot\src\share\vm\prims\jvm.cpp, line 1312]
Event: 4.287 Thread 0x00000000024e0800 Exception <a 'java/security/PrivilegedActionException'> (0x00000000eb468a00) thrown at [C:\workspace\8-2-build-windows-amd64-cygwin\jdk8u31\2394\hotspot\src\share\vm\prims\jvm.cpp, line 1312]
Event: 4.602 Thread 0x00000000173e3000 Exception <a 'java/security/PrivilegedActionException'> (0x00000000eb726c80) thrown at [C:\workspace\8-2-build-windows-amd64-cygwin\jdk8u31\2394\hotspot\src\share\vm\prims\jvm.cpp, line 1312]
Event: 4.603 Thread 0x00000000173e3000 Exception <a 'java/security/PrivilegedActionException'> (0x00000000eb72c6d0) thrown at [C:\workspace\8-2-build-windows-amd64-cygwin\jdk8u31\2394\hotspot\src\share\vm\prims\jvm.cpp, line 1312]
Event: 4.604 Thread 0x00000000173e3000 Exception <a 'java/security/PrivilegedActionException'> (0x00000000eb732050) thrown at [C:\workspace\8-2-build-windows-amd64-cygwin\jdk8u31\2394\hotspot\src\share\vm\prims\jvm.cpp, line 1312]
Event: 5.504 Thread 0x00000000173e3000 Exception <a 'java/security/PrivilegedActionException'> (0x00000000eb0747b0) thrown at [C:\workspace\8-2-build-windows-amd64-cygwin\jdk8u31\2394\hotspot\src\share\vm\prims\jvm.cpp, line 1312]
Event: 5.748 Thread 0x00000000173e3000 Exception <a 'java/security/PrivilegedActionException'> (0x00000000eb2e4060) thrown at [C:\workspace\8-2-build-windows-amd64-cygwin\jdk8u31\2394\hotspot\src\share\vm\prims\jvm.cpp, line 1312]

Events (10 events):
Event: 5.858 Thread 0x0000000017413800 Uncommon trap: trap_request=0xffffffc6 fr.pc=0x0000000002a5e8ec
Event: 5.858 Thread 0x0000000017413800 DEOPT PACKING pc=0x0000000002a5e8ec sp=0x00000000180deb10
Event: 5.858 Thread 0x0000000017413800 DEOPT UNPACKING pc=0x000000000262556a sp=0x00000000180dead8 mode 2
Event: 5.862 Thread 0x0000000017413800 Uncommon trap: trap_request=0xffffffc6 fr.pc=0x0000000002a5e8ec
Event: 5.862 Thread 0x0000000017413800 DEOPT PACKING pc=0x0000000002a5e8ec sp=0x00000000180deab0
Event: 5.862 Thread 0x0000000017413800 DEOPT UNPACKING pc=0x000000000262556a sp=0x00000000180dea78 mode 2
Event: 6.342 Thread 0x00000000173e9000 DEOPT PACKING pc=0x0000000002ae6de4 sp=0x0000000017fde870
Event: 6.342 Thread 0x00000000173e9000 DEOPT UNPACKING pc=0x00000000026275bf sp=0x0000000017fde580 mode 0
Event: 6.488 Executing VM operation: ParallelGCFailedAllocation
Event: 7.020 Executing VM operation: ParallelGCFailedAllocation done


Dynamic libraries:
0x00007ff73e6e0000 - 0x00007ff73e714000 	C:\Program Files\Java\jdk1.8.0_31\bin\java.exe
0x00007ffda6090000 - 0x00007ffda623c000 	C:\Windows\SYSTEM32\ntdll.dll
0x00007ffda3a50000 - 0x00007ffda3b8e000 	C:\Windows\system32\KERNEL32.DLL
0x00007ffda3540000 - 0x00007ffda3655000 	C:\Windows\system32\KERNELBASE.dll
0x00007ffda1dd0000 - 0x00007ffda1e5e000 	C:\Windows\system32\apphelp.dll
0x00007ffd9e5c0000 - 0x00007ffd9e613000 	C:\Windows\AppPatch\AppPatch64\AcGenral.DLL
0x00007ffda4640000 - 0x00007ffda46ea000 	C:\Windows\system32\msvcrt.dll
0x00007ffda2fa0000 - 0x00007ffda2fce000 	C:\Windows\SYSTEM32\SspiCli.dll
0x00007ffda3e00000 - 0x00007ffda3e54000 	C:\Windows\system32\SHLWAPI.dll
0x00007ffda4290000 - 0x00007ffda4407000 	C:\Windows\system32\USER32.dll
0x00007ffda3b90000 - 0x00007ffda3d24000 	C:\Windows\system32\ole32.dll
0x00007ffda4b60000 - 0x00007ffda608b000 	C:\Windows\system32\SHELL32.dll
0x00007ffda2780000 - 0x00007ffda27a1000 	C:\Windows\SYSTEM32\USERENV.dll
0x00007ffda3e60000 - 0x00007ffda3f0a000 	C:\Windows\system32\ADVAPI32.dll
0x00007ffd942c0000 - 0x00007ffd942de000 	C:\Windows\SYSTEM32\MPR.dll
0x00007ffda4140000 - 0x00007ffda4281000 	C:\Windows\system32\RPCRT4.dll
0x00007ffda3f10000 - 0x00007ffda3f69000 	C:\Windows\SYSTEM32\sechost.dll
0x00007ffda4420000 - 0x00007ffda4631000 	C:\Windows\SYSTEM32\combase.dll
0x00007ffda3710000 - 0x00007ffda385f000 	C:\Windows\system32\GDI32.dll
0x00007ffda31e0000 - 0x00007ffda31f5000 	C:\Windows\SYSTEM32\profapi.dll
0x00007ffda1c60000 - 0x00007ffda1d12000 	C:\Windows\SYSTEM32\SHCORE.dll
0x00007ffda4090000 - 0x00007ffda40c6000 	C:\Windows\system32\IMM32.DLL
0x00007ffda46f0000 - 0x00007ffda4842000 	C:\Windows\system32\MSCTF.dll
0x00007ffda1070000 - 0x00007ffda12eb000 	C:\Windows\WinSxS\amd64_microsoft.windows.common-controls_6595b64144ccf1df_6.0.9600.18006_none_623f33d3ecbe86e8\COMCTL32.dll
0x000000006f6e0000 - 0x000000006f7b2000 	C:\Program Files\Java\jdk1.8.0_31\jre\bin\msvcr100.dll
0x000000006fb10000 - 0x000000007036a000 	C:\Program Files\Java\jdk1.8.0_31\jre\bin\server\jvm.dll
0x00007ffda1bc0000 - 0x00007ffda1bc9000 	C:\Windows\SYSTEM32\WSOCK32.dll
0x00007ffda1bd0000 - 0x00007ffda1bf2000 	C:\Windows\SYSTEM32\WINMM.dll
0x00007ffda4410000 - 0x00007ffda4417000 	C:\Windows\system32\PSAPI.DLL
0x00007ffda40e0000 - 0x00007ffda413a000 	C:\Windows\system32\WS2_32.dll
0x00007ffda04a0000 - 0x00007ffda04ca000 	C:\Windows\SYSTEM32\WINMMBASE.dll
0x00007ffda40d0000 - 0x00007ffda40d9000 	C:\Windows\system32\NSI.dll
0x00007ffda36c0000 - 0x00007ffda370f000 	C:\Windows\SYSTEM32\cfgmgr32.dll
0x00007ffda1fd0000 - 0x00007ffda1ff8000 	C:\Windows\SYSTEM32\DEVOBJ.dll
0x0000000070cd0000 - 0x0000000070cdf000 	C:\Program Files\Java\jdk1.8.0_31\jre\bin\verify.dll
0x0000000070ca0000 - 0x0000000070cc8000 	C:\Program Files\Java\jdk1.8.0_31\jre\bin\java.dll
0x000000006faf0000 - 0x000000006fb06000 	C:\Program Files\Java\jdk1.8.0_31\jre\bin\zip.dll

VM Arguments:
jvm_args: -Xmx1024M -Dfile.encoding=windows-1252 -Duser.country=US -Duser.language=en -Duser.variant 
java_command: com.android.dx.command.Main --dex --num-threads=4 --output E:\Data Adek\Data Kuliah\SEM 7 - MOBILE\FINAL PROJECT\Android1_EasyGo\EasyGo\app\build\intermediates\pre-dexed\debug\classes-909e896a548e04475e40589ec3151e46926e414a.jar E:\Data Adek\Data Kuliah\SEM 7 - MOBILE\FINAL PROJECT\Android1_EasyGo\EasyGo\app\build\intermediates\exploded-aar\com.google.android.gms\play-services-ads\8.4.0\jars\classes.jar
java_class_path (initial): C:\Users\angga\AppData\Local\Android\sdk\build-tools\23.0.1\lib\dx.jar
Launcher Type: SUN_STANDARD

Environment Variables:
PATH=C:\ProgramData\Oracle\Java\javapath;C:\oraclexe\app\oracle\product\10.2.0\server\bin;C:\Program Files (x86)\Intel\iCLS Client\;C:\Program Files\Intel\iCLS Client\;C:\Windows\system32;C:\Windows;C:\Windows\System32\Wbem;C:\Windows\System32\WindowsPowerShell\v1.0\;C:\Program Files\Intel\Intel(R) Management Engine Components\DAL;C:\Program Files\Intel\Intel(R) Management Engine Components\IPT;C:\Program Files (x86)\Intel\Intel(R) Management Engine Components\DAL;C:\Program Files (x86)\Intel\Intel(R) Management Engine Components\IPT;C:\Program Files (x86)\Windows Kits\8.1\Windows Performance Toolkit\;C:\Program Files\Microsoft SQL Server\110\Tools\Binn\;C:\Program Files (x86)\nodejs\;C:\Users\angga\AppData\Roaming\npm;C:\Program Files (x86)\Java\jre7\bin
USERNAME=angga
OS=Windows_NT
PROCESSOR_IDENTIFIER=Intel64 Family 6 Model 58 Stepping 9, GenuineIntel



---------------  S Y S T E M  ---------------

OS: Windows 8.1 , 64 bit Build 9600 

CPU:total 8 (4 cores per cpu, 2 threads per core) family 6 model 58 stepping 9, cmov, cx8, fxsr, mmx, sse, sse2, sse3, ssse3, sse4.1, sse4.2, popcnt, avx, aes, clmul, erms, ht, tsc, tscinvbit, tscinv

Memory: 4k page, physical 4144288k(264956k free), swap 7290016k(4868k free)

vm_info: Java HotSpot(TM) 64-Bit Server VM (25.31-b07) for windows-amd64 JRE (1.8.0_31-b13), built on Dec 17 2014 21:00:28 by "java_re" with MS VC++ 10.0 (VS2010)

time: Sat Jan 02 20:14:41 2016
elapsed time: 7 seconds (0d 0h 0m 7s)

