#
# There is insufficient memory for the Java Runtime Environment to continue.
# Native memory allocation (malloc) failed to allocate 116816 bytes for Chunk::new
# Possible reasons:
#   The system is out of physical RAM or swap space
#   In 32 bit mode, the process size limit was hit
# Possible solutions:
#   Reduce memory load on the system
#   Increase physical memory or swap space
#   Check if swap backing store is full
#   Use 64 bit Java on a 64 bit OS
#   Decrease Java heap size (-Xmx/-Xms)
#   Decrease number of Java threads
#   Decrease Java thread stack sizes (-Xss)
#   Set larger code cache with -XX:ReservedCodeCacheSize=
# This output file may be truncated or incomplete.
#
#  Out of Memory Error (allocation.cpp:390), pid=5968, tid=7620
#
# JRE version: Java(TM) SE Runtime Environment (8.0_31-b13) (build 1.8.0_31-b13)
# Java VM: Java HotSpot(TM) 64-Bit Server VM (25.31-b07 mixed mode windows-amd64 compressed oops)
# Failed to write core dump. Minidumps are not enabled by default on client versions of Windows
#

---------------  T H R E A D  ---------------

Current thread (0x000000001734b000):  JavaThread "C2 CompilerThread2" daemon [_thread_in_native, id=7620, stack(0x0000000017b20000,0x0000000017c20000)]

Stack: [0x0000000017b20000,0x0000000017c20000]
Native frames: (J=compiled Java code, j=interpreted, Vv=VM code, C=native code)
V  [jvm.dll+0x3169ba]


Current CompileTask:
C2:   3292 1338       4       com.android.dx.ssa.SCCP::addBlockToWorklist (47 bytes)


---------------  P R O C E S S  ---------------

Java Threads: ( => current thread )
  0x000000001761e000 JavaThread "pool-1-thread-4" [_thread_in_Java, id=7196, stack(0x0000000018320000,0x0000000018420000)]
  0x0000000017612000 JavaThread "pool-1-thread-3" [_thread_blocked, id=680, stack(0x0000000018220000,0x0000000018320000)]
  0x0000000017611800 JavaThread "pool-1-thread-2" [_thread_blocked, id=7600, stack(0x0000000018120000,0x0000000018220000)]
  0x0000000017611000 JavaThread "pool-2-thread-1" [_thread_blocked, id=4656, stack(0x0000000018020000,0x0000000018120000)]
  0x0000000017603800 JavaThread "pool-1-thread-1" [_thread_blocked, id=2396, stack(0x0000000017f20000,0x0000000018020000)]
  0x00000000173cd000 JavaThread "Service Thread" daemon [_thread_blocked, id=420, stack(0x0000000017d20000,0x0000000017e20000)]
  0x0000000017350800 JavaThread "C1 CompilerThread3" daemon [_thread_blocked, id=7084, stack(0x0000000017c20000,0x0000000017d20000)]
=>0x000000001734b000 JavaThread "C2 CompilerThread2" daemon [_thread_in_native, id=7620, stack(0x0000000017b20000,0x0000000017c20000)]
  0x0000000017349000 JavaThread "C2 CompilerThread1" daemon [_thread_in_native, id=5152, stack(0x0000000017a20000,0x0000000017b20000)]
  0x0000000017347000 JavaThread "C2 CompilerThread0" daemon [_thread_blocked, id=5236, stack(0x0000000017920000,0x0000000017a20000)]
  0x0000000017344800 JavaThread "Attach Listener" daemon [_thread_blocked, id=6932, stack(0x0000000017820000,0x0000000017920000)]
  0x0000000017344000 JavaThread "Signal Dispatcher" daemon [_thread_blocked, id=7496, stack(0x0000000017720000,0x0000000017820000)]
  0x0000000002837800 JavaThread "Finalizer" daemon [_thread_blocked, id=1436, stack(0x0000000017220000,0x0000000017320000)]
  0x0000000002831000 JavaThread "Reference Handler" daemon [_thread_blocked, id=4416, stack(0x0000000017120000,0x0000000017220000)]
  0x0000000002740800 JavaThread "main" [_thread_blocked, id=4224, stack(0x0000000002550000,0x0000000002650000)]

Other Threads:
  0x0000000015358800 VMThread [stack: 0x0000000017020000,0x0000000017120000] [id=5124]
  0x00000000173da000 WatcherThread [stack: 0x0000000017e20000,0x0000000017f20000] [id=5640]

VM state:not at safepoint (normal execution)

VM Mutex/Monitor currently owned by a thread: None

Heap:
 PSYoungGen      total 18944K, used 13135K [0x00000000eab00000, 0x00000000ed000000, 0x0000000100000000)
  eden space 16384K, 64% used [0x00000000eab00000,0x00000000eb559420,0x00000000ebb00000)
  from space 2560K, 99% used [0x00000000ebb00000,0x00000000ebd7aaa8,0x00000000ebd80000)
  to   space 2560K, 0% used [0x00000000ecd80000,0x00000000ecd80000,0x00000000ed000000)
 ParOldGen       total 44032K, used 2350K [0x00000000c0000000, 0x00000000c2b00000, 0x00000000eab00000)
  object space 44032K, 5% used [0x00000000c0000000,0x00000000c024baa0,0x00000000c2b00000)
 Metaspace       used 5923K, capacity 6960K, committed 7040K, reserved 1056768K
  class space    used 583K, capacity 616K, committed 640K, reserved 1048576K

Card table byte_map: [0x0000000011c00000,0x0000000011e10000] byte_map_base: 0x0000000011600000

Marking Bits: (ParMarkBitMap*) 0x00000000702ed4f0
 Begin Bits: [0x0000000012770000, 0x0000000013770000)
 End Bits:   [0x0000000013770000, 0x0000000014770000)

Polling page: 0x0000000002490000

CodeCache: size=245760Kb used=5216Kb max_used=5216Kb free=240543Kb
 bounds [0x0000000002840000, 0x0000000002d60000, 0x0000000011840000]
 total_blobs=1586 nmethods=1321 adapters=178
 compilation: disabled (not enough contiguous free space left)

Compilation events (10 events):
Event: 3.262 Thread 0x0000000017350800 nmethod 1327 0x0000000002d52c90 code [0x0000000002d52e40, 0x0000000002d533c8]
Event: 3.262 Thread 0x0000000017350800 1328       3       com.android.dx.cf.attrib.AttLocalVariableTable::<init> (8 bytes)
Event: 3.262 Thread 0x0000000017350800 nmethod 1328 0x0000000002d528d0 code [0x0000000002d52a40, 0x0000000002d52be8]
Event: 3.264 Thread 0x0000000017350800 1330       3       com.android.dx.cf.direct.MemberListParser::getCount (17 bytes)
Event: 3.264 Thread 0x0000000017350800 nmethod 1330 0x0000000002d52090 code [0x0000000002d52220, 0x0000000002d52628]
Event: 3.265 Thread 0x0000000017350800 1331       3       com.android.dx.cf.direct.MemberListParser::parseIfNecessary (12 bytes)
Event: 3.265 Thread 0x0000000017350800 nmethod 1331 0x0000000002d51cd0 code [0x0000000002d51e40, 0x0000000002d52008]
Event: 3.269 Thread 0x0000000017350800 1332       3       com.android.dx.ssa.DomFront::run (264 bytes)
Event: 3.269 Thread 0x0000000017349000 1334       4       com.android.dx.rop.code.RopMethod::labelToPredecessors (54 bytes)
Event: 3.270 Thread 0x000000001734b000 1338       4       com.android.dx.ssa.SCCP::addBlockToWorklist (47 bytes)

GC Heap History (2 events):
Event: 1.567 GC heap before
{Heap before GC invocations=1 (full 0):
 PSYoungGen      total 18944K, used 16384K [0x00000000eab00000, 0x00000000ec000000, 0x0000000100000000)
  eden space 16384K, 100% used [0x00000000eab00000,0x00000000ebb00000,0x00000000ebb00000)
  from space 2560K, 0% used [0x00000000ebd80000,0x00000000ebd80000,0x00000000ec000000)
  to   space 2560K, 0% used [0x00000000ebb00000,0x00000000ebb00000,0x00000000ebd80000)
 ParOldGen       total 44032K, used 747K [0x00000000c0000000, 0x00000000c2b00000, 0x00000000eab00000)
  object space 44032K, 1% used [0x00000000c0000000,0x00000000c00bad08,0x00000000c2b00000)
 Metaspace       used 5682K, capacity 6768K, committed 7040K, reserved 1056768K
  class space    used 582K, capacity 616K, committed 640K, reserved 1048576K
Event: 1.601 GC heap after
Heap after GC invocations=1 (full 0):
 PSYoungGen      total 18944K, used 2538K [0x00000000eab00000, 0x00000000ed000000, 0x0000000100000000)
  eden space 16384K, 0% used [0x00000000eab00000,0x00000000eab00000,0x00000000ebb00000)
  from space 2560K, 99% used [0x00000000ebb00000,0x00000000ebd7aaa8,0x00000000ebd80000)
  to   space 2560K, 0% used [0x00000000ecd80000,0x00000000ecd80000,0x00000000ed000000)
 ParOldGen       total 44032K, used 2350K [0x00000000c0000000, 0x00000000c2b00000, 0x00000000eab00000)
  object space 44032K, 5% used [0x00000000c0000000,0x00000000c024baa0,0x00000000c2b00000)
 Metaspace       used 5682K, capacity 6768K, committed 7040K, reserved 1056768K
  class space    used 582K, capacity 616K, committed 640K, reserved 1048576K
}

Deoptimization events (2 events):
Event: 2.690 Thread 0x0000000017612000 Uncommon trap: reason=unreached action=reinterpret pc=0x0000000002b97514 method=com.android.dx.rop.code.LocalItem.hashCode()I @ 25
Event: 2.690 Thread 0x0000000017612000 Uncommon trap: reason=unreached action=reinterpret pc=0x0000000002b6ec14 method=com.android.dx.rop.code.LocalItem.hashCode()I @ 25

Internal exceptions (10 events):
Event: 1.303 Thread 0x0000000017603800 Exception <a 'java/security/PrivilegedActionException'> (0x00000000eb651b40) thrown at [C:\workspace\8-2-build-windows-amd64-cygwin\jdk8u31\2394\hotspot\src\share\vm\prims\jvm.cpp, line 1312]
Event: 1.303 Thread 0x0000000017603800 Exception <a 'java/security/PrivilegedActionException'> (0x00000000eb657590) thrown at [C:\workspace\8-2-build-windows-amd64-cygwin\jdk8u31\2394\hotspot\src\share\vm\prims\jvm.cpp, line 1312]
Event: 1.305 Thread 0x0000000017603800 Exception <a 'java/security/PrivilegedActionException'> (0x00000000eb65cd88) thrown at [C:\workspace\8-2-build-windows-amd64-cygwin\jdk8u31\2394\hotspot\src\share\vm\prims\jvm.cpp, line 1312]
Event: 1.306 Thread 0x0000000002740800 Exception <a 'java/security/PrivilegedActionException'> (0x00000000eba1d740) thrown at [C:\workspace\8-2-build-windows-amd64-cygwin\jdk8u31\2394\hotspot\src\share\vm\prims\jvm.cpp, line 1312]
Event: 1.306 Thread 0x0000000017603800 Exception <a 'java/security/PrivilegedActionException'> (0x00000000eb661e80) thrown at [C:\workspace\8-2-build-windows-amd64-cygwin\jdk8u31\2394\hotspot\src\share\vm\prims\jvm.cpp, line 1312]
Event: 1.315 Thread 0x0000000017603800 Exception <a 'java/security/PrivilegedActionException'> (0x00000000eba86540) thrown at [C:\workspace\8-2-build-windows-amd64-cygwin\jdk8u31\2394\hotspot\src\share\vm\prims\jvm.cpp, line 1312]
Event: 1.318 Thread 0x0000000002740800 Exception <a 'java/security/PrivilegedActionException'> (0x00000000eba2fbe8) thrown at [C:\workspace\8-2-build-windows-amd64-cygwin\jdk8u31\2394\hotspot\src\share\vm\prims\jvm.cpp, line 1312]
Event: 1.323 Thread 0x0000000017612000 Exception <a 'java/security/PrivilegedActionException'> (0x00000000ebaeabe8) thrown at [C:\workspace\8-2-build-windows-amd64-cygwin\jdk8u31\2394\hotspot\src\share\vm\prims\jvm.cpp, line 1312]
Event: 2.413 Thread 0x0000000017603800 Exception <a 'java/security/PrivilegedActionException'> (0x00000000eaf0e7e8) thrown at [C:\workspace\8-2-build-windows-amd64-cygwin\jdk8u31\2394\hotspot\src\share\vm\prims\jvm.cpp, line 1312]
Event: 2.686 Thread 0x0000000002740800 Exception <a 'java/security/PrivilegedActionException'> (0x00000000eaf0e158) thrown at [C:\workspace\8-2-build-windows-amd64-cygwin\jdk8u31\2394\hotspot\src\share\vm\prims\jvm.cpp, line 1312]

Events (10 events):
Event: 2.413 loading class com/android/dx/cf/code/SwitchList
Event: 2.413 loading class com/android/dx/cf/code/SwitchList done
Event: 2.685 loading class com/android/dx/cf/attrib/AttLocalVariableTypeTable
Event: 2.685 loading class com/android/dx/cf/attrib/AttLocalVariableTypeTable done
Event: 2.690 Thread 0x0000000017612000 Uncommon trap: trap_request=0xffffffad fr.pc=0x0000000002b97514
Event: 2.690 Thread 0x0000000017612000 DEOPT PACKING pc=0x0000000002b97514 sp=0x000000001831e8d0
Event: 2.690 Thread 0x0000000017612000 DEOPT UNPACKING pc=0x000000000288556a sp=0x000000001831e738 mode 2
Event: 2.690 Thread 0x0000000017612000 Uncommon trap: trap_request=0xffffffad fr.pc=0x0000000002b6ec14
Event: 2.690 Thread 0x0000000017612000 DEOPT PACKING pc=0x0000000002b6ec14 sp=0x000000001831e950
Event: 2.690 Thread 0x0000000017612000 DEOPT UNPACKING pc=0x000000000288556a sp=0x000000001831e710 mode 2


Dynamic libraries:
0x00007ff73e6e0000 - 0x00007ff73e714000 	C:\Program Files\Java\jdk1.8.0_31\bin\java.exe
0x00007ffda6090000 - 0x00007ffda623c000 	C:\Windows\SYSTEM32\ntdll.dll
0x00007ffda3a50000 - 0x00007ffda3b8e000 	C:\Windows\system32\KERNEL32.DLL
0x00007ffda3540000 - 0x00007ffda3655000 	C:\Windows\system32\KERNELBASE.dll
0x00007ffda1dd0000 - 0x00007ffda1e5e000 	C:\Windows\system32\apphelp.dll
0x00007ffd9e5c0000 - 0x00007ffd9e613000 	C:\Windows\AppPatch\AppPatch64\AcGenral.DLL
0x00007ffda4640000 - 0x00007ffda46ea000 	C:\Windows\system32\msvcrt.dll
0x00007ffda2fa0000 - 0x00007ffda2fce000 	C:\Windows\SYSTEM32\SspiCli.dll
0x00007ffda3e00000 - 0x00007ffda3e54000 	C:\Windows\system32\SHLWAPI.dll
0x00007ffda4290000 - 0x00007ffda4407000 	C:\Windows\system32\USER32.dll
0x00007ffda3b90000 - 0x00007ffda3d24000 	C:\Windows\system32\ole32.dll
0x00007ffda4b60000 - 0x00007ffda608b000 	C:\Windows\system32\SHELL32.dll
0x00007ffda2780000 - 0x00007ffda27a1000 	C:\Windows\SYSTEM32\USERENV.dll
0x00007ffda3e60000 - 0x00007ffda3f0a000 	C:\Windows\system32\ADVAPI32.dll
0x00007ffd942c0000 - 0x00007ffd942de000 	C:\Windows\SYSTEM32\MPR.dll
0x00007ffda4140000 - 0x00007ffda4281000 	C:\Windows\system32\RPCRT4.dll
0x00007ffda3f10000 - 0x00007ffda3f69000 	C:\Windows\SYSTEM32\sechost.dll
0x00007ffda4420000 - 0x00007ffda4631000 	C:\Windows\SYSTEM32\combase.dll
0x00007ffda3710000 - 0x00007ffda385f000 	C:\Windows\system32\GDI32.dll
0x00007ffda31e0000 - 0x00007ffda31f5000 	C:\Windows\SYSTEM32\profapi.dll
0x00007ffda1c60000 - 0x00007ffda1d12000 	C:\Windows\SYSTEM32\SHCORE.dll
0x00007ffda4090000 - 0x00007ffda40c6000 	C:\Windows\system32\IMM32.DLL
0x00007ffda46f0000 - 0x00007ffda4842000 	C:\Windows\system32\MSCTF.dll
0x00007ffda1070000 - 0x00007ffda12eb000 	C:\Windows\WinSxS\amd64_microsoft.windows.common-controls_6595b64144ccf1df_6.0.9600.18006_none_623f33d3ecbe86e8\COMCTL32.dll
0x000000006f6e0000 - 0x000000006f7b2000 	C:\Program Files\Java\jdk1.8.0_31\jre\bin\msvcr100.dll
0x000000006fb10000 - 0x000000007036a000 	C:\Program Files\Java\jdk1.8.0_31\jre\bin\server\jvm.dll
0x00007ffda1bc0000 - 0x00007ffda1bc9000 	C:\Windows\SYSTEM32\WSOCK32.dll
0x00007ffda1bd0000 - 0x00007ffda1bf2000 	C:\Windows\SYSTEM32\WINMM.dll
0x00007ffda4410000 - 0x00007ffda4417000 	C:\Windows\system32\PSAPI.DLL
0x00007ffda40e0000 - 0x00007ffda413a000 	C:\Windows\system32\WS2_32.dll
0x00007ffda04a0000 - 0x00007ffda04ca000 	C:\Windows\SYSTEM32\WINMMBASE.dll
0x00007ffda40d0000 - 0x00007ffda40d9000 	C:\Windows\system32\NSI.dll
0x00007ffda36c0000 - 0x00007ffda370f000 	C:\Windows\SYSTEM32\cfgmgr32.dll
0x00007ffda1fd0000 - 0x00007ffda1ff8000 	C:\Windows\SYSTEM32\DEVOBJ.dll
0x0000000070cd0000 - 0x0000000070cdf000 	C:\Program Files\Java\jdk1.8.0_31\jre\bin\verify.dll
0x0000000070ca0000 - 0x0000000070cc8000 	C:\Program Files\Java\jdk1.8.0_31\jre\bin\java.dll
0x000000006faf0000 - 0x000000006fb06000 	C:\Program Files\Java\jdk1.8.0_31\jre\bin\zip.dll

VM Arguments:
jvm_args: -Xmx1024M -Dfile.encoding=windows-1252 -Duser.country=US -Duser.language=en -Duser.variant 
java_command: com.android.dx.command.Main --dex --num-threads=4 --output E:\Data Adek\Data Kuliah\SEM 7 - MOBILE\FINAL PROJECT\Android1_EasyGo\EasyGo\app\build\intermediates\pre-dexed\debug\internal_impl-23.1.1-a8b2d5fdcdc131c15bb49021d61e77e9d68e070d.jar E:\Data Adek\Data Kuliah\SEM 7 - MOBILE\FINAL PROJECT\Android1_EasyGo\EasyGo\app\build\intermediates\exploded-aar\com.android.support\support-v4\23.1.1\jars\libs\internal_impl-23.1.1.jar
java_class_path (initial): C:\Users\angga\AppData\Local\Android\sdk\build-tools\23.0.1\lib\dx.jar
Launcher Type: SUN_STANDARD

Environment Variables:
PATH=C:\ProgramData\Oracle\Java\javapath;C:\oraclexe\app\oracle\product\10.2.0\server\bin;C:\Program Files (x86)\Intel\iCLS Client\;C:\Program Files\Intel\iCLS Client\;C:\Windows\system32;C:\Windows;C:\Windows\System32\Wbem;C:\Windows\System32\WindowsPowerShell\v1.0\;C:\Program Files\Intel\Intel(R) Management Engine Components\DAL;C:\Program Files\Intel\Intel(R) Management Engine Components\IPT;C:\Program Files (x86)\Intel\Intel(R) Management Engine Components\DAL;C:\Program Files (x86)\Intel\Intel(R) Management Engine Components\IPT;C:\Program Files (x86)\Windows Kits\8.1\Windows Performance Toolkit\;C:\Program Files\Microsoft SQL Server\110\Tools\Binn\;C:\Program Files (x86)\nodejs\;C:\Users\angga\AppData\Roaming\npm;C:\Program Files (x86)\Java\jre7\bin
USERNAME=angga
OS=Windows_NT
PROCESSOR_IDENTIFIER=Intel64 Family 6 Model 58 Stepping 9, GenuineIntel



---------------  S Y S T E M  ---------------

OS: Windows 8.1 , 64 bit Build 9600 

CPU:total 8 (4 cores per cpu, 2 threads per core) family 6 model 58 stepping 9, cmov, cx8, fxsr, mmx, sse, sse2, sse3, ssse3, sse4.1, sse4.2, popcnt, avx, aes, clmul, erms, ht, tsc, tscinvbit, tscinv

Memory: 4k page, physical 4144288k(355144k free), swap 7290016k(5088k free)

vm_info: Java HotSpot(TM) 64-Bit Server VM (25.31-b07) for windows-amd64 JRE (1.8.0_31-b13), built on Dec 17 2014 21:00:28 by "java_re" with MS VC++ 10.0 (VS2010)

time: Sat Jan 02 20:16:40 2016
elapsed time: 3 seconds (0d 0h 0m 3s)

