#
# There is insufficient memory for the Java Runtime Environment to continue.
# Native memory allocation (malloc) failed to allocate 122736 bytes for Chunk::new
# Possible reasons:
#   The system is out of physical RAM or swap space
#   In 32 bit mode, the process size limit was hit
# Possible solutions:
#   Reduce memory load on the system
#   Increase physical memory or swap space
#   Check if swap backing store is full
#   Use 64 bit Java on a 64 bit OS
#   Decrease Java heap size (-Xmx/-Xms)
#   Decrease number of Java threads
#   Decrease Java thread stack sizes (-Xss)
#   Set larger code cache with -XX:ReservedCodeCacheSize=
# This output file may be truncated or incomplete.
#
#  Out of Memory Error (allocation.cpp:390), pid=6400, tid=7388
#
# JRE version: Java(TM) SE Runtime Environment (8.0_31-b13) (build 1.8.0_31-b13)
# Java VM: Java HotSpot(TM) 64-Bit Server VM (25.31-b07 mixed mode windows-amd64 compressed oops)
# Failed to write core dump. Minidumps are not enabled by default on client versions of Windows
#

---------------  T H R E A D  ---------------

Current thread (0x0000000017557000):  JavaThread "C2 CompilerThread0" daemon [_thread_in_native, id=7388, stack(0x0000000017b30000,0x0000000017c30000)]

Stack: [0x0000000017b30000,0x0000000017c30000]
Native frames: (J=compiled Java code, j=interpreted, Vv=VM code, C=native code)
V  [jvm.dll+0x3169ba]


Current CompileTask:
C2:   3251 1297       4       com.android.dx.ssa.SsaRenamer$BlockRenamer::processResultReg (56 bytes)


---------------  P R O C E S S  ---------------

Java Threads: ( => current thread )
  0x0000000017812000 JavaThread "pool-1-thread-4" [_thread_blocked, id=4684, stack(0x0000000018530000,0x0000000018630000)]
  0x000000001780b000 JavaThread "pool-1-thread-3" [_thread_blocked, id=964, stack(0x0000000018430000,0x0000000018530000)]
  0x000000001780a000 JavaThread "pool-1-thread-2" [_thread_blocked, id=2540, stack(0x0000000018330000,0x0000000018430000)]
  0x0000000017807000 JavaThread "pool-2-thread-1" [_thread_blocked, id=5944, stack(0x0000000018230000,0x0000000018330000)]
  0x0000000017802000 JavaThread "pool-1-thread-1" [_thread_blocked, id=1352, stack(0x0000000018130000,0x0000000018230000)]
  0x00000000175e7000 JavaThread "Service Thread" daemon [_thread_blocked, id=4488, stack(0x0000000017f30000,0x0000000018030000)]
  0x000000001756d800 JavaThread "C1 CompilerThread3" daemon [_thread_blocked, id=6248, stack(0x0000000017e30000,0x0000000017f30000)]
  0x0000000017563000 JavaThread "C2 CompilerThread2" daemon [_thread_in_native, id=6808, stack(0x0000000017d30000,0x0000000017e30000)]
  0x0000000017559000 JavaThread "C2 CompilerThread1" daemon [_thread_blocked, id=7688, stack(0x0000000017c30000,0x0000000017d30000)]
=>0x0000000017557000 JavaThread "C2 CompilerThread0" daemon [_thread_in_native, id=7388, stack(0x0000000017b30000,0x0000000017c30000)]
  0x0000000017554800 JavaThread "Attach Listener" daemon [_thread_blocked, id=6800, stack(0x0000000017a30000,0x0000000017b30000)]
  0x0000000017554000 JavaThread "Signal Dispatcher" daemon [_thread_blocked, id=6996, stack(0x0000000017930000,0x0000000017a30000)]
  0x0000000002a17800 JavaThread "Finalizer" daemon [_thread_blocked, id=6176, stack(0x0000000017430000,0x0000000017530000)]
  0x0000000002a11000 JavaThread "Reference Handler" daemon [_thread_blocked, id=7944, stack(0x0000000017330000,0x0000000017430000)]
  0x0000000002920800 JavaThread "main" [_thread_in_Java, id=6156, stack(0x0000000002730000,0x0000000002830000)]

Other Threads:
  0x0000000015538800 VMThread [stack: 0x0000000017230000,0x0000000017330000] [id=6744]
  0x00000000175f9000 WatcherThread [stack: 0x0000000018030000,0x0000000018130000] [id=4112]

VM state:not at safepoint (normal execution)

VM Mutex/Monitor currently owned by a thread: None

Heap:
 PSYoungGen      total 18944K, used 15316K [0x00000000eab00000, 0x00000000ed000000, 0x0000000100000000)
  eden space 16384K, 77% used [0x00000000eab00000,0x00000000eb77a5a0,0x00000000ebb00000)
  from space 2560K, 99% used [0x00000000ebb00000,0x00000000ebd7aaa8,0x00000000ebd80000)
  to   space 2560K, 0% used [0x00000000ecd80000,0x00000000ecd80000,0x00000000ed000000)
 ParOldGen       total 44032K, used 1479K [0x00000000c0000000, 0x00000000c2b00000, 0x00000000eab00000)
  object space 44032K, 3% used [0x00000000c0000000,0x00000000c0171fe0,0x00000000c2b00000)
 Metaspace       used 5870K, capacity 6960K, committed 7040K, reserved 1056768K
  class space    used 579K, capacity 616K, committed 640K, reserved 1048576K

Card table byte_map: [0x0000000011de0000,0x0000000011ff0000] byte_map_base: 0x00000000117e0000

Marking Bits: (ParMarkBitMap*) 0x00000000702ed4f0
 Begin Bits: [0x0000000012950000, 0x0000000013950000)
 End Bits:   [0x0000000013950000, 0x0000000014950000)

Polling page: 0x0000000000ec0000

CodeCache: size=245760Kb used=5200Kb max_used=5211Kb free=240560Kb
 bounds [0x0000000002a20000, 0x0000000002f40000, 0x0000000011a20000]
 total_blobs=1576 nmethods=1311 adapters=178
 compilation: disabled (not enough contiguous free space left)

Compilation events (10 events):
Event: 3.222 Thread 0x000000001756d800 nmethod 1295 0x0000000002f2d290 code [0x0000000002f2d4a0, 0x0000000002f2e0f8]
Event: 3.223 Thread 0x0000000017563000 nmethod 1294 0x0000000002f26310 code [0x0000000002f26460, 0x0000000002f26638]
Event: 3.223 Thread 0x0000000017563000 1296       4       com.android.dx.rop.code.BasicBlock::getLastInsn (8 bytes)
Event: 3.224 Thread 0x0000000017563000 nmethod 1296 0x0000000002f31610 code [0x0000000002f31760, 0x0000000002f31858]
Event: 3.232 Thread 0x0000000017557000 1297       4       com.android.dx.ssa.SsaRenamer$BlockRenamer::processResultReg (56 bytes)
Event: 3.232 Thread 0x0000000017559000 1298       4       com.android.dx.ssa.SsaMethod$2::visitNonMoveInsn (6 bytes)
Event: 3.232 Thread 0x0000000017559000 nmethod 1298 0x0000000002f25fd0 code [0x0000000002f26120, 0x0000000002f261a8]
Event: 3.234 Thread 0x0000000017563000 1299   !   4       com.android.dx.cf.code.BaseMachine::arg (36 bytes)
Event: 3.234 Thread 0x0000000017559000 1300       4       java.lang.StringBuilder::append (8 bytes)
Event: 3.235 Thread 0x0000000017563000 nmethod 1299 0x0000000002f31a10 code [0x0000000002f31b40, 0x0000000002f31bf8]

GC Heap History (2 events):
Event: 1.947 GC heap before
{Heap before GC invocations=1 (full 0):
 PSYoungGen      total 18944K, used 16384K [0x00000000eab00000, 0x00000000ec000000, 0x0000000100000000)
  eden space 16384K, 100% used [0x00000000eab00000,0x00000000ebb00000,0x00000000ebb00000)
  from space 2560K, 0% used [0x00000000ebd80000,0x00000000ebd80000,0x00000000ec000000)
  to   space 2560K, 0% used [0x00000000ebb00000,0x00000000ebb00000,0x00000000ebd80000)
 ParOldGen       total 44032K, used 0K [0x00000000c0000000, 0x00000000c2b00000, 0x00000000eab00000)
  object space 44032K, 0% used [0x00000000c0000000,0x00000000c0000000,0x00000000c2b00000)
 Metaspace       used 5668K, capacity 6768K, committed 7040K, reserved 1056768K
  class space    used 578K, capacity 616K, committed 640K, reserved 1048576K
Event: 2.428 GC heap after
Heap after GC invocations=1 (full 0):
 PSYoungGen      total 18944K, used 2538K [0x00000000eab00000, 0x00000000ed000000, 0x0000000100000000)
  eden space 16384K, 0% used [0x00000000eab00000,0x00000000eab00000,0x00000000ebb00000)
  from space 2560K, 99% used [0x00000000ebb00000,0x00000000ebd7aaa8,0x00000000ebd80000)
  to   space 2560K, 0% used [0x00000000ecd80000,0x00000000ecd80000,0x00000000ed000000)
 ParOldGen       total 44032K, used 1479K [0x00000000c0000000, 0x00000000c2b00000, 0x00000000eab00000)
  object space 44032K, 3% used [0x00000000c0000000,0x00000000c0171fe0,0x00000000c2b00000)
 Metaspace       used 5668K, capacity 6768K, committed 7040K, reserved 1056768K
  class space    used 578K, capacity 616K, committed 640K, reserved 1048576K
}

Deoptimization events (2 events):
Event: 2.878 Thread 0x0000000017802000 Uncommon trap: reason=unreached action=reinterpret pc=0x0000000002dde35c method=com.android.dx.ssa.SsaMethod.updateOneDefinition(Lcom/android/dx/ssa/SsaInsn;Lcom/android/dx/rop/code/RegisterSpec;)V @ 4
Event: 3.031 Thread 0x0000000017802000 Uncommon trap: reason=unreached action=reinterpret pc=0x0000000002e4ae9c method=com.android.dx.rop.cst.Constant.compareTo(Lcom/android/dx/rop/cst/Constant;)I @ 12

Internal exceptions (10 events):
Event: 1.112 Thread 0x000000001780a000 Exception <a 'java/security/PrivilegedActionException'> (0x00000000eb407d70) thrown at [C:\workspace\8-2-build-windows-amd64-cygwin\jdk8u31\2394\hotspot\src\share\vm\prims\jvm.cpp, line 1312]
Event: 1.113 Thread 0x000000001780a000 Exception <a 'java/security/PrivilegedActionException'> (0x00000000eb40adf0) thrown at [C:\workspace\8-2-build-windows-amd64-cygwin\jdk8u31\2394\hotspot\src\share\vm\prims\jvm.cpp, line 1312]
Event: 1.115 Thread 0x000000001780a000 Exception <a 'java/security/PrivilegedActionException'> (0x00000000eb4144b8) thrown at [C:\workspace\8-2-build-windows-amd64-cygwin\jdk8u31\2394\hotspot\src\share\vm\prims\jvm.cpp, line 1312]
Event: 1.116 Thread 0x000000001780b000 Exception <a 'java/security/PrivilegedActionException'> (0x00000000eb3415c0) thrown at [C:\workspace\8-2-build-windows-amd64-cygwin\jdk8u31\2394\hotspot\src\share\vm\prims\jvm.cpp, line 1312]
Event: 1.116 Thread 0x000000001780a000 Exception <a 'java/security/PrivilegedActionException'> (0x00000000eb419dc8) thrown at [C:\workspace\8-2-build-windows-amd64-cygwin\jdk8u31\2394\hotspot\src\share\vm\prims\jvm.cpp, line 1312]
Event: 1.120 Thread 0x000000001780a000 Exception <a 'java/security/PrivilegedActionException'> (0x00000000eb4350f8) thrown at [C:\workspace\8-2-build-windows-amd64-cygwin\jdk8u31\2394\hotspot\src\share\vm\prims\jvm.cpp, line 1312]
Event: 1.131 Thread 0x000000001780b000 Exception <a 'java/security/PrivilegedActionException'> (0x00000000eb4c9620) thrown at [C:\workspace\8-2-build-windows-amd64-cygwin\jdk8u31\2394\hotspot\src\share\vm\prims\jvm.cpp, line 1312]
Event: 1.186 Thread 0x000000001780b000 Exception <a 'java/security/PrivilegedActionException'> (0x00000000eb733430) thrown at [C:\workspace\8-2-build-windows-amd64-cygwin\jdk8u31\2394\hotspot\src\share\vm\prims\jvm.cpp, line 1312]
Event: 2.470 Thread 0x0000000002920800 Exception <a 'java/security/PrivilegedActionException'> (0x00000000eab68518) thrown at [C:\workspace\8-2-build-windows-amd64-cygwin\jdk8u31\2394\hotspot\src\share\vm\prims\jvm.cpp, line 1312]
Event: 2.877 Thread 0x0000000017802000 Exception <a 'java/security/PrivilegedActionException'> (0x00000000eb3e6a70) thrown at [C:\workspace\8-2-build-windows-amd64-cygwin\jdk8u31\2394\hotspot\src\share\vm\prims\jvm.cpp, line 1312]

Events (10 events):
Event: 2.470 loading class com/android/dx/cf/attrib/AttExceptions
Event: 2.470 loading class com/android/dx/cf/attrib/AttExceptions done
Event: 2.877 loading class com/android/dx/rop/code/RegOps
Event: 2.877 loading class com/android/dx/rop/code/RegOps done
Event: 2.878 Thread 0x0000000017802000 Uncommon trap: trap_request=0xffffffad fr.pc=0x0000000002dde35c
Event: 2.878 Thread 0x0000000017802000 DEOPT PACKING pc=0x0000000002dde35c sp=0x000000001822e4f0
Event: 2.878 Thread 0x0000000017802000 DEOPT UNPACKING pc=0x0000000002a6556a sp=0x000000001822e498 mode 2
Event: 3.031 Thread 0x0000000017802000 Uncommon trap: trap_request=0xffffffad fr.pc=0x0000000002e4ae9c
Event: 3.031 Thread 0x0000000017802000 DEOPT PACKING pc=0x0000000002e4ae9c sp=0x000000001822e3b0
Event: 3.031 Thread 0x0000000017802000 DEOPT UNPACKING pc=0x0000000002a6556a sp=0x000000001822e350 mode 2


Dynamic libraries:
0x00007ff73e6e0000 - 0x00007ff73e714000 	C:\Program Files\Java\jdk1.8.0_31\bin\java.exe
0x00007ffda6090000 - 0x00007ffda623c000 	C:\Windows\SYSTEM32\ntdll.dll
0x00007ffda3a50000 - 0x00007ffda3b8e000 	C:\Windows\system32\KERNEL32.DLL
0x00007ffda3540000 - 0x00007ffda3655000 	C:\Windows\system32\KERNELBASE.dll
0x00007ffda1dd0000 - 0x00007ffda1e5e000 	C:\Windows\system32\apphelp.dll
0x00007ffd9e5c0000 - 0x00007ffd9e613000 	C:\Windows\AppPatch\AppPatch64\AcGenral.DLL
0x00007ffda4640000 - 0x00007ffda46ea000 	C:\Windows\system32\msvcrt.dll
0x00007ffda2fa0000 - 0x00007ffda2fce000 	C:\Windows\SYSTEM32\SspiCli.dll
0x00007ffda3e00000 - 0x00007ffda3e54000 	C:\Windows\system32\SHLWAPI.dll
0x00007ffda4290000 - 0x00007ffda4407000 	C:\Windows\system32\USER32.dll
0x00007ffda3b90000 - 0x00007ffda3d24000 	C:\Windows\system32\ole32.dll
0x00007ffda4b60000 - 0x00007ffda608b000 	C:\Windows\system32\SHELL32.dll
0x00007ffda2780000 - 0x00007ffda27a1000 	C:\Windows\SYSTEM32\USERENV.dll
0x00007ffda3e60000 - 0x00007ffda3f0a000 	C:\Windows\system32\ADVAPI32.dll
0x00007ffd942c0000 - 0x00007ffd942de000 	C:\Windows\SYSTEM32\MPR.dll
0x00007ffda4140000 - 0x00007ffda4281000 	C:\Windows\system32\RPCRT4.dll
0x00007ffda3f10000 - 0x00007ffda3f69000 	C:\Windows\SYSTEM32\sechost.dll
0x00007ffda4420000 - 0x00007ffda4631000 	C:\Windows\SYSTEM32\combase.dll
0x00007ffda3710000 - 0x00007ffda385f000 	C:\Windows\system32\GDI32.dll
0x00007ffda31e0000 - 0x00007ffda31f5000 	C:\Windows\SYSTEM32\profapi.dll
0x00007ffda1c60000 - 0x00007ffda1d12000 	C:\Windows\SYSTEM32\SHCORE.dll
0x00007ffda4090000 - 0x00007ffda40c6000 	C:\Windows\system32\IMM32.DLL
0x00007ffda46f0000 - 0x00007ffda4842000 	C:\Windows\system32\MSCTF.dll
0x00007ffda1070000 - 0x00007ffda12eb000 	C:\Windows\WinSxS\amd64_microsoft.windows.common-controls_6595b64144ccf1df_6.0.9600.18006_none_623f33d3ecbe86e8\COMCTL32.dll
0x000000006f6e0000 - 0x000000006f7b2000 	C:\Program Files\Java\jdk1.8.0_31\jre\bin\msvcr100.dll
0x000000006fb10000 - 0x000000007036a000 	C:\Program Files\Java\jdk1.8.0_31\jre\bin\server\jvm.dll
0x00007ffda1bc0000 - 0x00007ffda1bc9000 	C:\Windows\SYSTEM32\WSOCK32.dll
0x00007ffda1bd0000 - 0x00007ffda1bf2000 	C:\Windows\SYSTEM32\WINMM.dll
0x00007ffda4410000 - 0x00007ffda4417000 	C:\Windows\system32\PSAPI.DLL
0x00007ffda40e0000 - 0x00007ffda413a000 	C:\Windows\system32\WS2_32.dll
0x00007ffda04a0000 - 0x00007ffda04ca000 	C:\Windows\SYSTEM32\WINMMBASE.dll
0x00007ffda40d0000 - 0x00007ffda40d9000 	C:\Windows\system32\NSI.dll
0x00007ffda36c0000 - 0x00007ffda370f000 	C:\Windows\SYSTEM32\cfgmgr32.dll
0x00007ffda1fd0000 - 0x00007ffda1ff8000 	C:\Windows\SYSTEM32\DEVOBJ.dll
0x0000000070cd0000 - 0x0000000070cdf000 	C:\Program Files\Java\jdk1.8.0_31\jre\bin\verify.dll
0x0000000070ca0000 - 0x0000000070cc8000 	C:\Program Files\Java\jdk1.8.0_31\jre\bin\java.dll
0x000000006faf0000 - 0x000000006fb06000 	C:\Program Files\Java\jdk1.8.0_31\jre\bin\zip.dll

VM Arguments:
jvm_args: -Xmx1024M -Dfile.encoding=windows-1252 -Duser.country=US -Duser.language=en -Duser.variant 
java_command: com.android.dx.command.Main --dex --num-threads=4 --output E:\Data Adek\Data Kuliah\SEM 7 - MOBILE\FINAL PROJECT\Android1_EasyGo\EasyGo\app\build\intermediates\pre-dexed\debug\classes-83ae205f6dbf4d6389053439483e6fef256d94bb.jar E:\Data Adek\Data Kuliah\SEM 7 - MOBILE\FINAL PROJECT\Android1_EasyGo\EasyGo\app\build\intermediates\exploded-aar\com.google.android.gms\play-services-vision\8.4.0\jars\classes.jar
java_class_path (initial): C:\Users\angga\AppData\Local\Android\sdk\build-tools\23.0.1\lib\dx.jar
Launcher Type: SUN_STANDARD

Environment Variables:



---------------  S Y S T E M  ---------------

OS: Windows 8.1 , 64 bit Build 9600 

CPU:total 8 (4 cores per cpu, 2 threads per core) family 6 model 58 stepping 9, cmov, cx8, fxsr, mmx, sse, sse2, sse3, ssse3, sse4.1, sse4.2, popcnt, avx, aes, clmul, erms, ht, tsc, tscinvbit, tscinv

Memory: 4k page, physical 4144288k(360952k free), swap 7290016k(4516k free)

vm_info: Java HotSpot(TM) 64-Bit Server VM (25.31-b07) for windows-amd64 JRE (1.8.0_31-b13), built on Dec 17 2014 21:00:28 by "java_re" with MS VC++ 10.0 (VS2010)

time: Sat Jan 02 20:16:40 2016
elapsed time: 3 seconds (0d 0h 0m 3s)

