#
# There is insufficient memory for the Java Runtime Environment to continue.
# Native memory allocation (malloc) failed to allocate 65552 bytes for Chunk::new
# Possible reasons:
#   The system is out of physical RAM or swap space
#   In 32 bit mode, the process size limit was hit
# Possible solutions:
#   Reduce memory load on the system
#   Increase physical memory or swap space
#   Check if swap backing store is full
#   Use 64 bit Java on a 64 bit OS
#   Decrease Java heap size (-Xmx/-Xms)
#   Decrease number of Java threads
#   Decrease Java thread stack sizes (-Xss)
#   Set larger code cache with -XX:ReservedCodeCacheSize=
# This output file may be truncated or incomplete.
#
#  Out of Memory Error (allocation.cpp:390), pid=7460, tid=5808
#
# JRE version: Java(TM) SE Runtime Environment (8.0_31-b13) (build 1.8.0_31-b13)
# Java VM: Java HotSpot(TM) 64-Bit Server VM (25.31-b07 mixed mode windows-amd64 compressed oops)
# Failed to write core dump. Minidumps are not enabled by default on client versions of Windows
#

---------------  T H R E A D  ---------------

Current thread (0x0000000016d8a000):  JavaThread "C2 CompilerThread2" daemon [_thread_in_native, id=5808, stack(0x0000000017510000,0x0000000017610000)]

Stack: [0x0000000017510000,0x0000000017610000]
Native frames: (J=compiled Java code, j=interpreted, Vv=VM code, C=native code)
V  [jvm.dll+0x3169ba]


Current CompileTask:
C2:   3364 1336       4       com.android.dx.ssa.back.LivenessAnalyzer::run (231 bytes)


---------------  P R O C E S S  ---------------

Java Threads: ( => current thread )
  0x0000000017020000 JavaThread "pool-1-thread-4" [_thread_blocked, id=4136, stack(0x0000000017d10000,0x0000000017e10000)]
  0x0000000017016800 JavaThread "pool-1-thread-3" [_thread_blocked, id=4692, stack(0x0000000017c10000,0x0000000017d10000)]
  0x0000000017015800 JavaThread "pool-1-thread-2" [_thread_blocked, id=5264, stack(0x0000000017b10000,0x0000000017c10000)]
  0x0000000016fea000 JavaThread "pool-2-thread-1" [_thread_blocked, id=6496, stack(0x0000000017a10000,0x0000000017b10000)]
  0x0000000016fe9800 JavaThread "pool-1-thread-1" [_thread_blocked, id=7752, stack(0x0000000017910000,0x0000000017a10000)]
  0x0000000016d97800 JavaThread "Service Thread" daemon [_thread_blocked, id=7124, stack(0x0000000017710000,0x0000000017810000)]
  0x0000000016d8c800 JavaThread "C1 CompilerThread3" daemon [_thread_blocked, id=6648, stack(0x0000000017610000,0x0000000017710000)]
=>0x0000000016d8a000 JavaThread "C2 CompilerThread2" daemon [_thread_in_native, id=5808, stack(0x0000000017510000,0x0000000017610000)]
  0x0000000016d39000 JavaThread "C2 CompilerThread1" daemon [_thread_in_native, id=3388, stack(0x0000000017410000,0x0000000017510000)]
  0x0000000016d37000 JavaThread "C2 CompilerThread0" daemon [_thread_blocked, id=7012, stack(0x0000000017310000,0x0000000017410000)]
  0x0000000016d34800 JavaThread "Attach Listener" daemon [_thread_blocked, id=168, stack(0x0000000017210000,0x0000000017310000)]
  0x0000000016d34000 JavaThread "Signal Dispatcher" daemon [_thread_blocked, id=3852, stack(0x0000000017110000,0x0000000017210000)]
  0x00000000021f2000 JavaThread "Finalizer" daemon [_thread_blocked, id=1280, stack(0x0000000016c10000,0x0000000016d10000)]
  0x00000000021f1000 JavaThread "Reference Handler" daemon [_thread_blocked, id=7748, stack(0x0000000016b10000,0x0000000016c10000)]
  0x0000000002100800 JavaThread "main" [_thread_blocked, id=2448, stack(0x0000000002000000,0x0000000002100000)]

Other Threads:
  0x0000000014d18800 VMThread [stack: 0x0000000016a10000,0x0000000016b10000] [id=7900]
  0x0000000016d99800 WatcherThread [stack: 0x0000000017810000,0x0000000017910000] [id=6768]

VM state:not at safepoint (normal execution)

VM Mutex/Monitor currently owned by a thread: None

Heap:
 PSYoungGen      total 35328K, used 6256K [0x00000000eab00000, 0x00000000ed000000, 0x0000000100000000)
  eden space 32768K, 11% used [0x00000000eab00000,0x00000000eae9e728,0x00000000ecb00000)
  from space 2560K, 99% used [0x00000000ecd80000,0x00000000ecffdc88,0x00000000ed000000)
  to   space 2560K, 0% used [0x00000000ecb00000,0x00000000ecb00000,0x00000000ecd80000)
 ParOldGen       total 44032K, used 4174K [0x00000000c0000000, 0x00000000c2b00000, 0x00000000eab00000)
  object space 44032K, 9% used [0x00000000c0000000,0x00000000c04139b8,0x00000000c2b00000)
 Metaspace       used 5948K, capacity 7024K, committed 7296K, reserved 1056768K
  class space    used 584K, capacity 616K, committed 640K, reserved 1048576K

Card table byte_map: [0x00000000115c0000,0x00000000117d0000] byte_map_base: 0x0000000010fc0000

Marking Bits: (ParMarkBitMap*) 0x00000000702ed4f0
 Begin Bits: [0x0000000012130000, 0x0000000013130000)
 End Bits:   [0x0000000013130000, 0x0000000014130000)

Polling page: 0x0000000000730000

CodeCache: size=245760Kb used=5498Kb max_used=5510Kb free=240261Kb
 bounds [0x0000000002200000, 0x0000000002770000, 0x0000000011200000]
 total_blobs=1634 nmethods=1369 adapters=178
 compilation: enabled

Compilation events (10 events):
Event: 3.286 Thread 0x0000000016d8c800 1340       3       com.android.dx.cf.code.ConcreteMethod::getMaxStack (8 bytes)
Event: 3.286 Thread 0x0000000016d8c800 nmethod 1340 0x0000000002746110 code [0x0000000002746260, 0x0000000002746450]
Event: 3.286 Thread 0x0000000016d8c800 1339       3       com.android.dx.cf.code.Simulator$SimVisitor::checkReturnType (64 bytes)
Event: 3.287 Thread 0x0000000016d8c800 nmethod 1339 0x0000000002746510 code [0x0000000002746740, 0x0000000002747488]
Event: 3.287 Thread 0x0000000016d8c800 1358       3       com.android.dx.rop.code.RegisterSpec::intersect (169 bytes)
Event: 3.288 Thread 0x0000000016d8c800 nmethod 1358 0x0000000002747a50 code [0x0000000002747ca0, 0x0000000002748c28]
Event: 3.288 Thread 0x0000000016d8c800 1343       3       com.android.dx.cf.code.Ropper::getMinimumUnreservedLabel (19 bytes)
Event: 3.288 Thread 0x0000000016d8c800 nmethod 1343 0x00000000027490d0 code [0x0000000002749240, 0x0000000002749610]
Event: 3.288 Thread 0x0000000016d8c800 1359  s    3       com.android.dx.dex.file.FieldIdsSection::intern (55 bytes)
Event: 3.289 Thread 0x0000000016d8c800 nmethod 1359 0x0000000002749790 code [0x00000000027499a0, 0x000000000274a668]

GC Heap History (4 events):
Event: 1.586 GC heap before
{Heap before GC invocations=1 (full 0):
 PSYoungGen      total 18944K, used 16384K [0x00000000eab00000, 0x00000000ec000000, 0x0000000100000000)
  eden space 16384K, 100% used [0x00000000eab00000,0x00000000ebb00000,0x00000000ebb00000)
  from space 2560K, 0% used [0x00000000ebd80000,0x00000000ebd80000,0x00000000ec000000)
  to   space 2560K, 0% used [0x00000000ebb00000,0x00000000ebb00000,0x00000000ebd80000)
 ParOldGen       total 44032K, used 0K [0x00000000c0000000, 0x00000000c2b00000, 0x00000000eab00000)
  object space 44032K, 0% used [0x00000000c0000000,0x00000000c0000000,0x00000000c2b00000)
 Metaspace       used 5654K, capacity 6768K, committed 7040K, reserved 1056768K
  class space    used 581K, capacity 616K, committed 640K, reserved 1048576K
Event: 1.993 GC heap after
Heap after GC invocations=1 (full 0):
 PSYoungGen      total 18944K, used 2551K [0x00000000eab00000, 0x00000000ed000000, 0x0000000100000000)
  eden space 16384K, 0% used [0x00000000eab00000,0x00000000eab00000,0x00000000ebb00000)
  from space 2560K, 99% used [0x00000000ebb00000,0x00000000ebd7dc78,0x00000000ebd80000)
  to   space 2560K, 0% used [0x00000000ecd80000,0x00000000ecd80000,0x00000000ed000000)
 ParOldGen       total 44032K, used 1713K [0x00000000c0000000, 0x00000000c2b00000, 0x00000000eab00000)
  object space 44032K, 3% used [0x00000000c0000000,0x00000000c01ac708,0x00000000c2b00000)
 Metaspace       used 5654K, capacity 6768K, committed 7040K, reserved 1056768K
  class space    used 581K, capacity 616K, committed 640K, reserved 1048576K
}
Event: 2.946 GC heap before
{Heap before GC invocations=2 (full 0):
 PSYoungGen      total 18944K, used 18935K [0x00000000eab00000, 0x00000000ed000000, 0x0000000100000000)
  eden space 16384K, 100% used [0x00000000eab00000,0x00000000ebb00000,0x00000000ebb00000)
  from space 2560K, 99% used [0x00000000ebb00000,0x00000000ebd7dc78,0x00000000ebd80000)
  to   space 2560K, 0% used [0x00000000ecd80000,0x00000000ecd80000,0x00000000ed000000)
 ParOldGen       total 44032K, used 1713K [0x00000000c0000000, 0x00000000c2b00000, 0x00000000eab00000)
  object space 44032K, 3% used [0x00000000c0000000,0x00000000c01ac708,0x00000000c2b00000)
 Metaspace       used 5943K, capacity 7024K, committed 7296K, reserved 1056768K
  class space    used 584K, capacity 616K, committed 640K, reserved 1048576K
Event: 3.262 GC heap after
Heap after GC invocations=2 (full 0):
 PSYoungGen      total 35328K, used 2551K [0x00000000eab00000, 0x00000000ed000000, 0x0000000100000000)
  eden space 32768K, 0% used [0x00000000eab00000,0x00000000eab00000,0x00000000ecb00000)
  from space 2560K, 99% used [0x00000000ecd80000,0x00000000ecffdc88,0x00000000ed000000)
  to   space 2560K, 0% used [0x00000000ecb00000,0x00000000ecb00000,0x00000000ecd80000)
 ParOldGen       total 44032K, used 4174K [0x00000000c0000000, 0x00000000c2b00000, 0x00000000eab00000)
  object space 44032K, 9% used [0x00000000c0000000,0x00000000c04139b8,0x00000000c2b00000)
 Metaspace       used 5943K, capacity 7024K, committed 7296K, reserved 1056768K
  class space    used 584K, capacity 616K, committed 640K, reserved 1048576K
}

Deoptimization events (10 events):
Event: 2.001 Thread 0x0000000017015800 Uncommon trap: reason=class_check action=maybe_recompile pc=0x000000000242e4b0 method=com.android.dx.ssa.NormalSsaInsn.accept(Lcom/android/dx/ssa/SsaInsn$Visitor;)V @ 9
Event: 2.003 Thread 0x0000000017015800 Uncommon trap: reason=class_check action=maybe_recompile pc=0x00000000024ef964 method=com.android.dx.ssa.NormalSsaInsn.accept(Lcom/android/dx/ssa/SsaInsn$Visitor;)V @ 9
Event: 2.114 Thread 0x0000000017020000 Uncommon trap: reason=bimorphic action=maybe_recompile pc=0x000000000245a250 method=java.util.HashMap.getNode(ILjava/lang/Object;)Ljava/util/HashMap$Node; @ 126
Event: 2.476 Thread 0x0000000017020000 Uncommon trap: reason=bimorphic action=maybe_recompile pc=0x000000000267fb7c method=com.android.dx.cf.code.BytecodeArray.parseInstruction(ILcom/android/dx/cf/code/BytecodeArray$Visitor;)I @ 1130
Event: 2.476 Thread 0x0000000017020000 Uncommon trap: reason=bimorphic action=maybe_recompile pc=0x000000000267f658 method=com.android.dx.cf.code.BytecodeArray.parseInstruction(ILcom/android/dx/cf/code/BytecodeArray$Visitor;)I @ 907
Event: 2.476 Thread 0x0000000017020000 Uncommon trap: reason=bimorphic action=maybe_recompile pc=0x000000000267f658 method=com.android.dx.cf.code.BytecodeArray.parseInstruction(ILcom/android/dx/cf/code/BytecodeArray$Visitor;)I @ 907
Event: 2.476 Thread 0x0000000017020000 Uncommon trap: reason=bimorphic action=maybe_recompile pc=0x000000000267f6d8 method=com.android.dx.cf.code.BytecodeArray.parseInstruction(ILcom/android/dx/cf/code/BytecodeArray$Visitor;)I @ 923
Event: 2.476 Thread 0x0000000017020000 Uncommon trap: reason=bimorphic action=maybe_recompile pc=0x000000000267f6d8 method=com.android.dx.cf.code.BytecodeArray.parseInstruction(ILcom/android/dx/cf/code/BytecodeArray$Visitor;)I @ 923
Event: 2.493 Thread 0x0000000017020000 Uncommon trap: reason=bimorphic action=maybe_recompile pc=0x000000000245a250 method=java.util.HashMap.getNode(ILjava/lang/Object;)Ljava/util/HashMap$Node; @ 126
Event: 2.655 Thread 0x0000000016fe9800 Uncommon trap: reason=unloaded action=reinterpret pc=0x00000000025d9958 method=com.android.dx.ssa.SsaRenamer$BlockRenamer.visitMoveInsn(Lcom/android/dx/ssa/NormalSsaInsn;)V @ 208

Internal exceptions (10 events):
Event: 1.541 Thread 0x0000000002100800 Exception <a 'java/security/PrivilegedActionException'> (0x00000000eb732ca8) thrown at [C:\workspace\8-2-build-windows-amd64-cygwin\jdk8u31\2394\hotspot\src\share\vm\prims\jvm.cpp, line 1312]
Event: 1.541 Thread 0x0000000002100800 Exception <a 'java/security/PrivilegedActionException'> (0x00000000eb735208) thrown at [C:\workspace\8-2-build-windows-amd64-cygwin\jdk8u31\2394\hotspot\src\share\vm\prims\jvm.cpp, line 1312]
Event: 1.552 Thread 0x0000000016fe9800 Exception <a 'java/security/PrivilegedActionException'> (0x00000000eb81e228) thrown at [C:\workspace\8-2-build-windows-amd64-cygwin\jdk8u31\2394\hotspot\src\share\vm\prims\jvm.cpp, line 1312]
Event: 1.558 Thread 0x0000000002100800 Exception <a 'java/security/PrivilegedActionException'> (0x00000000eb944580) thrown at [C:\workspace\8-2-build-windows-amd64-cygwin\jdk8u31\2394\hotspot\src\share\vm\prims\jvm.cpp, line 1312]
Event: 1.565 Thread 0x0000000002100800 Exception <a 'java/security/PrivilegedActionException'> (0x00000000eba8d318) thrown at [C:\workspace\8-2-build-windows-amd64-cygwin\jdk8u31\2394\hotspot\src\share\vm\prims\jvm.cpp, line 1312]
Event: 2.649 Thread 0x0000000002100800 Exception <a 'java/security/PrivilegedActionException'> (0x00000000eb8276d0) thrown at [C:\workspace\8-2-build-windows-amd64-cygwin\jdk8u31\2394\hotspot\src\share\vm\prims\jvm.cpp, line 1312]
Event: 2.650 Thread 0x0000000002100800 Exception <a 'java/security/PrivilegedActionException'> (0x00000000eb82a018) thrown at [C:\workspace\8-2-build-windows-amd64-cygwin\jdk8u31\2394\hotspot\src\share\vm\prims\jvm.cpp, line 1312]
Event: 2.699 Thread 0x0000000017015800 Exception <a 'java/security/PrivilegedActionException'> (0x00000000eb9f2298) thrown at [C:\workspace\8-2-build-windows-amd64-cygwin\jdk8u31\2394\hotspot\src\share\vm\prims\jvm.cpp, line 1312]
Event: 2.701 Thread 0x0000000017015800 Exception <a 'java/security/PrivilegedActionException'> (0x00000000eb9f7ce8) thrown at [C:\workspace\8-2-build-windows-amd64-cygwin\jdk8u31\2394\hotspot\src\share\vm\prims\jvm.cpp, line 1312]
Event: 2.702 Thread 0x0000000017015800 Exception <a 'java/security/PrivilegedActionException'> (0x00000000eb9fd420) thrown at [C:\workspace\8-2-build-windows-amd64-cygwin\jdk8u31\2394\hotspot\src\share\vm\prims\jvm.cpp, line 1312]

Events (10 events):
Event: 2.671 Executing VM operation: ForceSafepoint
Event: 2.695 Executing VM operation: ForceSafepoint done
Event: 2.699 loading class com/android/dx/dex/file/ParameterAnnotationStruct
Event: 2.699 loading class com/android/dx/dex/file/ParameterAnnotationStruct done
Event: 2.701 loading class com/android/dx/dex/file/UniformListItem
Event: 2.701 loading class com/android/dx/dex/file/UniformListItem done
Event: 2.702 loading class com/android/dx/dex/file/AnnotationSetRefItem
Event: 2.702 loading class com/android/dx/dex/file/AnnotationSetRefItem done
Event: 2.725 Executing VM operation: ParallelGCFailedAllocation
Event: 3.262 Executing VM operation: ParallelGCFailedAllocation done


Dynamic libraries:
0x00007ff73e6e0000 - 0x00007ff73e714000 	C:\Program Files\Java\jdk1.8.0_31\bin\java.exe
0x00007ffda6090000 - 0x00007ffda623c000 	C:\Windows\SYSTEM32\ntdll.dll
0x00007ffda3a50000 - 0x00007ffda3b8e000 	C:\Windows\system32\KERNEL32.DLL
0x00007ffda3540000 - 0x00007ffda3655000 	C:\Windows\system32\KERNELBASE.dll
0x00007ffda1dd0000 - 0x00007ffda1e5e000 	C:\Windows\system32\apphelp.dll
0x00007ffd9e5c0000 - 0x00007ffd9e613000 	C:\Windows\AppPatch\AppPatch64\AcGenral.DLL
0x00007ffda4640000 - 0x00007ffda46ea000 	C:\Windows\system32\msvcrt.dll
0x00007ffda2fa0000 - 0x00007ffda2fce000 	C:\Windows\SYSTEM32\SspiCli.dll
0x00007ffda3e00000 - 0x00007ffda3e54000 	C:\Windows\system32\SHLWAPI.dll
0x00007ffda4290000 - 0x00007ffda4407000 	C:\Windows\system32\USER32.dll
0x00007ffda3b90000 - 0x00007ffda3d24000 	C:\Windows\system32\ole32.dll
0x00007ffda4b60000 - 0x00007ffda608b000 	C:\Windows\system32\SHELL32.dll
0x00007ffda2780000 - 0x00007ffda27a1000 	C:\Windows\SYSTEM32\USERENV.dll
0x00007ffda3e60000 - 0x00007ffda3f0a000 	C:\Windows\system32\ADVAPI32.dll
0x00007ffd942c0000 - 0x00007ffd942de000 	C:\Windows\SYSTEM32\MPR.dll
0x00007ffda4140000 - 0x00007ffda4281000 	C:\Windows\system32\RPCRT4.dll
0x00007ffda3f10000 - 0x00007ffda3f69000 	C:\Windows\SYSTEM32\sechost.dll
0x00007ffda4420000 - 0x00007ffda4631000 	C:\Windows\SYSTEM32\combase.dll
0x00007ffda3710000 - 0x00007ffda385f000 	C:\Windows\system32\GDI32.dll
0x00007ffda31e0000 - 0x00007ffda31f5000 	C:\Windows\SYSTEM32\profapi.dll
0x00007ffda1c60000 - 0x00007ffda1d12000 	C:\Windows\SYSTEM32\SHCORE.dll
0x00007ffda4090000 - 0x00007ffda40c6000 	C:\Windows\system32\IMM32.DLL
0x00007ffda46f0000 - 0x00007ffda4842000 	C:\Windows\system32\MSCTF.dll
0x00007ffda1070000 - 0x00007ffda12eb000 	C:\Windows\WinSxS\amd64_microsoft.windows.common-controls_6595b64144ccf1df_6.0.9600.18006_none_623f33d3ecbe86e8\COMCTL32.dll
0x000000006f6e0000 - 0x000000006f7b2000 	C:\Program Files\Java\jdk1.8.0_31\jre\bin\msvcr100.dll
0x000000006fb10000 - 0x000000007036a000 	C:\Program Files\Java\jdk1.8.0_31\jre\bin\server\jvm.dll
0x00007ffda1bc0000 - 0x00007ffda1bc9000 	C:\Windows\SYSTEM32\WSOCK32.dll
0x00007ffda1bd0000 - 0x00007ffda1bf2000 	C:\Windows\SYSTEM32\WINMM.dll
0x00007ffda4410000 - 0x00007ffda4417000 	C:\Windows\system32\PSAPI.DLL
0x00007ffda40e0000 - 0x00007ffda413a000 	C:\Windows\system32\WS2_32.dll
0x00007ffda04a0000 - 0x00007ffda04ca000 	C:\Windows\SYSTEM32\WINMMBASE.dll
0x00007ffda40d0000 - 0x00007ffda40d9000 	C:\Windows\system32\NSI.dll
0x00007ffda36c0000 - 0x00007ffda370f000 	C:\Windows\SYSTEM32\cfgmgr32.dll
0x00007ffda1fd0000 - 0x00007ffda1ff8000 	C:\Windows\SYSTEM32\DEVOBJ.dll
0x0000000070cd0000 - 0x0000000070cdf000 	C:\Program Files\Java\jdk1.8.0_31\jre\bin\verify.dll
0x0000000070ca0000 - 0x0000000070cc8000 	C:\Program Files\Java\jdk1.8.0_31\jre\bin\java.dll
0x000000006faf0000 - 0x000000006fb06000 	C:\Program Files\Java\jdk1.8.0_31\jre\bin\zip.dll

VM Arguments:
jvm_args: -Xmx1024M -Dfile.encoding=windows-1252 -Duser.country=US -Duser.language=en -Duser.variant 
java_command: com.android.dx.command.Main --dex --num-threads=4 --output E:\Data Adek\Data Kuliah\SEM 7 - MOBILE\FINAL PROJECT\Android1_EasyGo\EasyGo\app\build\intermediates\pre-dexed\debug\classes-ae3c45780acfe0fc0889556455787f590c84286c.jar E:\Data Adek\Data Kuliah\SEM 7 - MOBILE\FINAL PROJECT\Android1_EasyGo\EasyGo\app\build\intermediates\exploded-aar\com.google.android.gms\play-services-location\8.4.0\jars\classes.jar
java_class_path (initial): C:\Users\angga\AppData\Local\Android\sdk\build-tools\23.0.1\lib\dx.jar
Launcher Type: SUN_STANDARD

Environment Variables:
PATH=C:\ProgramData\Oracle\Java\javapath;C:\oraclexe\app\oracle\product\10.2.0\server\bin;C:\Program Files (x86)\Intel\iCLS Client\;C:\Program Files\Intel\iCLS Client\;C:\Windows\system32;C:\Windows;C:\Windows\System32\Wbem;C:\Windows\System32\WindowsPowerShell\v1.0\;C:\Program Files\Intel\Intel(R) Management Engine Components\DAL;C:\Program Files\Intel\Intel(R) Management Engine Components\IPT;C:\Program Files (x86)\Intel\Intel(R) Management Engine Components\DAL;C:\Program Files (x86)\Intel\Intel(R) Management Engine Components\IPT;C:\Program Files (x86)\Windows Kits\8.1\Windows Performance Toolkit\;C:\Program Files\Microsoft SQL Server\110\Tools\Binn\;C:\Program Files (x86)\nodejs\;C:\Users\angga\AppData\Roaming\npm;C:\Program Files (x86)\Java\jre7\bin
USERNAME=angga
OS=Windows_NT
PROCESSOR_IDENTIFIER=Intel64 Family 6 Model 58 Stepping 9, GenuineIntel



---------------  S Y S T E M  ---------------

OS: Windows 8.1 , 64 bit Build 9600 

CPU:total 8 (4 cores per cpu, 2 threads per core) family 6 model 58 stepping 9, cmov, cx8, fxsr, mmx, sse, sse2, sse3, ssse3, sse4.1, sse4.2, popcnt, avx, aes, clmul, erms, ht, tsc, tscinvbit, tscinv

Memory: 4k page, physical 4144288k(341928k free), swap 7290016k(4188k free)

vm_info: Java HotSpot(TM) 64-Bit Server VM (25.31-b07) for windows-amd64 JRE (1.8.0_31-b13), built on Dec 17 2014 21:00:28 by "java_re" with MS VC++ 10.0 (VS2010)

time: Sat Jan 02 20:16:40 2016
elapsed time: 3 seconds (0d 0h 0m 3s)

