#
# There is insufficient memory for the Java Runtime Environment to continue.
# Native memory allocation (malloc) failed to allocate 880 bytes for AllocateHeap
# Possible reasons:
#   The system is out of physical RAM or swap space
#   In 32 bit mode, the process size limit was hit
# Possible solutions:
#   Reduce memory load on the system
#   Increase physical memory or swap space
#   Check if swap backing store is full
#   Use 64 bit Java on a 64 bit OS
#   Decrease Java heap size (-Xmx/-Xms)
#   Decrease number of Java threads
#   Decrease Java thread stack sizes (-Xss)
#   Set larger code cache with -XX:ReservedCodeCacheSize=
# This output file may be truncated or incomplete.
#
#  Out of Memory Error (memory/allocation.inline.hpp:62), pid=4568, tid=3260
#
# JRE version: Java(TM) SE Runtime Environment (8.0_31-b13) (build 1.8.0_31-b13)
# Java VM: Java HotSpot(TM) 64-Bit Server VM (25.31-b07 mixed mode windows-amd64 compressed oops)
# Failed to write core dump. Minidumps are not enabled by default on client versions of Windows
#

---------------  T H R E A D  ---------------

Current thread (0x00000000173e0000):  JavaThread "C1 CompilerThread3" daemon [_thread_in_vm, id=3260, stack(0x0000000017c60000,0x0000000017d60000)]

Stack: [0x0000000017c60000,0x0000000017d60000]
Native frames: (J=compiled Java code, j=interpreted, Vv=VM code, C=native code)
V  [jvm.dll+0x3169ba]
V  [jvm.dll+0x2674c3]
V  [jvm.dll+0x268103]
V  [jvm.dll+0x25f8f5]
V  [jvm.dll+0x8182e]
V  [jvm.dll+0x81d6b]
V  [jvm.dll+0x8e8e3]
V  [jvm.dll+0x90382]
V  [jvm.dll+0x27c7e]
V  [jvm.dll+0x3ecef9]
V  [jvm.dll+0x3edea4]
V  [jvm.dll+0x3ee04e]
V  [jvm.dll+0x3ee24f]
V  [jvm.dll+0x988e2]
V  [jvm.dll+0x990d3]
V  [jvm.dll+0x22c194]
V  [jvm.dll+0x28576a]
C  [msvcr100.dll+0x21d9f]
C  [msvcr100.dll+0x21e3b]
C  [KERNEL32.DLL+0x13d2]
C  [ntdll.dll+0x15454]


Current CompileTask:
C1:   4161  922       3       com.android.dx.dex.file.ValueEncoder::addContents (75 bytes)


---------------  P R O C E S S  ---------------

Java Threads: ( => current thread )
  0x0000000017677000 JavaThread "pool-1-thread-4" [_thread_blocked, id=2116, stack(0x0000000018360000,0x0000000018460000)]
  0x0000000017636000 JavaThread "pool-1-thread-3" [_thread_blocked, id=3268, stack(0x0000000018260000,0x0000000018360000)]
  0x0000000017635800 JavaThread "pool-1-thread-2" [_thread_blocked, id=6044, stack(0x0000000018160000,0x0000000018260000)]
  0x0000000017639000 JavaThread "pool-2-thread-1" [_thread_blocked, id=6392, stack(0x0000000018060000,0x0000000018160000)]
  0x000000001762c800 JavaThread "pool-1-thread-1" [_thread_blocked, id=4496, stack(0x0000000017f60000,0x0000000018060000)]
  0x00000000173eb000 JavaThread "Service Thread" daemon [_thread_blocked, id=5356, stack(0x0000000017d60000,0x0000000017e60000)]
=>0x00000000173e0000 JavaThread "C1 CompilerThread3" daemon [_thread_in_vm, id=3260, stack(0x0000000017c60000,0x0000000017d60000)]
  0x000000001738d000 JavaThread "C2 CompilerThread2" daemon [_thread_blocked, id=688, stack(0x0000000017b60000,0x0000000017c60000)]
  0x0000000017389000 JavaThread "C2 CompilerThread1" daemon [_thread_blocked, id=5232, stack(0x0000000017a60000,0x0000000017b60000)]
  0x0000000017387000 JavaThread "C2 CompilerThread0" daemon [_thread_blocked, id=3812, stack(0x0000000017960000,0x0000000017a60000)]
  0x0000000017384800 JavaThread "Attach Listener" daemon [_thread_blocked, id=5884, stack(0x0000000017860000,0x0000000017960000)]
  0x0000000017384000 JavaThread "Signal Dispatcher" daemon [_thread_blocked, id=7480, stack(0x0000000017760000,0x0000000017860000)]
  0x0000000002867800 JavaThread "Finalizer" daemon [_thread_blocked, id=228, stack(0x0000000017260000,0x0000000017360000)]
  0x0000000002861000 JavaThread "Reference Handler" daemon [_thread_blocked, id=1552, stack(0x0000000017160000,0x0000000017260000)]
  0x0000000002770800 JavaThread "main" [_thread_blocked, id=1008, stack(0x0000000002580000,0x0000000002680000)]

Other Threads:
  0x0000000015388800 VMThread [stack: 0x0000000017060000,0x0000000017160000] [id=2208]
  0x00000000173ed000 WatcherThread [stack: 0x0000000017e60000,0x0000000017f60000] [id=5620]

VM state:not at safepoint (normal execution)

VM Mutex/Monitor currently owned by a thread:  ([mutex/lock_event])
[0x00000000026bb960] CodeCache_lock - owner thread: 0x00000000173e0000
[0x00000000026bd340] Compile_lock - owner thread: 0x00000000173e0000
[0x00000000026be3c0] MethodCompileQueue_lock - owner thread: 0x00000000173e0000

Heap:
 PSYoungGen      total 18944K, used 3482K [0x00000000eab00000, 0x00000000ec000000, 0x0000000100000000)
  eden space 16384K, 5% used [0x00000000eab00000,0x00000000eabe7e30,0x00000000ebb00000)
  from space 2560K, 99% used [0x00000000ebb00000,0x00000000ebd7ead8,0x00000000ebd80000)
  to   space 2560K, 0% used [0x00000000ebd80000,0x00000000ebd80000,0x00000000ec000000)
 ParOldGen       total 44032K, used 1556K [0x00000000c0000000, 0x00000000c2b00000, 0x00000000eab00000)
  object space 44032K, 3% used [0x00000000c0000000,0x00000000c01853a8,0x00000000c2b00000)
 Metaspace       used 5633K, capacity 6768K, committed 7040K, reserved 1056768K
  class space    used 579K, capacity 616K, committed 640K, reserved 1048576K

Card table byte_map: [0x0000000011c30000,0x0000000011e40000] byte_map_base: 0x0000000011630000

Marking Bits: (ParMarkBitMap*) 0x00000000702ed4f0
 Begin Bits: [0x00000000127a0000, 0x00000000137a0000)
 End Bits:   [0x00000000137a0000, 0x00000000147a0000)

Polling page: 0x0000000000d00000

CodeCache: size=245760Kb used=3518Kb max_used=3528Kb free=242241Kb
 bounds [0x0000000002870000, 0x0000000002bf0000, 0x0000000011870000]
 total_blobs=1175 nmethods=910 adapters=178
 compilation: enabled

Compilation events (10 events):
Event: 3.996 Thread 0x0000000017387000 nmethod 915 0x0000000002be0350 code [0x0000000002be04c0, 0x0000000002be0bf8]
Event: 3.996 Thread 0x0000000017387000  917       4       com.android.dx.rop.code.Insn::<init> (69 bytes)
Event: 3.997 Thread 0x0000000017387000 nmethod 917 0x0000000002bdcf90 code [0x0000000002bdd0c0, 0x0000000002bdd1b8]
Event: 3.999 Thread 0x000000001738d000 nmethod 916 0x0000000002bddc90 code [0x0000000002bdde00, 0x0000000002bde418]
Event: 4.000 Thread 0x0000000017387000  919       4       com.android.dx.rop.code.BasicBlockList::labelToBlock (46 bytes)
Event: 4.002 Thread 0x0000000017387000 nmethod 919 0x0000000002be13d0 code [0x0000000002be1520, 0x0000000002be1658]
Event: 4.005 Thread 0x0000000017389000 nmethod 914 0x0000000002be5790 code [0x0000000002be5980, 0x0000000002be6898]
Event: 4.013 Thread 0x00000000173e0000  920       3       com.android.dx.util.ByteArray::<init> (9 bytes)
Event: 4.013 Thread 0x00000000173e0000 nmethod 920 0x0000000002bdcbd0 code [0x0000000002bdcd40, 0x0000000002bdcec8]
Event: 4.013 Thread 0x00000000173e0000  922       3       com.android.dx.dex.file.ValueEncoder::addContents (75 bytes)

GC Heap History (2 events):
Event: 3.702 GC heap before
{Heap before GC invocations=1 (full 0):
 PSYoungGen      total 18944K, used 16384K [0x00000000eab00000, 0x00000000ec000000, 0x0000000100000000)
  eden space 16384K, 100% used [0x00000000eab00000,0x00000000ebb00000,0x00000000ebb00000)
  from space 2560K, 0% used [0x00000000ebd80000,0x00000000ebd80000,0x00000000ec000000)
  to   space 2560K, 0% used [0x00000000ebb00000,0x00000000ebb00000,0x00000000ebd80000)
 ParOldGen       total 44032K, used 0K [0x00000000c0000000, 0x00000000c2b00000, 0x00000000eab00000)
  object space 44032K, 0% used [0x00000000c0000000,0x00000000c0000000,0x00000000c2b00000)
 Metaspace       used 5620K, capacity 6768K, committed 7040K, reserved 1056768K
  class space    used 579K, capacity 616K, committed 640K, reserved 1048576K
Event: 3.939 GC heap after
Heap after GC invocations=1 (full 0):
 PSYoungGen      total 18944K, used 2554K [0x00000000eab00000, 0x00000000ec000000, 0x0000000100000000)
  eden space 16384K, 0% used [0x00000000eab00000,0x00000000eab00000,0x00000000ebb00000)
  from space 2560K, 99% used [0x00000000ebb00000,0x00000000ebd7ead8,0x00000000ebd80000)
  to   space 2560K, 0% used [0x00000000ebd80000,0x00000000ebd80000,0x00000000ec000000)
 ParOldGen       total 44032K, used 1556K [0x00000000c0000000, 0x00000000c2b00000, 0x00000000eab00000)
  object space 44032K, 3% used [0x00000000c0000000,0x00000000c01853a8,0x00000000c2b00000)
 Metaspace       used 5620K, capacity 6768K, committed 7040K, reserved 1056768K
  class space    used 579K, capacity 616K, committed 640K, reserved 1048576K
}

Deoptimization events (4 events):
Event: 3.683 Thread 0x0000000017677000 Uncommon trap: reason=bimorphic action=maybe_recompile pc=0x0000000002ad8e98 method=com.android.dx.rop.code.RegisterSpec.equals(ILcom/android/dx/rop/type/TypeBearer;Lcom/android/dx/rop/code/LocalItem;)Z @ 13
Event: 3.683 Thread 0x0000000017677000 Uncommon trap: reason=bimorphic action=maybe_recompile pc=0x0000000002ad8e98 method=com.android.dx.rop.code.RegisterSpec.equals(ILcom/android/dx/rop/type/TypeBearer;Lcom/android/dx/rop/code/LocalItem;)Z @ 13
Event: 3.684 Thread 0x0000000017677000 Uncommon trap: reason=bimorphic action=maybe_recompile pc=0x0000000002ad8e98 method=com.android.dx.rop.code.RegisterSpec.equals(ILcom/android/dx/rop/type/TypeBearer;Lcom/android/dx/rop/code/LocalItem;)Z @ 13
Event: 3.685 Thread 0x0000000017677000 Uncommon trap: reason=bimorphic action=maybe_recompile pc=0x0000000002ad8e98 method=com.android.dx.rop.code.RegisterSpec.equals(ILcom/android/dx/rop/type/TypeBearer;Lcom/android/dx/rop/code/LocalItem;)Z @ 13

Internal exceptions (10 events):
Event: 2.864 Thread 0x0000000002770800 Exception <a 'java/security/PrivilegedActionException'> (0x00000000eb3f1420) thrown at [C:\workspace\8-2-build-windows-amd64-cygwin\jdk8u31\2394\hotspot\src\share\vm\prims\jvm.cpp, line 1312]
Event: 2.868 Thread 0x0000000002770800 Exception <a 'java/security/PrivilegedActionException'> (0x00000000eb401be8) thrown at [C:\workspace\8-2-build-windows-amd64-cygwin\jdk8u31\2394\hotspot\src\share\vm\prims\jvm.cpp, line 1312]
Event: 2.872 Thread 0x0000000002770800 Exception <a 'java/security/PrivilegedActionException'> (0x00000000eb40ca48) thrown at [C:\workspace\8-2-build-windows-amd64-cygwin\jdk8u31\2394\hotspot\src\share\vm\prims\jvm.cpp, line 1312]
Event: 2.977 Thread 0x0000000002770800 Exception <a 'java/security/PrivilegedActionException'> (0x00000000eb6534b8) thrown at [C:\workspace\8-2-build-windows-amd64-cygwin\jdk8u31\2394\hotspot\src\share\vm\prims\jvm.cpp, line 1312]
Event: 2.979 Thread 0x0000000002770800 Exception <a 'java/security/PrivilegedActionException'> (0x00000000eb6667e8) thrown at [C:\workspace\8-2-build-windows-amd64-cygwin\jdk8u31\2394\hotspot\src\share\vm\prims\jvm.cpp, line 1312]
Event: 2.987 Thread 0x0000000002770800 Exception <a 'java/security/PrivilegedActionException'> (0x00000000eb6690f8) thrown at [C:\workspace\8-2-build-windows-amd64-cygwin\jdk8u31\2394\hotspot\src\share\vm\prims\jvm.cpp, line 1312]
Event: 2.988 Thread 0x0000000002770800 Exception <a 'java/security/PrivilegedActionException'> (0x00000000eb66d310) thrown at [C:\workspace\8-2-build-windows-amd64-cygwin\jdk8u31\2394\hotspot\src\share\vm\prims\jvm.cpp, line 1312]
Event: 3.009 Thread 0x0000000002770800 Exception <a 'java/security/PrivilegedActionException'> (0x00000000eb69b6d8) thrown at [C:\workspace\8-2-build-windows-amd64-cygwin\jdk8u31\2394\hotspot\src\share\vm\prims\jvm.cpp, line 1312]
Event: 3.636 Thread 0x000000001762c800 Exception <a 'java/security/PrivilegedActionException'> (0x00000000eba67190) thrown at [C:\workspace\8-2-build-windows-amd64-cygwin\jdk8u31\2394\hotspot\src\share\vm\prims\jvm.cpp, line 1312]
Event: 3.665 Thread 0x0000000017677000 Exception <a 'java/security/PrivilegedActionException'> (0x00000000eb9840a8) thrown at [C:\workspace\8-2-build-windows-amd64-cygwin\jdk8u31\2394\hotspot\src\share\vm\prims\jvm.cpp, line 1312]

Events (10 events):
Event: 3.684 Thread 0x0000000017677000 DEOPT UNPACKING pc=0x00000000028b556a sp=0x000000001845d990 mode 2
Event: 3.685 Thread 0x0000000017677000 Uncommon trap: trap_request=0xffffffc6 fr.pc=0x0000000002ad8e98
Event: 3.685 Thread 0x0000000017677000 DEOPT PACKING pc=0x0000000002ad8e98 sp=0x000000001845dae0
Event: 3.685 Thread 0x0000000017677000 DEOPT UNPACKING pc=0x00000000028b556a sp=0x000000001845d8b0 mode 2
Event: 3.686 loading class java/util/HashMap$Values
Event: 3.686 loading class java/util/HashMap$Values done
Event: 3.686 loading class java/util/HashMap$ValueIterator
Event: 3.686 loading class java/util/HashMap$ValueIterator done
Event: 3.702 Executing VM operation: ParallelGCFailedAllocation
Event: 3.939 Executing VM operation: ParallelGCFailedAllocation done


Dynamic libraries:
0x00007ff73e6e0000 - 0x00007ff73e714000 	C:\Program Files\Java\jdk1.8.0_31\bin\java.exe
0x00007ffda6090000 - 0x00007ffda623c000 	C:\Windows\SYSTEM32\ntdll.dll
0x00007ffda3a50000 - 0x00007ffda3b8e000 	C:\Windows\system32\KERNEL32.DLL
0x00007ffda3540000 - 0x00007ffda3655000 	C:\Windows\system32\KERNELBASE.dll
0x00007ffda1dd0000 - 0x00007ffda1e5e000 	C:\Windows\system32\apphelp.dll
0x00007ffd9e5c0000 - 0x00007ffd9e613000 	C:\Windows\AppPatch\AppPatch64\AcGenral.DLL
0x00007ffda4640000 - 0x00007ffda46ea000 	C:\Windows\system32\msvcrt.dll
0x00007ffda2fa0000 - 0x00007ffda2fce000 	C:\Windows\SYSTEM32\SspiCli.dll
0x00007ffda3e00000 - 0x00007ffda3e54000 	C:\Windows\system32\SHLWAPI.dll
0x00007ffda4290000 - 0x00007ffda4407000 	C:\Windows\system32\USER32.dll
0x00007ffda3b90000 - 0x00007ffda3d24000 	C:\Windows\system32\ole32.dll
0x00007ffda4b60000 - 0x00007ffda608b000 	C:\Windows\system32\SHELL32.dll
0x00007ffda2780000 - 0x00007ffda27a1000 	C:\Windows\SYSTEM32\USERENV.dll
0x00007ffda3e60000 - 0x00007ffda3f0a000 	C:\Windows\system32\ADVAPI32.dll
0x00007ffd942c0000 - 0x00007ffd942de000 	C:\Windows\SYSTEM32\MPR.dll
0x00007ffda4140000 - 0x00007ffda4281000 	C:\Windows\system32\RPCRT4.dll
0x00007ffda3f10000 - 0x00007ffda3f69000 	C:\Windows\SYSTEM32\sechost.dll
0x00007ffda4420000 - 0x00007ffda4631000 	C:\Windows\SYSTEM32\combase.dll
0x00007ffda3710000 - 0x00007ffda385f000 	C:\Windows\system32\GDI32.dll
0x00007ffda31e0000 - 0x00007ffda31f5000 	C:\Windows\SYSTEM32\profapi.dll
0x00007ffda1c60000 - 0x00007ffda1d12000 	C:\Windows\SYSTEM32\SHCORE.dll
0x00007ffda4090000 - 0x00007ffda40c6000 	C:\Windows\system32\IMM32.DLL
0x00007ffda46f0000 - 0x00007ffda4842000 	C:\Windows\system32\MSCTF.dll
0x00007ffda1070000 - 0x00007ffda12eb000 	C:\Windows\WinSxS\amd64_microsoft.windows.common-controls_6595b64144ccf1df_6.0.9600.18006_none_623f33d3ecbe86e8\COMCTL32.dll
0x000000006f6e0000 - 0x000000006f7b2000 	C:\Program Files\Java\jdk1.8.0_31\jre\bin\msvcr100.dll
0x000000006fb10000 - 0x000000007036a000 	C:\Program Files\Java\jdk1.8.0_31\jre\bin\server\jvm.dll
0x00007ffda1bc0000 - 0x00007ffda1bc9000 	C:\Windows\SYSTEM32\WSOCK32.dll
0x00007ffda1bd0000 - 0x00007ffda1bf2000 	C:\Windows\SYSTEM32\WINMM.dll
0x00007ffda4410000 - 0x00007ffda4417000 	C:\Windows\system32\PSAPI.DLL
0x00007ffda40e0000 - 0x00007ffda413a000 	C:\Windows\system32\WS2_32.dll
0x00007ffda04a0000 - 0x00007ffda04ca000 	C:\Windows\SYSTEM32\WINMMBASE.dll
0x00007ffda40d0000 - 0x00007ffda40d9000 	C:\Windows\system32\NSI.dll
0x00007ffda36c0000 - 0x00007ffda370f000 	C:\Windows\SYSTEM32\cfgmgr32.dll
0x00007ffda1fd0000 - 0x00007ffda1ff8000 	C:\Windows\SYSTEM32\DEVOBJ.dll
0x0000000070cd0000 - 0x0000000070cdf000 	C:\Program Files\Java\jdk1.8.0_31\jre\bin\verify.dll
0x0000000070ca0000 - 0x0000000070cc8000 	C:\Program Files\Java\jdk1.8.0_31\jre\bin\java.dll
0x000000006faf0000 - 0x000000006fb06000 	C:\Program Files\Java\jdk1.8.0_31\jre\bin\zip.dll
0x00007ffd9a920000 - 0x00007ffd9aaa9000 	C:\Windows\SYSTEM32\dbghelp.dll

VM Arguments:
jvm_args: -Xmx1024M -Dfile.encoding=windows-1252 -Duser.country=US -Duser.language=en -Duser.variant 
java_command: com.android.dx.command.Main --dex --num-threads=4 --output E:\Data Adek\Data Kuliah\SEM 7 - MOBILE\FINAL PROJECT\Android1_EasyGo\EasyGo\app\build\intermediates\pre-dexed\debug\classes-16eb44d2c3283b5ad8886482f0d9b817cc368da3.jar E:\Data Adek\Data Kuliah\SEM 7 - MOBILE\FINAL PROJECT\Android1_EasyGo\EasyGo\app\build\intermediates\exploded-aar\com.google.android.gms\play-services-plus\8.4.0\jars\classes.jar
java_class_path (initial): C:\Users\angga\AppData\Local\Android\sdk\build-tools\23.0.1\lib\dx.jar
Launcher Type: SUN_STANDARD

Environment Variables:
PATH=C:\ProgramData\Oracle\Java\javapath;C:\oraclexe\app\oracle\product\10.2.0\server\bin;C:\Program Files (x86)\Intel\iCLS Client\;C:\Program Files\Intel\iCLS Client\;C:\Windows\system32;C:\Windows;C:\Windows\System32\Wbem;C:\Windows\System32\WindowsPowerShell\v1.0\;C:\Program Files\Intel\Intel(R) Management Engine Components\DAL;C:\Program Files\Intel\Intel(R) Management Engine Components\IPT;C:\Program Files (x86)\Intel\Intel(R) Management Engine Components\DAL;C:\Program Files (x86)\Intel\Intel(R) Management Engine Components\IPT;C:\Program Files (x86)\Windows Kits\8.1\Windows Performance Toolkit\;C:\Program Files\Microsoft SQL Server\110\Tools\Binn\;C:\Program Files (x86)\nodejs\;C:\Users\angga\AppData\Roaming\npm;C:\Program Files (x86)\Java\jre7\bin
USERNAME=angga
OS=Windows_NT
PROCESSOR_IDENTIFIER=Intel64 Family 6 Model 58 Stepping 9, GenuineIntel



---------------  S Y S T E M  ---------------

OS: Windows 8.1 , 64 bit Build 9600 

CPU:total 8 (4 cores per cpu, 2 threads per core) family 6 model 58 stepping 9, cmov, cx8, fxsr, mmx, sse, sse2, sse3, ssse3, sse4.1, sse4.2, popcnt, avx, aes, clmul, erms, ht, tsc, tscinvbit, tscinv

Memory: 4k page, physical 4144288k(326400k free), swap 7290016k(220104k free)

vm_info: Java HotSpot(TM) 64-Bit Server VM (25.31-b07) for windows-amd64 JRE (1.8.0_31-b13), built on Dec 17 2014 21:00:28 by "java_re" with MS VC++ 10.0 (VS2010)

time: Sat Jan 02 20:16:35 2016
elapsed time: 4 seconds (0d 0h 0m 4s)

