#
# There is insufficient memory for the Java Runtime Environment to continue.
# Native memory allocation (malloc) failed to allocate 740896 bytes for Chunk::new
# Possible reasons:
#   The system is out of physical RAM or swap space
#   In 32 bit mode, the process size limit was hit
# Possible solutions:
#   Reduce memory load on the system
#   Increase physical memory or swap space
#   Check if swap backing store is full
#   Use 64 bit Java on a 64 bit OS
#   Decrease Java heap size (-Xmx/-Xms)
#   Decrease number of Java threads
#   Decrease Java thread stack sizes (-Xss)
#   Set larger code cache with -XX:ReservedCodeCacheSize=
# This output file may be truncated or incomplete.
#
#  Out of Memory Error (allocation.cpp:390), pid=4252, tid=7332
#
# JRE version: Java(TM) SE Runtime Environment (8.0_31-b13) (build 1.8.0_31-b13)
# Java VM: Java HotSpot(TM) 64-Bit Server VM (25.31-b07 mixed mode windows-amd64 compressed oops)
# Failed to write core dump. Minidumps are not enabled by default on client versions of Windows
#

---------------  T H R E A D  ---------------

Current thread (0x00000000173d7000):  JavaThread "C2 CompilerThread0" daemon [_thread_in_native, id=7332, stack(0x00000000179b0000,0x0000000017ab0000)]

Stack: [0x00000000179b0000,0x0000000017ab0000]
Native frames: (J=compiled Java code, j=interpreted, Vv=VM code, C=native code)
V  [jvm.dll+0x3169ba]


Current CompileTask:
C2:  16041 2101 %     4       com.android.dx.ssa.PhiTypeResolver::run @ 10 (179 bytes)


---------------  P R O C E S S  ---------------

Java Threads: ( => current thread )
  0x0000000017fb6000 JavaThread "pool-1-thread-4" [_thread_in_Java, id=7200, stack(0x0000000018bb0000,0x0000000018cb0000)]
  0x0000000017fb4800 JavaThread "pool-1-thread-3" [_thread_blocked, id=2528, stack(0x0000000018ab0000,0x0000000018bb0000)]
  0x0000000017672000 JavaThread "pool-1-thread-2" [_thread_blocked, id=4196, stack(0x00000000189b0000,0x0000000018ab0000)]
  0x0000000017698800 JavaThread "pool-2-thread-1" [_thread_blocked, id=3140, stack(0x00000000188b0000,0x00000000189b0000)]
  0x0000000017697800 JavaThread "pool-1-thread-1" [_thread_in_Java, id=7924, stack(0x00000000187b0000,0x00000000188b0000)]
  0x00000000173e8800 JavaThread "Service Thread" daemon [_thread_blocked, id=7196, stack(0x0000000017db0000,0x0000000017eb0000)]
  0x00000000173e0800 JavaThread "C1 CompilerThread3" daemon [_thread_blocked, id=3864, stack(0x0000000017cb0000,0x0000000017db0000)]
  0x00000000173db000 JavaThread "C2 CompilerThread2" daemon [_thread_in_native, id=904, stack(0x0000000017bb0000,0x0000000017cb0000)]
  0x00000000173d9000 JavaThread "C2 CompilerThread1" daemon [_thread_in_native, id=5404, stack(0x0000000017ab0000,0x0000000017bb0000)]
=>0x00000000173d7000 JavaThread "C2 CompilerThread0" daemon [_thread_in_native, id=7332, stack(0x00000000179b0000,0x0000000017ab0000)]
  0x00000000173d4800 JavaThread "Attach Listener" daemon [_thread_blocked, id=7256, stack(0x00000000178b0000,0x00000000179b0000)]
  0x00000000173d4000 JavaThread "Signal Dispatcher" daemon [_thread_blocked, id=1328, stack(0x00000000177b0000,0x00000000178b0000)]
  0x00000000028c7800 JavaThread "Finalizer" daemon [_thread_blocked, id=3080, stack(0x00000000172b0000,0x00000000173b0000)]
  0x00000000028c1000 JavaThread "Reference Handler" daemon [_thread_blocked, id=6884, stack(0x00000000171b0000,0x00000000172b0000)]
  0x00000000027d0800 JavaThread "main" [_thread_in_native, id=4732, stack(0x00000000026a0000,0x00000000027a0000)]

Other Threads:
  0x00000000153e8800 VMThread [stack: 0x00000000170b0000,0x00000000171b0000] [id=3268]
  0x00000000173eb000 WatcherThread [stack: 0x0000000017eb0000,0x0000000017fb0000] [id=6560]

VM state:not at safepoint (normal execution)

VM Mutex/Monitor currently owned by a thread: None

Heap:
 PSYoungGen      total 229888K, used 141638K [0x00000000eab00000, 0x00000000ff980000, 0x0000000100000000)
  eden space 117248K, 34% used [0x00000000eab00000,0x00000000ed2af648,0x00000000f1d80000)
  from space 112640K, 89% used [0x00000000f1d80000,0x00000000f8022588,0x00000000f8b80000)
  to   space 109056K, 0% used [0x00000000f8f00000,0x00000000f8f00000,0x00000000ff980000)
 ParOldGen       total 173568K, used 112589K [0x00000000c0000000, 0x00000000ca980000, 0x00000000eab00000)
  object space 173568K, 64% used [0x00000000c0000000,0x00000000c6df3770,0x00000000ca980000)
 Metaspace       used 6331K, capacity 7218K, committed 7296K, reserved 1056768K
  class space    used 605K, capacity 618K, committed 640K, reserved 1048576K

Card table byte_map: [0x0000000011c90000,0x0000000011ea0000] byte_map_base: 0x0000000011690000

Marking Bits: (ParMarkBitMap*) 0x00000000702ed4f0
 Begin Bits: [0x0000000012800000, 0x0000000013800000)
 End Bits:   [0x0000000013800000, 0x0000000014800000)

Polling page: 0x00000000025e0000

CodeCache: size=245760Kb used=7765Kb max_used=10169Kb free=237994Kb
 bounds [0x00000000028d0000, 0x00000000032d0000, 0x00000000118d0000]
 total_blobs=2030 nmethods=1765 adapters=178
 compilation: enabled

Compilation events (10 events):
Event: 13.467 Thread 0x00000000173d9000 2099       4       com.android.dx.ssa.ConstCollector::updateConstUses (248 bytes)
Event: 13.488 Thread 0x00000000173db000 2100       4       com.android.dx.rop.code.PlainCstInsn::withNewRegisters (22 bytes)
Event: 13.490 Thread 0x00000000173db000 nmethod 2100 0x00000000029ec1d0 code [0x00000000029ec320, 0x00000000029ec518]
Event: 13.531 Thread 0x00000000173d7000 2101 %     4       com.android.dx.ssa.PhiTypeResolver::run @ 10 (179 bytes)
Event: 13.532 Thread 0x00000000173db000 2102       4       com.android.dx.ssa.back.InterferenceGraph::<init> (42 bytes)
Event: 13.556 Thread 0x00000000173db000 nmethod 2102 0x00000000032653d0 code [0x00000000032655a0, 0x0000000003266318]
Event: 13.556 Thread 0x00000000173db000 2103       4       com.android.dx.ssa.SetFactory::makeInterferenceSet (26 bytes)
Event: 13.560 Thread 0x00000000173db000 nmethod 2103 0x00000000029d9910 code [0x00000000029d9a80, 0x00000000029d9db8]
Event: 13.560 Thread 0x00000000173db000 2104       4       com.android.dx.rop.cst.TypedConstant::getBasicFrameType (8 bytes)
Event: 13.561 Thread 0x00000000173db000 nmethod 2104 0x00000000029d9650 code [0x00000000029d97a0, 0x00000000029d9858]

GC Heap History (10 events):
Event: 9.081 GC heap before
{Heap before GC invocations=8 (full 1):
 PSYoungGen      total 158720K, used 157541K [0x00000000eab00000, 0x00000000f7980000, 0x0000000100000000)
  eden space 122368K, 100% used [0x00000000eab00000,0x00000000f2280000,0x00000000f2280000)
  from space 36352K, 96% used [0x00000000f4e80000,0x00000000f70d97b0,0x00000000f7200000)
  to   space 44544K, 0% used [0x00000000f2280000,0x00000000f2280000,0x00000000f4e00000)
 ParOldGen       total 103424K, used 51341K [0x00000000c0000000, 0x00000000c6500000, 0x00000000eab00000)
  object space 103424K, 49% used [0x00000000c0000000,0x00000000c32236b8,0x00000000c6500000)
 Metaspace       used 6094K, capacity 7088K, committed 7296K, reserved 1056768K
  class space    used 585K, capacity 616K, committed 640K, reserved 1048576K
Event: 9.220 GC heap after
Heap after GC invocations=8 (full 1):
 PSYoungGen      total 166912K, used 44535K [0x00000000eab00000, 0x0000000100000000, 0x0000000100000000)
  eden space 122368K, 0% used [0x00000000eab00000,0x00000000eab00000,0x00000000f2280000)
  from space 44544K, 99% used [0x00000000f2280000,0x00000000f4dfdda8,0x00000000f4e00000)
  to   space 75264K, 0% used [0x00000000fb680000,0x00000000fb680000,0x0000000100000000)
 ParOldGen       total 103424K, used 94397K [0x00000000c0000000, 0x00000000c6500000, 0x00000000eab00000)
  object space 103424K, 91% used [0x00000000c0000000,0x00000000c5c2f6b8,0x00000000c6500000)
 Metaspace       used 6094K, capacity 7088K, committed 7296K, reserved 1056768K
  class space    used 585K, capacity 616K, committed 640K, reserved 1048576K
}
Event: 9.220 GC heap before
{Heap before GC invocations=9 (full 2):
 PSYoungGen      total 166912K, used 44535K [0x00000000eab00000, 0x0000000100000000, 0x0000000100000000)
  eden space 122368K, 0% used [0x00000000eab00000,0x00000000eab00000,0x00000000f2280000)
  from space 44544K, 99% used [0x00000000f2280000,0x00000000f4dfdda8,0x00000000f4e00000)
  to   space 75264K, 0% used [0x00000000fb680000,0x00000000fb680000,0x0000000100000000)
 ParOldGen       total 103424K, used 94397K [0x00000000c0000000, 0x00000000c6500000, 0x00000000eab00000)
  object space 103424K, 91% used [0x00000000c0000000,0x00000000c5c2f6b8,0x00000000c6500000)
 Metaspace       used 6094K, capacity 7088K, committed 7296K, reserved 1056768K
  class space    used 585K, capacity 616K, committed 640K, reserved 1048576K
Event: 9.590 GC heap after
Heap after GC invocations=9 (full 2):
 PSYoungGen      total 166912K, used 30932K [0x00000000eab00000, 0x0000000100000000, 0x0000000100000000)
  eden space 122368K, 0% used [0x00000000eab00000,0x00000000eab00000,0x00000000f2280000)
  from space 44544K, 69% used [0x00000000f2280000,0x00000000f40b5340,0x00000000f4e00000)
  to   space 75264K, 0% used [0x00000000fb680000,0x00000000fb680000,0x0000000100000000)
 ParOldGen       total 173568K, used 103318K [0x00000000c0000000, 0x00000000ca980000, 0x00000000eab00000)
  object space 173568K, 59% used [0x00000000c0000000,0x00000000c64e5978,0x00000000ca980000)
 Metaspace       used 6094K, capacity 7088K, committed 7296K, reserved 1056768K
  class space    used 585K, capacity 616K, committed 640K, reserved 1048576K
}
Event: 11.049 GC heap before
{Heap before GC invocations=10 (full 2):
 PSYoungGen      total 166912K, used 153300K [0x00000000eab00000, 0x0000000100000000, 0x0000000100000000)
  eden space 122368K, 100% used [0x00000000eab00000,0x00000000f2280000,0x00000000f2280000)
  from space 44544K, 69% used [0x00000000f2280000,0x00000000f40b5340,0x00000000f4e00000)
  to   space 75264K, 0% used [0x00000000fb680000,0x00000000fb680000,0x0000000100000000)
 ParOldGen       total 173568K, used 103318K [0x00000000c0000000, 0x00000000ca980000, 0x00000000eab00000)
  object space 173568K, 59% used [0x00000000c0000000,0x00000000c64e5978,0x00000000ca980000)
 Metaspace       used 6203K, capacity 7154K, committed 7296K, reserved 1056768K
  class space    used 604K, capacity 618K, committed 640K, reserved 1048576K
Event: 11.176 GC heap after
Heap after GC invocations=10 (full 2):
 PSYoungGen      total 252416K, used 64655K [0x00000000eab00000, 0x0000000100000000, 0x0000000100000000)
  eden space 177152K, 0% used [0x00000000eab00000,0x00000000eab00000,0x00000000f5800000)
  from space 75264K, 85% used [0x00000000fb680000,0x00000000ff5a3e68,0x0000000100000000)
  to   space 86016K, 0% used [0x00000000f5800000,0x00000000f5800000,0x00000000fac00000)
 ParOldGen       total 173568K, used 103326K [0x00000000c0000000, 0x00000000ca980000, 0x00000000eab00000)
  object space 173568K, 59% used [0x00000000c0000000,0x00000000c64e7978,0x00000000ca980000)
 Metaspace       used 6203K, capacity 7154K, committed 7296K, reserved 1056768K
  class space    used 604K, capacity 618K, committed 640K, reserved 1048576K
}
Event: 12.109 GC heap before
{Heap before GC invocations=11 (full 2):
 PSYoungGen      total 252416K, used 241807K [0x00000000eab00000, 0x0000000100000000, 0x0000000100000000)
  eden space 177152K, 100% used [0x00000000eab00000,0x00000000f5800000,0x00000000f5800000)
  from space 75264K, 85% used [0x00000000fb680000,0x00000000ff5a3e68,0x0000000100000000)
  to   space 86016K, 0% used [0x00000000f5800000,0x00000000f5800000,0x00000000fac00000)
 ParOldGen       total 173568K, used 103326K [0x00000000c0000000, 0x00000000ca980000, 0x00000000eab00000)
  object space 173568K, 59% used [0x00000000c0000000,0x00000000c64e7978,0x00000000ca980000)
 Metaspace       used 6257K, capacity 7154K, committed 7296K, reserved 1056768K
  class space    used 604K, capacity 618K, committed 640K, reserved 1048576K
Event: 12.655 GC heap after
Heap after GC invocations=11 (full 2):
 PSYoungGen      total 263168K, used 86005K [0x00000000eab00000, 0x0000000100000000, 0x0000000100000000)
  eden space 177152K, 0% used [0x00000000eab00000,0x00000000eab00000,0x00000000f5800000)
  from space 86016K, 99% used [0x00000000f5800000,0x00000000fabfd5b8,0x00000000fac00000)
  to   space 86016K, 0% used [0x00000000fac00000,0x00000000fac00000,0x0000000100000000)
 ParOldGen       total 173568K, used 168006K [0x00000000c0000000, 0x00000000ca980000, 0x00000000eab00000)
  object space 173568K, 96% used [0x00000000c0000000,0x00000000ca411990,0x00000000ca980000)
 Metaspace       used 6257K, capacity 7154K, committed 7296K, reserved 1056768K
  class space    used 604K, capacity 618K, committed 640K, reserved 1048576K
}
Event: 12.655 GC heap before
{Heap before GC invocations=12 (full 3):
 PSYoungGen      total 263168K, used 86005K [0x00000000eab00000, 0x0000000100000000, 0x0000000100000000)
  eden space 177152K, 0% used [0x00000000eab00000,0x00000000eab00000,0x00000000f5800000)
  from space 86016K, 99% used [0x00000000f5800000,0x00000000fabfd5b8,0x00000000fac00000)
  to   space 86016K, 0% used [0x00000000fac00000,0x00000000fac00000,0x0000000100000000)
 ParOldGen       total 173568K, used 168006K [0x00000000c0000000, 0x00000000ca980000, 0x00000000eab00000)
  object space 173568K, 96% used [0x00000000c0000000,0x00000000ca411990,0x00000000ca980000)
 Metaspace       used 6257K, capacity 7154K, committed 7296K, reserved 1056768K
  class space    used 604K, capacity 618K, committed 640K, reserved 1048576K
Event: 13.119 GC heap after
Heap after GC invocations=12 (full 3):
 PSYoungGen      total 263168K, used 0K [0x00000000eab00000, 0x0000000100000000, 0x0000000100000000)
  eden space 177152K, 0% used [0x00000000eab00000,0x00000000eab00000,0x00000000f5800000)
  from space 86016K, 0% used [0x00000000f5800000,0x00000000f5800000,0x00000000fac00000)
  to   space 86016K, 0% used [0x00000000fac00000,0x00000000fac00000,0x0000000100000000)
 ParOldGen       total 173568K, used 124453K [0x00000000c0000000, 0x00000000ca980000, 0x00000000eab00000)
  object space 173568K, 71% used [0x00000000c0000000,0x00000000c7989478,0x00000000ca980000)
 Metaspace       used 6257K, capacity 7154K, committed 7296K, reserved 1056768K
  class space    used 604K, capacity 618K, committed 640K, reserved 1048576K
}

Deoptimization events (10 events):
Event: 10.570 Thread 0x0000000017fb4800 Uncommon trap: reason=unreached action=reinterpret pc=0x0000000002b1d4ac method=java.util.HashMap.getNode(ILjava/lang/Object;)Ljava/util/HashMap$Node; @ 84
Event: 10.932 Thread 0x0000000017697800 Uncommon trap: reason=unreached action=reinterpret pc=0x0000000002cb0dac method=java.util.HashMap.getNode(ILjava/lang/Object;)Ljava/util/HashMap$Node; @ 84
Event: 10.972 Thread 0x0000000017fb6000 Uncommon trap: reason=unreached action=reinterpret pc=0x0000000002ecc1e4 method=java.util.HashMap.resize()[Ljava/util/HashMap$Node; @ 206
Event: 11.217 Thread 0x00000000027d0800 Uncommon trap: reason=bimorphic action=maybe_recompile pc=0x0000000002fb1144 method=com.android.dx.cf.code.BytecodeArray.parseInstruction(ILcom/android/dx/cf/code/BytecodeArray$Visitor;)I @ 923
Event: 11.217 Thread 0x00000000027d0800 Uncommon trap: reason=bimorphic action=maybe_recompile pc=0x0000000002fb1144 method=com.android.dx.cf.code.BytecodeArray.parseInstruction(ILcom/android/dx/cf/code/BytecodeArray$Visitor;)I @ 923
Event: 11.217 Thread 0x00000000027d0800 Uncommon trap: reason=unreached action=reinterpret pc=0x0000000002f33074 method=com.android.dx.cf.code.RopperMachine.run(Lcom/android/dx/cf/code/Frame;II)V @ 1500
Event: 11.217 Thread 0x00000000027d0800 Uncommon trap: reason=class_check action=maybe_recompile pc=0x00000000030089a4 method=com.android.dx.cf.code.Ropper.processBlock(Lcom/android/dx/cf/code/ByteBlock;Lcom/android/dx/cf/code/Frame;[I)V @ 777
Event: 11.218 Thread 0x00000000027d0800 Uncommon trap: reason=bimorphic action=maybe_recompile pc=0x0000000002fb4274 method=com.android.dx.cf.code.BytecodeArray.parseInstruction(ILcom/android/dx/cf/code/BytecodeArray$Visitor;)I @ 2484
Event: 11.219 Thread 0x00000000027d0800 Uncommon trap: reason=bimorphic action=maybe_recompile pc=0x0000000002fb4274 method=com.android.dx.cf.code.BytecodeArray.parseInstruction(ILcom/android/dx/cf/code/BytecodeArray$Visitor;)I @ 2484
Event: 11.293 Thread 0x0000000017fb4800 Uncommon trap: reason=unreached action=reinterpret pc=0x0000000002dae670 method=java.util.HashMap.putVal(ILjava/lang/Object;Ljava/lang/Object;ZZ)Ljava/lang/Object; @ 109

Internal exceptions (10 events):
Event: 2.297 Thread 0x0000000017672000 Exception <a 'java/security/PrivilegedActionException'> (0x00000000eb6f0bf0) thrown at [C:\workspace\8-2-build-windows-amd64-cygwin\jdk8u31\2394\hotspot\src\share\vm\prims\jvm.cpp, line 1312]
Event: 2.297 Thread 0x0000000017672000 Exception <a 'java/security/PrivilegedActionException'> (0x00000000eb6f6640) thrown at [C:\workspace\8-2-build-windows-amd64-cygwin\jdk8u31\2394\hotspot\src\share\vm\prims\jvm.cpp, line 1312]
Event: 2.298 Thread 0x0000000017672000 Exception <a 'java/security/PrivilegedActionException'> (0x00000000eb6fbdf8) thrown at [C:\workspace\8-2-build-windows-amd64-cygwin\jdk8u31\2394\hotspot\src\share\vm\prims\jvm.cpp, line 1312]
Event: 2.904 Thread 0x0000000017672000 Exception <a 'java/security/PrivilegedActionException'> (0x00000000eb0a0fb8) thrown at [C:\workspace\8-2-build-windows-amd64-cygwin\jdk8u31\2394\hotspot\src\share\vm\prims\jvm.cpp, line 1312]
Event: 3.276 Thread 0x0000000017697800 Exception <a 'java/security/PrivilegedActionException'> (0x00000000eb17ea18) thrown at [C:\workspace\8-2-build-windows-amd64-cygwin\jdk8u31\2394\hotspot\src\share\vm\prims\jvm.cpp, line 1312]
Event: 8.323 Thread 0x0000000017fb6000 Exception <a 'java/security/PrivilegedActionException'> (0x00000000ebed5cb8) thrown at [C:\workspace\8-2-build-windows-amd64-cygwin\jdk8u31\2394\hotspot\src\share\vm\prims\jvm.cpp, line 1312]
Event: 8.388 Thread 0x0000000017fb6000 Exception <a 'java/security/PrivilegedActionException'> (0x00000000ec2d6a10) thrown at [C:\workspace\8-2-build-windows-amd64-cygwin\jdk8u31\2394\hotspot\src\share\vm\prims\jvm.cpp, line 1312]
Event: 10.568 Thread 0x0000000017fb4800 Exception <a 'java/lang/ArrayIndexOutOfBoundsException': 18> (0x00000000f09f8ee8) thrown at [C:\workspace\8-2-build-windows-amd64-cygwin\jdk8u31\2394\hotspot\src\share\vm\interpreter\interpreterRuntime.cpp, line 366]
Event: 10.569 Thread 0x0000000017fb4800 Exception <a 'java/lang/ArrayIndexOutOfBoundsException': 145> (0x00000000f09fa980) thrown at [C:\workspace\8-2-build-windows-amd64-cygwin\jdk8u31\2394\hotspot\src\share\vm\interpreter\interpreterRuntime.cpp, line 366]
Event: 10.569 Thread 0x0000000017fb4800 Exception <a 'java/lang/ArrayIndexOutOfBoundsException'> (0x00000000f09fbb98) thrown at [C:\workspace\8-2-build-windows-amd64-cygwin\jdk8u31\2394\hotspot\src\share\vm\runtime\sharedRuntime.cpp, line 604]

Events (10 events):
Event: 13.120 Thread 0x00000000173d7000 flushing nmethod 0x0000000002a17910
Event: 13.120 Thread 0x00000000173d9000 flushing nmethod 0x0000000002a56450
Event: 13.407 Thread 0x0000000017697800 DEOPT PACKING pc=0x0000000002def65e sp=0x00000000188ae520
Event: 13.407 Thread 0x0000000017697800 DEOPT UNPACKING pc=0x00000000029175bf sp=0x00000000188ae260 mode 0
Event: 13.474 Thread 0x0000000017fb6000 DEOPT PACKING pc=0x0000000002dd9ddd sp=0x0000000018cae3d0
Event: 13.474 Thread 0x0000000017fb6000 DEOPT UNPACKING pc=0x00000000029175bf sp=0x0000000018cae190 mode 0
Event: 13.524 Thread 0x0000000017672000 DEOPT PACKING pc=0x0000000002e38bdc sp=0x0000000018aaf040
Event: 13.524 Thread 0x0000000017672000 DEOPT UNPACKING pc=0x00000000029175bf sp=0x0000000018aaedc0 mode 0
Event: 13.532 Thread 0x0000000017fb6000 DEOPT PACKING pc=0x0000000002dc2157 sp=0x0000000018cae6d0
Event: 13.532 Thread 0x0000000017fb6000 DEOPT UNPACKING pc=0x00000000029175bf sp=0x0000000018cae488 mode 0


Dynamic libraries:
0x00007ff73e6e0000 - 0x00007ff73e714000 	C:\Program Files\Java\jdk1.8.0_31\bin\java.exe
0x00007ffda6090000 - 0x00007ffda623c000 	C:\Windows\SYSTEM32\ntdll.dll
0x00007ffda3a50000 - 0x00007ffda3b8e000 	C:\Windows\system32\KERNEL32.DLL
0x00007ffda3540000 - 0x00007ffda3655000 	C:\Windows\system32\KERNELBASE.dll
0x00007ffda1dd0000 - 0x00007ffda1e5e000 	C:\Windows\system32\apphelp.dll
0x00007ffd9e5c0000 - 0x00007ffd9e613000 	C:\Windows\AppPatch\AppPatch64\AcGenral.DLL
0x00007ffda4640000 - 0x00007ffda46ea000 	C:\Windows\system32\msvcrt.dll
0x00007ffda2fa0000 - 0x00007ffda2fce000 	C:\Windows\SYSTEM32\SspiCli.dll
0x00007ffda3e00000 - 0x00007ffda3e54000 	C:\Windows\system32\SHLWAPI.dll
0x00007ffda4290000 - 0x00007ffda4407000 	C:\Windows\system32\USER32.dll
0x00007ffda3b90000 - 0x00007ffda3d24000 	C:\Windows\system32\ole32.dll
0x00007ffda4b60000 - 0x00007ffda608b000 	C:\Windows\system32\SHELL32.dll
0x00007ffda2780000 - 0x00007ffda27a1000 	C:\Windows\SYSTEM32\USERENV.dll
0x00007ffda3e60000 - 0x00007ffda3f0a000 	C:\Windows\system32\ADVAPI32.dll
0x00007ffd942c0000 - 0x00007ffd942de000 	C:\Windows\SYSTEM32\MPR.dll
0x00007ffda4140000 - 0x00007ffda4281000 	C:\Windows\system32\RPCRT4.dll
0x00007ffda3f10000 - 0x00007ffda3f69000 	C:\Windows\SYSTEM32\sechost.dll
0x00007ffda4420000 - 0x00007ffda4631000 	C:\Windows\SYSTEM32\combase.dll
0x00007ffda3710000 - 0x00007ffda385f000 	C:\Windows\system32\GDI32.dll
0x00007ffda31e0000 - 0x00007ffda31f5000 	C:\Windows\SYSTEM32\profapi.dll
0x00007ffda1c60000 - 0x00007ffda1d12000 	C:\Windows\SYSTEM32\SHCORE.dll
0x00007ffda4090000 - 0x00007ffda40c6000 	C:\Windows\system32\IMM32.DLL
0x00007ffda46f0000 - 0x00007ffda4842000 	C:\Windows\system32\MSCTF.dll
0x00007ffda1070000 - 0x00007ffda12eb000 	C:\Windows\WinSxS\amd64_microsoft.windows.common-controls_6595b64144ccf1df_6.0.9600.18006_none_623f33d3ecbe86e8\COMCTL32.dll
0x000000006f6e0000 - 0x000000006f7b2000 	C:\Program Files\Java\jdk1.8.0_31\jre\bin\msvcr100.dll
0x000000006fb10000 - 0x000000007036a000 	C:\Program Files\Java\jdk1.8.0_31\jre\bin\server\jvm.dll
0x00007ffda1bc0000 - 0x00007ffda1bc9000 	C:\Windows\SYSTEM32\WSOCK32.dll
0x00007ffda1bd0000 - 0x00007ffda1bf2000 	C:\Windows\SYSTEM32\WINMM.dll
0x00007ffda4410000 - 0x00007ffda4417000 	C:\Windows\system32\PSAPI.DLL
0x00007ffda40e0000 - 0x00007ffda413a000 	C:\Windows\system32\WS2_32.dll
0x00007ffda04a0000 - 0x00007ffda04ca000 	C:\Windows\SYSTEM32\WINMMBASE.dll
0x00007ffda40d0000 - 0x00007ffda40d9000 	C:\Windows\system32\NSI.dll
0x00007ffda36c0000 - 0x00007ffda370f000 	C:\Windows\SYSTEM32\cfgmgr32.dll
0x00007ffda1fd0000 - 0x00007ffda1ff8000 	C:\Windows\SYSTEM32\DEVOBJ.dll
0x0000000070cd0000 - 0x0000000070cdf000 	C:\Program Files\Java\jdk1.8.0_31\jre\bin\verify.dll
0x0000000070ca0000 - 0x0000000070cc8000 	C:\Program Files\Java\jdk1.8.0_31\jre\bin\java.dll
0x000000006faf0000 - 0x000000006fb06000 	C:\Program Files\Java\jdk1.8.0_31\jre\bin\zip.dll
0x00007ffd9a920000 - 0x00007ffd9aaa9000 	C:\Windows\SYSTEM32\dbghelp.dll

VM Arguments:
jvm_args: -Xmx1024M -Dfile.encoding=windows-1252 -Duser.country=US -Duser.language=en -Duser.variant 
java_command: com.android.dx.command.Main --dex --num-threads=4 --output E:\Data Adek\Data Kuliah\SEM 7 - MOBILE\FINAL PROJECT\Android1_EasyGo\EasyGo\app\build\intermediates\pre-dexed\debug\classes-909e896a548e04475e40589ec3151e46926e414a.jar E:\Data Adek\Data Kuliah\SEM 7 - MOBILE\FINAL PROJECT\Android1_EasyGo\EasyGo\app\build\intermediates\exploded-aar\com.google.android.gms\play-services-ads\8.4.0\jars\classes.jar
java_class_path (initial): C:\Users\angga\AppData\Local\Android\sdk\build-tools\23.0.1\lib\dx.jar
Launcher Type: SUN_STANDARD

Environment Variables:
PATH=C:\ProgramData\Oracle\Java\javapath;C:\oraclexe\app\oracle\product\10.2.0\server\bin;C:\Program Files (x86)\Intel\iCLS Client\;C:\Program Files\Intel\iCLS Client\;C:\Windows\system32;C:\Windows;C:\Windows\System32\Wbem;C:\Windows\System32\WindowsPowerShell\v1.0\;C:\Program Files\Intel\Intel(R) Management Engine Components\DAL;C:\Program Files\Intel\Intel(R) Management Engine Components\IPT;C:\Program Files (x86)\Intel\Intel(R) Management Engine Components\DAL;C:\Program Files (x86)\Intel\Intel(R) Management Engine Components\IPT;C:\Program Files (x86)\Windows Kits\8.1\Windows Performance Toolkit\;C:\Program Files\Microsoft SQL Server\110\Tools\Binn\;C:\Program Files (x86)\nodejs\;C:\Users\angga\AppData\Roaming\npm;C:\Program Files (x86)\Java\jre7\bin
USERNAME=angga
OS=Windows_NT
PROCESSOR_IDENTIFIER=Intel64 Family 6 Model 58 Stepping 9, GenuineIntel



---------------  S Y S T E M  ---------------

OS: Windows 8.1 , 64 bit Build 9600 

CPU:total 8 (4 cores per cpu, 2 threads per core) family 6 model 58 stepping 9, cmov, cx8, fxsr, mmx, sse, sse2, sse3, ssse3, sse4.1, sse4.2, popcnt, avx, aes, clmul, erms, ht, tsc, tscinvbit, tscinv

Memory: 4k page, physical 4144288k(52628k free), swap 7290016k(4672k free)

vm_info: Java HotSpot(TM) 64-Bit Server VM (25.31-b07) for windows-amd64 JRE (1.8.0_31-b13), built on Dec 17 2014 21:00:28 by "java_re" with MS VC++ 10.0 (VS2010)

time: Sat Jan 02 20:49:43 2016
elapsed time: 16 seconds (0d 0h 0m 16s)

