#
# There is insufficient memory for the Java Runtime Environment to continue.
# Native memory allocation (malloc) failed to allocate 1430176 bytes for Chunk::new
# Possible reasons:
#   The system is out of physical RAM or swap space
#   In 32 bit mode, the process size limit was hit
# Possible solutions:
#   Reduce memory load on the system
#   Increase physical memory or swap space
#   Check if swap backing store is full
#   Use 64 bit Java on a 64 bit OS
#   Decrease Java heap size (-Xmx/-Xms)
#   Decrease number of Java threads
#   Decrease Java thread stack sizes (-Xss)
#   Set larger code cache with -XX:ReservedCodeCacheSize=
# This output file may be truncated or incomplete.
#
#  Out of Memory Error (allocation.cpp:390), pid=7996, tid=4132
#
# JRE version: Java(TM) SE Runtime Environment (8.0_31-b13) (build 1.8.0_31-b13)
# Java VM: Java HotSpot(TM) 64-Bit Server VM (25.31-b07 mixed mode windows-amd64 compressed oops)
# Failed to write core dump. Minidumps are not enabled by default on client versions of Windows
#

---------------  T H R E A D  ---------------

Current thread (0x0000000016dc7000):  JavaThread "C2 CompilerThread1" daemon [_thread_in_native, id=4132, stack(0x0000000017450000,0x0000000017550000)]

Stack: [0x0000000017450000,0x0000000017550000]
Native frames: (J=compiled Java code, j=interpreted, Vv=VM code, C=native code)
V  [jvm.dll+0x3169ba]
V  [jvm.dll+0x2674c3]
V  [jvm.dll+0x268103]
V  [jvm.dll+0x25f8f5]
V  [jvm.dll+0xbf025]
V  [jvm.dll+0xbf4cc]
V  [jvm.dll+0x45df82]
V  [jvm.dll+0x49f21f]
V  [jvm.dll+0x452daf]
V  [jvm.dll+0x454124]
V  [jvm.dll+0x437c62]
V  [jvm.dll+0x988e2]
V  [jvm.dll+0x990d3]
V  [jvm.dll+0x22c194]
V  [jvm.dll+0x28576a]
C  [msvcr100.dll+0x21d9f]
C  [msvcr100.dll+0x21e3b]
C  [KERNEL32.DLL+0x13d2]
C  [ntdll.dll+0x15454]


Current CompileTask:
C2:   8375 1633   !   4       com.android.dx.cf.code.BytecodeArray::parseInstruction (2764 bytes)


---------------  P R O C E S S  ---------------

Java Threads: ( => current thread )
  0x0000000017028000 JavaThread "pool-1-thread-4" [_thread_blocked, id=7512, stack(0x0000000017d50000,0x0000000017e50000)]
  0x0000000017025000 JavaThread "pool-1-thread-3" [_thread_blocked, id=6996, stack(0x0000000017c50000,0x0000000017d50000)]
  0x0000000017022800 JavaThread "pool-1-thread-2" [_thread_blocked, id=7388, stack(0x0000000017b50000,0x0000000017c50000)]
  0x000000001701b800 JavaThread "pool-2-thread-1" [_thread_blocked, id=7956, stack(0x0000000017a50000,0x0000000017b50000)]
  0x000000001701b000 JavaThread "pool-1-thread-1" [_thread_blocked, id=8080, stack(0x0000000017950000,0x0000000017a50000)]
  0x0000000016ddb000 JavaThread "Service Thread" daemon [_thread_blocked, id=6944, stack(0x0000000017750000,0x0000000017850000)]
  0x0000000016dd0800 JavaThread "C1 CompilerThread3" daemon [_thread_in_native, id=1432, stack(0x0000000017650000,0x0000000017750000)]
  0x0000000016dce000 JavaThread "C2 CompilerThread2" daemon [_thread_blocked, id=6620, stack(0x0000000017550000,0x0000000017650000)]
=>0x0000000016dc7000 JavaThread "C2 CompilerThread1" daemon [_thread_in_native, id=4132, stack(0x0000000017450000,0x0000000017550000)]
  0x0000000016d82800 JavaThread "C2 CompilerThread0" daemon [_thread_in_native, id=7920, stack(0x0000000017350000,0x0000000017450000)]
  0x0000000016d80800 JavaThread "Attach Listener" daemon [_thread_blocked, id=4252, stack(0x0000000017250000,0x0000000017350000)]
  0x0000000016d7f000 JavaThread "Signal Dispatcher" daemon [_thread_blocked, id=1408, stack(0x0000000017150000,0x0000000017250000)]
  0x0000000002182000 JavaThread "Finalizer" daemon [_thread_blocked, id=4052, stack(0x0000000016c50000,0x0000000016d50000)]
  0x0000000002181000 JavaThread "Reference Handler" daemon [_thread_blocked, id=7624, stack(0x0000000016b50000,0x0000000016c50000)]
  0x0000000002090800 JavaThread "main" [_thread_blocked, id=4224, stack(0x0000000001f80000,0x0000000002080000)]

Other Threads:
  0x0000000014d68800 VMThread [stack: 0x0000000016a50000,0x0000000016b50000] [id=3132]
  0x0000000016ddd000 WatcherThread [stack: 0x0000000017850000,0x0000000017950000] [id=5152]

VM state:not at safepoint (normal execution)

VM Mutex/Monitor currently owned by a thread: None

Heap:
 PSYoungGen      total 35328K, used 7582K [0x00000000eab00000, 0x00000000ed000000, 0x0000000100000000)
  eden space 32768K, 15% used [0x00000000eab00000,0x00000000eafe7998,0x00000000ecb00000)
  from space 2560K, 100% used [0x00000000ecb00000,0x00000000ecd80000,0x00000000ecd80000)
  to   space 2560K, 0% used [0x00000000ecd80000,0x00000000ecd80000,0x00000000ed000000)
 ParOldGen       total 44032K, used 8770K [0x00000000c0000000, 0x00000000c2b00000, 0x00000000eab00000)
  object space 44032K, 19% used [0x00000000c0000000,0x00000000c0890a28,0x00000000c2b00000)
 Metaspace       used 6020K, capacity 7088K, committed 7296K, reserved 1056768K
  class space    used 580K, capacity 616K, committed 640K, reserved 1048576K

Card table byte_map: [0x0000000011610000,0x0000000011820000] byte_map_base: 0x0000000011010000

Marking Bits: (ParMarkBitMap*) 0x00000000702ed4f0
 Begin Bits: [0x0000000012180000, 0x0000000013180000)
 End Bits:   [0x0000000013180000, 0x0000000014180000)

Polling page: 0x00000000006f0000

CodeCache: size=245760Kb used=7032Kb max_used=7032Kb free=238727Kb
 bounds [0x0000000002250000, 0x0000000002940000, 0x0000000011250000]
 total_blobs=1904 nmethods=1638 adapters=178
 compilation: enabled

Compilation events (10 events):
Event: 8.323 Thread 0x0000000016d82800 nmethod 1635 0x0000000002902a50 code [0x0000000002902bc0, 0x00000000029030e8]
Event: 8.333 Thread 0x0000000016dce000 1636       4       com.android.dx.util.ByteArray::<init> (81 bytes)
Event: 8.334 Thread 0x0000000016dce000 nmethod 1636 0x00000000028f0910 code [0x00000000028f0a60, 0x00000000028f0b38]
Event: 8.347 Thread 0x0000000016d82800 1638       4       com.android.dx.util.BitIntSet::merge (148 bytes)
Event: 8.348 Thread 0x0000000016dce000 1639       4       com.android.dx.cf.code.Merger::mergeType (142 bytes)
Event: 8.351 Thread 0x0000000016d82800 nmethod 1638 0x00000000028f69d0 code [0x00000000028f6b20, 0x00000000028f6e18]
Event: 8.352 Thread 0x0000000016dce000 nmethod 1639 0x00000000028f5ed0 code [0x00000000028f6080, 0x00000000028f64c0]
Event: 8.354 Thread 0x0000000016d82800 1640       4       com.android.dx.ssa.back.IdenticalBlockCombiner::combineBlocks (102 bytes)
Event: 8.355 Thread 0x0000000016dd0800 nmethod 1624 0x000000000290e7d0 code [0x000000000290ea40, 0x000000000290fa68]
Event: 8.355 Thread 0x0000000016dd0800 1631       3       com.android.dx.ssa.Optimizer::runSsaFormSteps (117 bytes)

GC Heap History (6 events):
Event: 3.493 GC heap before
{Heap before GC invocations=1 (full 0):
 PSYoungGen      total 18944K, used 16384K [0x00000000eab00000, 0x00000000ec000000, 0x0000000100000000)
  eden space 16384K, 100% used [0x00000000eab00000,0x00000000ebb00000,0x00000000ebb00000)
  from space 2560K, 0% used [0x00000000ebd80000,0x00000000ebd80000,0x00000000ec000000)
  to   space 2560K, 0% used [0x00000000ebb00000,0x00000000ebb00000,0x00000000ebd80000)
 ParOldGen       total 44032K, used 0K [0x00000000c0000000, 0x00000000c2b00000, 0x00000000eab00000)
  object space 44032K, 0% used [0x00000000c0000000,0x00000000c0000000,0x00000000c2b00000)
 Metaspace       used 5569K, capacity 6704K, committed 6784K, reserved 1056768K
  class space    used 579K, capacity 616K, committed 640K, reserved 1048576K
Event: 3.855 GC heap after
Heap after GC invocations=1 (full 0):
 PSYoungGen      total 18944K, used 2554K [0x00000000eab00000, 0x00000000ed000000, 0x0000000100000000)
  eden space 16384K, 0% used [0x00000000eab00000,0x00000000eab00000,0x00000000ebb00000)
  from space 2560K, 99% used [0x00000000ebb00000,0x00000000ebd7ea80,0x00000000ebd80000)
  to   space 2560K, 0% used [0x00000000ecd80000,0x00000000ecd80000,0x00000000ed000000)
 ParOldGen       total 44032K, used 1806K [0x00000000c0000000, 0x00000000c2b00000, 0x00000000eab00000)
  object space 44032K, 4% used [0x00000000c0000000,0x00000000c01c38a0,0x00000000c2b00000)
 Metaspace       used 5569K, capacity 6704K, committed 6784K, reserved 1056768K
  class space    used 579K, capacity 616K, committed 640K, reserved 1048576K
}
Event: 4.970 GC heap before
{Heap before GC invocations=2 (full 0):
 PSYoungGen      total 18944K, used 18938K [0x00000000eab00000, 0x00000000ed000000, 0x0000000100000000)
  eden space 16384K, 100% used [0x00000000eab00000,0x00000000ebb00000,0x00000000ebb00000)
  from space 2560K, 99% used [0x00000000ebb00000,0x00000000ebd7ea80,0x00000000ebd80000)
  to   space 2560K, 0% used [0x00000000ecd80000,0x00000000ecd80000,0x00000000ed000000)
 ParOldGen       total 44032K, used 1806K [0x00000000c0000000, 0x00000000c2b00000, 0x00000000eab00000)
  object space 44032K, 4% used [0x00000000c0000000,0x00000000c01c38a0,0x00000000c2b00000)
 Metaspace       used 5881K, capacity 6960K, committed 7040K, reserved 1056768K
  class space    used 579K, capacity 616K, committed 640K, reserved 1048576K
Event: 5.518 GC heap after
Heap after GC invocations=2 (full 0):
 PSYoungGen      total 35328K, used 2544K [0x00000000eab00000, 0x00000000ed000000, 0x0000000100000000)
  eden space 32768K, 0% used [0x00000000eab00000,0x00000000eab00000,0x00000000ecb00000)
  from space 2560K, 99% used [0x00000000ecd80000,0x00000000ecffc020,0x00000000ed000000)
  to   space 2560K, 0% used [0x00000000ecb00000,0x00000000ecb00000,0x00000000ecd80000)
 ParOldGen       total 44032K, used 3793K [0x00000000c0000000, 0x00000000c2b00000, 0x00000000eab00000)
  object space 44032K, 8% used [0x00000000c0000000,0x00000000c03b46d0,0x00000000c2b00000)
 Metaspace       used 5881K, capacity 6960K, committed 7040K, reserved 1056768K
  class space    used 579K, capacity 616K, committed 640K, reserved 1048576K
}
Event: 8.185 GC heap before
{Heap before GC invocations=3 (full 0):
 PSYoungGen      total 35328K, used 35312K [0x00000000eab00000, 0x00000000ed000000, 0x0000000100000000)
  eden space 32768K, 100% used [0x00000000eab00000,0x00000000ecb00000,0x00000000ecb00000)
  from space 2560K, 99% used [0x00000000ecd80000,0x00000000ecffc020,0x00000000ed000000)
  to   space 2560K, 0% used [0x00000000ecb00000,0x00000000ecb00000,0x00000000ecd80000)
 ParOldGen       total 44032K, used 3793K [0x00000000c0000000, 0x00000000c2b00000, 0x00000000eab00000)
  object space 44032K, 8% used [0x00000000c0000000,0x00000000c03b46d0,0x00000000c2b00000)
 Metaspace       used 5977K, capacity 7024K, committed 7296K, reserved 1056768K
  class space    used 580K, capacity 616K, committed 640K, reserved 1048576K
Event: 8.308 GC heap after
Heap after GC invocations=3 (full 0):
 PSYoungGen      total 35328K, used 2560K [0x00000000eab00000, 0x00000000ed000000, 0x0000000100000000)
  eden space 32768K, 0% used [0x00000000eab00000,0x00000000eab00000,0x00000000ecb00000)
  from space 2560K, 100% used [0x00000000ecb00000,0x00000000ecd80000,0x00000000ecd80000)
  to   space 2560K, 0% used [0x00000000ecd80000,0x00000000ecd80000,0x00000000ed000000)
 ParOldGen       total 44032K, used 8770K [0x00000000c0000000, 0x00000000c2b00000, 0x00000000eab00000)
  object space 44032K, 19% used [0x00000000c0000000,0x00000000c0890a28,0x00000000c2b00000)
 Metaspace       used 5977K, capacity 7024K, committed 7296K, reserved 1056768K
  class space    used 580K, capacity 616K, committed 640K, reserved 1048576K
}

Deoptimization events (10 events):
Event: 6.249 Thread 0x0000000017022800 Uncommon trap: reason=class_check action=maybe_recompile pc=0x000000000277af48 method=com.android.dx.ssa.SCCP.simulateBranch(Lcom/android/dx/ssa/SsaInsn;)V @ 145
Event: 6.738 Thread 0x000000001701b000 Uncommon trap: reason=bimorphic action=maybe_recompile pc=0x0000000002820b14 method=com.android.dx.cf.code.BytecodeArray.parseInstruction(ILcom/android/dx/cf/code/BytecodeArray$Visitor;)I @ 907
Event: 6.738 Thread 0x000000001701b000 Uncommon trap: reason=bimorphic action=maybe_recompile pc=0x0000000002820b14 method=com.android.dx.cf.code.BytecodeArray.parseInstruction(ILcom/android/dx/cf/code/BytecodeArray$Visitor;)I @ 907
Event: 7.120 Thread 0x000000001701b000 Uncommon trap: reason=bimorphic action=maybe_recompile pc=0x000000000246c434 method=java.util.HashMap.getNode(ILjava/lang/Object;)Ljava/util/HashMap$Node; @ 126
Event: 7.121 Thread 0x000000001701b000 Uncommon trap: reason=bimorphic action=maybe_recompile pc=0x000000000246c434 method=java.util.HashMap.getNode(ILjava/lang/Object;)Ljava/util/HashMap$Node; @ 126
Event: 7.137 Thread 0x000000001701b000 Uncommon trap: reason=bimorphic action=maybe_recompile pc=0x000000000246c434 method=java.util.HashMap.getNode(ILjava/lang/Object;)Ljava/util/HashMap$Node; @ 126
Event: 7.137 Thread 0x000000001701b000 Uncommon trap: reason=bimorphic action=maybe_recompile pc=0x000000000246c434 method=java.util.HashMap.getNode(ILjava/lang/Object;)Ljava/util/HashMap$Node; @ 126
Event: 7.214 Thread 0x0000000017028000 Uncommon trap: reason=bimorphic action=maybe_recompile pc=0x00000000027a2ee0 method=com.android.dx.ssa.SCCP.simulatePhi(Lcom/android/dx/ssa/PhiInsn;)V @ 124
Event: 7.844 Thread 0x0000000002090800 Uncommon trap: reason=bimorphic action=maybe_recompile pc=0x000000000288bf40 method=com.android.dx.cf.code.BytecodeArray.parseInstruction(ILcom/android/dx/cf/code/BytecodeArray$Visitor;)I @ 1357
Event: 7.848 Thread 0x0000000002090800 Uncommon trap: reason=bimorphic action=maybe_recompile pc=0x000000000288bf40 method=com.android.dx.cf.code.BytecodeArray.parseInstruction(ILcom/android/dx/cf/code/BytecodeArray$Visitor;)I @ 1357

Internal exceptions (10 events):
Event: 3.289 Thread 0x0000000017022800 Exception <a 'java/security/PrivilegedActionException'> (0x00000000eaec44d8) thrown at [C:\workspace\8-2-build-windows-amd64-cygwin\jdk8u31\2394\hotspot\src\share\vm\prims\jvm.cpp, line 1312]
Event: 3.295 Thread 0x0000000017028000 Exception <a 'java/security/PrivilegedActionException'> (0x00000000eb44c618) thrown at [C:\workspace\8-2-build-windows-amd64-cygwin\jdk8u31\2394\hotspot\src\share\vm\prims\jvm.cpp, line 1312]
Event: 3.304 Thread 0x0000000002090800 Exception <a 'java/security/PrivilegedActionException'> (0x00000000eb5637f0) thrown at [C:\workspace\8-2-build-windows-amd64-cygwin\jdk8u31\2394\hotspot\src\share\vm\prims\jvm.cpp, line 1312]
Event: 3.307 Thread 0x0000000002090800 Exception <a 'java/security/PrivilegedActionException'> (0x00000000eb585d90) thrown at [C:\workspace\8-2-build-windows-amd64-cygwin\jdk8u31\2394\hotspot\src\share\vm\prims\jvm.cpp, line 1312]
Event: 3.308 Thread 0x0000000002090800 Exception <a 'java/security/PrivilegedActionException'> (0x00000000eb58c0b8) thrown at [C:\workspace\8-2-build-windows-amd64-cygwin\jdk8u31\2394\hotspot\src\share\vm\prims\jvm.cpp, line 1312]
Event: 3.431 Thread 0x0000000002090800 Exception <a 'java/security/PrivilegedActionException'> (0x00000000eb7c0920) thrown at [C:\workspace\8-2-build-windows-amd64-cygwin\jdk8u31\2394\hotspot\src\share\vm\prims\jvm.cpp, line 1312]
Event: 3.437 Thread 0x000000001701b000 Exception <a 'java/security/PrivilegedActionException'> (0x00000000eb855cd0) thrown at [C:\workspace\8-2-build-windows-amd64-cygwin\jdk8u31\2394\hotspot\src\share\vm\prims\jvm.cpp, line 1312]
Event: 3.914 Thread 0x0000000002090800 Implicit null exception at 0x00000000024f0d62 to 0x00000000024f0e52
Event: 7.307 Thread 0x0000000002090800 Exception <a 'java/security/PrivilegedActionException'> (0x00000000ebdbb7d8) thrown at [C:\workspace\8-2-build-windows-amd64-cygwin\jdk8u31\2394\hotspot\src\share\vm\prims\jvm.cpp, line 1312]
Event: 7.307 Thread 0x0000000002090800 Exception <a 'java/security/PrivilegedActionException'> (0x00000000ebdbdfc0) thrown at [C:\workspace\8-2-build-windows-amd64-cygwin\jdk8u31\2394\hotspot\src\share\vm\prims\jvm.cpp, line 1312]

Events (10 events):
Event: 7.307 loading class com/android/dx/cf/attrib/AttRuntimeVisibleAnnotations
Event: 7.307 loading class com/android/dx/cf/attrib/AttRuntimeVisibleAnnotations done
Event: 7.844 Thread 0x0000000002090800 Uncommon trap: trap_request=0xffffffc6 fr.pc=0x000000000288bf40
Event: 7.844 Thread 0x0000000002090800 DEOPT PACKING pc=0x000000000288bf40 sp=0x000000000207e0d0
Event: 7.844 Thread 0x0000000002090800 DEOPT UNPACKING pc=0x000000000229556a sp=0x000000000207e060 mode 2
Event: 7.848 Thread 0x0000000002090800 Uncommon trap: trap_request=0xffffffc6 fr.pc=0x000000000288bf40
Event: 7.848 Thread 0x0000000002090800 DEOPT PACKING pc=0x000000000288bf40 sp=0x000000000207df50
Event: 7.848 Thread 0x0000000002090800 DEOPT UNPACKING pc=0x000000000229556a sp=0x000000000207dee0 mode 2
Event: 8.009 Executing VM operation: ParallelGCFailedAllocation
Event: 8.308 Executing VM operation: ParallelGCFailedAllocation done


Dynamic libraries:
0x00007ff73e6e0000 - 0x00007ff73e714000 	C:\Program Files\Java\jdk1.8.0_31\bin\java.exe
0x00007ffda6090000 - 0x00007ffda623c000 	C:\Windows\SYSTEM32\ntdll.dll
0x00007ffda3a50000 - 0x00007ffda3b8e000 	C:\Windows\system32\KERNEL32.DLL
0x00007ffda3540000 - 0x00007ffda3655000 	C:\Windows\system32\KERNELBASE.dll
0x00007ffda1dd0000 - 0x00007ffda1e5e000 	C:\Windows\system32\apphelp.dll
0x00007ffd9e5c0000 - 0x00007ffd9e613000 	C:\Windows\AppPatch\AppPatch64\AcGenral.DLL
0x00007ffda4640000 - 0x00007ffda46ea000 	C:\Windows\system32\msvcrt.dll
0x00007ffda2fa0000 - 0x00007ffda2fce000 	C:\Windows\SYSTEM32\SspiCli.dll
0x00007ffda3e00000 - 0x00007ffda3e54000 	C:\Windows\system32\SHLWAPI.dll
0x00007ffda4290000 - 0x00007ffda4407000 	C:\Windows\system32\USER32.dll
0x00007ffda3b90000 - 0x00007ffda3d24000 	C:\Windows\system32\ole32.dll
0x00007ffda4b60000 - 0x00007ffda608b000 	C:\Windows\system32\SHELL32.dll
0x00007ffda2780000 - 0x00007ffda27a1000 	C:\Windows\SYSTEM32\USERENV.dll
0x00007ffda3e60000 - 0x00007ffda3f0a000 	C:\Windows\system32\ADVAPI32.dll
0x00007ffd942c0000 - 0x00007ffd942de000 	C:\Windows\SYSTEM32\MPR.dll
0x00007ffda4140000 - 0x00007ffda4281000 	C:\Windows\system32\RPCRT4.dll
0x00007ffda3f10000 - 0x00007ffda3f69000 	C:\Windows\SYSTEM32\sechost.dll
0x00007ffda4420000 - 0x00007ffda4631000 	C:\Windows\SYSTEM32\combase.dll
0x00007ffda3710000 - 0x00007ffda385f000 	C:\Windows\system32\GDI32.dll
0x00007ffda31e0000 - 0x00007ffda31f5000 	C:\Windows\SYSTEM32\profapi.dll
0x00007ffda1c60000 - 0x00007ffda1d12000 	C:\Windows\SYSTEM32\SHCORE.dll
0x00007ffda4090000 - 0x00007ffda40c6000 	C:\Windows\system32\IMM32.DLL
0x00007ffda46f0000 - 0x00007ffda4842000 	C:\Windows\system32\MSCTF.dll
0x00007ffda1070000 - 0x00007ffda12eb000 	C:\Windows\WinSxS\amd64_microsoft.windows.common-controls_6595b64144ccf1df_6.0.9600.18006_none_623f33d3ecbe86e8\COMCTL32.dll
0x000000006f6e0000 - 0x000000006f7b2000 	C:\Program Files\Java\jdk1.8.0_31\jre\bin\msvcr100.dll
0x000000006fb10000 - 0x000000007036a000 	C:\Program Files\Java\jdk1.8.0_31\jre\bin\server\jvm.dll
0x00007ffda1bc0000 - 0x00007ffda1bc9000 	C:\Windows\SYSTEM32\WSOCK32.dll
0x00007ffda1bd0000 - 0x00007ffda1bf2000 	C:\Windows\SYSTEM32\WINMM.dll
0x00007ffda4410000 - 0x00007ffda4417000 	C:\Windows\system32\PSAPI.DLL
0x00007ffda40e0000 - 0x00007ffda413a000 	C:\Windows\system32\WS2_32.dll
0x00007ffda04a0000 - 0x00007ffda04ca000 	C:\Windows\SYSTEM32\WINMMBASE.dll
0x00007ffda40d0000 - 0x00007ffda40d9000 	C:\Windows\system32\NSI.dll
0x00007ffda36c0000 - 0x00007ffda370f000 	C:\Windows\SYSTEM32\cfgmgr32.dll
0x00007ffda1fd0000 - 0x00007ffda1ff8000 	C:\Windows\SYSTEM32\DEVOBJ.dll
0x0000000070cd0000 - 0x0000000070cdf000 	C:\Program Files\Java\jdk1.8.0_31\jre\bin\verify.dll
0x0000000070ca0000 - 0x0000000070cc8000 	C:\Program Files\Java\jdk1.8.0_31\jre\bin\java.dll
0x000000006faf0000 - 0x000000006fb06000 	C:\Program Files\Java\jdk1.8.0_31\jre\bin\zip.dll
0x00007ffd9a920000 - 0x00007ffd9aaa9000 	C:\Windows\SYSTEM32\dbghelp.dll

VM Arguments:
jvm_args: -Xmx1024M -Dfile.encoding=windows-1252 -Duser.country=US -Duser.language=en -Duser.variant 
java_command: com.android.dx.command.Main --dex --num-threads=4 --output E:\Data Adek\Data Kuliah\SEM 7 - MOBILE\FINAL PROJECT\Android1_EasyGo\EasyGo\app\build\intermediates\pre-dexed\debug\classes-df4fbda1aa2379398e6db138be956a31ec4da9e3.jar E:\Data Adek\Data Kuliah\SEM 7 - MOBILE\FINAL PROJECT\Android1_EasyGo\EasyGo\app\build\intermediates\exploded-aar\com.google.android.gms\play-services-basement\8.4.0\jars\classes.jar
java_class_path (initial): C:\Users\angga\AppData\Local\Android\sdk\build-tools\23.0.1\lib\dx.jar
Launcher Type: SUN_STANDARD

Environment Variables:
PATH=C:\ProgramData\Oracle\Java\javapath;C:\oraclexe\app\oracle\product\10.2.0\server\bin;C:\Program Files (x86)\Intel\iCLS Client\;C:\Program Files\Intel\iCLS Client\;C:\Windows\system32;C:\Windows;C:\Windows\System32\Wbem;C:\Windows\System32\WindowsPowerShell\v1.0\;C:\Program Files\Intel\Intel(R) Management Engine Components\DAL;C:\Program Files\Intel\Intel(R) Management Engine Components\IPT;C:\Program Files (x86)\Intel\Intel(R) Management Engine Components\DAL;C:\Program Files (x86)\Intel\Intel(R) Management Engine Components\IPT;C:\Program Files (x86)\Windows Kits\8.1\Windows Performance Toolkit\;C:\Program Files\Microsoft SQL Server\110\Tools\Binn\;C:\Program Files (x86)\nodejs\;C:\Users\angga\AppData\Roaming\npm;C:\Program Files (x86)\Java\jre7\bin
USERNAME=angga
OS=Windows_NT
PROCESSOR_IDENTIFIER=Intel64 Family 6 Model 58 Stepping 9, GenuineIntel



---------------  S Y S T E M  ---------------

OS: Windows 8.1 , 64 bit Build 9600 

CPU:total 8 (4 cores per cpu, 2 threads per core) family 6 model 58 stepping 9, cmov, cx8, fxsr, mmx, sse, sse2, sse3, ssse3, sse4.1, sse4.2, popcnt, avx, aes, clmul, erms, ht, tsc, tscinvbit, tscinv

Memory: 4k page, physical 4144288k(439796k free), swap 7290016k(5264k free)

vm_info: Java HotSpot(TM) 64-Bit Server VM (25.31-b07) for windows-amd64 JRE (1.8.0_31-b13), built on Dec 17 2014 21:00:28 by "java_re" with MS VC++ 10.0 (VS2010)

time: Sat Jan 02 20:19:28 2016
elapsed time: 8 seconds (0d 0h 0m 8s)

