#
# There is insufficient memory for the Java Runtime Environment to continue.
# Native memory allocation (malloc) failed to allocate 354704 bytes for Chunk::new
# Possible reasons:
#   The system is out of physical RAM or swap space
#   In 32 bit mode, the process size limit was hit
# Possible solutions:
#   Reduce memory load on the system
#   Increase physical memory or swap space
#   Check if swap backing store is full
#   Use 64 bit Java on a 64 bit OS
#   Decrease Java heap size (-Xmx/-Xms)
#   Decrease number of Java threads
#   Decrease Java thread stack sizes (-Xss)
#   Set larger code cache with -XX:ReservedCodeCacheSize=
# This output file may be truncated or incomplete.
#
#  Out of Memory Error (allocation.cpp:390), pid=32, tid=7900
#
# JRE version: Java(TM) SE Runtime Environment (8.0_31-b13) (build 1.8.0_31-b13)
# Java VM: Java HotSpot(TM) 64-Bit Server VM (25.31-b07 mixed mode windows-amd64 compressed oops)
# Failed to write core dump. Minidumps are not enabled by default on client versions of Windows
#

---------------  T H R E A D  ---------------

Current thread (0x0000000016b38800):  JavaThread "C2 CompilerThread0" daemon [_thread_in_native, id=7900, stack(0x0000000017110000,0x0000000017210000)]

Stack: [0x0000000017110000,0x0000000017210000]
Native frames: (J=compiled Java code, j=interpreted, Vv=VM code, C=native code)
V  [jvm.dll+0x3169ba]


Current CompileTask:
C2:   4844 1631       4       com.android.dx.rop.code.LocalVariableExtractor::processBlock (327 bytes)


---------------  P R O C E S S  ---------------

Java Threads: ( => current thread )
  0x0000000016dd0000 JavaThread "pool-1-thread-4" [_thread_in_Java, id=4276, stack(0x0000000018310000,0x0000000018410000)]
  0x0000000016dcf000 JavaThread "pool-1-thread-3" [_thread_blocked, id=4044, stack(0x0000000018210000,0x0000000018310000)]
  0x0000000016dce000 JavaThread "pool-1-thread-2" [_thread_blocked, id=7528, stack(0x0000000018110000,0x0000000018210000)]
  0x0000000016df3000 JavaThread "pool-2-thread-1" [_thread_blocked, id=6620, stack(0x0000000018010000,0x0000000018110000)]
  0x0000000016df0000 JavaThread "pool-1-thread-1" [_thread_blocked, id=4400, stack(0x0000000017f10000,0x0000000018010000)]
  0x0000000016bcb800 JavaThread "Service Thread" daemon [_thread_blocked, id=4052, stack(0x0000000017510000,0x0000000017610000)]
  0x0000000016b44000 JavaThread "C1 CompilerThread3" daemon [_thread_blocked, id=4712, stack(0x0000000017410000,0x0000000017510000)]
  0x0000000016b41000 JavaThread "C2 CompilerThread2" daemon [_thread_in_native, id=7676, stack(0x0000000017310000,0x0000000017410000)]
  0x0000000016b3b800 JavaThread "C2 CompilerThread1" daemon [_thread_in_native, id=6740, stack(0x0000000017210000,0x0000000017310000)]
=>0x0000000016b38800 JavaThread "C2 CompilerThread0" daemon [_thread_in_native, id=7900, stack(0x0000000017110000,0x0000000017210000)]
  0x0000000016b36000 JavaThread "Attach Listener" daemon [_thread_blocked, id=7792, stack(0x0000000017010000,0x0000000017110000)]
  0x0000000016b35800 JavaThread "Signal Dispatcher" daemon [_thread_blocked, id=256, stack(0x0000000016f10000,0x0000000017010000)]
  0x0000000002002000 JavaThread "Finalizer" daemon [_thread_blocked, id=4964, stack(0x0000000016a10000,0x0000000016b10000)]
  0x0000000002001000 JavaThread "Reference Handler" daemon [_thread_blocked, id=7020, stack(0x0000000016910000,0x0000000016a10000)]
  0x0000000001f10800 JavaThread "main" [_thread_in_Java, id=5252, stack(0x0000000001d60000,0x0000000001e60000)]

Other Threads:
  0x0000000014b28800 VMThread [stack: 0x0000000016810000,0x0000000016910000] [id=3116]
  0x0000000016bcf800 WatcherThread [stack: 0x0000000017610000,0x0000000017710000] [id=4736]

VM state:not at safepoint (normal execution)

VM Mutex/Monitor currently owned by a thread: None

Heap:
 PSYoungGen      total 35328K, used 23937K [0x00000000eab00000, 0x00000000ed000000, 0x0000000100000000)
  eden space 32768K, 65% used [0x00000000eab00000,0x00000000ebfe0e18,0x00000000ecb00000)
  from space 2560K, 99% used [0x00000000ecb00000,0x00000000ecd7f868,0x00000000ecd80000)
  to   space 2560K, 0% used [0x00000000ecd80000,0x00000000ecd80000,0x00000000ed000000)
 ParOldGen       total 44032K, used 9569K [0x00000000c0000000, 0x00000000c2b00000, 0x00000000eab00000)
  object space 44032K, 21% used [0x00000000c0000000,0x00000000c0958638,0x00000000c2b00000)
 Metaspace       used 6110K, capacity 7088K, committed 7296K, reserved 1056768K
  class space    used 584K, capacity 616K, committed 640K, reserved 1048576K

Card table byte_map: [0x00000000113d0000,0x00000000115e0000] byte_map_base: 0x0000000010dd0000

Marking Bits: (ParMarkBitMap*) 0x00000000702ed4f0
 Begin Bits: [0x0000000011f40000, 0x0000000012f40000)
 End Bits:   [0x0000000012f40000, 0x0000000013f40000)

Polling page: 0x0000000000570000

CodeCache: size=245760Kb used=7065Kb max_used=7065Kb free=238694Kb
 bounds [0x0000000002010000, 0x0000000002700000, 0x0000000011010000]
 total_blobs=1991 nmethods=1726 adapters=178
 compilation: disabled (not enough contiguous free space left)

Compilation events (10 events):
Event: 4.360 Thread 0x0000000016b44000 1614       3       java.io.FilterInputStream::read (9 bytes)
Event: 4.360 Thread 0x0000000016b44000 nmethod 1614 0x000000000264f890 code [0x000000000264fa00, 0x000000000264fc28]
Event: 4.360 Thread 0x0000000016b44000 1626       1       com.android.dx.cf.attrib.AttInnerClasses::getInnerClasses (5 bytes)
Event: 4.360 Thread 0x0000000016b44000 nmethod 1626 0x000000000264f5d0 code [0x000000000264f720, 0x000000000264f830]
Event: 4.360 Thread 0x0000000016b44000 1622       1       com.android.dx.rop.code.LocalItem::getName (5 bytes)
Event: 4.360 Thread 0x0000000016b44000 nmethod 1622 0x000000000264f310 code [0x000000000264f460, 0x000000000264f570]
Event: 4.362 Thread 0x0000000016b44000 1633       3       com.android.dx.cf.code.Frame::mergeSubroutineLists (90 bytes)
Event: 4.362 Thread 0x0000000016b44000 nmethod 1633 0x000000000264e550 code [0x000000000264e720, 0x000000000264f008]
Event: 4.362 Thread 0x0000000016b44000 1634       3       java.util.Collections$UnmodifiableCollection::size (10 bytes)
Event: 4.362 Thread 0x0000000016b44000 nmethod 1634 0x000000000264e110 code [0x000000000264e280, 0x000000000264e4a8]

GC Heap History (4 events):
Event: 2.337 GC heap before
{Heap before GC invocations=1 (full 0):
 PSYoungGen      total 18944K, used 16384K [0x00000000eab00000, 0x00000000ec000000, 0x0000000100000000)
  eden space 16384K, 100% used [0x00000000eab00000,0x00000000ebb00000,0x00000000ebb00000)
  from space 2560K, 0% used [0x00000000ebd80000,0x00000000ebd80000,0x00000000ec000000)
  to   space 2560K, 0% used [0x00000000ebb00000,0x00000000ebb00000,0x00000000ebd80000)
 ParOldGen       total 44032K, used 0K [0x00000000c0000000, 0x00000000c2b00000, 0x00000000eab00000)
  object space 44032K, 0% used [0x00000000c0000000,0x00000000c0000000,0x00000000c2b00000)
 Metaspace       used 5632K, capacity 6704K, committed 6784K, reserved 1056768K
  class space    used 577K, capacity 616K, committed 640K, reserved 1048576K
Event: 2.518 GC heap after
Heap after GC invocations=1 (full 0):
 PSYoungGen      total 18944K, used 2535K [0x00000000eab00000, 0x00000000ed000000, 0x0000000100000000)
  eden space 16384K, 0% used [0x00000000eab00000,0x00000000eab00000,0x00000000ebb00000)
  from space 2560K, 99% used [0x00000000ebb00000,0x00000000ebd79c70,0x00000000ebd80000)
  to   space 2560K, 0% used [0x00000000ecd80000,0x00000000ecd80000,0x00000000ed000000)
 ParOldGen       total 44032K, used 1925K [0x00000000c0000000, 0x00000000c2b00000, 0x00000000eab00000)
  object space 44032K, 4% used [0x00000000c0000000,0x00000000c01e15c8,0x00000000c2b00000)
 Metaspace       used 5632K, capacity 6704K, committed 6784K, reserved 1056768K
  class space    used 577K, capacity 616K, committed 640K, reserved 1048576K
}
Event: 3.022 GC heap before
{Heap before GC invocations=2 (full 0):
 PSYoungGen      total 18944K, used 18919K [0x00000000eab00000, 0x00000000ed000000, 0x0000000100000000)
  eden space 16384K, 100% used [0x00000000eab00000,0x00000000ebb00000,0x00000000ebb00000)
  from space 2560K, 99% used [0x00000000ebb00000,0x00000000ebd79c70,0x00000000ebd80000)
  to   space 2560K, 0% used [0x00000000ecd80000,0x00000000ecd80000,0x00000000ed000000)
 ParOldGen       total 44032K, used 1925K [0x00000000c0000000, 0x00000000c2b00000, 0x00000000eab00000)
  object space 44032K, 4% used [0x00000000c0000000,0x00000000c01e15c8,0x00000000c2b00000)
 Metaspace       used 5824K, capacity 6896K, committed 7040K, reserved 1056768K
  class space    used 577K, capacity 616K, committed 640K, reserved 1048576K
Event: 3.119 GC heap after
Heap after GC invocations=2 (full 0):
 PSYoungGen      total 35328K, used 2528K [0x00000000eab00000, 0x00000000ed000000, 0x0000000100000000)
  eden space 32768K, 0% used [0x00000000eab00000,0x00000000eab00000,0x00000000ecb00000)
  from space 2560K, 98% used [0x00000000ecd80000,0x00000000ecff8010,0x00000000ed000000)
  to   space 2560K, 0% used [0x00000000ecb00000,0x00000000ecb00000,0x00000000ecd80000)
 ParOldGen       total 44032K, used 3986K [0x00000000c0000000, 0x00000000c2b00000, 0x00000000eab00000)
  object space 44032K, 9% used [0x00000000c0000000,0x00000000c03e4938,0x00000000c2b00000)
 Metaspace       used 5824K, capacity 6896K, committed 7040K, reserved 1056768K
  class space    used 577K, capacity 616K, committed 640K, reserved 1048576K
}

Deoptimization events (10 events):
Event: 2.990 Thread 0x0000000016df0000 Uncommon trap: reason=bimorphic action=maybe_recompile pc=0x0000000002248828 method=java.util.HashMap.getNode(ILjava/lang/Object;)Ljava/util/HashMap$Node; @ 126
Event: 3.135 Thread 0x0000000016dce000 Uncommon trap: reason=bimorphic action=maybe_recompile pc=0x00000000024ae7d8 method=java.util.HashMap.putVal(ILjava/lang/Object;Ljava/lang/Object;ZZ)Ljava/lang/Object; @ 203
Event: 3.135 Thread 0x0000000016dce000 Uncommon trap: reason=bimorphic action=maybe_recompile pc=0x0000000002248828 method=java.util.HashMap.getNode(ILjava/lang/Object;)Ljava/util/HashMap$Node; @ 126
Event: 3.135 Thread 0x0000000016dce000 Uncommon trap: reason=bimorphic action=maybe_recompile pc=0x0000000002248828 method=java.util.HashMap.getNode(ILjava/lang/Object;)Ljava/util/HashMap$Node; @ 126
Event: 3.726 Thread 0x0000000016dd0000 Uncommon trap: reason=unreached action=reinterpret pc=0x00000000024f28d4 method=com.android.dx.util.LabeledList.set(ILcom/android/dx/util/LabeledItem;)V @ 16
Event: 3.726 Thread 0x0000000016dd0000 Uncommon trap: reason=unreached action=reinterpret pc=0x000000000241ea24 method=com.android.dx.util.LabeledList.set(ILcom/android/dx/util/LabeledItem;)V @ 16
Event: 4.019 Thread 0x0000000016df0000 Uncommon trap: reason=unreached action=reinterpret pc=0x000000000251133c method=com.android.dx.ssa.SCCP.simulateBranch(Lcom/android/dx/ssa/SsaInsn;)V @ 132
Event: 4.019 Thread 0x0000000016df0000 Uncommon trap: reason=unloaded action=reinterpret pc=0x000000000258c23c method=com.android.dx.ssa.LiteralOpUpgrader$1.visitNonMoveInsn(Lcom/android/dx/ssa/NormalSsaInsn;)V @ 72
Event: 4.020 Thread 0x0000000016df0000 Uncommon trap: reason=unreached action=reinterpret pc=0x000000000235599c method=com.android.dx.ssa.SsaMethod.updateOneDefinition(Lcom/android/dx/ssa/SsaInsn;Lcom/android/dx/rop/code/RegisterSpec;)V @ 4
Event: 4.327 Thread 0x0000000016dcf000 Uncommon trap: reason=unreached action=reinterpret pc=0x000000000245da00 method=com.android.dx.cf.code.BytecodeArray.parseInstruction(ILcom/android/dx/cf/code/BytecodeArray$Visitor;)I @ 1198

Internal exceptions (10 events):
Event: 1.548 Thread 0x0000000016dd0000 Exception <a 'java/security/PrivilegedActionException'> (0x00000000eb3c1630) thrown at [C:\workspace\8-2-build-windows-amd64-cygwin\jdk8u31\2394\hotspot\src\share\vm\prims\jvm.cpp, line 1312]
Event: 1.548 Thread 0x0000000016dd0000 Exception <a 'java/security/PrivilegedActionException'> (0x00000000eb3c72b8) thrown at [C:\workspace\8-2-build-windows-amd64-cygwin\jdk8u31\2394\hotspot\src\share\vm\prims\jvm.cpp, line 1312]
Event: 1.558 Thread 0x0000000016dd0000 Exception <a 'java/security/PrivilegedActionException'> (0x00000000eb3e7400) thrown at [C:\workspace\8-2-build-windows-amd64-cygwin\jdk8u31\2394\hotspot\src\share\vm\prims\jvm.cpp, line 1312]
Event: 1.571 Thread 0x0000000016dcf000 Exception <a 'java/security/PrivilegedActionException'> (0x00000000eb4ce1f8) thrown at [C:\workspace\8-2-build-windows-amd64-cygwin\jdk8u31\2394\hotspot\src\share\vm\prims\jvm.cpp, line 1312]
Event: 1.584 Thread 0x0000000016dd0000 Exception <a 'java/security/PrivilegedActionException'> (0x00000000eb4f6490) thrown at [C:\workspace\8-2-build-windows-amd64-cygwin\jdk8u31\2394\hotspot\src\share\vm\prims\jvm.cpp, line 1312]
Event: 2.697 Thread 0x0000000016dce000 Implicit null exception at 0x0000000002322ee2 to 0x0000000002322fd2
Event: 3.018 Thread 0x0000000001f10800 Exception <a 'java/security/PrivilegedActionException'> (0x00000000eb9c8338) thrown at [C:\workspace\8-2-build-windows-amd64-cygwin\jdk8u31\2394\hotspot\src\share\vm\prims\jvm.cpp, line 1312]
Event: 3.723 Thread 0x0000000016dd0000 Exception <a 'java/security/PrivilegedActionException'> (0x00000000eafad008) thrown at [C:\workspace\8-2-build-windows-amd64-cygwin\jdk8u31\2394\hotspot\src\share\vm\prims\jvm.cpp, line 1312]
Event: 4.019 Thread 0x0000000016df0000 Exception <a 'java/security/PrivilegedActionException'> (0x00000000eb44d578) thrown at [C:\workspace\8-2-build-windows-amd64-cygwin\jdk8u31\2394\hotspot\src\share\vm\prims\jvm.cpp, line 1312]
Event: 4.351 Thread 0x0000000016dcf000 Exception <a 'java/security/PrivilegedActionException'> (0x00000000ec15eae0) thrown at [C:\workspace\8-2-build-windows-amd64-cygwin\jdk8u31\2394\hotspot\src\share\vm\prims\jvm.cpp, line 1312]

Events (10 events):
Event: 4.020 Thread 0x0000000016df0000 DEOPT PACKING pc=0x000000000258c23c sp=0x000000001800e860
Event: 4.020 Thread 0x0000000016df0000 DEOPT UNPACKING pc=0x000000000205556a sp=0x000000001800e808 mode 2
Event: 4.020 Thread 0x0000000016df0000 Uncommon trap: trap_request=0xffffffad fr.pc=0x000000000235599c
Event: 4.020 Thread 0x0000000016df0000 DEOPT PACKING pc=0x000000000235599c sp=0x000000001800e680
Event: 4.020 Thread 0x0000000016df0000 DEOPT UNPACKING pc=0x000000000205556a sp=0x000000001800e628 mode 2
Event: 4.327 Thread 0x0000000016dcf000 Uncommon trap: trap_request=0xffffffad fr.pc=0x000000000245da00
Event: 4.327 Thread 0x0000000016dcf000 DEOPT PACKING pc=0x000000000245da00 sp=0x000000001830e930
Event: 4.327 Thread 0x0000000016dcf000 DEOPT UNPACKING pc=0x000000000205556a sp=0x000000001830e8d8 mode 2
Event: 4.351 loading class com/android/dx/cf/code/BytecodeArray$ConstantParserVisitor
Event: 4.351 loading class com/android/dx/cf/code/BytecodeArray$ConstantParserVisitor done


Dynamic libraries:
0x00007ff73e6e0000 - 0x00007ff73e714000 	C:\Program Files\Java\jdk1.8.0_31\bin\java.exe
0x00007ffda6090000 - 0x00007ffda623c000 	C:\Windows\SYSTEM32\ntdll.dll
0x00007ffda3a50000 - 0x00007ffda3b8e000 	C:\Windows\system32\KERNEL32.DLL
0x00007ffda3540000 - 0x00007ffda3655000 	C:\Windows\system32\KERNELBASE.dll
0x00007ffda1dd0000 - 0x00007ffda1e5e000 	C:\Windows\system32\apphelp.dll
0x00007ffd9e5c0000 - 0x00007ffd9e613000 	C:\Windows\AppPatch\AppPatch64\AcGenral.DLL
0x00007ffda4640000 - 0x00007ffda46ea000 	C:\Windows\system32\msvcrt.dll
0x00007ffda2fa0000 - 0x00007ffda2fce000 	C:\Windows\SYSTEM32\SspiCli.dll
0x00007ffda3e00000 - 0x00007ffda3e54000 	C:\Windows\system32\SHLWAPI.dll
0x00007ffda4290000 - 0x00007ffda4407000 	C:\Windows\system32\USER32.dll
0x00007ffda3b90000 - 0x00007ffda3d24000 	C:\Windows\system32\ole32.dll
0x00007ffda4b60000 - 0x00007ffda608b000 	C:\Windows\system32\SHELL32.dll
0x00007ffda2780000 - 0x00007ffda27a1000 	C:\Windows\SYSTEM32\USERENV.dll
0x00007ffda3e60000 - 0x00007ffda3f0a000 	C:\Windows\system32\ADVAPI32.dll
0x00007ffd942c0000 - 0x00007ffd942de000 	C:\Windows\SYSTEM32\MPR.dll
0x00007ffda4140000 - 0x00007ffda4281000 	C:\Windows\system32\RPCRT4.dll
0x00007ffda3f10000 - 0x00007ffda3f69000 	C:\Windows\SYSTEM32\sechost.dll
0x00007ffda4420000 - 0x00007ffda4631000 	C:\Windows\SYSTEM32\combase.dll
0x00007ffda3710000 - 0x00007ffda385f000 	C:\Windows\system32\GDI32.dll
0x00007ffda31e0000 - 0x00007ffda31f5000 	C:\Windows\SYSTEM32\profapi.dll
0x00007ffda1c60000 - 0x00007ffda1d12000 	C:\Windows\SYSTEM32\SHCORE.dll
0x00007ffda4090000 - 0x00007ffda40c6000 	C:\Windows\system32\IMM32.DLL
0x00007ffda46f0000 - 0x00007ffda4842000 	C:\Windows\system32\MSCTF.dll
0x00007ffda1070000 - 0x00007ffda12eb000 	C:\Windows\WinSxS\amd64_microsoft.windows.common-controls_6595b64144ccf1df_6.0.9600.18006_none_623f33d3ecbe86e8\COMCTL32.dll
0x000000006f6e0000 - 0x000000006f7b2000 	C:\Program Files\Java\jdk1.8.0_31\jre\bin\msvcr100.dll
0x000000006fb10000 - 0x000000007036a000 	C:\Program Files\Java\jdk1.8.0_31\jre\bin\server\jvm.dll
0x00007ffda1bc0000 - 0x00007ffda1bc9000 	C:\Windows\SYSTEM32\WSOCK32.dll
0x00007ffda1bd0000 - 0x00007ffda1bf2000 	C:\Windows\SYSTEM32\WINMM.dll
0x00007ffda4410000 - 0x00007ffda4417000 	C:\Windows\system32\PSAPI.DLL
0x00007ffda40e0000 - 0x00007ffda413a000 	C:\Windows\system32\WS2_32.dll
0x00007ffda04a0000 - 0x00007ffda04ca000 	C:\Windows\SYSTEM32\WINMMBASE.dll
0x00007ffda40d0000 - 0x00007ffda40d9000 	C:\Windows\system32\NSI.dll
0x00007ffda36c0000 - 0x00007ffda370f000 	C:\Windows\SYSTEM32\cfgmgr32.dll
0x00007ffda1fd0000 - 0x00007ffda1ff8000 	C:\Windows\SYSTEM32\DEVOBJ.dll
0x0000000070cd0000 - 0x0000000070cdf000 	C:\Program Files\Java\jdk1.8.0_31\jre\bin\verify.dll
0x0000000070ca0000 - 0x0000000070cc8000 	C:\Program Files\Java\jdk1.8.0_31\jre\bin\java.dll
0x000000006faf0000 - 0x000000006fb06000 	C:\Program Files\Java\jdk1.8.0_31\jre\bin\zip.dll

VM Arguments:
jvm_args: -Xmx1024M -Dfile.encoding=windows-1252 -Duser.country=US -Duser.language=en -Duser.variant 
java_command: com.android.dx.command.Main --dex --num-threads=4 --output E:\Data Adek\Data Kuliah\SEM 7 - MOBILE\FINAL PROJECT\Android1_EasyGo\EasyGo\app\build\intermediates\pre-dexed\debug\classes-d68c1daa684721c8cf4fd1d516c8fa14c2f7a142.jar E:\Data Adek\Data Kuliah\SEM 7 - MOBILE\FINAL PROJECT\Android1_EasyGo\EasyGo\app\build\intermediates\exploded-aar\com.google.android.gms\play-services-games\8.4.0\jars\classes.jar
java_class_path (initial): C:\Users\angga\AppData\Local\Android\sdk\build-tools\23.0.1\lib\dx.jar
Launcher Type: SUN_STANDARD

Environment Variables:
PATH=C:\ProgramData\Oracle\Java\javapath;C:\oraclexe\app\oracle\product\10.2.0\server\bin;C:\Program Files (x86)\Intel\iCLS Client\;C:\Program Files\Intel\iCLS Client\;C:\Windows\system32;C:\Windows;C:\Windows\System32\Wbem;C:\Windows\System32\WindowsPowerShell\v1.0\;C:\Program Files\Intel\Intel(R) Management Engine Components\DAL;C:\Program Files\Intel\Intel(R) Management Engine Components\IPT;C:\Program Files (x86)\Intel\Intel(R) Management Engine Components\DAL;C:\Program Files (x86)\Intel\Intel(R) Management Engine Components\IPT;C:\Program Files (x86)\Windows Kits\8.1\Windows Performance Toolkit\;C:\Program Files\Microsoft SQL Server\110\Tools\Binn\;C:\Program Files (x86)\nodejs\;C:\Users\angga\AppData\Roaming\npm;C:\Program Files (x86)\Java\jre7\bin
USERNAME=angga
OS=Windows_NT
PROCESSOR_IDENTIFIER=Intel64 Family 6 Model 58 Stepping 9, GenuineIntel



---------------  S Y S T E M  ---------------

OS: Windows 8.1 , 64 bit Build 9600 

CPU:total 8 (4 cores per cpu, 2 threads per core) family 6 model 58 stepping 9, cmov, cx8, fxsr, mmx, sse, sse2, sse3, ssse3, sse4.1, sse4.2, popcnt, avx, aes, clmul, erms, ht, tsc, tscinvbit, tscinv

Memory: 4k page, physical 4144288k(264960k free), swap 7290016k(4868k free)

vm_info: Java HotSpot(TM) 64-Bit Server VM (25.31-b07) for windows-amd64 JRE (1.8.0_31-b13), built on Dec 17 2014 21:00:28 by "java_re" with MS VC++ 10.0 (VS2010)

time: Sat Jan 02 20:14:41 2016
elapsed time: 4 seconds (0d 0h 0m 4s)

