#
# There is insufficient memory for the Java Runtime Environment to continue.
# Native memory allocation (malloc) failed to allocate 32784 bytes for Chunk::new
# Possible reasons:
#   The system is out of physical RAM or swap space
#   In 32 bit mode, the process size limit was hit
# Possible solutions:
#   Reduce memory load on the system
#   Increase physical memory or swap space
#   Check if swap backing store is full
#   Use 64 bit Java on a 64 bit OS
#   Decrease Java heap size (-Xmx/-Xms)
#   Decrease number of Java threads
#   Decrease Java thread stack sizes (-Xss)
#   Set larger code cache with -XX:ReservedCodeCacheSize=
# This output file may be truncated or incomplete.
#
#  Out of Memory Error (allocation.cpp:390), pid=7560, tid=6444
#
# JRE version: Java(TM) SE Runtime Environment (8.0_31-b13) (build 1.8.0_31-b13)
# Java VM: Java HotSpot(TM) 64-Bit Server VM (25.31-b07 mixed mode windows-amd64 compressed oops)
# Failed to write core dump. Minidumps are not enabled by default on client versions of Windows
#

---------------  T H R E A D  ---------------

Current thread (0x0000000017559000):  JavaThread "C2 CompilerThread1" daemon [_thread_in_native, id=6444, stack(0x0000000017c30000,0x0000000017d30000)]

Stack: [0x0000000017c30000,0x0000000017d30000]
Native frames: (J=compiled Java code, j=interpreted, Vv=VM code, C=native code)
V  [jvm.dll+0x3169ba]
V  [jvm.dll+0x2674c3]
V  [jvm.dll+0x268103]
V  [jvm.dll+0x25f8f5]
V  [jvm.dll+0xbf025]
V  [jvm.dll+0xbf4cc]
V  [jvm.dll+0xbf774]
V  [jvm.dll+0x4cfb00]
V  [jvm.dll+0x49bb1a]
V  [jvm.dll+0x49bdc3]
V  [jvm.dll+0x49d669]
V  [jvm.dll+0x49f54f]
V  [jvm.dll+0x453401]
V  [jvm.dll+0x454124]
V  [jvm.dll+0x437c62]
V  [jvm.dll+0x988e2]
V  [jvm.dll+0x990d3]
V  [jvm.dll+0x22c194]
V  [jvm.dll+0x28576a]
C  [msvcr100.dll+0x21d9f]
C  [msvcr100.dll+0x21e3b]
C  [KERNEL32.DLL+0x13d2]
C  [ntdll.dll+0x15454]


Current CompileTask:
C2:   4442 1296       4       com.android.dx.ssa.SCCP::simulateBlock (54 bytes)


---------------  P R O C E S S  ---------------

Java Threads: ( => current thread )
  0x0000000018157800 JavaThread "pool-1-thread-4" [_thread_in_Java, id=7800, stack(0x0000000018d30000,0x0000000018e30000)]
  0x0000000018154800 JavaThread "pool-1-thread-3" [_thread_in_Java, id=2196, stack(0x0000000018c30000,0x0000000018d30000)]
  0x00000000177f2800 JavaThread "pool-1-thread-2" [_thread_in_Java, id=6208, stack(0x0000000018b30000,0x0000000018c30000)]
  0x00000000177ed800 JavaThread "pool-2-thread-1" [_thread_blocked, id=5352, stack(0x0000000018a30000,0x0000000018b30000)]
  0x0000000018179800 JavaThread "pool-1-thread-1" [_thread_in_Java, id=5512, stack(0x0000000018930000,0x0000000018a30000)]
  0x0000000017568800 JavaThread "Service Thread" daemon [_thread_blocked, id=4988, stack(0x0000000017f30000,0x0000000018030000)]
  0x0000000017560800 JavaThread "C1 CompilerThread3" daemon [_thread_in_native, id=6200, stack(0x0000000017e30000,0x0000000017f30000)]
  0x000000001755b000 JavaThread "C2 CompilerThread2" daemon [_thread_in_native, id=7688, stack(0x0000000017d30000,0x0000000017e30000)]
=>0x0000000017559000 JavaThread "C2 CompilerThread1" daemon [_thread_in_native, id=6444, stack(0x0000000017c30000,0x0000000017d30000)]
  0x0000000017557000 JavaThread "C2 CompilerThread0" daemon [_thread_in_native, id=1004, stack(0x0000000017b30000,0x0000000017c30000)]
  0x0000000017554800 JavaThread "Attach Listener" daemon [_thread_blocked, id=6704, stack(0x0000000017a30000,0x0000000017b30000)]
  0x0000000017554000 JavaThread "Signal Dispatcher" daemon [_thread_blocked, id=4396, stack(0x0000000017930000,0x0000000017a30000)]
  0x0000000002a22000 JavaThread "Finalizer" daemon [_thread_blocked, id=5368, stack(0x0000000017430000,0x0000000017530000)]
  0x0000000002a21000 JavaThread "Reference Handler" daemon [_thread_blocked, id=4592, stack(0x0000000017330000,0x0000000017430000)]
  0x0000000002930800 JavaThread "main" [_thread_in_native, id=3812, stack(0x0000000002760000,0x0000000002860000)]

Other Threads:
  0x0000000015548800 VMThread [stack: 0x0000000017230000,0x0000000017330000] [id=2624]
  0x000000001756b000 WatcherThread [stack: 0x0000000018030000,0x0000000018130000] [id=3436]

VM state:not at safepoint (normal execution)

VM Mutex/Monitor currently owned by a thread: None

Heap:
 PSYoungGen      total 35328K, used 16582K [0x00000000eab00000, 0x00000000ed000000, 0x0000000100000000)
  eden space 32768K, 42% used [0x00000000eab00000,0x00000000eb8b1b28,0x00000000ecb00000)
  from space 2560K, 100% used [0x00000000ecd80000,0x00000000ed000000,0x00000000ed000000)
  to   space 2560K, 0% used [0x00000000ecb00000,0x00000000ecb00000,0x00000000ecd80000)
 ParOldGen       total 44032K, used 4082K [0x00000000c0000000, 0x00000000c2b00000, 0x00000000eab00000)
  object space 44032K, 9% used [0x00000000c0000000,0x00000000c03fca58,0x00000000c2b00000)
 Metaspace       used 5921K, capacity 6960K, committed 7040K, reserved 1056768K
  class space    used 580K, capacity 616K, committed 640K, reserved 1048576K

Card table byte_map: [0x0000000011df0000,0x0000000012000000] byte_map_base: 0x00000000117f0000

Marking Bits: (ParMarkBitMap*) 0x00000000702ed4f0
 Begin Bits: [0x0000000012960000, 0x0000000013960000)
 End Bits:   [0x0000000013960000, 0x0000000014960000)

Polling page: 0x0000000000ed0000

CodeCache: size=245760Kb used=5647Kb max_used=5647Kb free=240112Kb
 bounds [0x0000000002a30000, 0x0000000002fc0000, 0x0000000011a30000]
 total_blobs=1627 nmethods=1362 adapters=178
 compilation: enabled

Compilation events (10 events):
Event: 4.414 Thread 0x0000000017560800 nmethod 1353 0x0000000002f8ea90 code [0x0000000002f8ec40, 0x0000000002f8f448]
Event: 4.414 Thread 0x0000000017560800 1354       3       com.android.dx.dex.file.EncodedMember::<init> (10 bytes)
Event: 4.414 Thread 0x0000000017560800 nmethod 1354 0x0000000002f8f750 code [0x0000000002f8f8a0, 0x0000000002f8fa50]
Event: 4.414 Thread 0x0000000017560800 1355  s    3       com.android.dx.dex.file.TypeIdsSection::intern (60 bytes)
Event: 4.415 Thread 0x0000000017560800 nmethod 1355 0x0000000002f8fb10 code [0x0000000002f8fd20, 0x0000000002f90968]
Event: 4.415 Thread 0x0000000017560800 1356       3       com.android.dx.ssa.SsaMethod::makeNewGotoBlock (52 bytes)
Event: 4.416 Thread 0x0000000017560800 nmethod 1356 0x0000000002f90f50 code [0x0000000002f911a0, 0x0000000002f91fc8]
Event: 4.416 Thread 0x0000000017560800 1358       3       com.android.dx.ssa.SCCP::simulateBranch (666 bytes)
Event: 4.420 Thread 0x0000000017560800 nmethod 1358 0x0000000002f92790 code [0x0000000002f92c40, 0x0000000002f96798]
Event: 4.420 Thread 0x0000000017560800 1359       3       com.android.dx.ssa.LiteralOpUpgrader$1::visitNonMoveInsn (203 bytes)

GC Heap History (4 events):
Event: 3.034 GC heap before
{Heap before GC invocations=1 (full 0):
 PSYoungGen      total 18944K, used 16384K [0x00000000eab00000, 0x00000000ec000000, 0x0000000100000000)
  eden space 16384K, 100% used [0x00000000eab00000,0x00000000ebb00000,0x00000000ebb00000)
  from space 2560K, 0% used [0x00000000ebd80000,0x00000000ebd80000,0x00000000ec000000)
  to   space 2560K, 0% used [0x00000000ebb00000,0x00000000ebb00000,0x00000000ebd80000)
 ParOldGen       total 44032K, used 0K [0x00000000c0000000, 0x00000000c2b00000, 0x00000000eab00000)
  object space 44032K, 0% used [0x00000000c0000000,0x00000000c0000000,0x00000000c2b00000)
 Metaspace       used 5625K, capacity 6704K, committed 6784K, reserved 1056768K
  class space    used 577K, capacity 616K, committed 640K, reserved 1048576K
Event: 3.409 GC heap after
Heap after GC invocations=1 (full 0):
 PSYoungGen      total 18944K, used 2551K [0x00000000eab00000, 0x00000000ed000000, 0x0000000100000000)
  eden space 16384K, 0% used [0x00000000eab00000,0x00000000eab00000,0x00000000ebb00000)
  from space 2560K, 99% used [0x00000000ebb00000,0x00000000ebd7dc60,0x00000000ebd80000)
  to   space 2560K, 0% used [0x00000000ecd80000,0x00000000ecd80000,0x00000000ed000000)
 ParOldGen       total 44032K, used 1818K [0x00000000c0000000, 0x00000000c2b00000, 0x00000000eab00000)
  object space 44032K, 4% used [0x00000000c0000000,0x00000000c01c6bc0,0x00000000c2b00000)
 Metaspace       used 5625K, capacity 6704K, committed 6784K, reserved 1056768K
  class space    used 577K, capacity 616K, committed 640K, reserved 1048576K
}
Event: 3.600 GC heap before
{Heap before GC invocations=2 (full 0):
 PSYoungGen      total 18944K, used 18935K [0x00000000eab00000, 0x00000000ed000000, 0x0000000100000000)
  eden space 16384K, 100% used [0x00000000eab00000,0x00000000ebb00000,0x00000000ebb00000)
  from space 2560K, 99% used [0x00000000ebb00000,0x00000000ebd7dc60,0x00000000ebd80000)
  to   space 2560K, 0% used [0x00000000ecd80000,0x00000000ecd80000,0x00000000ed000000)
 ParOldGen       total 44032K, used 1818K [0x00000000c0000000, 0x00000000c2b00000, 0x00000000eab00000)
  object space 44032K, 4% used [0x00000000c0000000,0x00000000c01c6bc0,0x00000000c2b00000)
 Metaspace       used 5812K, capacity 6896K, committed 7040K, reserved 1056768K
  class space    used 579K, capacity 616K, committed 640K, reserved 1048576K
Event: 3.876 GC heap after
Heap after GC invocations=2 (full 0):
 PSYoungGen      total 35328K, used 2560K [0x00000000eab00000, 0x00000000ed000000, 0x0000000100000000)
  eden space 32768K, 0% used [0x00000000eab00000,0x00000000eab00000,0x00000000ecb00000)
  from space 2560K, 100% used [0x00000000ecd80000,0x00000000ed000000,0x00000000ed000000)
  to   space 2560K, 0% used [0x00000000ecb00000,0x00000000ecb00000,0x00000000ecd80000)
 ParOldGen       total 44032K, used 4082K [0x00000000c0000000, 0x00000000c2b00000, 0x00000000eab00000)
  object space 44032K, 9% used [0x00000000c0000000,0x00000000c03fca58,0x00000000c2b00000)
 Metaspace       used 5812K, capacity 6896K, committed 7040K, reserved 1056768K
  class space    used 579K, capacity 616K, committed 640K, reserved 1048576K
}

Deoptimization events (10 events):
Event: 2.653 Thread 0x0000000002930800 Uncommon trap: reason=class_check action=maybe_recompile pc=0x0000000002cfb838 method=com.android.dx.ssa.NormalSsaInsn.accept(Lcom/android/dx/ssa/SsaInsn$Visitor;)V @ 9
Event: 3.513 Thread 0x0000000018179800 Uncommon trap: reason=null_check action=make_not_entrant pc=0x0000000002d84360 method=com.android.dx.rop.type.Type.equals(Ljava/lang/Object;)Z @ 8
Event: 3.565 Thread 0x0000000018157800 Uncommon trap: reason=bimorphic action=maybe_recompile pc=0x0000000002c753e4 method=java.util.HashMap.getNode(ILjava/lang/Object;)Ljava/util/HashMap$Node; @ 126
Event: 3.585 Thread 0x0000000002930800 Uncommon trap: reason=unreached action=reinterpret pc=0x0000000002e429ac method=com.android.dx.util.LabeledList.set(ILcom/android/dx/util/LabeledItem;)V @ 16
Event: 3.594 Thread 0x0000000018157800 Uncommon trap: reason=bimorphic action=maybe_recompile pc=0x0000000002e900f8 method=java.util.HashMap.putVal(ILjava/lang/Object;Ljava/lang/Object;ZZ)Ljava/lang/Object; @ 203
Event: 3.594 Thread 0x0000000018157800 Uncommon trap: reason=bimorphic action=maybe_recompile pc=0x0000000002c753e4 method=java.util.HashMap.getNode(ILjava/lang/Object;)Ljava/util/HashMap$Node; @ 126
Event: 3.595 Thread 0x0000000018157800 Uncommon trap: reason=bimorphic action=maybe_recompile pc=0x0000000002c753e4 method=java.util.HashMap.getNode(ILjava/lang/Object;)Ljava/util/HashMap$Node; @ 126
Event: 4.411 Thread 0x0000000018179800 Uncommon trap: reason=unreached action=reinterpret pc=0x0000000002f52eb8 method=com.android.dx.ssa.SCCP.simulateBranch(Lcom/android/dx/ssa/SsaInsn;)V @ 132
Event: 4.411 Thread 0x0000000018179800 Uncommon trap: reason=unloaded action=reinterpret pc=0x0000000002f48a80 method=com.android.dx.ssa.LiteralOpUpgrader$1.visitNonMoveInsn(Lcom/android/dx/ssa/NormalSsaInsn;)V @ 72
Event: 4.412 Thread 0x0000000018179800 Uncommon trap: reason=unreached action=reinterpret pc=0x0000000002dfc9dc method=com.android.dx.ssa.SsaMethod.updateOneDefinition(Lcom/android/dx/ssa/SsaInsn;Lcom/android/dx/rop/code/RegisterSpec;)V @ 4

Internal exceptions (10 events):
Event: 2.341 Thread 0x0000000018157800 Exception <a 'java/security/PrivilegedActionException'> (0x00000000eb49f2e8) thrown at [C:\workspace\8-2-build-windows-amd64-cygwin\jdk8u31\2394\hotspot\src\share\vm\prims\jvm.cpp, line 1312]
Event: 2.342 Thread 0x0000000018157800 Exception <a 'java/security/PrivilegedActionException'> (0x00000000eb4a3bc8) thrown at [C:\workspace\8-2-build-windows-amd64-cygwin\jdk8u31\2394\hotspot\src\share\vm\prims\jvm.cpp, line 1312]
Event: 2.372 Thread 0x0000000018179800 Exception <a 'java/security/PrivilegedActionException'> (0x00000000eb51d0f0) thrown at [C:\workspace\8-2-build-windows-amd64-cygwin\jdk8u31\2394\hotspot\src\share\vm\prims\jvm.cpp, line 1312]
Event: 2.375 Thread 0x0000000018157800 Exception <a 'java/security/PrivilegedActionException'> (0x00000000eb4a9850) thrown at [C:\workspace\8-2-build-windows-amd64-cygwin\jdk8u31\2394\hotspot\src\share\vm\prims\jvm.cpp, line 1312]
Event: 2.397 Thread 0x0000000018157800 Exception <a 'java/security/PrivilegedActionException'> (0x00000000eb4c9ca8) thrown at [C:\workspace\8-2-build-windows-amd64-cygwin\jdk8u31\2394\hotspot\src\share\vm\prims\jvm.cpp, line 1312]
Event: 2.434 Thread 0x0000000018157800 Exception <a 'java/security/PrivilegedActionException'> (0x00000000eb4e2f40) thrown at [C:\workspace\8-2-build-windows-amd64-cygwin\jdk8u31\2394\hotspot\src\share\vm\prims\jvm.cpp, line 1312]
Event: 3.513 Thread 0x0000000018179800 Implicit null exception at 0x0000000002d84262 to 0x0000000002d84352
Event: 3.566 Thread 0x0000000002930800 Exception <a 'java/security/PrivilegedActionException'> (0x00000000eb6ecca0) thrown at [C:\workspace\8-2-build-windows-amd64-cygwin\jdk8u31\2394\hotspot\src\share\vm\prims\jvm.cpp, line 1312]
Event: 3.582 Thread 0x0000000002930800 Exception <a 'java/security/PrivilegedActionException'> (0x00000000eb8d9db8) thrown at [C:\workspace\8-2-build-windows-amd64-cygwin\jdk8u31\2394\hotspot\src\share\vm\prims\jvm.cpp, line 1312]
Event: 4.411 Thread 0x0000000018179800 Exception <a 'java/security/PrivilegedActionException'> (0x00000000eb49f7e8) thrown at [C:\workspace\8-2-build-windows-amd64-cygwin\jdk8u31\2394\hotspot\src\share\vm\prims\jvm.cpp, line 1312]

Events (10 events):
Event: 4.411 Thread 0x0000000018179800 DEOPT PACKING pc=0x0000000002f52eb8 sp=0x0000000018a2e820
Event: 4.411 Thread 0x0000000018179800 DEOPT UNPACKING pc=0x0000000002a7556a sp=0x0000000018a2e7c8 mode 2
Event: 4.411 Thread 0x0000000018179800 Uncommon trap: trap_request=0x0000004e fr.pc=0x0000000002f48a80
Event: 4.411 loading class com/android/dx/rop/code/RegOps
Event: 4.411 loading class com/android/dx/rop/code/RegOps done
Event: 4.412 Thread 0x0000000018179800 DEOPT PACKING pc=0x0000000002f48a80 sp=0x0000000018a2e8e0
Event: 4.412 Thread 0x0000000018179800 DEOPT UNPACKING pc=0x0000000002a7556a sp=0x0000000018a2e8a8 mode 2
Event: 4.412 Thread 0x0000000018179800 Uncommon trap: trap_request=0xffffffad fr.pc=0x0000000002dfc9dc
Event: 4.412 Thread 0x0000000018179800 DEOPT PACKING pc=0x0000000002dfc9dc sp=0x0000000018a2e720
Event: 4.412 Thread 0x0000000018179800 DEOPT UNPACKING pc=0x0000000002a7556a sp=0x0000000018a2e6c8 mode 2


Dynamic libraries:
0x00007ff73e6e0000 - 0x00007ff73e714000 	C:\Program Files\Java\jdk1.8.0_31\bin\java.exe
0x00007ffda6090000 - 0x00007ffda623c000 	C:\Windows\SYSTEM32\ntdll.dll
0x00007ffda3a50000 - 0x00007ffda3b8e000 	C:\Windows\system32\KERNEL32.DLL
0x00007ffda3540000 - 0x00007ffda3655000 	C:\Windows\system32\KERNELBASE.dll
0x00007ffda1dd0000 - 0x00007ffda1e5e000 	C:\Windows\system32\apphelp.dll
0x00007ffd9e5c0000 - 0x00007ffd9e613000 	C:\Windows\AppPatch\AppPatch64\AcGenral.DLL
0x00007ffda4640000 - 0x00007ffda46ea000 	C:\Windows\system32\msvcrt.dll
0x00007ffda2fa0000 - 0x00007ffda2fce000 	C:\Windows\SYSTEM32\SspiCli.dll
0x00007ffda3e00000 - 0x00007ffda3e54000 	C:\Windows\system32\SHLWAPI.dll
0x00007ffda4290000 - 0x00007ffda4407000 	C:\Windows\system32\USER32.dll
0x00007ffda3b90000 - 0x00007ffda3d24000 	C:\Windows\system32\ole32.dll
0x00007ffda4b60000 - 0x00007ffda608b000 	C:\Windows\system32\SHELL32.dll
0x00007ffda2780000 - 0x00007ffda27a1000 	C:\Windows\SYSTEM32\USERENV.dll
0x00007ffda3e60000 - 0x00007ffda3f0a000 	C:\Windows\system32\ADVAPI32.dll
0x00007ffd942c0000 - 0x00007ffd942de000 	C:\Windows\SYSTEM32\MPR.dll
0x00007ffda4140000 - 0x00007ffda4281000 	C:\Windows\system32\RPCRT4.dll
0x00007ffda3f10000 - 0x00007ffda3f69000 	C:\Windows\SYSTEM32\sechost.dll
0x00007ffda4420000 - 0x00007ffda4631000 	C:\Windows\SYSTEM32\combase.dll
0x00007ffda3710000 - 0x00007ffda385f000 	C:\Windows\system32\GDI32.dll
0x00007ffda31e0000 - 0x00007ffda31f5000 	C:\Windows\SYSTEM32\profapi.dll
0x00007ffda1c60000 - 0x00007ffda1d12000 	C:\Windows\SYSTEM32\SHCORE.dll
0x00007ffda4090000 - 0x00007ffda40c6000 	C:\Windows\system32\IMM32.DLL
0x00007ffda46f0000 - 0x00007ffda4842000 	C:\Windows\system32\MSCTF.dll
0x00007ffda1070000 - 0x00007ffda12eb000 	C:\Windows\WinSxS\amd64_microsoft.windows.common-controls_6595b64144ccf1df_6.0.9600.18006_none_623f33d3ecbe86e8\COMCTL32.dll
0x000000006f6e0000 - 0x000000006f7b2000 	C:\Program Files\Java\jdk1.8.0_31\jre\bin\msvcr100.dll
0x000000006fb10000 - 0x000000007036a000 	C:\Program Files\Java\jdk1.8.0_31\jre\bin\server\jvm.dll
0x00007ffda1bc0000 - 0x00007ffda1bc9000 	C:\Windows\SYSTEM32\WSOCK32.dll
0x00007ffda1bd0000 - 0x00007ffda1bf2000 	C:\Windows\SYSTEM32\WINMM.dll
0x00007ffda4410000 - 0x00007ffda4417000 	C:\Windows\system32\PSAPI.DLL
0x00007ffda40e0000 - 0x00007ffda413a000 	C:\Windows\system32\WS2_32.dll
0x00007ffda04a0000 - 0x00007ffda04ca000 	C:\Windows\SYSTEM32\WINMMBASE.dll
0x00007ffda40d0000 - 0x00007ffda40d9000 	C:\Windows\system32\NSI.dll
0x00007ffda36c0000 - 0x00007ffda370f000 	C:\Windows\SYSTEM32\cfgmgr32.dll
0x00007ffda1fd0000 - 0x00007ffda1ff8000 	C:\Windows\SYSTEM32\DEVOBJ.dll
0x0000000070cd0000 - 0x0000000070cdf000 	C:\Program Files\Java\jdk1.8.0_31\jre\bin\verify.dll
0x0000000070ca0000 - 0x0000000070cc8000 	C:\Program Files\Java\jdk1.8.0_31\jre\bin\java.dll
0x000000006faf0000 - 0x000000006fb06000 	C:\Program Files\Java\jdk1.8.0_31\jre\bin\zip.dll
0x00007ffd9a920000 - 0x00007ffd9aaa9000 	C:\Windows\SYSTEM32\dbghelp.dll

VM Arguments:
jvm_args: -Xmx1024M -Dfile.encoding=windows-1252 -Duser.country=US -Duser.language=en -Duser.variant 
java_command: com.android.dx.command.Main --dex --num-threads=4 --output E:\Data Adek\Data Kuliah\SEM 7 - MOBILE\FINAL PROJECT\Android1_EasyGo\EasyGo\app\build\intermediates\pre-dexed\debug\classes-d68c1daa684721c8cf4fd1d516c8fa14c2f7a142.jar E:\Data Adek\Data Kuliah\SEM 7 - MOBILE\FINAL PROJECT\Android1_EasyGo\EasyGo\app\build\intermediates\exploded-aar\com.google.android.gms\play-services-games\8.4.0\jars\classes.jar
java_class_path (initial): C:\Users\angga\AppData\Local\Android\sdk\build-tools\23.0.1\lib\dx.jar
Launcher Type: SUN_STANDARD

Environment Variables:
PATH=C:\ProgramData\Oracle\Java\javapath;C:\oraclexe\app\oracle\product\10.2.0\server\bin;C:\Program Files (x86)\Intel\iCLS Client\;C:\Program Files\Intel\iCLS Client\;C:\Windows\system32;C:\Windows;C:\Windows\System32\Wbem;C:\Windows\System32\WindowsPowerShell\v1.0\;C:\Program Files\Intel\Intel(R) Management Engine Components\DAL;C:\Program Files\Intel\Intel(R) Management Engine Components\IPT;C:\Program Files (x86)\Intel\Intel(R) Management Engine Components\DAL;C:\Program Files (x86)\Intel\Intel(R) Management Engine Components\IPT;C:\Program Files (x86)\Windows Kits\8.1\Windows Performance Toolkit\;C:\Program Files\Microsoft SQL Server\110\Tools\Binn\;C:\Program Files (x86)\nodejs\;C:\Users\angga\AppData\Roaming\npm;C:\Program Files (x86)\Java\jre7\bin
USERNAME=angga
OS=Windows_NT
PROCESSOR_IDENTIFIER=Intel64 Family 6 Model 58 Stepping 9, GenuineIntel



---------------  S Y S T E M  ---------------

OS: Windows 8.1 , 64 bit Build 9600 

CPU:total 8 (4 cores per cpu, 2 threads per core) family 6 model 58 stepping 9, cmov, cx8, fxsr, mmx, sse, sse2, sse3, ssse3, sse4.1, sse4.2, popcnt, avx, aes, clmul, erms, ht, tsc, tscinvbit, tscinv

Memory: 4k page, physical 4144288k(212504k free), swap 7290016k(9236k free)

vm_info: Java HotSpot(TM) 64-Bit Server VM (25.31-b07) for windows-amd64 JRE (1.8.0_31-b13), built on Dec 17 2014 21:00:28 by "java_re" with MS VC++ 10.0 (VS2010)

time: Sat Jan 02 20:49:35 2016
elapsed time: 4 seconds (0d 0h 0m 4s)

