#
# There is insufficient memory for the Java Runtime Environment to continue.
# Native memory allocation (malloc) failed to allocate 1080848 bytes for Chunk::new
# Possible reasons:
#   The system is out of physical RAM or swap space
#   In 32 bit mode, the process size limit was hit
# Possible solutions:
#   Reduce memory load on the system
#   Increase physical memory or swap space
#   Check if swap backing store is full
#   Use 64 bit Java on a 64 bit OS
#   Decrease Java heap size (-Xmx/-Xms)
#   Decrease number of Java threads
#   Decrease Java thread stack sizes (-Xss)
#   Set larger code cache with -XX:ReservedCodeCacheSize=
# This output file may be truncated or incomplete.
#
#  Out of Memory Error (allocation.cpp:390), pid=4452, tid=5640
#
# JRE version: Java(TM) SE Runtime Environment (8.0_31-b13) (build 1.8.0_31-b13)
# Java VM: Java HotSpot(TM) 64-Bit Server VM (25.31-b07 mixed mode windows-amd64 compressed oops)
# Failed to write core dump. Minidumps are not enabled by default on client versions of Windows
#

---------------  T H R E A D  ---------------

Current thread (0x0000000016f39000):  JavaThread "C2 CompilerThread1" daemon [_thread_in_native, id=5640, stack(0x0000000017610000,0x0000000017710000)]

Stack: [0x0000000017610000,0x0000000017710000]
Native frames: (J=compiled Java code, j=interpreted, Vv=VM code, C=native code)
V  [jvm.dll+0x3169ba]


Current CompileTask:
C2:   4316 1494   !   4       com.android.dx.cf.code.RopperMachine::run (1550 bytes)


---------------  P R O C E S S  ---------------

Java Threads: ( => current thread )
  0x0000000017212000 JavaThread "pool-1-thread-4" [_thread_blocked, id=6496, stack(0x0000000017f10000,0x0000000018010000)]
  0x0000000017208000 JavaThread "pool-1-thread-3" [_thread_blocked, id=7752, stack(0x0000000017e10000,0x0000000017f10000)]
  0x0000000017205000 JavaThread "pool-1-thread-2" [_thread_blocked, id=6768, stack(0x0000000017d10000,0x0000000017e10000)]
  0x0000000017204800 JavaThread "pool-2-thread-1" [_thread_blocked, id=7124, stack(0x0000000017c10000,0x0000000017d10000)]
  0x0000000017201000 JavaThread "pool-1-thread-1" [_thread_blocked, id=6648, stack(0x0000000017b10000,0x0000000017c10000)]
  0x0000000016faf000 JavaThread "Service Thread" daemon [_thread_blocked, id=7900, stack(0x0000000017910000,0x0000000017a10000)]
  0x0000000016fa0800 JavaThread "C1 CompilerThread3" daemon [_thread_blocked, id=680, stack(0x0000000017810000,0x0000000017910000)]
  0x0000000016f3e800 JavaThread "C2 CompilerThread2" daemon [_thread_in_native, id=4656, stack(0x0000000017710000,0x0000000017810000)]
=>0x0000000016f39000 JavaThread "C2 CompilerThread1" daemon [_thread_in_native, id=5640, stack(0x0000000017610000,0x0000000017710000)]
  0x0000000016f37000 JavaThread "C2 CompilerThread0" daemon [_thread_in_native, id=7084, stack(0x0000000017510000,0x0000000017610000)]
  0x0000000016f34800 JavaThread "Attach Listener" daemon [_thread_blocked, id=7620, stack(0x0000000017410000,0x0000000017510000)]
  0x0000000016f34000 JavaThread "Signal Dispatcher" daemon [_thread_blocked, id=4684, stack(0x0000000017310000,0x0000000017410000)]
  0x0000000002407800 JavaThread "Finalizer" daemon [_thread_blocked, id=6932, stack(0x0000000016e10000,0x0000000016f10000)]
  0x0000000002401000 JavaThread "Reference Handler" daemon [_thread_blocked, id=4372, stack(0x0000000016d10000,0x0000000016e10000)]
  0x0000000002310800 JavaThread "main" [_thread_blocked, id=7944, stack(0x0000000002210000,0x0000000002310000)]

Other Threads:
  0x0000000014f28800 VMThread [stack: 0x0000000016c10000,0x0000000016d10000] [id=3436]
  0x0000000016fb0800 WatcherThread [stack: 0x0000000017a10000,0x0000000017b10000] [id=7748]

VM state:not at safepoint (normal execution)

VM Mutex/Monitor currently owned by a thread: None

Heap:
 PSYoungGen      total 35328K, used 21698K [0x00000000eab00000, 0x00000000ed000000, 0x0000000100000000)
  eden space 32768K, 58% used [0x00000000eab00000,0x00000000ebdb1ec0,0x00000000ecb00000)
  from space 2560K, 99% used [0x00000000ecd80000,0x00000000ecffeab0,0x00000000ed000000)
  to   space 2560K, 0% used [0x00000000ecb00000,0x00000000ecb00000,0x00000000ecd80000)
 ParOldGen       total 44032K, used 3832K [0x00000000c0000000, 0x00000000c2b00000, 0x00000000eab00000)
  object space 44032K, 8% used [0x00000000c0000000,0x00000000c03be190,0x00000000c2b00000)
 Metaspace       used 5984K, capacity 7024K, committed 7296K, reserved 1056768K
  class space    used 584K, capacity 616K, committed 640K, reserved 1048576K

Card table byte_map: [0x00000000117d0000,0x00000000119e0000] byte_map_base: 0x00000000111d0000

Marking Bits: (ParMarkBitMap*) 0x00000000702ed4f0
 Begin Bits: [0x0000000012340000, 0x0000000013340000)
 End Bits:   [0x0000000013340000, 0x0000000014340000)

Polling page: 0x0000000000a10000

CodeCache: size=245760Kb used=6525Kb max_used=6525Kb free=239234Kb
 bounds [0x0000000002410000, 0x0000000002a80000, 0x0000000011410000]
 total_blobs=1813 nmethods=1549 adapters=178
 compilation: enabled

Compilation events (10 events):
Event: 4.274 Thread 0x0000000016fa0800 nmethod 1551 0x0000000002a56090 code [0x0000000002a561e0, 0x0000000002a562f0]
Event: 4.275 Thread 0x0000000016fa0800 1555       3       com.android.dx.rop.code.BasicBlockList$RegCountVisitor::visitThrowingInsn (6 bytes)
Event: 4.275 Thread 0x0000000016fa0800 nmethod 1555 0x0000000002a55d10 code [0x0000000002a55e80, 0x0000000002a56008]
Event: 4.275 Thread 0x0000000016fa0800 1556       3       com.android.dx.dex.cf.CfTranslator::translate0 (259 bytes)
Event: 4.277 Thread 0x0000000016f3e800 nmethod 1548 0x0000000002a5ad90 code [0x0000000002a5af20, 0x0000000002a5b698]
Event: 4.277 Thread 0x0000000016f3e800 1550       4       com.android.dx.ssa.back.SsaToRop::convertInsns (53 bytes)
Event: 4.278 Thread 0x0000000016fa0800 nmethod 1556 0x0000000002a63710 code [0x0000000002a63b80, 0x0000000002a66828]
Event: 4.283 Thread 0x0000000016f3e800 nmethod 1550 0x0000000002a5a2d0 code [0x0000000002a5a440, 0x0000000002a5a818]
Event: 4.283 Thread 0x0000000016f3e800 1552       4       com.android.dx.rop.code.Rops::ropFor (771 bytes)
Event: 4.291 Thread 0x0000000016fa0800 1558       3       com.android.dx.cf.code.Ropper::addSetupBlocks (535 bytes)

GC Heap History (4 events):
Event: 2.042 GC heap before
{Heap before GC invocations=1 (full 0):
 PSYoungGen      total 18944K, used 16384K [0x00000000eab00000, 0x00000000ec000000, 0x0000000100000000)
  eden space 16384K, 100% used [0x00000000eab00000,0x00000000ebb00000,0x00000000ebb00000)
  from space 2560K, 0% used [0x00000000ebd80000,0x00000000ebd80000,0x00000000ec000000)
  to   space 2560K, 0% used [0x00000000ebb00000,0x00000000ebb00000,0x00000000ebd80000)
 ParOldGen       total 44032K, used 0K [0x00000000c0000000, 0x00000000c2b00000, 0x00000000eab00000)
  object space 44032K, 0% used [0x00000000c0000000,0x00000000c0000000,0x00000000c2b00000)
 Metaspace       used 5623K, capacity 6704K, committed 6784K, reserved 1056768K
  class space    used 577K, capacity 616K, committed 640K, reserved 1048576K
Event: 2.093 GC heap after
Heap after GC invocations=1 (full 0):
 PSYoungGen      total 18944K, used 2535K [0x00000000eab00000, 0x00000000ed000000, 0x0000000100000000)
  eden space 16384K, 0% used [0x00000000eab00000,0x00000000eab00000,0x00000000ebb00000)
  from space 2560K, 99% used [0x00000000ebb00000,0x00000000ebd79c70,0x00000000ebd80000)
  to   space 2560K, 0% used [0x00000000ecd80000,0x00000000ecd80000,0x00000000ed000000)
 ParOldGen       total 44032K, used 1856K [0x00000000c0000000, 0x00000000c2b00000, 0x00000000eab00000)
  object space 44032K, 4% used [0x00000000c0000000,0x00000000c01d03c8,0x00000000c2b00000)
 Metaspace       used 5623K, capacity 6704K, committed 6784K, reserved 1056768K
  class space    used 577K, capacity 616K, committed 640K, reserved 1048576K
}
Event: 3.275 GC heap before
{Heap before GC invocations=2 (full 0):
 PSYoungGen      total 18944K, used 18919K [0x00000000eab00000, 0x00000000ed000000, 0x0000000100000000)
  eden space 16384K, 100% used [0x00000000eab00000,0x00000000ebb00000,0x00000000ebb00000)
  from space 2560K, 99% used [0x00000000ebb00000,0x00000000ebd79c70,0x00000000ebd80000)
  to   space 2560K, 0% used [0x00000000ecd80000,0x00000000ecd80000,0x00000000ed000000)
 ParOldGen       total 44032K, used 1856K [0x00000000c0000000, 0x00000000c2b00000, 0x00000000eab00000)
  object space 44032K, 4% used [0x00000000c0000000,0x00000000c01d03c8,0x00000000c2b00000)
 Metaspace       used 5936K, capacity 7024K, committed 7296K, reserved 1056768K
  class space    used 584K, capacity 616K, committed 640K, reserved 1048576K
Event: 3.315 GC heap after
Heap after GC invocations=2 (full 0):
 PSYoungGen      total 35328K, used 2554K [0x00000000eab00000, 0x00000000ed000000, 0x0000000100000000)
  eden space 32768K, 0% used [0x00000000eab00000,0x00000000eab00000,0x00000000ecb00000)
  from space 2560K, 99% used [0x00000000ecd80000,0x00000000ecffeab0,0x00000000ed000000)
  to   space 2560K, 0% used [0x00000000ecb00000,0x00000000ecb00000,0x00000000ecd80000)
 ParOldGen       total 44032K, used 3832K [0x00000000c0000000, 0x00000000c2b00000, 0x00000000eab00000)
  object space 44032K, 8% used [0x00000000c0000000,0x00000000c03be190,0x00000000c2b00000)
 Metaspace       used 5936K, capacity 7024K, committed 7296K, reserved 1056768K
  class space    used 584K, capacity 616K, committed 640K, reserved 1048576K
}

Deoptimization events (10 events):
Event: 4.163 Thread 0x0000000017212000 Uncommon trap: reason=uninitialized action=reinterpret pc=0x0000000002971cf0 method=com.android.dx.cf.code.BytecodeArray.parseInstruction(ILcom/android/dx/cf/code/BytecodeArray$Visitor;)I @ 999
Event: 4.165 Thread 0x0000000017212000 Uncommon trap: reason=bimorphic action=maybe_recompile pc=0x0000000002936f5c method=com.android.dx.ssa.SCCP.simulatePhi(Lcom/android/dx/ssa/PhiInsn;)V @ 124
Event: 4.165 Thread 0x0000000017212000 Uncommon trap: reason=bimorphic action=maybe_recompile pc=0x00000000026c2114 method=java.util.HashMap.getNode(ILjava/lang/Object;)Ljava/util/HashMap$Node; @ 126
Event: 4.170 Thread 0x0000000002310800 Uncommon trap: reason=unloaded action=reinterpret pc=0x000000000297f580 method=com.android.dx.cf.cst.ConstantPoolParser.parse0(ILjava/util/BitSet;)Lcom/android/dx/rop/cst/Constant; @ 198
Event: 4.174 Thread 0x0000000017201000 Uncommon trap: reason=bimorphic action=maybe_recompile pc=0x0000000002936f5c method=com.android.dx.ssa.SCCP.simulatePhi(Lcom/android/dx/ssa/PhiInsn;)V @ 124
Event: 4.174 Thread 0x0000000017201000 Uncommon trap: reason=bimorphic action=maybe_recompile pc=0x00000000026c2114 method=java.util.HashMap.getNode(ILjava/lang/Object;)Ljava/util/HashMap$Node; @ 126
Event: 4.176 Thread 0x0000000017212000 Uncommon trap: reason=bimorphic action=maybe_recompile pc=0x00000000029ab0f0 method=com.android.dx.ssa.LiteralOpUpgrader.tryReplacingWithConstant(Lcom/android/dx/ssa/NormalSsaInsn;)Z @ 62
Event: 4.176 Thread 0x0000000017212000 Uncommon trap: reason=bimorphic action=maybe_recompile pc=0x00000000029ab0f0 method=com.android.dx.ssa.LiteralOpUpgrader.tryReplacingWithConstant(Lcom/android/dx/ssa/NormalSsaInsn;)Z @ 62
Event: 4.176 Thread 0x0000000017212000 Uncommon trap: reason=bimorphic action=maybe_recompile pc=0x00000000029ab0f0 method=com.android.dx.ssa.LiteralOpUpgrader.tryReplacingWithConstant(Lcom/android/dx/ssa/NormalSsaInsn;)Z @ 62
Event: 4.176 Thread 0x0000000017212000 Uncommon trap: reason=bimorphic action=maybe_recompile pc=0x00000000029ab0f0 method=com.android.dx.ssa.LiteralOpUpgrader.tryReplacingWithConstant(Lcom/android/dx/ssa/NormalSsaInsn;)Z @ 62

Internal exceptions (10 events):
Event: 2.257 Thread 0x0000000002310800 Exception <a 'java/security/PrivilegedActionException'> (0x00000000eab86830) thrown at [C:\workspace\8-2-build-windows-amd64-cygwin\jdk8u31\2394\hotspot\src\share\vm\prims\jvm.cpp, line 1312]
Event: 2.257 Thread 0x0000000002310800 Exception <a 'java/security/PrivilegedActionException'> (0x00000000eab88f68) thrown at [C:\workspace\8-2-build-windows-amd64-cygwin\jdk8u31\2394\hotspot\src\share\vm\prims\jvm.cpp, line 1312]
Event: 2.265 Thread 0x0000000017208000 Exception <a 'java/security/PrivilegedActionException'> (0x00000000eaf0d458) thrown at [C:\workspace\8-2-build-windows-amd64-cygwin\jdk8u31\2394\hotspot\src\share\vm\prims\jvm.cpp, line 1312]
Event: 2.265 Thread 0x0000000017208000 Exception <a 'java/security/PrivilegedActionException'> (0x00000000eaf12ea8) thrown at [C:\workspace\8-2-build-windows-amd64-cygwin\jdk8u31\2394\hotspot\src\share\vm\prims\jvm.cpp, line 1312]
Event: 2.266 Thread 0x0000000017208000 Exception <a 'java/security/PrivilegedActionException'> (0x00000000eaf185e8) thrown at [C:\workspace\8-2-build-windows-amd64-cygwin\jdk8u31\2394\hotspot\src\share\vm\prims\jvm.cpp, line 1312]
Event: 2.627 Thread 0x0000000002310800 Exception <a 'java/security/PrivilegedActionException'> (0x00000000eb10aae8) thrown at [C:\workspace\8-2-build-windows-amd64-cygwin\jdk8u31\2394\hotspot\src\share\vm\prims\jvm.cpp, line 1312]
Event: 2.636 Thread 0x0000000002310800 Exception <a 'java/security/PrivilegedActionException'> (0x00000000eb11d298) thrown at [C:\workspace\8-2-build-windows-amd64-cygwin\jdk8u31\2394\hotspot\src\share\vm\prims\jvm.cpp, line 1312]
Event: 2.637 Thread 0x0000000002310800 Exception <a 'java/security/PrivilegedActionException'> (0x00000000eb11fa80) thrown at [C:\workspace\8-2-build-windows-amd64-cygwin\jdk8u31\2394\hotspot\src\share\vm\prims\jvm.cpp, line 1312]
Event: 2.649 Thread 0x0000000017205000 Exception <a 'java/security/PrivilegedActionException'> (0x00000000eb178fe0) thrown at [C:\workspace\8-2-build-windows-amd64-cygwin\jdk8u31\2394\hotspot\src\share\vm\prims\jvm.cpp, line 1312]
Event: 2.869 Thread 0x0000000002310800 Exception <a 'java/security/PrivilegedActionException'> (0x00000000eb613348) thrown at [C:\workspace\8-2-build-windows-amd64-cygwin\jdk8u31\2394\hotspot\src\share\vm\prims\jvm.cpp, line 1312]

Events (10 events):
Event: 4.176 Thread 0x0000000017212000 DEOPT UNPACKING pc=0x000000000245556a sp=0x000000001800e6c0 mode 2
Event: 4.176 Thread 0x0000000017212000 Uncommon trap: trap_request=0xffffffc6 fr.pc=0x00000000029ab0f0
Event: 4.176 Thread 0x0000000017212000 DEOPT PACKING pc=0x00000000029ab0f0 sp=0x000000001800e720
Event: 4.176 Thread 0x0000000017212000 DEOPT UNPACKING pc=0x000000000245556a sp=0x000000001800e6c0 mode 2
Event: 4.176 Thread 0x0000000017212000 Uncommon trap: trap_request=0xffffffc6 fr.pc=0x00000000029ab0f0
Event: 4.176 Thread 0x0000000017212000 DEOPT PACKING pc=0x00000000029ab0f0 sp=0x000000001800e720
Event: 4.176 Thread 0x0000000017212000 DEOPT UNPACKING pc=0x000000000245556a sp=0x000000001800e6c0 mode 2
Event: 4.176 Thread 0x0000000017212000 Uncommon trap: trap_request=0xffffffc6 fr.pc=0x00000000029ab0f0
Event: 4.176 Thread 0x0000000017212000 DEOPT PACKING pc=0x00000000029ab0f0 sp=0x000000001800e720
Event: 4.176 Thread 0x0000000017212000 DEOPT UNPACKING pc=0x000000000245556a sp=0x000000001800e6c0 mode 2


Dynamic libraries:
0x00007ff73e6e0000 - 0x00007ff73e714000 	C:\Program Files\Java\jdk1.8.0_31\bin\java.exe
0x00007ffda6090000 - 0x00007ffda623c000 	C:\Windows\SYSTEM32\ntdll.dll
0x00007ffda3a50000 - 0x00007ffda3b8e000 	C:\Windows\system32\KERNEL32.DLL
0x00007ffda3540000 - 0x00007ffda3655000 	C:\Windows\system32\KERNELBASE.dll
0x00007ffda1dd0000 - 0x00007ffda1e5e000 	C:\Windows\system32\apphelp.dll
0x00007ffd9e5c0000 - 0x00007ffd9e613000 	C:\Windows\AppPatch\AppPatch64\AcGenral.DLL
0x00007ffda4640000 - 0x00007ffda46ea000 	C:\Windows\system32\msvcrt.dll
0x00007ffda2fa0000 - 0x00007ffda2fce000 	C:\Windows\SYSTEM32\SspiCli.dll
0x00007ffda3e00000 - 0x00007ffda3e54000 	C:\Windows\system32\SHLWAPI.dll
0x00007ffda4290000 - 0x00007ffda4407000 	C:\Windows\system32\USER32.dll
0x00007ffda3b90000 - 0x00007ffda3d24000 	C:\Windows\system32\ole32.dll
0x00007ffda4b60000 - 0x00007ffda608b000 	C:\Windows\system32\SHELL32.dll
0x00007ffda2780000 - 0x00007ffda27a1000 	C:\Windows\SYSTEM32\USERENV.dll
0x00007ffda3e60000 - 0x00007ffda3f0a000 	C:\Windows\system32\ADVAPI32.dll
0x00007ffd942c0000 - 0x00007ffd942de000 	C:\Windows\SYSTEM32\MPR.dll
0x00007ffda4140000 - 0x00007ffda4281000 	C:\Windows\system32\RPCRT4.dll
0x00007ffda3f10000 - 0x00007ffda3f69000 	C:\Windows\SYSTEM32\sechost.dll
0x00007ffda4420000 - 0x00007ffda4631000 	C:\Windows\SYSTEM32\combase.dll
0x00007ffda3710000 - 0x00007ffda385f000 	C:\Windows\system32\GDI32.dll
0x00007ffda31e0000 - 0x00007ffda31f5000 	C:\Windows\SYSTEM32\profapi.dll
0x00007ffda1c60000 - 0x00007ffda1d12000 	C:\Windows\SYSTEM32\SHCORE.dll
0x00007ffda4090000 - 0x00007ffda40c6000 	C:\Windows\system32\IMM32.DLL
0x00007ffda46f0000 - 0x00007ffda4842000 	C:\Windows\system32\MSCTF.dll
0x00007ffda1070000 - 0x00007ffda12eb000 	C:\Windows\WinSxS\amd64_microsoft.windows.common-controls_6595b64144ccf1df_6.0.9600.18006_none_623f33d3ecbe86e8\COMCTL32.dll
0x000000006f6e0000 - 0x000000006f7b2000 	C:\Program Files\Java\jdk1.8.0_31\jre\bin\msvcr100.dll
0x000000006fb10000 - 0x000000007036a000 	C:\Program Files\Java\jdk1.8.0_31\jre\bin\server\jvm.dll
0x00007ffda1bc0000 - 0x00007ffda1bc9000 	C:\Windows\SYSTEM32\WSOCK32.dll
0x00007ffda1bd0000 - 0x00007ffda1bf2000 	C:\Windows\SYSTEM32\WINMM.dll
0x00007ffda4410000 - 0x00007ffda4417000 	C:\Windows\system32\PSAPI.DLL
0x00007ffda40e0000 - 0x00007ffda413a000 	C:\Windows\system32\WS2_32.dll
0x00007ffda04a0000 - 0x00007ffda04ca000 	C:\Windows\SYSTEM32\WINMMBASE.dll
0x00007ffda40d0000 - 0x00007ffda40d9000 	C:\Windows\system32\NSI.dll
0x00007ffda36c0000 - 0x00007ffda370f000 	C:\Windows\SYSTEM32\cfgmgr32.dll
0x00007ffda1fd0000 - 0x00007ffda1ff8000 	C:\Windows\SYSTEM32\DEVOBJ.dll
0x0000000070cd0000 - 0x0000000070cdf000 	C:\Program Files\Java\jdk1.8.0_31\jre\bin\verify.dll
0x0000000070ca0000 - 0x0000000070cc8000 	C:\Program Files\Java\jdk1.8.0_31\jre\bin\java.dll
0x000000006faf0000 - 0x000000006fb06000 	C:\Program Files\Java\jdk1.8.0_31\jre\bin\zip.dll

VM Arguments:
jvm_args: -Xmx1024M -Dfile.encoding=windows-1252 -Duser.country=US -Duser.language=en -Duser.variant 
java_command: com.android.dx.command.Main --dex --num-threads=4 --output E:\Data Adek\Data Kuliah\SEM 7 - MOBILE\FINAL PROJECT\Android1_EasyGo\EasyGo\app\build\intermediates\pre-dexed\debug\classes-690fef8f85ee4031017e325b9dded4d5f4f8e292.jar E:\Data Adek\Data Kuliah\SEM 7 - MOBILE\FINAL PROJECT\Android1_EasyGo\EasyGo\app\build\intermediates\exploded-aar\com.google.android.gms\play-services-auth\8.4.0\jars\classes.jar
java_class_path (initial): C:\Users\angga\AppData\Local\Android\sdk\build-tools\23.0.1\lib\dx.jar
Launcher Type: SUN_STANDARD

Environment Variables:
PATH=C:\ProgramData\Oracle\Java\javapath;C:\oraclexe\app\oracle\product\10.2.0\server\bin;C:\Program Files (x86)\Intel\iCLS Client\;C:\Program Files\Intel\iCLS Client\;C:\Windows\system32;C:\Windows;C:\Windows\System32\Wbem;C:\Windows\System32\WindowsPowerShell\v1.0\;C:\Program Files\Intel\Intel(R) Management Engine Components\DAL;C:\Program Files\Intel\Intel(R) Management Engine Components\IPT;C:\Program Files (x86)\Intel\Intel(R) Management Engine Components\DAL;C:\Program Files (x86)\Intel\Intel(R) Management Engine Components\IPT;C:\Program Files (x86)\Windows Kits\8.1\Windows Performance Toolkit\;C:\Program Files\Microsoft SQL Server\110\Tools\Binn\;C:\Program Files (x86)\nodejs\;C:\Users\angga\AppData\Roaming\npm;C:\Program Files (x86)\Java\jre7\bin
USERNAME=angga
OS=Windows_NT
PROCESSOR_IDENTIFIER=Intel64 Family 6 Model 58 Stepping 9, GenuineIntel



---------------  S Y S T E M  ---------------

OS: Windows 8.1 , 64 bit Build 9600 

CPU:total 8 (4 cores per cpu, 2 threads per core) family 6 model 58 stepping 9, cmov, cx8, fxsr, mmx, sse, sse2, sse3, ssse3, sse4.1, sse4.2, popcnt, avx, aes, clmul, erms, ht, tsc, tscinvbit, tscinv

Memory: 4k page, physical 4144288k(219040k free), swap 7290016k(5120k free)

vm_info: Java HotSpot(TM) 64-Bit Server VM (25.31-b07) for windows-amd64 JRE (1.8.0_31-b13), built on Dec 17 2014 21:00:28 by "java_re" with MS VC++ 10.0 (VS2010)

time: Sat Jan 02 20:16:48 2016
elapsed time: 4 seconds (0d 0h 0m 4s)

