#
# There is insufficient memory for the Java Runtime Environment to continue.
# Native memory allocation (malloc) failed to allocate 4194320 bytes for Chunk::new
# Possible reasons:
#   The system is out of physical RAM or swap space
#   In 32 bit mode, the process size limit was hit
# Possible solutions:
#   Reduce memory load on the system
#   Increase physical memory or swap space
#   Check if swap backing store is full
#   Use 64 bit Java on a 64 bit OS
#   Decrease Java heap size (-Xmx/-Xms)
#   Decrease number of Java threads
#   Decrease Java thread stack sizes (-Xss)
#   Set larger code cache with -XX:ReservedCodeCacheSize=
# This output file may be truncated or incomplete.
#
#  Out of Memory Error (allocation.cpp:390), pid=5636, tid=3980
#
# JRE version: Java(TM) SE Runtime Environment (8.0_31-b13) (build 1.8.0_31-b13)
# Java VM: Java HotSpot(TM) 64-Bit Server VM (25.31-b07 mixed mode windows-amd64 compressed oops)
# Failed to write core dump. Minidumps are not enabled by default on client versions of Windows
#

---------------  T H R E A D  ---------------

Current thread (0x000000001730d000):  JavaThread "C2 CompilerThread1" daemon [_thread_in_native, id=3980, stack(0x00000000179e0000,0x0000000017ae0000)]

Stack: [0x00000000179e0000,0x0000000017ae0000]
Native frames: (J=compiled Java code, j=interpreted, Vv=VM code, C=native code)
V  [jvm.dll+0x3169ba]


Current CompileTask:
C2:   3217 1744   !   4       com.android.dx.cf.code.Ropper::processBlock (1101 bytes)


---------------  P R O C E S S  ---------------

Java Threads: ( => current thread )
  0x00000000173a5800 JavaThread "Service Thread" daemon [_thread_blocked, id=5844, stack(0x0000000017ce0000,0x0000000017de0000)]
  0x000000001731d000 JavaThread "C1 CompilerThread3" daemon [_thread_blocked, id=4784, stack(0x0000000017be0000,0x0000000017ce0000)]
  0x000000001730f000 JavaThread "C2 CompilerThread2" daemon [_thread_in_native, id=7148, stack(0x0000000017ae0000,0x0000000017be0000)]
=>0x000000001730d000 JavaThread "C2 CompilerThread1" daemon [_thread_in_native, id=3980, stack(0x00000000179e0000,0x0000000017ae0000)]
  0x000000001730b000 JavaThread "C2 CompilerThread0" daemon [_thread_in_native, id=6204, stack(0x00000000178e0000,0x00000000179e0000)]
  0x0000000017305000 JavaThread "Attach Listener" daemon [_thread_blocked, id=6564, stack(0x00000000177e0000,0x00000000178e0000)]
  0x0000000017304000 JavaThread "Signal Dispatcher" daemon [_thread_blocked, id=7604, stack(0x00000000176e0000,0x00000000177e0000)]
  0x00000000027e8000 JavaThread "Finalizer" daemon [_thread_blocked, id=4052, stack(0x00000000171e0000,0x00000000172e0000)]
  0x000000001530c000 JavaThread "Reference Handler" daemon [_thread_blocked, id=4520, stack(0x00000000170e0000,0x00000000171e0000)]
  0x00000000026f0800 JavaThread "main" [_thread_in_Java, id=964, stack(0x00000000025f0000,0x00000000026f0000)]

Other Threads:
  0x0000000015308800 VMThread [stack: 0x0000000016fe0000,0x00000000170e0000] [id=6496]
  0x00000000173a8800 WatcherThread [stack: 0x0000000017de0000,0x0000000017ee0000] [id=7712]

VM state:not at safepoint (normal execution)

VM Mutex/Monitor currently owned by a thread: None

Heap:
 PSYoungGen      total 68096K, used 42898K [0x00000000eab00000, 0x00000000f4300000, 0x0000000100000000)
  eden space 65536K, 61% used [0x00000000eab00000,0x00000000ed265240,0x00000000eeb00000)
  from space 2560K, 99% used [0x00000000eeb00000,0x00000000eed7f800,0x00000000eed80000)
  to   space 12288K, 0% used [0x00000000f3700000,0x00000000f3700000,0x00000000f4300000)
 ParOldGen       total 44032K, used 23531K [0x00000000c0000000, 0x00000000c2b00000, 0x00000000eab00000)
  object space 44032K, 53% used [0x00000000c0000000,0x00000000c16faed0,0x00000000c2b00000)
 Metaspace       used 6539K, capacity 7448K, committed 7680K, reserved 1056768K
  class space    used 624K, capacity 656K, committed 768K, reserved 1048576K

Card table byte_map: [0x0000000011bb0000,0x0000000011dc0000] byte_map_base: 0x00000000115b0000

Marking Bits: (ParMarkBitMap*) 0x00000000702ed4f0
 Begin Bits: [0x0000000012720000, 0x0000000013720000)
 End Bits:   [0x0000000013720000, 0x0000000014720000)

Polling page: 0x0000000000d00000

CodeCache: size=245760Kb used=8142Kb max_used=8142Kb free=237617Kb
 bounds [0x00000000027f0000, 0x0000000002ff0000, 0x00000000117f0000]
 total_blobs=2354 nmethods=2090 adapters=178
 compilation: enabled

Compilation events (10 events):
Event: 3.180 Thread 0x000000001731d000 nmethod 2145 0x0000000002fd2b90 code [0x0000000002fd2d40, 0x0000000002fd3218]
Event: 3.180 Thread 0x000000001731d000 2150       2       com.android.dx.dex.code.form.Form10x::isCompatible (23 bytes)
Event: 3.180 Thread 0x000000001731d000 nmethod 2150 0x0000000002fd3590 code [0x0000000002fd36e0, 0x0000000002fd38b0]
Event: 3.180 Thread 0x000000001731d000 2143       2       com.android.dx.dex.code.LocalList$Entry::matches (9 bytes)
Event: 3.180 Thread 0x000000001731d000 nmethod 2143 0x0000000002fd39d0 code [0x0000000002fd3b40, 0x0000000002fd3d08]
Event: 3.180 Thread 0x000000001731d000 2151       2       com.android.dx.dex.code.LocalList$MakeState::checkForEmptyRange (198 bytes)
Event: 3.182 Thread 0x000000001731d000 nmethod 2151 0x0000000002fd3e10 code [0x0000000002fd4060, 0x0000000002fd4aa8]
Event: 3.182 Thread 0x000000001731d000 2152       2       com.android.dx.dex.code.form.Form22b::codeSize (2 bytes)
Event: 3.182 Thread 0x000000001731d000 nmethod 2152 0x0000000002fd5890 code [0x0000000002fd59e0, 0x0000000002fd5b30]
Event: 3.182 Thread 0x000000001731d000 2153       2       com.android.dx.dex.code.LocalList$MakeState::endLocal (51 bytes)

GC Heap History (10 events):
Event: 0.328 GC heap before
{Heap before GC invocations=1 (full 0):
 PSYoungGen      total 18944K, used 16384K [0x00000000eab00000, 0x00000000ec000000, 0x0000000100000000)
  eden space 16384K, 100% used [0x00000000eab00000,0x00000000ebb00000,0x00000000ebb00000)
  from space 2560K, 0% used [0x00000000ebd80000,0x00000000ebd80000,0x00000000ec000000)
  to   space 2560K, 0% used [0x00000000ebb00000,0x00000000ebb00000,0x00000000ebd80000)
 ParOldGen       total 44032K, used 0K [0x00000000c0000000, 0x00000000c2b00000, 0x00000000eab00000)
  object space 44032K, 0% used [0x00000000c0000000,0x00000000c0000000,0x00000000c2b00000)
 Metaspace       used 5590K, capacity 6704K, committed 6784K, reserved 1056768K
  class space    used 579K, capacity 616K, committed 640K, reserved 1048576K
Event: 0.342 GC heap after
Heap after GC invocations=1 (full 0):
 PSYoungGen      total 18944K, used 2535K [0x00000000eab00000, 0x00000000ed000000, 0x0000000100000000)
  eden space 16384K, 0% used [0x00000000eab00000,0x00000000eab00000,0x00000000ebb00000)
  from space 2560K, 99% used [0x00000000ebb00000,0x00000000ebd79c70,0x00000000ebd80000)
  to   space 2560K, 0% used [0x00000000ecd80000,0x00000000ecd80000,0x00000000ed000000)
 ParOldGen       total 44032K, used 1941K [0x00000000c0000000, 0x00000000c2b00000, 0x00000000eab00000)
  object space 44032K, 4% used [0x00000000c0000000,0x00000000c01e5710,0x00000000c2b00000)
 Metaspace       used 5590K, capacity 6704K, committed 6784K, reserved 1056768K
  class space    used 579K, capacity 616K, committed 640K, reserved 1048576K
}
Event: 0.561 GC heap before
{Heap before GC invocations=2 (full 0):
 PSYoungGen      total 18944K, used 18919K [0x00000000eab00000, 0x00000000ed000000, 0x0000000100000000)
  eden space 16384K, 100% used [0x00000000eab00000,0x00000000ebb00000,0x00000000ebb00000)
  from space 2560K, 99% used [0x00000000ebb00000,0x00000000ebd79c70,0x00000000ebd80000)
  to   space 2560K, 0% used [0x00000000ecd80000,0x00000000ecd80000,0x00000000ed000000)
 ParOldGen       total 44032K, used 1941K [0x00000000c0000000, 0x00000000c2b00000, 0x00000000eab00000)
  object space 44032K, 4% used [0x00000000c0000000,0x00000000c01e5710,0x00000000c2b00000)
 Metaspace       used 5777K, capacity 6896K, committed 7040K, reserved 1056768K
  class space    used 584K, capacity 616K, committed 640K, reserved 1048576K
Event: 0.604 GC heap after
Heap after GC invocations=2 (full 0):
 PSYoungGen      total 35328K, used 2544K [0x00000000eab00000, 0x00000000ed000000, 0x0000000100000000)
  eden space 32768K, 0% used [0x00000000eab00000,0x00000000eab00000,0x00000000ecb00000)
  from space 2560K, 99% used [0x00000000ecd80000,0x00000000ecffc140,0x00000000ed000000)
  to   space 2560K, 0% used [0x00000000ecb00000,0x00000000ecb00000,0x00000000ecd80000)
 ParOldGen       total 44032K, used 4454K [0x00000000c0000000, 0x00000000c2b00000, 0x00000000eab00000)
  object space 44032K, 10% used [0x00000000c0000000,0x00000000c0459818,0x00000000c2b00000)
 Metaspace       used 5777K, capacity 6896K, committed 7040K, reserved 1056768K
  class space    used 584K, capacity 616K, committed 640K, reserved 1048576K
}
Event: 1.105 GC heap before
{Heap before GC invocations=3 (full 0):
 PSYoungGen      total 35328K, used 35312K [0x00000000eab00000, 0x00000000ed000000, 0x0000000100000000)
  eden space 32768K, 100% used [0x00000000eab00000,0x00000000ecb00000,0x00000000ecb00000)
  from space 2560K, 99% used [0x00000000ecd80000,0x00000000ecffc140,0x00000000ed000000)
  to   space 2560K, 0% used [0x00000000ecb00000,0x00000000ecb00000,0x00000000ecd80000)
 ParOldGen       total 44032K, used 4454K [0x00000000c0000000, 0x00000000c2b00000, 0x00000000eab00000)
  object space 44032K, 10% used [0x00000000c0000000,0x00000000c0459818,0x00000000c2b00000)
 Metaspace       used 6004K, capacity 7088K, committed 7296K, reserved 1056768K
  class space    used 585K, capacity 616K, committed 640K, reserved 1048576K
Event: 1.228 GC heap after
Heap after GC invocations=3 (full 0):
 PSYoungGen      total 35328K, used 2544K [0x00000000eab00000, 0x00000000ef000000, 0x0000000100000000)
  eden space 32768K, 0% used [0x00000000eab00000,0x00000000eab00000,0x00000000ecb00000)
  from space 2560K, 99% used [0x00000000ecb00000,0x00000000ecd7c2e8,0x00000000ecd80000)
  to   space 2560K, 0% used [0x00000000eed80000,0x00000000eed80000,0x00000000ef000000)
 ParOldGen       total 44032K, used 8855K [0x00000000c0000000, 0x00000000c2b00000, 0x00000000eab00000)
  object space 44032K, 20% used [0x00000000c0000000,0x00000000c08a5d38,0x00000000c2b00000)
 Metaspace       used 6004K, capacity 7088K, committed 7296K, reserved 1056768K
  class space    used 585K, capacity 616K, committed 640K, reserved 1048576K
}
Event: 2.376 GC heap before
{Heap before GC invocations=4 (full 0):
 PSYoungGen      total 35328K, used 35312K [0x00000000eab00000, 0x00000000ef000000, 0x0000000100000000)
  eden space 32768K, 100% used [0x00000000eab00000,0x00000000ecb00000,0x00000000ecb00000)
  from space 2560K, 99% used [0x00000000ecb00000,0x00000000ecd7c2e8,0x00000000ecd80000)
  to   space 2560K, 0% used [0x00000000eed80000,0x00000000eed80000,0x00000000ef000000)
 ParOldGen       total 44032K, used 8855K [0x00000000c0000000, 0x00000000c2b00000, 0x00000000eab00000)
  object space 44032K, 20% used [0x00000000c0000000,0x00000000c08a5d38,0x00000000c2b00000)
 Metaspace       used 6141K, capacity 7154K, committed 7296K, reserved 1056768K
  class space    used 604K, capacity 618K, committed 640K, reserved 1048576K
Event: 2.403 GC heap after
Heap after GC invocations=4 (full 0):
 PSYoungGen      total 68096K, used 2559K [0x00000000eab00000, 0x00000000ef000000, 0x0000000100000000)
  eden space 65536K, 0% used [0x00000000eab00000,0x00000000eab00000,0x00000000eeb00000)
  from space 2560K, 99% used [0x00000000eed80000,0x00000000eefffc28,0x00000000ef000000)
  to   space 2560K, 0% used [0x00000000eeb00000,0x00000000eeb00000,0x00000000eed80000)
 ParOldGen       total 44032K, used 13960K [0x00000000c0000000, 0x00000000c2b00000, 0x00000000eab00000)
  object space 44032K, 31% used [0x00000000c0000000,0x00000000c0da20a0,0x00000000c2b00000)
 Metaspace       used 6141K, capacity 7154K, committed 7296K, reserved 1056768K
  class space    used 604K, capacity 618K, committed 640K, reserved 1048576K
}
Event: 2.768 GC heap before
{Heap before GC invocations=5 (full 0):
 PSYoungGen      total 68096K, used 68095K [0x00000000eab00000, 0x00000000ef000000, 0x0000000100000000)
  eden space 65536K, 100% used [0x00000000eab00000,0x00000000eeb00000,0x00000000eeb00000)
  from space 2560K, 99% used [0x00000000eed80000,0x00000000eefffc28,0x00000000ef000000)
  to   space 2560K, 0% used [0x00000000eeb00000,0x00000000eeb00000,0x00000000eed80000)
 ParOldGen       total 44032K, used 13960K [0x00000000c0000000, 0x00000000c2b00000, 0x00000000eab00000)
  object space 44032K, 31% used [0x00000000c0000000,0x00000000c0da20a0,0x00000000c2b00000)
 Metaspace       used 6197K, capacity 7154K, committed 7296K, reserved 1056768K
  class space    used 604K, capacity 618K, committed 640K, reserved 1048576K
Event: 2.802 GC heap after
Heap after GC invocations=5 (full 0):
 PSYoungGen      total 68096K, used 2558K [0x00000000eab00000, 0x00000000f4300000, 0x0000000100000000)
  eden space 65536K, 0% used [0x00000000eab00000,0x00000000eab00000,0x00000000eeb00000)
  from space 2560K, 99% used [0x00000000eeb00000,0x00000000eed7f800,0x00000000eed80000)
  to   space 12288K, 0% used [0x00000000f3700000,0x00000000f3700000,0x00000000f4300000)
 ParOldGen       total 44032K, used 23531K [0x00000000c0000000, 0x00000000c2b00000, 0x00000000eab00000)
  object space 44032K, 53% used [0x00000000c0000000,0x00000000c16faed0,0x00000000c2b00000)
 Metaspace       used 6197K, capacity 7154K, committed 7296K, reserved 1056768K
  class space    used 604K, capacity 618K, committed 640K, reserved 1048576K
}

Deoptimization events (10 events):
Event: 2.853 Thread 0x00000000175e1000 Uncommon trap: reason=bimorphic action=maybe_recompile pc=0x0000000002e1b49c method=com.android.dx.cf.code.RopperMachine.run(Lcom/android/dx/cf/code/Frame;II)V @ 310
Event: 2.952 Thread 0x00000000026f0800 Uncommon trap: reason=class_check action=maybe_recompile pc=0x0000000002bcf024 method=java.util.Arrays.hashCode([Ljava/lang/Object;)I @ 43
Event: 2.953 Thread 0x00000000026f0800 Uncommon trap: reason=class_check action=maybe_recompile pc=0x0000000002bcf024 method=java.util.Arrays.hashCode([Ljava/lang/Object;)I @ 43
Event: 2.953 Thread 0x00000000026f0800 Uncommon trap: reason=class_check action=maybe_recompile pc=0x0000000002bcf024 method=java.util.Arrays.hashCode([Ljava/lang/Object;)I @ 43
Event: 2.953 Thread 0x00000000026f0800 Uncommon trap: reason=class_check action=maybe_recompile pc=0x0000000002bcf024 method=java.util.Arrays.hashCode([Ljava/lang/Object;)I @ 43
Event: 2.953 Thread 0x00000000026f0800 Uncommon trap: reason=class_check action=maybe_recompile pc=0x0000000002bba248 method=java.util.Arrays.hashCode([Ljava/lang/Object;)I @ 43
Event: 3.108 Thread 0x00000000026f0800 Uncommon trap: reason=speculate_class_check action=maybe_recompile pc=0x0000000002accd3c method=com.android.dx.util.FixedSizeList.equals(Ljava/lang/Object;)Z @ 25
Event: 3.109 Thread 0x00000000026f0800 Uncommon trap: reason=speculate_class_check action=maybe_recompile pc=0x0000000002accd3c method=com.android.dx.util.FixedSizeList.equals(Ljava/lang/Object;)Z @ 25
Event: 3.109 Thread 0x00000000026f0800 Uncommon trap: reason=speculate_class_check action=maybe_recompile pc=0x0000000002accd3c method=com.android.dx.util.FixedSizeList.equals(Ljava/lang/Object;)Z @ 25
Event: 3.109 Thread 0x00000000026f0800 Uncommon trap: reason=speculate_class_check action=maybe_recompile pc=0x0000000002accd3c method=com.android.dx.util.FixedSizeList.equals(Ljava/lang/Object;)Z @ 25

Internal exceptions (10 events):
Event: 3.057 Thread 0x00000000026f0800 Exception <a 'java/security/PrivilegedActionException'> (0x00000000ecdf0db0) thrown at [C:\workspace\8-2-build-windows-amd64-cygwin\jdk8u31\2394\hotspot\src\share\vm\prims\jvm.cpp, line 1312]
Event: 3.058 Thread 0x00000000026f0800 Exception <a 'java/security/PrivilegedActionException'> (0x00000000ecdf6050) thrown at [C:\workspace\8-2-build-windows-amd64-cygwin\jdk8u31\2394\hotspot\src\share\vm\prims\jvm.cpp, line 1312]
Event: 3.059 Thread 0x00000000026f0800 Exception <a 'java/security/PrivilegedActionException'> (0x00000000ecdfc688) thrown at [C:\workspace\8-2-build-windows-amd64-cygwin\jdk8u31\2394\hotspot\src\share\vm\prims\jvm.cpp, line 1312]
Event: 3.059 Thread 0x00000000026f0800 Exception <a 'java/security/PrivilegedActionException'> (0x00000000ecdff670) thrown at [C:\workspace\8-2-build-windows-amd64-cygwin\jdk8u31\2394\hotspot\src\share\vm\prims\jvm.cpp, line 1312]
Event: 3.060 Thread 0x00000000026f0800 Exception <a 'java/security/PrivilegedActionException'> (0x00000000ece04570) thrown at [C:\workspace\8-2-build-windows-amd64-cygwin\jdk8u31\2394\hotspot\src\share\vm\prims\jvm.cpp, line 1312]
Event: 3.080 Thread 0x00000000026f0800 Exception <a 'java/security/PrivilegedActionException'> (0x00000000ece08d18) thrown at [C:\workspace\8-2-build-windows-amd64-cygwin\jdk8u31\2394\hotspot\src\share\vm\prims\jvm.cpp, line 1312]
Event: 3.108 Thread 0x00000000026f0800 Exception <a 'java/security/PrivilegedActionException'> (0x00000000ece29668) thrown at [C:\workspace\8-2-build-windows-amd64-cygwin\jdk8u31\2394\hotspot\src\share\vm\prims\jvm.cpp, line 1312]
Event: 3.109 Thread 0x00000000026f0800 Exception <a 'java/security/PrivilegedActionException'> (0x00000000ece2c6f0) thrown at [C:\workspace\8-2-build-windows-amd64-cygwin\jdk8u31\2394\hotspot\src\share\vm\prims\jvm.cpp, line 1312]
Event: 3.109 Thread 0x00000000026f0800 Exception <a 'java/security/PrivilegedActionException'> (0x00000000ece2fb18) thrown at [C:\workspace\8-2-build-windows-amd64-cygwin\jdk8u31\2394\hotspot\src\share\vm\prims\jvm.cpp, line 1312]
Event: 3.137 Thread 0x00000000026f0800 Exception <a 'java/security/PrivilegedActionException'> (0x00000000eceb0110) thrown at [C:\workspace\8-2-build-windows-amd64-cygwin\jdk8u31\2394\hotspot\src\share\vm\prims\jvm.cpp, line 1312]

Events (10 events):
Event: 3.163 Thread 0x00000000026f0800 DEOPT PACKING pc=0x0000000002f9dbe2 sp=0x00000000026eedf0
Event: 3.163 Thread 0x00000000026f0800 DEOPT UNPACKING pc=0x00000000028375bf sp=0x00000000026eeb70 mode 0
Event: 3.165 Thread 0x00000000026f0800 DEOPT PACKING pc=0x0000000002f96f8a sp=0x00000000026eef80
Event: 3.165 Thread 0x00000000026f0800 DEOPT UNPACKING pc=0x00000000028375bf sp=0x00000000026eed48 mode 0
Event: 3.167 Thread 0x00000000026f0800 DEOPT PACKING pc=0x0000000002f9926d sp=0x00000000026ef020
Event: 3.167 Thread 0x00000000026f0800 DEOPT UNPACKING pc=0x00000000028375bf sp=0x00000000026eed70 mode 0
Event: 3.168 Thread 0x00000000026f0800 DEOPT PACKING pc=0x0000000002f99ee1 sp=0x00000000026eef40
Event: 3.168 Thread 0x00000000026f0800 DEOPT UNPACKING pc=0x00000000028375bf sp=0x00000000026eed08 mode 0
Event: 3.177 Thread 0x00000000026f0800 DEOPT PACKING pc=0x0000000002f8cc78 sp=0x00000000026eef60
Event: 3.177 Thread 0x00000000026f0800 DEOPT UNPACKING pc=0x00000000028375bf sp=0x00000000026eecc0 mode 0


Dynamic libraries:
0x00007ff73e6e0000 - 0x00007ff73e714000 	C:\Program Files\Java\jdk1.8.0_31\bin\java.exe
0x00007ffda6090000 - 0x00007ffda623c000 	C:\Windows\SYSTEM32\ntdll.dll
0x00007ffda3a50000 - 0x00007ffda3b8e000 	C:\Windows\system32\KERNEL32.DLL
0x00007ffda3540000 - 0x00007ffda3655000 	C:\Windows\system32\KERNELBASE.dll
0x00007ffda1dd0000 - 0x00007ffda1e5e000 	C:\Windows\system32\apphelp.dll
0x00007ffd9e5c0000 - 0x00007ffd9e613000 	C:\Windows\AppPatch\AppPatch64\AcGenral.DLL
0x00007ffda4640000 - 0x00007ffda46ea000 	C:\Windows\system32\msvcrt.dll
0x00007ffda2fa0000 - 0x00007ffda2fce000 	C:\Windows\SYSTEM32\SspiCli.dll
0x00007ffda3e00000 - 0x00007ffda3e54000 	C:\Windows\system32\SHLWAPI.dll
0x00007ffda4290000 - 0x00007ffda4407000 	C:\Windows\system32\USER32.dll
0x00007ffda3b90000 - 0x00007ffda3d24000 	C:\Windows\system32\ole32.dll
0x00007ffda4b60000 - 0x00007ffda608b000 	C:\Windows\system32\SHELL32.dll
0x00007ffda2780000 - 0x00007ffda27a1000 	C:\Windows\SYSTEM32\USERENV.dll
0x00007ffda3e60000 - 0x00007ffda3f0a000 	C:\Windows\system32\ADVAPI32.dll
0x00007ffd942c0000 - 0x00007ffd942de000 	C:\Windows\SYSTEM32\MPR.dll
0x00007ffda4140000 - 0x00007ffda4281000 	C:\Windows\system32\RPCRT4.dll
0x00007ffda3f10000 - 0x00007ffda3f69000 	C:\Windows\SYSTEM32\sechost.dll
0x00007ffda4420000 - 0x00007ffda4631000 	C:\Windows\SYSTEM32\combase.dll
0x00007ffda3710000 - 0x00007ffda385f000 	C:\Windows\system32\GDI32.dll
0x00007ffda31e0000 - 0x00007ffda31f5000 	C:\Windows\SYSTEM32\profapi.dll
0x00007ffda1c60000 - 0x00007ffda1d12000 	C:\Windows\SYSTEM32\SHCORE.dll
0x00007ffda4090000 - 0x00007ffda40c6000 	C:\Windows\system32\IMM32.DLL
0x00007ffda46f0000 - 0x00007ffda4842000 	C:\Windows\system32\MSCTF.dll
0x00007ffda1070000 - 0x00007ffda12eb000 	C:\Windows\WinSxS\amd64_microsoft.windows.common-controls_6595b64144ccf1df_6.0.9600.18006_none_623f33d3ecbe86e8\COMCTL32.dll
0x000000006f6e0000 - 0x000000006f7b2000 	C:\Program Files\Java\jdk1.8.0_31\jre\bin\msvcr100.dll
0x000000006fb10000 - 0x000000007036a000 	C:\Program Files\Java\jdk1.8.0_31\jre\bin\server\jvm.dll
0x00007ffda1bc0000 - 0x00007ffda1bc9000 	C:\Windows\SYSTEM32\WSOCK32.dll
0x00007ffda1bd0000 - 0x00007ffda1bf2000 	C:\Windows\SYSTEM32\WINMM.dll
0x00007ffda4410000 - 0x00007ffda4417000 	C:\Windows\system32\PSAPI.DLL
0x00007ffda40e0000 - 0x00007ffda413a000 	C:\Windows\system32\WS2_32.dll
0x00007ffda04a0000 - 0x00007ffda04ca000 	C:\Windows\SYSTEM32\WINMMBASE.dll
0x00007ffda40d0000 - 0x00007ffda40d9000 	C:\Windows\system32\NSI.dll
0x00007ffda36c0000 - 0x00007ffda370f000 	C:\Windows\SYSTEM32\cfgmgr32.dll
0x00007ffda1fd0000 - 0x00007ffda1ff8000 	C:\Windows\SYSTEM32\DEVOBJ.dll
0x0000000070cd0000 - 0x0000000070cdf000 	C:\Program Files\Java\jdk1.8.0_31\jre\bin\verify.dll
0x0000000070ca0000 - 0x0000000070cc8000 	C:\Program Files\Java\jdk1.8.0_31\jre\bin\java.dll
0x000000006faf0000 - 0x000000006fb06000 	C:\Program Files\Java\jdk1.8.0_31\jre\bin\zip.dll
0x00007ffd9a920000 - 0x00007ffd9aaa9000 	C:\Windows\SYSTEM32\dbghelp.dll

VM Arguments:
jvm_args: -Xmx1024M -Dfile.encoding=windows-1252 -Duser.country=US -Duser.language=en -Duser.variant 
java_command: com.android.dx.command.Main --dex --num-threads=4 --output E:\Data Adek\Data Kuliah\SEM 7 - MOBILE\FINAL PROJECT\Android1_EasyGo\EasyGo\app\build\intermediates\pre-dexed\debug\classes-f142c411928b091d771416585f32352d41a5f91d.jar E:\Data Adek\Data Kuliah\SEM 7 - MOBILE\FINAL PROJECT\Android1_EasyGo\EasyGo\app\build\intermediates\exploded-aar\com.android.support\recyclerview-v7\23.1.1\jars\classes.jar
java_class_path (initial): C:\Users\angga\AppData\Local\Android\sdk\build-tools\23.0.1\lib\dx.jar
Launcher Type: SUN_STANDARD

Environment Variables:
PATH=C:\ProgramData\Oracle\Java\javapath;C:\oraclexe\app\oracle\product\10.2.0\server\bin;C:\Program Files (x86)\Intel\iCLS Client\;C:\Program Files\Intel\iCLS Client\;C:\Windows\system32;C:\Windows;C:\Windows\System32\Wbem;C:\Windows\System32\WindowsPowerShell\v1.0\;C:\Program Files\Intel\Intel(R) Management Engine Components\DAL;C:\Program Files\Intel\Intel(R) Management Engine Components\IPT;C:\Program Files (x86)\Intel\Intel(R) Management Engine Components\DAL;C:\Program Files (x86)\Intel\Intel(R) Management Engine Components\IPT;C:\Program Files (x86)\Windows Kits\8.1\Windows Performance Toolkit\;C:\Program Files\Microsoft SQL Server\110\Tools\Binn\;C:\Program Files (x86)\nodejs\;C:\Users\angga\AppData\Roaming\npm;C:\Program Files (x86)\Java\jre7\bin
USERNAME=angga
OS=Windows_NT
PROCESSOR_IDENTIFIER=Intel64 Family 6 Model 58 Stepping 9, GenuineIntel



---------------  S Y S T E M  ---------------

OS: Windows 8.1 , 64 bit Build 9600 

CPU:total 8 (4 cores per cpu, 2 threads per core) family 6 model 58 stepping 9, cmov, cx8, fxsr, mmx, sse, sse2, sse3, ssse3, sse4.1, sse4.2, popcnt, avx, aes, clmul, erms, ht, tsc, tscinvbit, tscinv

Memory: 4k page, physical 4144288k(672224k free), swap 7290016k(5080k free)

vm_info: Java HotSpot(TM) 64-Bit Server VM (25.31-b07) for windows-amd64 JRE (1.8.0_31-b13), built on Dec 17 2014 21:00:28 by "java_re" with MS VC++ 10.0 (VS2010)

time: Sat Jan 02 20:50:06 2016
elapsed time: 3 seconds (0d 0h 0m 3s)

