#
# There is insufficient memory for the Java Runtime Environment to continue.
# Native memory allocation (malloc) failed to allocate 111456 bytes for Chunk::new
# Possible reasons:
#   The system is out of physical RAM or swap space
#   In 32 bit mode, the process size limit was hit
# Possible solutions:
#   Reduce memory load on the system
#   Increase physical memory or swap space
#   Check if swap backing store is full
#   Use 64 bit Java on a 64 bit OS
#   Decrease Java heap size (-Xmx/-Xms)
#   Decrease number of Java threads
#   Decrease Java thread stack sizes (-Xss)
#   Set larger code cache with -XX:ReservedCodeCacheSize=
# This output file may be truncated or incomplete.
#
#  Out of Memory Error (allocation.cpp:390), pid=1200, tid=984
#
# JRE version: Java(TM) SE Runtime Environment (8.0_31-b13) (build 1.8.0_31-b13)
# Java VM: Java HotSpot(TM) 64-Bit Server VM (25.31-b07 mixed mode windows-amd64 compressed oops)
# Failed to write core dump. Minidumps are not enabled by default on client versions of Windows
#

---------------  T H R E A D  ---------------

Current thread (0x0000000016e16000):  JavaThread "C2 CompilerThread1" daemon [_thread_in_native, id=984, stack(0x00000000174a0000,0x00000000175a0000)]

Stack: [0x00000000174a0000,0x00000000175a0000]
Native frames: (J=compiled Java code, j=interpreted, Vv=VM code, C=native code)
V  [jvm.dll+0x3169ba]
V  [jvm.dll+0x2674c3]
V  [jvm.dll+0x268103]
V  [jvm.dll+0x25f8f5]
V  [jvm.dll+0xbf025]
V  [jvm.dll+0xbf4cc]
V  [jvm.dll+0x45df82]
V  [jvm.dll+0x49f21f]
V  [jvm.dll+0x452b35]
V  [jvm.dll+0x454124]
V  [jvm.dll+0x437c62]
V  [jvm.dll+0x988e2]
V  [jvm.dll+0x990d3]
V  [jvm.dll+0x22c194]
V  [jvm.dll+0x28576a]
C  [msvcr100.dll+0x21d9f]
C  [msvcr100.dll+0x21e3b]
C  [KERNEL32.DLL+0x13d2]
C  [ntdll.dll+0x15454]


Current CompileTask:
C2:   7541 1676       4       com.android.dx.ssa.SsaMethod::buildUseList (112 bytes)


---------------  P R O C E S S  ---------------

Java Threads: ( => current thread )
  0x00000000170fd000 JavaThread "pool-1-thread-4" [_thread_in_Java, id=2684, stack(0x0000000017da0000,0x0000000017ea0000)]
  0x00000000170fc800 JavaThread "pool-1-thread-3" [_thread_in_Java, id=7384, stack(0x0000000017ca0000,0x0000000017da0000)]
  0x00000000170ea800 JavaThread "pool-1-thread-2" [_thread_blocked, id=4808, stack(0x0000000017ba0000,0x0000000017ca0000)]
  0x000000001706f000 JavaThread "pool-2-thread-1" [_thread_blocked, id=7864, stack(0x0000000017aa0000,0x0000000017ba0000)]
  0x000000001706e800 JavaThread "pool-1-thread-1" [_thread_in_Java, id=1852, stack(0x00000000179a0000,0x0000000017aa0000)]
  0x0000000016e30800 JavaThread "Service Thread" daemon [_thread_blocked, id=5512, stack(0x00000000177a0000,0x00000000178a0000)]
  0x0000000016e25800 JavaThread "C1 CompilerThread3" daemon [_thread_blocked, id=7972, stack(0x00000000176a0000,0x00000000177a0000)]
  0x0000000016e1a000 JavaThread "C2 CompilerThread2" daemon [_thread_in_native, id=4348, stack(0x00000000175a0000,0x00000000176a0000)]
=>0x0000000016e16000 JavaThread "C2 CompilerThread1" daemon [_thread_in_native, id=984, stack(0x00000000174a0000,0x00000000175a0000)]
  0x0000000016dc7000 JavaThread "C2 CompilerThread0" daemon [_thread_in_native, id=1052, stack(0x00000000173a0000,0x00000000174a0000)]
  0x0000000016dc4800 JavaThread "Attach Listener" daemon [_thread_blocked, id=6440, stack(0x00000000172a0000,0x00000000173a0000)]
  0x0000000016dc4000 JavaThread "Signal Dispatcher" daemon [_thread_blocked, id=5852, stack(0x00000000171a0000,0x00000000172a0000)]
  0x00000000022a7800 JavaThread "Finalizer" daemon [_thread_blocked, id=5200, stack(0x0000000016ca0000,0x0000000016da0000)]
  0x00000000022a1000 JavaThread "Reference Handler" daemon [_thread_blocked, id=1060, stack(0x0000000016ba0000,0x0000000016ca0000)]
  0x00000000021b0800 JavaThread "main" [_thread_blocked, id=3136, stack(0x0000000002060000,0x0000000002160000)]

Other Threads:
  0x0000000014dc8800 VMThread [stack: 0x0000000016aa0000,0x0000000016ba0000] [id=6664]
  0x0000000016e32800 WatcherThread [stack: 0x00000000178a0000,0x00000000179a0000] [id=3624]

VM state:not at safepoint (normal execution)

VM Mutex/Monitor currently owned by a thread: None

Heap:
 PSYoungGen      total 35328K, used 35312K [0x00000000eab00000, 0x00000000ed000000, 0x0000000100000000)
  eden space 32768K, 100% used [0x00000000eab00000,0x00000000ecb00000,0x00000000ecb00000)
  from space 2560K, 99% used [0x00000000ecd80000,0x00000000ecffc038,0x00000000ed000000)
  to   space 2560K, 0% used [0x00000000ecb00000,0x00000000ecb00000,0x00000000ecd80000)
 ParOldGen       total 44032K, used 4230K [0x00000000c0000000, 0x00000000c2b00000, 0x00000000eab00000)
  object space 44032K, 9% used [0x00000000c0000000,0x00000000c04218c8,0x00000000c2b00000)
 Metaspace       used 6045K, capacity 7088K, committed 7296K, reserved 1056768K
  class space    used 580K, capacity 616K, committed 640K, reserved 1048576K

Card table byte_map: [0x0000000011670000,0x0000000011880000] byte_map_base: 0x0000000011070000

Marking Bits: (ParMarkBitMap*) 0x00000000702ed4f0
 Begin Bits: [0x00000000121e0000, 0x00000000131e0000)
 End Bits:   [0x00000000131e0000, 0x00000000141e0000)

Polling page: 0x0000000001fc0000

CodeCache: size=245760Kb used=7045Kb max_used=7059Kb free=238714Kb
 bounds [0x00000000022b0000, 0x00000000029a0000, 0x00000000112b0000]
 total_blobs=1960 nmethods=1696 adapters=178
 compilation: enabled

Compilation events (10 events):
Event: 7.440 Thread 0x0000000016e25800 nmethod 1670 0x000000000297b550 code [0x000000000297b6c0, 0x000000000297ba08]
Event: 7.493 Thread 0x0000000016e25800 1673       3       com.android.dx.cf.code.Ropper::getFirstTempStackReg (20 bytes)
Event: 7.493 Thread 0x0000000016e25800 nmethod 1673 0x000000000297a810 code [0x000000000297a9a0, 0x000000000297af88]
Event: 7.493 Thread 0x0000000016e25800 1674       3       com.android.dx.cf.code.Ropper::getNormalRegCount (13 bytes)
Event: 7.493 Thread 0x0000000016e25800 nmethod 1674 0x000000000297a2d0 code [0x000000000297a440, 0x000000000297a710]
Event: 7.494 Thread 0x0000000016e25800 1675       3       com.android.dx.cf.direct.DirectClassFile::parseToEndIfNecessary (12 bytes)
Event: 7.494 Thread 0x0000000016e25800 nmethod 1675 0x0000000002979f10 code [0x000000000297a080, 0x000000000297a248]
Event: 7.495 Thread 0x0000000016e16000 1676       4       com.android.dx.ssa.SsaMethod::buildUseList (112 bytes)
Event: 7.495 Thread 0x0000000016e1a000 1677       4       com.android.dx.rop.code.RegisterSpec::getType (10 bytes)
Event: 7.496 Thread 0x0000000016e1a000 nmethod 1677 0x000000000296fa10 code [0x000000000296fb40, 0x000000000296fbb8]

GC Heap History (4 events):
Event: 2.527 GC heap before
{Heap before GC invocations=1 (full 0):
 PSYoungGen      total 18944K, used 16384K [0x00000000eab00000, 0x00000000ec000000, 0x0000000100000000)
  eden space 16384K, 100% used [0x00000000eab00000,0x00000000ebb00000,0x00000000ebb00000)
  from space 2560K, 0% used [0x00000000ebd80000,0x00000000ebd80000,0x00000000ec000000)
  to   space 2560K, 0% used [0x00000000ebb00000,0x00000000ebb00000,0x00000000ebd80000)
 ParOldGen       total 44032K, used 0K [0x00000000c0000000, 0x00000000c2b00000, 0x00000000eab00000)
  object space 44032K, 0% used [0x00000000c0000000,0x00000000c0000000,0x00000000c2b00000)
 Metaspace       used 5613K, capacity 6704K, committed 6784K, reserved 1056768K
  class space    used 577K, capacity 616K, committed 640K, reserved 1048576K
Event: 2.767 GC heap after
Heap after GC invocations=1 (full 0):
 PSYoungGen      total 18944K, used 2551K [0x00000000eab00000, 0x00000000ed000000, 0x0000000100000000)
  eden space 16384K, 0% used [0x00000000eab00000,0x00000000eab00000,0x00000000ebb00000)
  from space 2560K, 99% used [0x00000000ebb00000,0x00000000ebd7dc78,0x00000000ebd80000)
  to   space 2560K, 0% used [0x00000000ecd80000,0x00000000ecd80000,0x00000000ed000000)
 ParOldGen       total 44032K, used 1933K [0x00000000c0000000, 0x00000000c2b00000, 0x00000000eab00000)
  object space 44032K, 4% used [0x00000000c0000000,0x00000000c01e3558,0x00000000c2b00000)
 Metaspace       used 5613K, capacity 6704K, committed 6784K, reserved 1056768K
  class space    used 577K, capacity 616K, committed 640K, reserved 1048576K
}
Event: 3.631 GC heap before
{Heap before GC invocations=2 (full 0):
 PSYoungGen      total 18944K, used 18935K [0x00000000eab00000, 0x00000000ed000000, 0x0000000100000000)
  eden space 16384K, 100% used [0x00000000eab00000,0x00000000ebb00000,0x00000000ebb00000)
  from space 2560K, 99% used [0x00000000ebb00000,0x00000000ebd7dc78,0x00000000ebd80000)
  to   space 2560K, 0% used [0x00000000ecd80000,0x00000000ecd80000,0x00000000ed000000)
 ParOldGen       total 44032K, used 1933K [0x00000000c0000000, 0x00000000c2b00000, 0x00000000eab00000)
  object space 44032K, 4% used [0x00000000c0000000,0x00000000c01e3558,0x00000000c2b00000)
 Metaspace       used 5815K, capacity 6896K, committed 7040K, reserved 1056768K
  class space    used 579K, capacity 616K, committed 640K, reserved 1048576K
Event: 4.009 GC heap after
Heap after GC invocations=2 (full 0):
 PSYoungGen      total 35328K, used 2544K [0x00000000eab00000, 0x00000000ed000000, 0x0000000100000000)
  eden space 32768K, 0% used [0x00000000eab00000,0x00000000eab00000,0x00000000ecb00000)
  from space 2560K, 99% used [0x00000000ecd80000,0x00000000ecffc038,0x00000000ed000000)
  to   space 2560K, 0% used [0x00000000ecb00000,0x00000000ecb00000,0x00000000ecd80000)
 ParOldGen       total 44032K, used 4230K [0x00000000c0000000, 0x00000000c2b00000, 0x00000000eab00000)
  object space 44032K, 9% used [0x00000000c0000000,0x00000000c04218c8,0x00000000c2b00000)
 Metaspace       used 5815K, capacity 6896K, committed 7040K, reserved 1056768K
  class space    used 579K, capacity 616K, committed 640K, reserved 1048576K
}

Deoptimization events (5 events):
Event: 1.991 Thread 0x00000000170fc800 Uncommon trap: reason=bimorphic action=maybe_recompile pc=0x000000000250060c method=java.util.HashMap.getNode(ILjava/lang/Object;)Ljava/util/HashMap$Node; @ 126
Event: 1.991 Thread 0x00000000170fc800 Uncommon trap: reason=bimorphic action=maybe_recompile pc=0x000000000250060c method=java.util.HashMap.getNode(ILjava/lang/Object;)Ljava/util/HashMap$Node; @ 126
Event: 1.991 Thread 0x00000000170fc800 Uncommon trap: reason=bimorphic action=maybe_recompile pc=0x000000000250060c method=java.util.HashMap.getNode(ILjava/lang/Object;)Ljava/util/HashMap$Node; @ 126
Event: 1.991 Thread 0x00000000170fc800 Uncommon trap: reason=bimorphic action=maybe_recompile pc=0x000000000250060c method=java.util.HashMap.getNode(ILjava/lang/Object;)Ljava/util/HashMap$Node; @ 126
Event: 1.991 Thread 0x00000000170fc800 Uncommon trap: reason=bimorphic action=maybe_recompile pc=0x00000000024d0748 method=java.util.HashMap.getNode(ILjava/lang/Object;)Ljava/util/HashMap$Node; @ 126

Internal exceptions (10 events):
Event: 1.847 Thread 0x00000000170ea800 Exception <a 'java/security/PrivilegedActionException'> (0x00000000eb4978b8) thrown at [C:\workspace\8-2-build-windows-amd64-cygwin\jdk8u31\2394\hotspot\src\share\vm\prims\jvm.cpp, line 1312]
Event: 1.848 Thread 0x00000000170ea800 Exception <a 'java/security/PrivilegedActionException'> (0x00000000eb49afa0) thrown at [C:\workspace\8-2-build-windows-amd64-cygwin\jdk8u31\2394\hotspot\src\share\vm\prims\jvm.cpp, line 1312]
Event: 1.848 Thread 0x00000000170ea800 Exception <a 'java/security/PrivilegedActionException'> (0x00000000eb49ddd8) thrown at [C:\workspace\8-2-build-windows-amd64-cygwin\jdk8u31\2394\hotspot\src\share\vm\prims\jvm.cpp, line 1312]
Event: 1.849 Thread 0x00000000170ea800 Exception <a 'java/security/PrivilegedActionException'> (0x00000000eb4a0c10) thrown at [C:\workspace\8-2-build-windows-amd64-cygwin\jdk8u31\2394\hotspot\src\share\vm\prims\jvm.cpp, line 1312]
Event: 2.268 Thread 0x00000000170fd000 Exception <a 'java/security/PrivilegedActionException'> (0x00000000eb709178) thrown at [C:\workspace\8-2-build-windows-amd64-cygwin\jdk8u31\2394\hotspot\src\share\vm\prims\jvm.cpp, line 1312]
Event: 2.906 Thread 0x00000000021b0800 Exception <a 'java/security/PrivilegedActionException'> (0x00000000eaec34e8) thrown at [C:\workspace\8-2-build-windows-amd64-cygwin\jdk8u31\2394\hotspot\src\share\vm\prims\jvm.cpp, line 1312]
Event: 2.915 Thread 0x00000000021b0800 Exception <a 'java/security/PrivilegedActionException'> (0x00000000eaf8caa0) thrown at [C:\workspace\8-2-build-windows-amd64-cygwin\jdk8u31\2394\hotspot\src\share\vm\prims\jvm.cpp, line 1312]
Event: 2.928 Thread 0x00000000021b0800 Exception <a 'java/security/PrivilegedActionException'> (0x00000000eb00ddd0) thrown at [C:\workspace\8-2-build-windows-amd64-cygwin\jdk8u31\2394\hotspot\src\share\vm\prims\jvm.cpp, line 1312]
Event: 2.952 Thread 0x00000000170fc800 Exception <a 'java/security/PrivilegedActionException'> (0x00000000eb2c2c10) thrown at [C:\workspace\8-2-build-windows-amd64-cygwin\jdk8u31\2394\hotspot\src\share\vm\prims\jvm.cpp, line 1312]
Event: 6.177 Thread 0x00000000170fd000 Exception <a 'java/security/PrivilegedActionException'> (0x00000000eba1ee90) thrown at [C:\workspace\8-2-build-windows-amd64-cygwin\jdk8u31\2394\hotspot\src\share\vm\prims\jvm.cpp, line 1312]

Events (10 events):
Event: 3.116 Thread 0x00000000170ea800 DEOPT PACKING pc=0x00000000025a18ba sp=0x0000000017c9eaf0
Event: 3.116 Thread 0x00000000170ea800 DEOPT UNPACKING pc=0x00000000022f75bf sp=0x0000000017c9e858 mode 0
Event: 3.631 Executing VM operation: ParallelGCFailedAllocation
Event: 4.009 Executing VM operation: ParallelGCFailedAllocation done
Event: 4.514 Executing VM operation: EnableBiasedLocking
Event: 4.548 Executing VM operation: EnableBiasedLocking done
Event: 5.251 Thread 0x000000001706e800 DEOPT PACKING pc=0x000000000260c77c sp=0x0000000017a9e720
Event: 5.251 Thread 0x000000001706e800 DEOPT UNPACKING pc=0x00000000022f75bf sp=0x0000000017a9e4e8 mode 0
Event: 6.177 loading class com/android/dx/rop/code/RegisterSpec$1
Event: 6.177 loading class com/android/dx/rop/code/RegisterSpec$1 done


Dynamic libraries:
0x00007ff73e6e0000 - 0x00007ff73e714000 	C:\Program Files\Java\jdk1.8.0_31\bin\java.exe
0x00007ffda6090000 - 0x00007ffda623c000 	C:\Windows\SYSTEM32\ntdll.dll
0x00007ffda3a50000 - 0x00007ffda3b8e000 	C:\Windows\system32\KERNEL32.DLL
0x00007ffda3540000 - 0x00007ffda3655000 	C:\Windows\system32\KERNELBASE.dll
0x00007ffda1dd0000 - 0x00007ffda1e5e000 	C:\Windows\system32\apphelp.dll
0x00007ffd9e5c0000 - 0x00007ffd9e613000 	C:\Windows\AppPatch\AppPatch64\AcGenral.DLL
0x00007ffda4640000 - 0x00007ffda46ea000 	C:\Windows\system32\msvcrt.dll
0x00007ffda2fa0000 - 0x00007ffda2fce000 	C:\Windows\SYSTEM32\SspiCli.dll
0x00007ffda3e00000 - 0x00007ffda3e54000 	C:\Windows\system32\SHLWAPI.dll
0x00007ffda4290000 - 0x00007ffda4407000 	C:\Windows\system32\USER32.dll
0x00007ffda3b90000 - 0x00007ffda3d24000 	C:\Windows\system32\ole32.dll
0x00007ffda4b60000 - 0x00007ffda608b000 	C:\Windows\system32\SHELL32.dll
0x00007ffda2780000 - 0x00007ffda27a1000 	C:\Windows\SYSTEM32\USERENV.dll
0x00007ffda3e60000 - 0x00007ffda3f0a000 	C:\Windows\system32\ADVAPI32.dll
0x00007ffd942c0000 - 0x00007ffd942de000 	C:\Windows\SYSTEM32\MPR.dll
0x00007ffda4140000 - 0x00007ffda4281000 	C:\Windows\system32\RPCRT4.dll
0x00007ffda3f10000 - 0x00007ffda3f69000 	C:\Windows\SYSTEM32\sechost.dll
0x00007ffda4420000 - 0x00007ffda4631000 	C:\Windows\SYSTEM32\combase.dll
0x00007ffda3710000 - 0x00007ffda385f000 	C:\Windows\system32\GDI32.dll
0x00007ffda31e0000 - 0x00007ffda31f5000 	C:\Windows\SYSTEM32\profapi.dll
0x00007ffda1c60000 - 0x00007ffda1d12000 	C:\Windows\SYSTEM32\SHCORE.dll
0x00007ffda4090000 - 0x00007ffda40c6000 	C:\Windows\system32\IMM32.DLL
0x00007ffda46f0000 - 0x00007ffda4842000 	C:\Windows\system32\MSCTF.dll
0x00007ffda1070000 - 0x00007ffda12eb000 	C:\Windows\WinSxS\amd64_microsoft.windows.common-controls_6595b64144ccf1df_6.0.9600.18006_none_623f33d3ecbe86e8\COMCTL32.dll
0x000000006f6e0000 - 0x000000006f7b2000 	C:\Program Files\Java\jdk1.8.0_31\jre\bin\msvcr100.dll
0x000000006fb10000 - 0x000000007036a000 	C:\Program Files\Java\jdk1.8.0_31\jre\bin\server\jvm.dll
0x00007ffda1bc0000 - 0x00007ffda1bc9000 	C:\Windows\SYSTEM32\WSOCK32.dll
0x00007ffda1bd0000 - 0x00007ffda1bf2000 	C:\Windows\SYSTEM32\WINMM.dll
0x00007ffda4410000 - 0x00007ffda4417000 	C:\Windows\system32\PSAPI.DLL
0x00007ffda40e0000 - 0x00007ffda413a000 	C:\Windows\system32\WS2_32.dll
0x00007ffda04a0000 - 0x00007ffda04ca000 	C:\Windows\SYSTEM32\WINMMBASE.dll
0x00007ffda40d0000 - 0x00007ffda40d9000 	C:\Windows\system32\NSI.dll
0x00007ffda36c0000 - 0x00007ffda370f000 	C:\Windows\SYSTEM32\cfgmgr32.dll
0x00007ffda1fd0000 - 0x00007ffda1ff8000 	C:\Windows\SYSTEM32\DEVOBJ.dll
0x0000000070cd0000 - 0x0000000070cdf000 	C:\Program Files\Java\jdk1.8.0_31\jre\bin\verify.dll
0x0000000070ca0000 - 0x0000000070cc8000 	C:\Program Files\Java\jdk1.8.0_31\jre\bin\java.dll
0x000000006faf0000 - 0x000000006fb06000 	C:\Program Files\Java\jdk1.8.0_31\jre\bin\zip.dll
0x00007ffd9a920000 - 0x00007ffd9aaa9000 	C:\Windows\SYSTEM32\dbghelp.dll

VM Arguments:
jvm_args: -Xmx1024M -Dfile.encoding=windows-1252 -Duser.country=US -Duser.language=en -Duser.variant 
java_command: com.android.dx.command.Main --dex --num-threads=4 --output E:\Data Adek\Data Kuliah\SEM 7 - MOBILE\FINAL PROJECT\Android1_EasyGo\EasyGo\app\build\intermediates\pre-dexed\debug\classes-2d74c794afea09dccb4a066e00a9fc0fd9782119.jar E:\Data Adek\Data Kuliah\SEM 7 - MOBILE\FINAL PROJECT\Android1_EasyGo\EasyGo\app\build\intermediates\exploded-aar\com.google.android.gms\play-services-wearable\8.4.0\jars\classes.jar
java_class_path (initial): C:\Users\angga\AppData\Local\Android\sdk\build-tools\23.0.1\lib\dx.jar
Launcher Type: SUN_STANDARD

Environment Variables:
PATH=C:\ProgramData\Oracle\Java\javapath;C:\oraclexe\app\oracle\product\10.2.0\server\bin;C:\Program Files (x86)\Intel\iCLS Client\;C:\Program Files\Intel\iCLS Client\;C:\Windows\system32;C:\Windows;C:\Windows\System32\Wbem;C:\Windows\System32\WindowsPowerShell\v1.0\;C:\Program Files\Intel\Intel(R) Management Engine Components\DAL;C:\Program Files\Intel\Intel(R) Management Engine Components\IPT;C:\Program Files (x86)\Intel\Intel(R) Management Engine Components\DAL;C:\Program Files (x86)\Intel\Intel(R) Management Engine Components\IPT;C:\Program Files (x86)\Windows Kits\8.1\Windows Performance Toolkit\;C:\Program Files\Microsoft SQL Server\110\Tools\Binn\;C:\Program Files (x86)\nodejs\;C:\Users\angga\AppData\Roaming\npm;C:\Program Files (x86)\Java\jre7\bin
USERNAME=angga
OS=Windows_NT
PROCESSOR_IDENTIFIER=Intel64 Family 6 Model 58 Stepping 9, GenuineIntel



---------------  S Y S T E M  ---------------

OS: Windows 8.1 , 64 bit Build 9600 

CPU:total 8 (4 cores per cpu, 2 threads per core) family 6 model 58 stepping 9, cmov, cx8, fxsr, mmx, sse, sse2, sse3, ssse3, sse4.1, sse4.2, popcnt, avx, aes, clmul, erms, ht, tsc, tscinvbit, tscinv

Memory: 4k page, physical 4144288k(299780k free), swap 7290016k(31688k free)

vm_info: Java HotSpot(TM) 64-Bit Server VM (25.31-b07) for windows-amd64 JRE (1.8.0_31-b13), built on Dec 17 2014 21:00:28 by "java_re" with MS VC++ 10.0 (VS2010)

time: Sat Jan 02 20:16:35 2016
elapsed time: 7 seconds (0d 0h 0m 7s)

