# There is insufficient memory for the Java Runtime Environment to continue.
# Native memory allocation (malloc) failed to allocate 527376 bytes for Chunk::new
# Possible reasons:
#   The system is out of physical RAM or swap space
#   In 32 bit mode, the process size limit was hit
# Possible solutions:
#   Reduce memory load on the system
#   Increase physical memory or swap space
#   Check if swap backing store is full
#   Use 64 bit Java on a 64 bit OS
#   Decrease Java heap size (-Xmx/-Xms)
#   Decrease number of Java threads
#   Decrease Java thread stack sizes (-Xss)
#   Set larger code cache with -XX:ReservedCodeCacheSize=
# This output file may be truncated or incomplete.
#
#  Out of Memory Error (allocation.cpp:390), pid=5484, tid=7408
#
# JRE version: Java(TM) SE Runtime Environment (8.0_31-b13) (build 1.8.0_31-b13)
# Java VM: Java HotSpot(TM) 64-Bit Server VM (25.31-b07 mixed mode windows-amd64 compressed oops)
# Failed to write core dump. Minidumps are not enabled by default on client versions of Windows
#

---------------  T H R E A D  ---------------

Current thread (0x00000000174e6000):  JavaThread "C2 CompilerThread1" daemon [_thread_in_native, id=7408, stack(0x0000000017b70000,0x0000000017c70000)]

Stack: [0x0000000017b70000,0x0000000017c70000]
Native frames: (J=compiled Java code, j=interpreted, Vv=VM code, C=native code)
V  [jvm.dll+0x3169ba]


Current CompileTask:
C2:   7500 1739 %     4       com.android.dx.ssa.SsaConverter::placePhiFunctions @ 103 (394 bytes)


---------------  P R O C E S S  ---------------

Java Threads: ( => current thread )
  0x000000001765c800 JavaThread "pool-2-thread-1" [_thread_blocked, id=7180, stack(0x0000000018170000,0x0000000018270000)]
  0x000000001765b800 JavaThread "pool-1-thread-1" [_thread_in_Java, id=7344, stack(0x0000000018070000,0x0000000018170000)]
  0x00000000174f4800 JavaThread "Service Thread" daemon [_thread_blocked, id=3132, stack(0x0000000017e70000,0x0000000017f70000)]
  0x00000000174ec800 JavaThread "C1 CompilerThread3" daemon [_thread_blocked, id=8148, stack(0x0000000017d70000,0x0000000017e70000)]
  0x00000000174ea000 JavaThread "C2 CompilerThread2" daemon [_thread_blocked, id=3620, stack(0x0000000017c70000,0x0000000017d70000)]
=>0x00000000174e6000 JavaThread "C2 CompilerThread1" daemon [_thread_in_native, id=7408, stack(0x0000000017b70000,0x0000000017c70000)]
  0x0000000017497000 JavaThread "C2 CompilerThread0" daemon [_thread_blocked, id=7492, stack(0x0000000017a70000,0x0000000017b70000)]
  0x0000000017494800 JavaThread "Attach Listener" daemon [_thread_blocked, id=7084, stack(0x0000000017970000,0x0000000017a70000)]
  0x0000000017493800 JavaThread "Signal Dispatcher" daemon [_thread_blocked, id=5592, stack(0x0000000017870000,0x0000000017970000)]
  0x0000000002972000 JavaThread "Finalizer" daemon [_thread_blocked, id=5732, stack(0x0000000017370000,0x0000000017470000)]
  0x0000000002971000 JavaThread "Reference Handler" daemon [_thread_blocked, id=2396, stack(0x0000000017270000,0x0000000017370000)]
  0x0000000002880800 JavaThread "main" [_thread_blocked, id=6560, stack(0x0000000002780000,0x0000000002880000)]

Other Threads:
  0x0000000015498800 VMThread [stack: 0x0000000017170000,0x0000000017270000] [id=5692]
  0x00000000174f6800 WatcherThread [stack: 0x0000000017f70000,0x0000000018070000] [id=6048]

VM state:not at safepoint (normal execution)

VM Mutex/Monitor currently owned by a thread: None

Heap:
 PSYoungGen      total 35328K, used 28279K [0x00000000eab00000, 0x00000000ed000000, 0x0000000100000000)
  eden space 32768K, 78% used [0x00000000eab00000,0x00000000ec425d18,0x00000000ecb00000)
  from space 2560K, 98% used [0x00000000ecb00000,0x00000000ecd78018,0x00000000ecd80000)
  to   space 2560K, 0% used [0x00000000ecd80000,0x00000000ecd80000,0x00000000ed000000)
 ParOldGen       total 44032K, used 9228K [0x00000000c0000000, 0x00000000c2b00000, 0x00000000eab00000)
  object space 44032K, 20% used [0x00000000c0000000,0x00000000c09031c8,0x00000000c2b00000)
 Metaspace       used 6091K, capacity 7088K, committed 7296K, reserved 1056768K
  class space    used 585K, capacity 616K, committed 640K, reserved 1048576K

Card table byte_map: [0x0000000011d40000,0x0000000011f50000] byte_map_base: 0x0000000011740000

Marking Bits: (ParMarkBitMap*) 0x00000000702ed4f0
 Begin Bits: [0x00000000128b0000, 0x00000000138b0000)
 End Bits:   [0x00000000138b0000, 0x00000000148b0000)

Polling page: 0x0000000000d80000

CodeCache: size=245760Kb used=7499Kb max_used=7510Kb free=238261Kb
 bounds [0x0000000002980000, 0x00000000030e0000, 0x0000000011980000]
 total_blobs=2002 nmethods=1737 adapters=178
 compilation: disabled (not enough contiguous free space left)

Compilation events (10 events):
Event: 7.302 Thread 0x00000000174e6000 nmethod 1725 0x00000000030d3e90 code [0x00000000030d4120, 0x00000000030d5db0]
Event: 7.303 Thread 0x00000000174ea000 1737       4       java.util.TreeMap::put (247 bytes)
Event: 7.308 Thread 0x0000000017497000 1738       4       com.android.dx.cf.code.BaseMachine::popArgs (62 bytes)
Event: 7.309 Thread 0x00000000174e6000 1739 %     4       com.android.dx.ssa.SsaConverter::placePhiFunctions @ 103 (394 bytes)
Event: 7.315 Thread 0x0000000017497000 nmethod 1738 0x00000000030d8410 code [0x00000000030d8580, 0x00000000030d8a88]
Event: 7.315 Thread 0x0000000017497000 1740       4       com.android.dx.ssa.back.FirstFitLocalCombiningAllocator::findNextUnreservedRopReg (68 bytes)
Event: 7.319 Thread 0x0000000017497000 nmethod 1740 0x00000000030cf990 code [0x00000000030cfae0, 0x00000000030cfdb8]
Event: 7.320 Thread 0x00000000174ea000 nmethod 1737 0x00000000030cd990 code [0x00000000030cdb20, 0x00000000030ce488]
Event: 7.320 Thread 0x0000000017497000 1741       4       sun.nio.cs.UTF_8$Encoder::encode (359 bytes)
Event: 7.327 Thread 0x0000000017497000 nmethod 1741 0x00000000030db010 code [0x00000000030db160, 0x00000000030db648]

GC Heap History (6 events):
Event: 0.848 GC heap before
{Heap before GC invocations=1 (full 0):
 PSYoungGen      total 18944K, used 16384K [0x00000000eab00000, 0x00000000ec000000, 0x0000000100000000)
  eden space 16384K, 100% used [0x00000000eab00000,0x00000000ebb00000,0x00000000ebb00000)
  from space 2560K, 0% used [0x00000000ebd80000,0x00000000ebd80000,0x00000000ec000000)
  to   space 2560K, 0% used [0x00000000ebb00000,0x00000000ebb00000,0x00000000ebd80000)
 ParOldGen       total 44032K, used 0K [0x00000000c0000000, 0x00000000c2b00000, 0x00000000eab00000)
  object space 44032K, 0% used [0x00000000c0000000,0x00000000c0000000,0x00000000c2b00000)
 Metaspace       used 5608K, capacity 6704K, committed 6784K, reserved 1056768K
  class space    used 576K, capacity 616K, committed 640K, reserved 1048576K
Event: 0.879 GC heap after
Heap after GC invocations=1 (full 0):
 PSYoungGen      total 18944K, used 2551K [0x00000000eab00000, 0x00000000ed000000, 0x0000000100000000)
  eden space 16384K, 0% used [0x00000000eab00000,0x00000000eab00000,0x00000000ebb00000)
  from space 2560K, 99% used [0x00000000ebb00000,0x00000000ebd7dc78,0x00000000ebd80000)
  to   space 2560K, 0% used [0x00000000ecd80000,0x00000000ecd80000,0x00000000ed000000)
 ParOldGen       total 44032K, used 1618K [0x00000000c0000000, 0x00000000c2b00000, 0x00000000eab00000)
  object space 44032K, 3% used [0x00000000c0000000,0x00000000c01948f0,0x00000000c2b00000)
 Metaspace       used 5608K, capacity 6704K, committed 6784K, reserved 1056768K
  class space    used 576K, capacity 616K, committed 640K, reserved 1048576K
}
Event: 1.615 GC heap before
{Heap before GC invocations=2 (full 0):
 PSYoungGen      total 18944K, used 18935K [0x00000000eab00000, 0x00000000ed000000, 0x0000000100000000)
  eden space 16384K, 100% used [0x00000000eab00000,0x00000000ebb00000,0x00000000ebb00000)
  from space 2560K, 99% used [0x00000000ebb00000,0x00000000ebd7dc78,0x00000000ebd80000)
  to   space 2560K, 0% used [0x00000000ecd80000,0x00000000ecd80000,0x00000000ed000000)
 ParOldGen       total 44032K, used 1618K [0x00000000c0000000, 0x00000000c2b00000, 0x00000000eab00000)
  object space 44032K, 3% used [0x00000000c0000000,0x00000000c01948f0,0x00000000c2b00000)
 Metaspace       used 5904K, capacity 6960K, committed 7040K, reserved 1056768K
  class space    used 583K, capacity 616K, committed 640K, reserved 1048576K
Event: 1.889 GC heap after
Heap after GC invocations=2 (full 0):
 PSYoungGen      total 35328K, used 2535K [0x00000000eab00000, 0x00000000ed000000, 0x0000000100000000)
  eden space 32768K, 0% used [0x00000000eab00000,0x00000000eab00000,0x00000000ecb00000)
  from space 2560K, 99% used [0x00000000ecd80000,0x00000000ecff9c68,0x00000000ed000000)
  to   space 2560K, 0% used [0x00000000ecb00000,0x00000000ecb00000,0x00000000ecd80000)
 ParOldGen       total 44032K, used 3997K [0x00000000c0000000, 0x00000000c2b00000, 0x00000000eab00000)
  object space 44032K, 9% used [0x00000000c0000000,0x00000000c03e7570,0x00000000c2b00000)
 Metaspace       used 5904K, capacity 6960K, committed 7040K, reserved 1056768K
  class space    used 583K, capacity 616K, committed 640K, reserved 1048576K
}
Event: 6.629 GC heap before
{Heap before GC invocations=3 (full 0):
 PSYoungGen      total 35328K, used 35303K [0x00000000eab00000, 0x00000000ed000000, 0x0000000100000000)
  eden space 32768K, 100% used [0x00000000eab00000,0x00000000ecb00000,0x00000000ecb00000)
  from space 2560K, 99% used [0x00000000ecd80000,0x00000000ecff9c68,0x00000000ed000000)
  to   space 2560K, 0% used [0x00000000ecb00000,0x00000000ecb00000,0x00000000ecd80000)
 ParOldGen       total 44032K, used 3997K [0x00000000c0000000, 0x00000000c2b00000, 0x00000000eab00000)
  object space 44032K, 9% used [0x00000000c0000000,0x00000000c03e7570,0x00000000c2b00000)
 Metaspace       used 6076K, capacity 7088K, committed 7296K, reserved 1056768K
  class space    used 584K, capacity 616K, committed 640K, reserved 1048576K
Event: 7.153 GC heap after
Heap after GC invocations=3 (full 0):
 PSYoungGen      total 35328K, used 2528K [0x00000000eab00000, 0x00000000ed000000, 0x0000000100000000)
  eden space 32768K, 0% used [0x00000000eab00000,0x00000000eab00000,0x00000000ecb00000)
  from space 2560K, 98% used [0x00000000ecb00000,0x00000000ecd78018,0x00000000ecd80000)
  to   space 2560K, 0% used [0x00000000ecd80000,0x00000000ecd80000,0x00000000ed000000)
 ParOldGen       total 44032K, used 9228K [0x00000000c0000000, 0x00000000c2b00000, 0x00000000eab00000)
  object space 44032K, 20% used [0x00000000c0000000,0x00000000c09031c8,0x00000000c2b00000)
 Metaspace       used 6076K, capacity 7088K, committed 7296K, reserved 1056768K
  class space    used 584K, capacity 616K, committed 640K, reserved 1048576K
}

Deoptimization events (10 events):
Event: 0.795 Thread 0x0000000017730000 Uncommon trap: reason=class_check action=maybe_recompile pc=0x0000000002c85818 method=com.android.dx.ssa.NormalSsaInsn.accept(Lcom/android/dx/ssa/SsaInsn$Visitor;)V @ 9
Event: 0.795 Thread 0x0000000017730000 Uncommon trap: reason=class_check action=maybe_recompile pc=0x0000000002c8ca00 method=com.android.dx.ssa.NormalSsaInsn.accept(Lcom/android/dx/ssa/SsaInsn$Visitor;)V @ 9
Event: 0.795 Thread 0x0000000017730000 Uncommon trap: reason=class_check action=maybe_recompile pc=0x0000000002c8ca00 method=com.android.dx.ssa.NormalSsaInsn.accept(Lcom/android/dx/ssa/SsaInsn$Visitor;)V @ 9
Event: 0.795 Thread 0x0000000017730000 Uncommon trap: reason=class_check action=maybe_recompile pc=0x0000000002c8ca00 method=com.android.dx.ssa.NormalSsaInsn.accept(Lcom/android/dx/ssa/SsaInsn$Visitor;)V @ 9
Event: 0.798 Thread 0x0000000017730000 Uncommon trap: reason=class_check action=maybe_recompile pc=0x0000000002c85818 method=com.android.dx.ssa.NormalSsaInsn.accept(Lcom/android/dx/ssa/SsaInsn$Visitor;)V @ 9
Event: 1.894 Thread 0x0000000017730000 Uncommon trap: reason=unreached action=reinterpret pc=0x0000000002e552c8 method=com.android.dx.cf.code.BytecodeArray.parseInstruction(ILcom/android/dx/cf/code/BytecodeArray$Visitor;)I @ 1198
Event: 1.896 Thread 0x0000000017730000 Uncommon trap: reason=unloaded action=reinterpret pc=0x0000000002d78b20 method=com.android.dx.ssa.SsaRenamer$BlockRenamer.visitMoveInsn(Lcom/android/dx/ssa/NormalSsaInsn;)V @ 208
Event: 2.212 Thread 0x0000000017730800 Uncommon trap: reason=unloaded action=reinterpret pc=0x0000000002d60094 method=com.android.dx.ssa.SsaRenamer$BlockRenamer.visitMoveInsn(Lcom/android/dx/ssa/NormalSsaInsn;)V @ 208
Event: 2.275 Thread 0x000000001765b800 Uncommon trap: reason=unreached action=reinterpret pc=0x0000000002c91cdc method=com.android.dx.rop.cst.Constant.compareTo(Lcom/android/dx/rop/cst/Constant;)I @ 12
Event: 3.274 Thread 0x0000000017730000 Uncommon trap: reason=null_check action=make_not_entrant pc=0x0000000002c3a3e0 method=com.android.dx.rop.type.Type.equals(Ljava/lang/Object;)Z @ 8

Internal exceptions (10 events):
Event: 1.457 Thread 0x0000000002880800 Exception <a 'java/security/PrivilegedActionException'> (0x00000000eb3a55d0) thrown at [C:\workspace\8-2-build-windows-amd64-cygwin\jdk8u31\2394\hotspot\src\share\vm\prims\jvm.cpp, line 1312]
Event: 1.561 Thread 0x0000000002880800 Exception <a 'java/security/PrivilegedActionException'> (0x00000000eb9dbd58) thrown at [C:\workspace\8-2-build-windows-amd64-cygwin\jdk8u31\2394\hotspot\src\share\vm\prims\jvm.cpp, line 1312]
Event: 1.585 Thread 0x0000000002880800 Exception <a 'java/security/PrivilegedActionException'> (0x00000000eb9e36d8) thrown at [C:\workspace\8-2-build-windows-amd64-cygwin\jdk8u31\2394\hotspot\src\share\vm\prims\jvm.cpp, line 1312]
Event: 1.585 Thread 0x0000000002880800 Exception <a 'java/security/PrivilegedActionException'> (0x00000000eb9e6020) thrown at [C:\workspace\8-2-build-windows-amd64-cygwin\jdk8u31\2394\hotspot\src\share\vm\prims\jvm.cpp, line 1312]
Event: 1.598 Thread 0x0000000017730000 Exception <a 'java/security/PrivilegedActionException'> (0x00000000eb9c18e8) thrown at [C:\workspace\8-2-build-windows-amd64-cygwin\jdk8u31\2394\hotspot\src\share\vm\prims\jvm.cpp, line 1312]
Event: 1.599 Thread 0x0000000017730000 Exception <a 'java/security/PrivilegedActionException'> (0x00000000eb9c7338) thrown at [C:\workspace\8-2-build-windows-amd64-cygwin\jdk8u31\2394\hotspot\src\share\vm\prims\jvm.cpp, line 1312]
Event: 1.599 Thread 0x0000000017730000 Exception <a 'java/security/PrivilegedActionException'> (0x00000000eb9cca68) thrown at [C:\workspace\8-2-build-windows-amd64-cygwin\jdk8u31\2394\hotspot\src\share\vm\prims\jvm.cpp, line 1312]
Event: 1.608 Thread 0x0000000002880800 Exception <a 'java/security/PrivilegedActionException'> (0x00000000eba03500) thrown at [C:\workspace\8-2-build-windows-amd64-cygwin\jdk8u31\2394\hotspot\src\share\vm\prims\jvm.cpp, line 1312]
Event: 3.274 Thread 0x0000000017730000 Implicit null exception at 0x0000000002c3a2e2 to 0x0000000002c3a3d2
Event: 5.503 Thread 0x0000000017730800 Exception <a 'java/security/PrivilegedActionException'> (0x00000000ec031a78) thrown at [C:\workspace\8-2-build-windows-amd64-cygwin\jdk8u31\2394\hotspot\src\share\vm\prims\jvm.cpp, line 1312]

Events (10 events):
Event: 2.275 Thread 0x000000001765b800 DEOPT UNPACKING pc=0x00000000029c556a sp=0x000000001816e610 mode 2
Event: 3.274 Thread 0x0000000017730000 Uncommon trap: trap_request=0xfffffff4 fr.pc=0x0000000002c3a3e0
Event: 3.274 Thread 0x0000000017730000 DEOPT PACKING pc=0x0000000002c3a3e0 sp=0x000000001846e8b0
Event: 3.274 Thread 0x0000000017730000 DEOPT UNPACKING pc=0x00000000029c556a sp=0x000000001846e838 mode 2
Event: 4.277 Executing VM operation: EnableBiasedLocking
Event: 4.277 Executing VM operation: EnableBiasedLocking done
Event: 5.503 loading class com/android/dx/rop/code/RegisterSpec$1
Event: 5.503 loading class com/android/dx/rop/code/RegisterSpec$1 done
Event: 6.588 Executing VM operation: ParallelGCFailedAllocation
Event: 7.153 Executing VM operation: ParallelGCFailedAllocation done


Dynamic libraries:
0x00007ff73e6e0000 - 0x00007ff73e714000 	C:\Program Files\Java\jdk1.8.0_31\bin\java.exe
0x00007ffda6090000 - 0x00007ffda623c000 	C:\Windows\SYSTEM32\ntdll.dll
0x00007ffda3a50000 - 0x00007ffda3b8e000 	C:\Windows\system32\KERNEL32.DLL
0x00007ffda3540000 - 0x00007ffda3655000 	C:\Windows\system32\KERNELBASE.dll
0x00007ffda1dd0000 - 0x00007ffda1e5e000 	C:\Windows\system32\apphelp.dll
0x00007ffd9e5c0000 - 0x00007ffd9e613000 	C:\Windows\AppPatch\AppPatch64\AcGenral.DLL
0x00007ffda4640000 - 0x00007ffda46ea000 	C:\Windows\system32\msvcrt.dll
0x00007ffda2fa0000 - 0x00007ffda2fce000 	C:\Windows\SYSTEM32\SspiCli.dll
0x00007ffda3e00000 - 0x00007ffda3e54000 	C:\Windows\system32\SHLWAPI.dll
0x00007ffda4290000 - 0x00007ffda4407000 	C:\Windows\system32\USER32.dll
0x00007ffda3b90000 - 0x00007ffda3d24000 	C:\Windows\system32\ole32.dll
0x00007ffda4b60000 - 0x00007ffda608b000 	C:\Windows\system32\SHELL32.dll
0x00007ffda2780000 - 0x00007ffda27a1000 	C:\Windows\SYSTEM32\USERENV.dll
0x00007ffda3e60000 - 0x00007ffda3f0a000 	C:\Windows\system32\ADVAPI32.dll
0x00007ffd942c0000 - 0x00007ffd942de000 	C:\Windows\SYSTEM32\MPR.dll
0x00007ffda4140000 - 0x00007ffda4281000 	C:\Windows\system32\RPCRT4.dll
0x00007ffda3f10000 - 0x00007ffda3f69000 	C:\Windows\SYSTEM32\sechost.dll
0x00007ffda4420000 - 0x00007ffda4631000 	C:\Windows\SYSTEM32\combase.dll
0x00007ffda3710000 - 0x00007ffda385f000 	C:\Windows\system32\GDI32.dll
0x00007ffda31e0000 - 0x00007ffda31f5000 	C:\Windows\SYSTEM32\profapi.dll
0x00007ffda1c60000 - 0x00007ffda1d12000 	C:\Windows\SYSTEM32\SHCORE.dll
0x00007ffda4090000 - 0x00007ffda40c6000 	C:\Windows\system32\IMM32.DLL
0x00007ffda46f0000 - 0x00007ffda4842000 	C:\Windows\system32\MSCTF.dll
0x00007ffda1070000 - 0x00007ffda12eb000 	C:\Windows\WinSxS\amd64_microsoft.windows.common-controls_6595b64144ccf1df_6.0.9600.18006_none_623f33d3ecbe86e8\COMCTL32.dll
0x000000006f6e0000 - 0x000000006f7b2000 	C:\Program Files\Java\jdk1.8.0_31\jre\bin\msvcr100.dll
0x000000006fb10000 - 0x000000007036a000 	C:\Program Files\Java\jdk1.8.0_31\jre\bin\server\jvm.dll
0x00007ffda1bc0000 - 0x00007ffda1bc9000 	C:\Windows\SYSTEM32\WSOCK32.dll
0x00007ffda1bd0000 - 0x00007ffda1bf2000 	C:\Windows\SYSTEM32\WINMM.dll
0x00007ffda4410000 - 0x00007ffda4417000 	C:\Windows\system32\PSAPI.DLL
0x00007ffda40e0000 - 0x00007ffda413a000 	C:\Windows\system32\WS2_32.dll
0x00007ffda04a0000 - 0x00007ffda04ca000 	C:\Windows\SYSTEM32\WINMMBASE.dll
0x00007ffda40d0000 - 0x00007ffda40d9000 	C:\Windows\system32\NSI.dll
0x00007ffda36c0000 - 0x00007ffda370f000 	C:\Windows\SYSTEM32\cfgmgr32.dll
0x00007ffda1fd0000 - 0x00007ffda1ff8000 	C:\Windows\SYSTEM32\DEVOBJ.dll
0x0000000070cd0000 - 0x0000000070cdf000 	C:\Program Files\Java\jdk1.8.0_31\jre\bin\verify.dll
0x0000000070ca0000 - 0x0000000070cc8000 	C:\Program Files\Java\jdk1.8.0_31\jre\bin\java.dll
0x000000006faf0000 - 0x000000006fb06000 	C:\Program Files\Java\jdk1.8.0_31\jre\bin\zip.dll
0x00007ffd9a920000 - 0x00007ffd9aaa9000 	C:\Windows\SYSTEM32\dbghelp.dll

VM Arguments:
jvm_args: -Xmx1024M -Dfile.encoding=windows-1252 -Duser.country=US -Duser.language=en -Duser.variant 
java_command: com.android.dx.command.Main --dex --num-threads=4 --output E:\Data Adek\Data Kuliah\SEM 7 - MOBILE\FINAL PROJECT\Android1_EasyGo\EasyGo\app\build\intermediates\pre-dexed\debug\classes-aa0988d6386b8179d9ea08655c311fb2bf914d48.jar E:\Data Adek\Data Kuliah\SEM 7 - MOBILE\FINAL PROJECT\Android1_EasyGo\EasyGo\app\build\intermediates\exploded-aar\com.google.android.gms\play-services-nearby\8.4.0\jars\classes.jar
java_class_path (initial): C:\Users\angga\AppData\Local\Android\sdk\build-tools\23.0.1\lib\dx.jar
Launcher Type: SUN_STANDARD

Environment Variables:
PATH=C:\ProgramData\Oracle\Java\javapath;C:\oraclexe\app\oracle\product\10.2.0\server\bin;C:\Program Files (x86)\Intel\iCLS Client\;C:\Program Files\Intel\iCLS Client\;C:\Windows\system32;C:\Windows;C:\Windows\System32\Wbem;C:\Windows\System32\WindowsPowerShell\v1.0\;C:\Program Files\Intel\Intel(R) Management Engine Components\DAL;C:\Program Files\Intel\Intel(R) Management Engine Components\IPT;C:\Program Files (x86)\Intel\Intel(R) Management Engine Components\DAL;C:\Program Files (x86)\Intel\Intel(R) Management Engine Components\IPT;C:\Program Files (x86)\Windows Kits\8.1\Windows Performance Toolkit\;C:\Program Files\Microsoft SQL Server\110\Tools\Binn\;C:\Program Files (x86)\nodejs\;C:\Users\angga\AppData\Roaming\npm;C:\Program Files (x86)\Java\jre7\bin
USERNAME=angga
OS=Windows_NT
PROCESSOR_IDENTIFIER=Intel64 Family 6 Model 58 Stepping 9, GenuineIntel



---------------  S Y S T E M  ---------------

OS: Windows 8.1 , 64 bit Build 9600 

CPU:total 8 (4 cores per cpu, 2 threads per core) family 6 model 58 stepping 9, cmov, cx8, fxsr, mmx, sse, sse2, sse3, ssse3, sse4.1, sse4.2, popcnt, avx, aes, clmul, erms, ht, tsc, tscinvbit, tscinv

Memory: 4k page, physical 4144288k(264776k free), swap 7290016k(4860k free)

vm_info: Java HotSpot(TM) 64-Bit Server VM (25.31-b07) for windows-amd64 JRE (1.8.0_31-b13), built on Dec 17 2014 21:00:28 by "java_re" with MS VC++ 10.0 (VS2010)

time: Sat Jan 02 20:14:41 2016
elapsed time: 7 seconds (0d 0h 0m 7s)

