#
# There is insufficient memory for the Java Runtime Environment to continue.
# Native memory allocation (malloc) failed to allocate 292544 bytes for Chunk::new
# Possible reasons:
#   The system is out of physical RAM or swap space
#   In 32 bit mode, the process size limit was hit
# Possible solutions:
#   Reduce memory load on the system
#   Increase physical memory or swap space
#   Check if swap backing store is full
#   Use 64 bit Java on a 64 bit OS
#   Decrease Java heap size (-Xmx/-Xms)
#   Decrease number of Java threads
#   Decrease Java thread stack sizes (-Xss)
#   Set larger code cache with -XX:ReservedCodeCacheSize=
# This output file may be truncated or incomplete.
#
#  Out of Memory Error (allocation.cpp:390), pid=6784, tid=5492
#
# JRE version: Java(TM) SE Runtime Environment (8.0_31-b13) (build 1.8.0_31-b13)
# Java VM: Java HotSpot(TM) 64-Bit Server VM (25.31-b07 mixed mode windows-amd64 compressed oops)
# Failed to write core dump. Minidumps are not enabled by default on client versions of Windows
#

---------------  T H R E A D  ---------------

Current thread (0x000000001782d000):  JavaThread "C2 CompilerThread1" daemon [_thread_in_native, id=5492, stack(0x0000000017f00000,0x0000000018000000)]

Stack: [0x0000000017f00000,0x0000000018000000]
Native frames: (J=compiled Java code, j=interpreted, Vv=VM code, C=native code)
V  [jvm.dll+0x3169ba]


Current CompileTask:
C2:   3219  803   !   4       com.android.dx.cf.code.BytecodeArray::parseInstruction (2764 bytes)


---------------  P R O C E S S  ---------------

Java Threads: ( => current thread )
  0x0000000017af6000 JavaThread "pool-1-thread-4" [_thread_blocked, id=2572, stack(0x0000000018800000,0x0000000018900000)]
  0x0000000017af3000 JavaThread "pool-1-thread-3" [_thread_blocked, id=1328, stack(0x0000000018700000,0x0000000018800000)]
  0x0000000017af0000 JavaThread "pool-1-thread-2" [_thread_blocked, id=5644, stack(0x0000000018600000,0x0000000018700000)]
  0x0000000017ae9000 JavaThread "pool-2-thread-1" [_thread_blocked, id=4816, stack(0x0000000018500000,0x0000000018600000)]
  0x0000000017ae8000 JavaThread "pool-1-thread-1" [_thread_blocked, id=7792, stack(0x0000000018400000,0x0000000018500000)]
  0x0000000017892000 JavaThread "Service Thread" daemon [_thread_blocked, id=8108, stack(0x0000000018200000,0x0000000018300000)]
  0x0000000017832000 JavaThread "C1 CompilerThread3" daemon [_thread_in_native, id=5440, stack(0x0000000018100000,0x0000000018200000)]
  0x000000001782e800 JavaThread "C2 CompilerThread2" daemon [_thread_in_vm, id=4908, stack(0x0000000018000000,0x0000000018100000)]
=>0x000000001782d000 JavaThread "C2 CompilerThread1" daemon [_thread_in_native, id=5492, stack(0x0000000017f00000,0x0000000018000000)]
  0x0000000017826800 JavaThread "C2 CompilerThread0" daemon [_thread_blocked, id=7576, stack(0x0000000017e00000,0x0000000017f00000)]
  0x0000000017824800 JavaThread "Attach Listener" daemon [_thread_blocked, id=5396, stack(0x0000000017d00000,0x0000000017e00000)]
  0x0000000017824000 JavaThread "Signal Dispatcher" daemon [_thread_blocked, id=6560, stack(0x0000000017c00000,0x0000000017d00000)]
  0x0000000002cf4000 JavaThread "Finalizer" daemon [_thread_blocked, id=6200, stack(0x0000000017700000,0x0000000017800000)]
  0x0000000002cf3000 JavaThread "Reference Handler" daemon [_thread_blocked, id=2832, stack(0x0000000017600000,0x0000000017700000)]
  0x0000000002c00800 JavaThread "main" [_thread_blocked, id=5772, stack(0x0000000002b00000,0x0000000002c00000)]

Other Threads:
  0x0000000015817800 VMThread [stack: 0x0000000017500000,0x0000000017600000] [id=7912]
  0x0000000017894000 WatcherThread [stack: 0x0000000018300000,0x0000000018400000] [id=5112]

VM state:synchronizing (normal execution)

VM Mutex/Monitor currently owned by a thread:  ([mutex/lock_event])
[0x0000000002a0c760] Threads_lock - owner thread: 0x0000000015817800
[0x0000000002a0c160] Heap_lock - owner thread: 0x0000000017af6000
[0x0000000002a0e1f0] MethodData_lock - owner thread: 0x0000000017af6000

Heap:
 PSYoungGen      total 18944K, used 5863K [0x00000000eab00000, 0x00000000ed000000, 0x0000000100000000)
  eden space 16384K, 20% used [0x00000000eab00000,0x00000000eae40ac0,0x00000000ebb00000)
  from space 2560K, 98% used [0x00000000ebb00000,0x00000000ebd79358,0x00000000ebd80000)
  to   space 2560K, 0% used [0x00000000ecd80000,0x00000000ecd80000,0x00000000ed000000)
 ParOldGen       total 44032K, used 2550K [0x00000000c0000000, 0x00000000c2b00000, 0x00000000eab00000)
  object space 44032K, 5% used [0x00000000c0000000,0x00000000c027dbc8,0x00000000c2b00000)
 Metaspace       used 5623K, capacity 6704K, committed 6784K, reserved 1058816K
  class space    used 572K, capacity 616K, committed 640K, reserved 1048576K

Card table byte_map: [0x00000000120c0000,0x00000000122d0000] byte_map_base: 0x0000000011ac0000

Marking Bits: (ParMarkBitMap*) 0x00000000702ed4f0
 Begin Bits: [0x0000000012c30000, 0x0000000013c30000)
 End Bits:   [0x0000000013c30000, 0x0000000014c30000)

Polling page: 0x00000000010e0000

CodeCache: size=245760Kb used=3433Kb max_used=3444Kb free=242327Kb
 bounds [0x0000000002d00000, 0x0000000003060000, 0x0000000011d00000]
 total_blobs=1159 nmethods=895 adapters=178
 compilation: enabled

Compilation events (10 events):
Event: 3.207 Thread 0x0000000017832000  905       3       com.android.dx.ssa.SsaRenamer$BlockRenamer::process (191 bytes)
Event: 3.207 Thread 0x000000001782e800 nmethod 901 0x0000000003045250 code [0x00000000030453a0, 0x00000000030454b8]
Event: 3.207 Thread 0x0000000017826800  910       4       com.android.dx.ssa.SsaMethod::getDefinitionForRegister (61 bytes)
Event: 3.209 Thread 0x0000000017832000 nmethod 905 0x000000000305c290 code [0x000000000305c5e0, 0x000000000305e2f8]
Event: 3.209 Thread 0x0000000017832000  908       3       com.android.dx.cf.code.BaseMachine::popArgs (62 bytes)
Event: 3.209 Thread 0x0000000017832000 nmethod 908 0x00000000030544d0 code [0x0000000003054680, 0x0000000003054d18]
Event: 3.209 Thread 0x0000000017832000  911   !   3       com.android.dx.cf.code.Ropper::processBlock (1101 bytes)
Event: 3.210 Thread 0x0000000017826800 nmethod 910 0x0000000003053e90 code [0x0000000003054000, 0x0000000003054248]
Event: 3.210 Thread 0x0000000017826800  915       4       com.android.dx.ssa.NormalSsaInsn::hasSideEffect (76 bytes)
Event: 3.211 Thread 0x0000000017826800 nmethod 915 0x0000000003056990 code [0x0000000003056ae0, 0x0000000003056c08]

GC Heap History (2 events):
Event: 2.572 GC heap before
{Heap before GC invocations=1 (full 0):
 PSYoungGen      total 18944K, used 16384K [0x00000000eab00000, 0x00000000ec000000, 0x0000000100000000)
  eden space 16384K, 100% used [0x00000000eab00000,0x00000000ebb00000,0x00000000ebb00000)
  from space 2560K, 0% used [0x00000000ebd80000,0x00000000ebd80000,0x00000000ec000000)
  to   space 2560K, 0% used [0x00000000ebb00000,0x00000000ebb00000,0x00000000ebd80000)
 ParOldGen       total 44032K, used 0K [0x00000000c0000000, 0x00000000c2b00000, 0x00000000eab00000)
  object space 44032K, 0% used [0x00000000c0000000,0x00000000c0000000,0x00000000c2b00000)
 Metaspace       used 5587K, capacity 6704K, committed 6784K, reserved 1056768K
  class space    used 571K, capacity 616K, committed 640K, reserved 1048576K
Event: 3.024 GC heap after
Heap after GC invocations=1 (full 0):
 PSYoungGen      total 18944K, used 2532K [0x00000000eab00000, 0x00000000ed000000, 0x0000000100000000)
  eden space 16384K, 0% used [0x00000000eab00000,0x00000000eab00000,0x00000000ebb00000)
  from space 2560K, 98% used [0x00000000ebb00000,0x00000000ebd79358,0x00000000ebd80000)
  to   space 2560K, 0% used [0x00000000ecd80000,0x00000000ecd80000,0x00000000ed000000)
 ParOldGen       total 44032K, used 2550K [0x00000000c0000000, 0x00000000c2b00000, 0x00000000eab00000)
  object space 44032K, 5% used [0x00000000c0000000,0x00000000c027dbc8,0x00000000c2b00000)
 Metaspace       used 5587K, capacity 6704K, committed 6784K, reserved 1056768K
  class space    used 571K, capacity 616K, committed 640K, reserved 1048576K
}

Deoptimization events (0 events):
No events

Internal exceptions (10 events):
Event: 2.046 Thread 0x0000000002c00800 Exception <a 'java/security/PrivilegedActionException'> (0x00000000eb2db680) thrown at [C:\workspace\8-2-build-windows-amd64-cygwin\jdk8u31\2394\hotspot\src\share\vm\prims\jvm.cpp, line 1312]
Event: 2.046 Thread 0x0000000002c00800 Exception <a 'java/security/PrivilegedActionException'> (0x00000000eb2e13b8) thrown at [C:\workspace\8-2-build-windows-amd64-cygwin\jdk8u31\2394\hotspot\src\share\vm\prims\jvm.cpp, line 1312]
Event: 2.047 Thread 0x0000000002c00800 Exception <a 'java/security/PrivilegedActionException'> (0x00000000eb2ea398) thrown at [C:\workspace\8-2-build-windows-amd64-cygwin\jdk8u31\2394\hotspot\src\share\vm\prims\jvm.cpp, line 1312]
Event: 2.048 Thread 0x0000000002c00800 Exception <a 'java/security/PrivilegedActionException'> (0x00000000eb2efb30) thrown at [C:\workspace\8-2-build-windows-amd64-cygwin\jdk8u31\2394\hotspot\src\share\vm\prims\jvm.cpp, line 1312]
Event: 2.048 Thread 0x0000000002c00800 Exception <a 'java/security/PrivilegedActionException'> (0x00000000eb2f2e38) thrown at [C:\workspace\8-2-build-windows-amd64-cygwin\jdk8u31\2394\hotspot\src\share\vm\prims\jvm.cpp, line 1312]
Event: 2.053 Thread 0x0000000017ae8000 Exception <a 'java/security/PrivilegedActionException'> (0x00000000eb4c9e70) thrown at [C:\workspace\8-2-build-windows-amd64-cygwin\jdk8u31\2394\hotspot\src\share\vm\prims\jvm.cpp, line 1312]
Event: 2.078 Thread 0x0000000017af0000 Exception <a 'java/security/PrivilegedActionException'> (0x00000000eb34c468) thrown at [C:\workspace\8-2-build-windows-amd64-cygwin\jdk8u31\2394\hotspot\src\share\vm\prims\jvm.cpp, line 1312]
Event: 2.102 Thread 0x0000000017af6000 Exception <a 'java/security/PrivilegedActionException'> (0x00000000eb49b968) thrown at [C:\workspace\8-2-build-windows-amd64-cygwin\jdk8u31\2394\hotspot\src\share\vm\prims\jvm.cpp, line 1312]
Event: 2.159 Thread 0x0000000017af0000 Exception <a 'java/security/PrivilegedActionException'> (0x00000000eb51b800) thrown at [C:\workspace\8-2-build-windows-amd64-cygwin\jdk8u31\2394\hotspot\src\share\vm\prims\jvm.cpp, line 1312]
Event: 3.214 Thread 0x0000000017af0000 Exception <a 'java/security/PrivilegedActionException'> (0x00000000eadfe428) thrown at [C:\workspace\8-2-build-windows-amd64-cygwin\jdk8u31\2394\hotspot\src\share\vm\prims\jvm.cpp, line 1312]

Events (10 events):
Event: 2.397 Thread 0x0000000002c00800 DEOPT PACKING pc=0x0000000002f9b462 sp=0x0000000002bfe510
Event: 2.397 Thread 0x0000000002c00800 DEOPT UNPACKING pc=0x0000000002d475bf sp=0x0000000002bfe288 mode 0
Event: 2.398 Thread 0x0000000002c00800 DEOPT PACKING pc=0x0000000002f9b462 sp=0x0000000002bfe510
Event: 2.398 Thread 0x0000000002c00800 DEOPT UNPACKING pc=0x0000000002d475bf sp=0x0000000002bfe288 mode 0
Event: 2.411 Executing VM operation: ForceSafepoint
Event: 2.491 Executing VM operation: ForceSafepoint done
Event: 2.541 Executing VM operation: ParallelGCFailedAllocation
Event: 3.024 Executing VM operation: ParallelGCFailedAllocation done
Event: 3.214 loading class com/android/dx/cf/code/SwitchList
Event: 3.214 loading class com/android/dx/cf/code/SwitchList done


Dynamic libraries:
0x00007ff73e6e0000 - 0x00007ff73e714000 	C:\Program Files\Java\jdk1.8.0_31\bin\java.exe
0x00007ffda6090000 - 0x00007ffda623c000 	C:\Windows\SYSTEM32\ntdll.dll
0x00007ffda3a50000 - 0x00007ffda3b8e000 	C:\Windows\system32\KERNEL32.DLL
0x00007ffda3540000 - 0x00007ffda3655000 	C:\Windows\system32\KERNELBASE.dll
0x00007ffda1dd0000 - 0x00007ffda1e5e000 	C:\Windows\system32\apphelp.dll
0x00007ffd9e5c0000 - 0x00007ffd9e613000 	C:\Windows\AppPatch\AppPatch64\AcGenral.DLL
0x00007ffda4640000 - 0x00007ffda46ea000 	C:\Windows\system32\msvcrt.dll
0x00007ffda2fa0000 - 0x00007ffda2fce000 	C:\Windows\SYSTEM32\SspiCli.dll
0x00007ffda3e00000 - 0x00007ffda3e54000 	C:\Windows\system32\SHLWAPI.dll
0x00007ffda4290000 - 0x00007ffda4407000 	C:\Windows\system32\USER32.dll
0x00007ffda3b90000 - 0x00007ffda3d24000 	C:\Windows\system32\ole32.dll
0x00007ffda4b60000 - 0x00007ffda608b000 	C:\Windows\system32\SHELL32.dll
0x00007ffda2780000 - 0x00007ffda27a1000 	C:\Windows\SYSTEM32\USERENV.dll
0x00007ffda3e60000 - 0x00007ffda3f0a000 	C:\Windows\system32\ADVAPI32.dll
0x00007ffd942c0000 - 0x00007ffd942de000 	C:\Windows\SYSTEM32\MPR.dll
0x00007ffda4140000 - 0x00007ffda4281000 	C:\Windows\system32\RPCRT4.dll
0x00007ffda3f10000 - 0x00007ffda3f69000 	C:\Windows\SYSTEM32\sechost.dll
0x00007ffda4420000 - 0x00007ffda4631000 	C:\Windows\SYSTEM32\combase.dll
0x00007ffda3710000 - 0x00007ffda385f000 	C:\Windows\system32\GDI32.dll
0x00007ffda31e0000 - 0x00007ffda31f5000 	C:\Windows\SYSTEM32\profapi.dll
0x00007ffda1c60000 - 0x00007ffda1d12000 	C:\Windows\SYSTEM32\SHCORE.dll
0x00007ffda4090000 - 0x00007ffda40c6000 	C:\Windows\system32\IMM32.DLL
0x00007ffda46f0000 - 0x00007ffda4842000 	C:\Windows\system32\MSCTF.dll
0x00007ffda1070000 - 0x00007ffda12eb000 	C:\Windows\WinSxS\amd64_microsoft.windows.common-controls_6595b64144ccf1df_6.0.9600.18006_none_623f33d3ecbe86e8\COMCTL32.dll
0x000000006f6e0000 - 0x000000006f7b2000 	C:\Program Files\Java\jdk1.8.0_31\jre\bin\msvcr100.dll
0x000000006fb10000 - 0x000000007036a000 	C:\Program Files\Java\jdk1.8.0_31\jre\bin\server\jvm.dll
0x00007ffda1bc0000 - 0x00007ffda1bc9000 	C:\Windows\SYSTEM32\WSOCK32.dll
0x00007ffda1bd0000 - 0x00007ffda1bf2000 	C:\Windows\SYSTEM32\WINMM.dll
0x00007ffda4410000 - 0x00007ffda4417000 	C:\Windows\system32\PSAPI.DLL
0x00007ffda40e0000 - 0x00007ffda413a000 	C:\Windows\system32\WS2_32.dll
0x00007ffda04a0000 - 0x00007ffda04ca000 	C:\Windows\SYSTEM32\WINMMBASE.dll
0x00007ffda40d0000 - 0x00007ffda40d9000 	C:\Windows\system32\NSI.dll
0x00007ffda36c0000 - 0x00007ffda370f000 	C:\Windows\SYSTEM32\cfgmgr32.dll
0x00007ffda1fd0000 - 0x00007ffda1ff8000 	C:\Windows\SYSTEM32\DEVOBJ.dll
0x0000000070cd0000 - 0x0000000070cdf000 	C:\Program Files\Java\jdk1.8.0_31\jre\bin\verify.dll
0x0000000070ca0000 - 0x0000000070cc8000 	C:\Program Files\Java\jdk1.8.0_31\jre\bin\java.dll
0x000000006faf0000 - 0x000000006fb06000 	C:\Program Files\Java\jdk1.8.0_31\jre\bin\zip.dll

VM Arguments:
jvm_args: -Xmx1024M -Dfile.encoding=windows-1252 -Duser.country=US -Duser.language=en -Duser.variant 
java_command: com.android.dx.command.Main --dex --num-threads=4 --output E:\Data Adek\Data Kuliah\SEM 7 - MOBILE\FINAL PROJECT\Android1_EasyGo\EasyGo\app\build\intermediates\pre-dexed\debug\classes-25ddda483f8a0c1ee6c311aa2271d6e89d7d4fd3.jar E:\Data Adek\Data Kuliah\SEM 7 - MOBILE\FINAL PROJECT\Android1_EasyGo\EasyGo\app\build\intermediates\exploded-aar\com.google.android.gms\play-services-analytics\8.4.0\jars\classes.jar
java_class_path (initial): C:\Users\angga\AppData\Local\Android\sdk\build-tools\23.0.1\lib\dx.jar
Launcher Type: SUN_STANDARD

Environment Variables:
PATH=C:\ProgramData\Oracle\Java\javapath;C:\oraclexe\app\oracle\product\10.2.0\server\bin;C:\Program Files (x86)\Intel\iCLS Client\;C:\Program Files\Intel\iCLS Client\;C:\Windows\system32;C:\Windows;C:\Windows\System32\Wbem;C:\Windows\System32\WindowsPowerShell\v1.0\;C:\Program Files\Intel\Intel(R) Management Engine Components\DAL;C:\Program Files\Intel\Intel(R) Management Engine Components\IPT;C:\Program Files (x86)\Intel\Intel(R) Management Engine Components\DAL;C:\Program Files (x86)\Intel\Intel(R) Management Engine Components\IPT;C:\Program Files (x86)\Windows Kits\8.1\Windows Performance Toolkit\;C:\Program Files\Microsoft SQL Server\110\Tools\Binn\;C:\Program Files (x86)\nodejs\;C:\Users\angga\AppData\Roaming\npm;C:\Program Files (x86)\Java\jre7\bin
USERNAME=angga
OS=Windows_NT
PROCESSOR_IDENTIFIER=Intel64 Family 6 Model 58 Stepping 9, GenuineIntel



---------------  S Y S T E M  ---------------

OS: Windows 8.1 , 64 bit Build 9600 

CPU:total 8 (4 cores per cpu, 2 threads per core) family 6 model 58 stepping 9, cmov, cx8, fxsr, mmx, sse, sse2, sse3, ssse3, sse4.1, sse4.2, popcnt, avx, aes, clmul, erms, ht, tsc, tscinvbit, tscinv

Memory: 4k page, physical 4144288k(365040k free), swap 7290016k(5116k free)

vm_info: Java HotSpot(TM) 64-Bit Server VM (25.31-b07) for windows-amd64 JRE (1.8.0_31-b13), built on Dec 17 2014 21:00:28 by "java_re" with MS VC++ 10.0 (VS2010)

time: Sat Jan 02 20:16:40 2016
elapsed time: 3 seconds (0d 0h 0m 3s)

