#
# There is insufficient memory for the Java Runtime Environment to continue.
# Native memory allocation (malloc) failed to allocate 1181776 bytes for Chunk::new
# Possible reasons:
#   The system is out of physical RAM or swap space
#   In 32 bit mode, the process size limit was hit
# Possible solutions:
#   Reduce memory load on the system
#   Increase physical memory or swap space
#   Check if swap backing store is full
#   Use 64 bit Java on a 64 bit OS
#   Decrease Java heap size (-Xmx/-Xms)
#   Decrease number of Java threads
#   Decrease Java thread stack sizes (-Xss)
#   Set larger code cache with -XX:ReservedCodeCacheSize=
# This output file may be truncated or incomplete.
#
#  Out of Memory Error (allocation.cpp:390), pid=6440, tid=3392
#
# JRE version: Java(TM) SE Runtime Environment (8.0_31-b13) (build 1.8.0_31-b13)
# Java VM: Java HotSpot(TM) 64-Bit Server VM (25.31-b07 mixed mode windows-amd64 compressed oops)
# Failed to write core dump. Minidumps are not enabled by default on client versions of Windows
#

---------------  T H R E A D  ---------------

Current thread (0x0000000016b5a000):  JavaThread "C2 CompilerThread1" daemon [_thread_in_native, id=3392, stack(0x0000000017230000,0x0000000017330000)]

Stack: [0x0000000017230000,0x0000000017330000]
Native frames: (J=compiled Java code, j=interpreted, Vv=VM code, C=native code)
V  [jvm.dll+0x3169ba]


Current CompileTask:
C2:   6521 1522   !   4       com.android.dx.cf.code.RopperMachine::run (1550 bytes)


---------------  P R O C E S S  ---------------

Java Threads: ( => current thread )
  0x0000000016e3f000 JavaThread "pool-1-thread-4" [_thread_blocked, id=1352, stack(0x0000000017b30000,0x0000000017c30000)]
  0x0000000016e3c000 JavaThread "pool-1-thread-3" [_thread_blocked, id=6348, stack(0x0000000017a30000,0x0000000017b30000)]
  0x0000000016e1d000 JavaThread "pool-1-thread-2" [_thread_blocked, id=5384, stack(0x0000000017930000,0x0000000017a30000)]
  0x0000000016e1c000 JavaThread "pool-2-thread-1" [_thread_blocked, id=7828, stack(0x0000000017830000,0x0000000017930000)]
  0x0000000016e1b800 JavaThread "pool-1-thread-1" [_thread_blocked, id=6168, stack(0x0000000017730000,0x0000000017830000)]
  0x0000000016bd7000 JavaThread "Service Thread" daemon [_thread_blocked, id=6944, stack(0x0000000017530000,0x0000000017630000)]
  0x0000000016b61800 JavaThread "C1 CompilerThread3" daemon [_thread_blocked, id=1200, stack(0x0000000017430000,0x0000000017530000)]
  0x0000000016b5e800 JavaThread "C2 CompilerThread2" daemon [_thread_in_native, id=4624, stack(0x0000000017330000,0x0000000017430000)]
=>0x0000000016b5a000 JavaThread "C2 CompilerThread1" daemon [_thread_in_native, id=3392, stack(0x0000000017230000,0x0000000017330000)]
  0x0000000016b58000 JavaThread "C2 CompilerThread0" daemon [_thread_in_native, id=3572, stack(0x0000000017130000,0x0000000017230000)]
  0x0000000016b56000 JavaThread "Attach Listener" daemon [_thread_blocked, id=5380, stack(0x0000000017030000,0x0000000017130000)]
  0x0000000016b55800 JavaThread "Signal Dispatcher" daemon [_thread_blocked, id=644, stack(0x0000000016f30000,0x0000000017030000)]
  0x0000000002019800 JavaThread "Finalizer" daemon [_thread_blocked, id=2076, stack(0x0000000016a30000,0x0000000016b30000)]
  0x0000000002011000 JavaThread "Reference Handler" daemon [_thread_blocked, id=2116, stack(0x0000000016930000,0x0000000016a30000)]
  0x0000000001f20800 JavaThread "main" [_thread_blocked, id=4828, stack(0x0000000001da0000,0x0000000001ea0000)]

Other Threads:
  0x0000000014b38800 VMThread [stack: 0x0000000016830000,0x0000000016930000] [id=4212]
  0x0000000016bd9000 WatcherThread [stack: 0x0000000017630000,0x0000000017730000] [id=3116]

VM state:at safepoint (normal execution)

VM Mutex/Monitor currently owned by a thread:  ([mutex/lock_event])
[0x0000000001f1c9e0] Threads_lock - owner thread: 0x0000000014b38800
[0x0000000001f1bf60] Heap_lock - owner thread: 0x0000000016e1b800

Heap:
 PSYoungGen      total 35328K, used 2553K [0x00000000eab00000, 0x00000000ed000000, 0x0000000100000000)
  eden space 32768K, 0% used [0x00000000eab00000,0x00000000eab00000,0x00000000ecb00000)
  from space 2560K, 99% used [0x00000000ecb00000,0x00000000ecd7e608,0x00000000ecd80000)
  to   space 2560K, 0% used [0x00000000ecd80000,0x00000000ecd80000,0x00000000ed000000)
 ParOldGen       total 44032K, used 41537K [0x00000000c0000000, 0x00000000c2b00000, 0x00000000eab00000)
  object space 44032K, 94% used [0x00000000c0000000,0x00000000c2890740,0x00000000c2b00000)
 Metaspace       used 6199K, capacity 7152K, committed 7296K, reserved 1056768K
  class space    used 584K, capacity 616K, committed 640K, reserved 1048576K

Card table byte_map: [0x00000000113e0000,0x00000000115f0000] byte_map_base: 0x0000000010de0000

Marking Bits: (ParMarkBitMap*) 0x00000000702ed4f0
 Begin Bits: [0x0000000011f50000, 0x0000000012f50000)
 End Bits:   [0x0000000012f50000, 0x0000000013f50000)

Polling page: 0x00000000004b0000

CodeCache: size=245760Kb used=7350Kb max_used=7350Kb free=238409Kb
 bounds [0x0000000002020000, 0x0000000002760000, 0x0000000011020000]
 total_blobs=2122 nmethods=1857 adapters=178
 compilation: enabled

Compilation events (10 events):
Event: 3.015 Thread 0x0000000016b61800 1553       3       com.android.dx.cf.code.Ropper::addReturnBlock (228 bytes)
Event: 3.019 Thread 0x0000000016b61800 nmethod 1553 0x000000000266a390 code [0x000000000266a8a0, 0x000000000266e008]
Event: 3.019 Thread 0x0000000016b61800 1557       3       com.android.dx.ssa.back.SsaToRop::moveParametersToHighRegisters (88 bytes)
Event: 3.019 Thread 0x0000000016b61800 nmethod 1557 0x0000000002662f90 code [0x0000000002663160, 0x0000000002663a38]
Event: 3.019 Thread 0x0000000016b61800 1556       3       com.android.dx.rop.code.RegisterSpec::withLocalItem (41 bytes)
Event: 3.020 Thread 0x0000000016b61800 nmethod 1556 0x0000000002662790 code [0x0000000002662920, 0x0000000002662e38]
Event: 3.020 Thread 0x0000000016b61800 1555       3       com.android.dx.ssa.PhiInsn::canThrow (2 bytes)
Event: 3.020 Thread 0x0000000016b61800 nmethod 1555 0x0000000002662450 code [0x00000000026625a0, 0x00000000026626f0]
Event: 3.020 Thread 0x0000000016b61800 1554       3       com.android.dx.cf.code.Ropper::addSynchExceptionHandlerBlock (206 bytes)
Event: 3.024 Thread 0x0000000016b61800 nmethod 1554 0x0000000002670a90 code [0x0000000002671000, 0x0000000002674c18]

GC Heap History (6 events):
Event: 1.389 GC heap before
{Heap before GC invocations=1 (full 0):
 PSYoungGen      total 18944K, used 16384K [0x00000000eab00000, 0x00000000ec000000, 0x0000000100000000)
  eden space 16384K, 100% used [0x00000000eab00000,0x00000000ebb00000,0x00000000ebb00000)
  from space 2560K, 0% used [0x00000000ebd80000,0x00000000ebd80000,0x00000000ec000000)
  to   space 2560K, 0% used [0x00000000ebb00000,0x00000000ebb00000,0x00000000ebd80000)
 ParOldGen       total 44032K, used 0K [0x00000000c0000000, 0x00000000c2b00000, 0x00000000eab00000)
  object space 44032K, 0% used [0x00000000c0000000,0x00000000c0000000,0x00000000c2b00000)
 Metaspace       used 5627K, capacity 6704K, committed 6784K, reserved 1056768K
  class space    used 579K, capacity 616K, committed 640K, reserved 1048576K
Event: 1.502 GC heap after
Heap after GC invocations=1 (full 0):
 PSYoungGen      total 18944K, used 2554K [0x00000000eab00000, 0x00000000ed000000, 0x0000000100000000)
  eden space 16384K, 0% used [0x00000000eab00000,0x00000000eab00000,0x00000000ebb00000)
  from space 2560K, 99% used [0x00000000ebb00000,0x00000000ebd7eab8,0x00000000ebd80000)
  to   space 2560K, 0% used [0x00000000ecd80000,0x00000000ecd80000,0x00000000ed000000)
 ParOldGen       total 44032K, used 1690K [0x00000000c0000000, 0x00000000c2b00000, 0x00000000eab00000)
  object space 44032K, 3% used [0x00000000c0000000,0x00000000c01a6b30,0x00000000c2b00000)
 Metaspace       used 5627K, capacity 6704K, committed 6784K, reserved 1056768K
  class space    used 579K, capacity 616K, committed 640K, reserved 1048576K
}
Event: 2.286 GC heap before
{Heap before GC invocations=2 (full 0):
 PSYoungGen      total 18944K, used 18938K [0x00000000eab00000, 0x00000000ed000000, 0x0000000100000000)
  eden space 16384K, 100% used [0x00000000eab00000,0x00000000ebb00000,0x00000000ebb00000)
  from space 2560K, 99% used [0x00000000ebb00000,0x00000000ebd7eab8,0x00000000ebd80000)
  to   space 2560K, 0% used [0x00000000ecd80000,0x00000000ecd80000,0x00000000ed000000)
 ParOldGen       total 44032K, used 1690K [0x00000000c0000000, 0x00000000c2b00000, 0x00000000eab00000)
  object space 44032K, 3% used [0x00000000c0000000,0x00000000c01a6b30,0x00000000c2b00000)
 Metaspace       used 5902K, capacity 6960K, committed 7040K, reserved 1056768K
  class space    used 579K, capacity 616K, committed 640K, reserved 1048576K
Event: 2.382 GC heap after
Heap after GC invocations=2 (full 0):
 PSYoungGen      total 35328K, used 2535K [0x00000000eab00000, 0x00000000ed000000, 0x0000000100000000)
  eden space 32768K, 0% used [0x00000000eab00000,0x00000000eab00000,0x00000000ecb00000)
  from space 2560K, 99% used [0x00000000ecd80000,0x00000000ecff9c78,0x00000000ed000000)
  to   space 2560K, 0% used [0x00000000ecb00000,0x00000000ecb00000,0x00000000ecd80000)
 ParOldGen       total 44032K, used 4035K [0x00000000c0000000, 0x00000000c2b00000, 0x00000000eab00000)
  object space 44032K, 9% used [0x00000000c0000000,0x00000000c03f0d10,0x00000000c2b00000)
 Metaspace       used 5902K, capacity 6960K, committed 7040K, reserved 1056768K
  class space    used 579K, capacity 616K, committed 640K, reserved 1048576K
}
Event: 3.075 GC heap before
{Heap before GC invocations=3 (full 0):
 PSYoungGen      total 35328K, used 35303K [0x00000000eab00000, 0x00000000ed000000, 0x0000000100000000)
  eden space 32768K, 100% used [0x00000000eab00000,0x00000000ecb00000,0x00000000ecb00000)
  from space 2560K, 99% used [0x00000000ecd80000,0x00000000ecff9c78,0x00000000ed000000)
  to   space 2560K, 0% used [0x00000000ecb00000,0x00000000ecb00000,0x00000000ecd80000)
 ParOldGen       total 44032K, used 4035K [0x00000000c0000000, 0x00000000c2b00000, 0x00000000eab00000)
  object space 44032K, 9% used [0x00000000c0000000,0x00000000c03f0d10,0x00000000c2b00000)
 Metaspace       used 5984K, capacity 7024K, committed 7296K, reserved 1056768K
  class space    used 580K, capacity 616K, committed 640K, reserved 1048576K
Event: 3.182 GC heap after
Heap after GC invocations=3 (full 0):
 PSYoungGen      total 35328K, used 2528K [0x00000000eab00000, 0x00000000ed000000, 0x0000000100000000)
  eden space 32768K, 0% used [0x00000000eab00000,0x00000000eab00000,0x00000000ecb00000)
  from space 2560K, 98% used [0x00000000ecb00000,0x00000000ecd78018,0x00000000ecd80000)
  to   space 2560K, 0% used [0x00000000ecd80000,0x00000000ecd80000,0x00000000ed000000)
 ParOldGen       total 44032K, used 8838K [0x00000000c0000000, 0x00000000c2b00000, 0x00000000eab00000)
  object space 44032K, 20% used [0x00000000c0000000,0x00000000c08a19c0,0x00000000c2b00000)
 Metaspace       used 5984K, capacity 7024K, committed 7296K, reserved 1056768K
  class space    used 580K, capacity 616K, committed 640K, reserved 1048576K
}

Deoptimization events (10 events):
Event: 2.585 Thread 0x0000000016e1d000 Uncommon trap: reason=bimorphic action=maybe_recompile pc=0x00000000025940c4 method=com.android.dx.ssa.LiteralOpUpgrader.tryReplacingWithConstant(Lcom/android/dx/ssa/NormalSsaInsn;)Z @ 62
Event: 2.585 Thread 0x0000000016e1b800 Uncommon trap: reason=class_check action=maybe_recompile pc=0x0000000002583c90 method=com.android.dx.ssa.SCCP.simulateBranch(Lcom/android/dx/ssa/SsaInsn;)V @ 145
Event: 2.585 Thread 0x0000000016e1b800 Uncommon trap: reason=class_check action=maybe_recompile pc=0x0000000002583c90 method=com.android.dx.ssa.SCCP.simulateBranch(Lcom/android/dx/ssa/SsaInsn;)V @ 145
Event: 2.752 Thread 0x0000000016e1b800 Uncommon trap: reason=bimorphic action=maybe_recompile pc=0x00000000025940c4 method=com.android.dx.ssa.LiteralOpUpgrader.tryReplacingWithConstant(Lcom/android/dx/ssa/NormalSsaInsn;)Z @ 62
Event: 2.790 Thread 0x0000000016e1b800 Uncommon trap: reason=bimorphic action=maybe_recompile pc=0x0000000002247a68 method=java.util.HashMap.getNode(ILjava/lang/Object;)Ljava/util/HashMap$Node; @ 126
Event: 2.790 Thread 0x0000000016e1b800 Uncommon trap: reason=bimorphic action=maybe_recompile pc=0x0000000002247a68 method=java.util.HashMap.getNode(ILjava/lang/Object;)Ljava/util/HashMap$Node; @ 126
Event: 2.799 Thread 0x0000000016e3c000 Uncommon trap: reason=bimorphic action=maybe_recompile pc=0x00000000025e7bac method=com.android.dx.ssa.SCCP.simulatePhi(Lcom/android/dx/ssa/PhiInsn;)V @ 124
Event: 2.926 Thread 0x0000000016e1b800 Uncommon trap: reason=bimorphic action=maybe_recompile pc=0x0000000002247a68 method=java.util.HashMap.getNode(ILjava/lang/Object;)Ljava/util/HashMap$Node; @ 126
Event: 2.926 Thread 0x0000000016e1b800 Uncommon trap: reason=bimorphic action=maybe_recompile pc=0x0000000002247a68 method=java.util.HashMap.getNode(ILjava/lang/Object;)Ljava/util/HashMap$Node; @ 126
Event: 2.934 Thread 0x0000000016e1b800 Uncommon trap: reason=bimorphic action=maybe_recompile pc=0x0000000002246190 method=java.util.HashMap.getNode(ILjava/lang/Object;)Ljava/util/HashMap$Node; @ 126

Internal exceptions (10 events):
Event: 0.994 Thread 0x0000000016e1d000 Exception <a 'java/security/PrivilegedActionException'> (0x00000000eafa7cb0) thrown at [C:\workspace\8-2-build-windows-amd64-cygwin\jdk8u31\2394\hotspot\src\share\vm\prims\jvm.cpp, line 1312]
Event: 1.015 Thread 0x0000000016e1d000 Exception <a 'java/security/PrivilegedActionException'> (0x00000000eafd5a18) thrown at [C:\workspace\8-2-build-windows-amd64-cygwin\jdk8u31\2394\hotspot\src\share\vm\prims\jvm.cpp, line 1312]
Event: 1.015 Thread 0x0000000016e1b800 Exception <a 'java/security/PrivilegedActionException'> (0x00000000eb502a30) thrown at [C:\workspace\8-2-build-windows-amd64-cygwin\jdk8u31\2394\hotspot\src\share\vm\prims\jvm.cpp, line 1312]
Event: 1.040 Thread 0x0000000016e1d000 Exception <a 'java/security/PrivilegedActionException'> (0x00000000eb6a2bb0) thrown at [C:\workspace\8-2-build-windows-amd64-cygwin\jdk8u31\2394\hotspot\src\share\vm\prims\jvm.cpp, line 1312]
Event: 1.061 Thread 0x0000000001f20800 Exception <a 'java/security/PrivilegedActionException'> (0x00000000eb668390) thrown at [C:\workspace\8-2-build-windows-amd64-cygwin\jdk8u31\2394\hotspot\src\share\vm\prims\jvm.cpp, line 1312]
Event: 1.062 Thread 0x0000000001f20800 Exception <a 'java/security/PrivilegedActionException'> (0x00000000eb675528) thrown at [C:\workspace\8-2-build-windows-amd64-cygwin\jdk8u31\2394\hotspot\src\share\vm\prims\jvm.cpp, line 1312]
Event: 1.378 Thread 0x0000000016e3c000 Exception <a 'java/security/PrivilegedActionException'> (0x00000000eb9efdd0) thrown at [C:\workspace\8-2-build-windows-amd64-cygwin\jdk8u31\2394\hotspot\src\share\vm\prims\jvm.cpp, line 1312]
Event: 1.549 Thread 0x0000000001f20800 Implicit null exception at 0x00000000022f4362 to 0x00000000022f4452
Event: 2.800 Thread 0x0000000001f20800 Exception <a 'java/security/PrivilegedActionException'> (0x00000000eb8cf740) thrown at [C:\workspace\8-2-build-windows-amd64-cygwin\jdk8u31\2394\hotspot\src\share\vm\prims\jvm.cpp, line 1312]
Event: 2.801 Thread 0x0000000001f20800 Exception <a 'java/security/PrivilegedActionException'> (0x00000000ebd87808) thrown at [C:\workspace\8-2-build-windows-amd64-cygwin\jdk8u31\2394\hotspot\src\share\vm\prims\jvm.cpp, line 1312]

Events (10 events):
Event: 2.926 Thread 0x0000000016e1b800 DEOPT PACKING pc=0x0000000002247a68 sp=0x000000001782e730
Event: 2.926 Thread 0x0000000016e1b800 DEOPT UNPACKING pc=0x000000000206556a sp=0x000000001782e638 mode 2
Event: 2.926 Thread 0x0000000016e1b800 Uncommon trap: trap_request=0xffffffc6 fr.pc=0x0000000002247a68
Event: 2.926 Thread 0x0000000016e1b800 DEOPT PACKING pc=0x0000000002247a68 sp=0x000000001782e730
Event: 2.926 Thread 0x0000000016e1b800 DEOPT UNPACKING pc=0x000000000206556a sp=0x000000001782e638 mode 2
Event: 2.934 Thread 0x0000000016e1b800 Uncommon trap: trap_request=0xffffffc6 fr.pc=0x0000000002246190
Event: 2.934 Thread 0x0000000016e1b800 DEOPT PACKING pc=0x0000000002246190 sp=0x000000001782e6a0
Event: 2.934 Thread 0x0000000016e1b800 DEOPT UNPACKING pc=0x000000000206556a sp=0x000000001782e628 mode 2
Event: 3.029 Executing VM operation: ParallelGCFailedAllocation
Event: 3.182 Executing VM operation: ParallelGCFailedAllocation done


Dynamic libraries:
0x00007ff73e6e0000 - 0x00007ff73e714000 	C:\Program Files\Java\jdk1.8.0_31\bin\java.exe
0x00007ffda6090000 - 0x00007ffda623c000 	C:\Windows\SYSTEM32\ntdll.dll
0x00007ffda3a50000 - 0x00007ffda3b8e000 	C:\Windows\system32\KERNEL32.DLL
0x00007ffda3540000 - 0x00007ffda3655000 	C:\Windows\system32\KERNELBASE.dll
0x00007ffda1dd0000 - 0x00007ffda1e5e000 	C:\Windows\system32\apphelp.dll
0x00007ffd9e5c0000 - 0x00007ffd9e613000 	C:\Windows\AppPatch\AppPatch64\AcGenral.DLL
0x00007ffda4640000 - 0x00007ffda46ea000 	C:\Windows\system32\msvcrt.dll
0x00007ffda2fa0000 - 0x00007ffda2fce000 	C:\Windows\SYSTEM32\SspiCli.dll
0x00007ffda3e00000 - 0x00007ffda3e54000 	C:\Windows\system32\SHLWAPI.dll
0x00007ffda4290000 - 0x00007ffda4407000 	C:\Windows\system32\USER32.dll
0x00007ffda3b90000 - 0x00007ffda3d24000 	C:\Windows\system32\ole32.dll
0x00007ffda4b60000 - 0x00007ffda608b000 	C:\Windows\system32\SHELL32.dll
0x00007ffda2780000 - 0x00007ffda27a1000 	C:\Windows\SYSTEM32\USERENV.dll
0x00007ffda3e60000 - 0x00007ffda3f0a000 	C:\Windows\system32\ADVAPI32.dll
0x00007ffd942c0000 - 0x00007ffd942de000 	C:\Windows\SYSTEM32\MPR.dll
0x00007ffda4140000 - 0x00007ffda4281000 	C:\Windows\system32\RPCRT4.dll
0x00007ffda3f10000 - 0x00007ffda3f69000 	C:\Windows\SYSTEM32\sechost.dll
0x00007ffda4420000 - 0x00007ffda4631000 	C:\Windows\SYSTEM32\combase.dll
0x00007ffda3710000 - 0x00007ffda385f000 	C:\Windows\system32\GDI32.dll
0x00007ffda31e0000 - 0x00007ffda31f5000 	C:\Windows\SYSTEM32\profapi.dll
0x00007ffda1c60000 - 0x00007ffda1d12000 	C:\Windows\SYSTEM32\SHCORE.dll
0x00007ffda4090000 - 0x00007ffda40c6000 	C:\Windows\system32\IMM32.DLL
0x00007ffda46f0000 - 0x00007ffda4842000 	C:\Windows\system32\MSCTF.dll
0x00007ffda1070000 - 0x00007ffda12eb000 	C:\Windows\WinSxS\amd64_microsoft.windows.common-controls_6595b64144ccf1df_6.0.9600.18006_none_623f33d3ecbe86e8\COMCTL32.dll
0x000000006f6e0000 - 0x000000006f7b2000 	C:\Program Files\Java\jdk1.8.0_31\jre\bin\msvcr100.dll
0x000000006fb10000 - 0x000000007036a000 	C:\Program Files\Java\jdk1.8.0_31\jre\bin\server\jvm.dll
0x00007ffda1bc0000 - 0x00007ffda1bc9000 	C:\Windows\SYSTEM32\WSOCK32.dll
0x00007ffda1bd0000 - 0x00007ffda1bf2000 	C:\Windows\SYSTEM32\WINMM.dll
0x00007ffda4410000 - 0x00007ffda4417000 	C:\Windows\system32\PSAPI.DLL
0x00007ffda40e0000 - 0x00007ffda413a000 	C:\Windows\system32\WS2_32.dll
0x00007ffda04a0000 - 0x00007ffda04ca000 	C:\Windows\SYSTEM32\WINMMBASE.dll
0x00007ffda40d0000 - 0x00007ffda40d9000 	C:\Windows\system32\NSI.dll
0x00007ffda36c0000 - 0x00007ffda370f000 	C:\Windows\SYSTEM32\cfgmgr32.dll
0x00007ffda1fd0000 - 0x00007ffda1ff8000 	C:\Windows\SYSTEM32\DEVOBJ.dll
0x0000000070cd0000 - 0x0000000070cdf000 	C:\Program Files\Java\jdk1.8.0_31\jre\bin\verify.dll
0x0000000070ca0000 - 0x0000000070cc8000 	C:\Program Files\Java\jdk1.8.0_31\jre\bin\java.dll
0x000000006faf0000 - 0x000000006fb06000 	C:\Program Files\Java\jdk1.8.0_31\jre\bin\zip.dll
0x00007ffd9a920000 - 0x00007ffd9aaa9000 	C:\Windows\SYSTEM32\dbghelp.dll

VM Arguments:
jvm_args: -Xmx1024M -Dfile.encoding=windows-1252 -Duser.country=US -Duser.language=en -Duser.variant 
java_command: com.android.dx.command.Main --dex --num-threads=4 --output E:\Data Adek\Data Kuliah\SEM 7 - MOBILE\FINAL PROJECT\Android1_EasyGo\EasyGo\app\build\intermediates\pre-dexed\debug\classes-df4fbda1aa2379398e6db138be956a31ec4da9e3.jar E:\Data Adek\Data Kuliah\SEM 7 - MOBILE\FINAL PROJECT\Android1_EasyGo\EasyGo\app\build\intermediates\exploded-aar\com.google.android.gms\play-services-basement\8.4.0\jars\classes.jar
java_class_path (initial): C:\Users\angga\AppData\Local\Android\sdk\build-tools\23.0.1\lib\dx.jar
Launcher Type: SUN_STANDARD

Environment Variables:
PATH=C:\ProgramData\Oracle\Java\javapath;C:\oraclexe\app\oracle\product\10.2.0\server\bin;C:\Program Files (x86)\Intel\iCLS Client\;C:\Program Files\Intel\iCLS Client\;C:\Windows\system32;C:\Windows;C:\Windows\System32\Wbem;C:\Windows\System32\WindowsPowerShell\v1.0\;C:\Program Files\Intel\Intel(R) Management Engine Components\DAL;C:\Program Files\Intel\Intel(R) Management Engine Components\IPT;C:\Program Files (x86)\Intel\Intel(R) Management Engine Components\DAL;C:\Program Files (x86)\Intel\Intel(R) Management Engine Components\IPT;C:\Program Files (x86)\Windows Kits\8.1\Windows Performance Toolkit\;C:\Program Files\Microsoft SQL Server\110\Tools\Binn\;C:\Program Files (x86)\nodejs\;C:\Users\angga\AppData\Roaming\npm;C:\Program Files (x86)\Java\jre7\bin
USERNAME=angga
OS=Windows_NT
PROCESSOR_IDENTIFIER=Intel64 Family 6 Model 58 Stepping 9, GenuineIntel



---------------  S Y S T E M  ---------------

OS: Windows 8.1 , 64 bit Build 9600 

CPU:total 8 (4 cores per cpu, 2 threads per core) family 6 model 58 stepping 9, cmov, cx8, fxsr, mmx, sse, sse2, sse3, ssse3, sse4.1, sse4.2, popcnt, avx, aes, clmul, erms, ht, tsc, tscinvbit, tscinv

Memory: 4k page, physical 4144288k(52644k free), swap 7290016k(4720k free)

vm_info: Java HotSpot(TM) 64-Bit Server VM (25.31-b07) for windows-amd64 JRE (1.8.0_31-b13), built on Dec 17 2014 21:00:28 by "java_re" with MS VC++ 10.0 (VS2010)

time: Sat Jan 02 20:49:43 2016
elapsed time: 6 seconds (0d 0h 0m 6s)

