#
# There is insufficient memory for the Java Runtime Environment to continue.
# Native memory allocation (malloc) failed to allocate 32744 bytes for ChunkPool::allocate
# Possible reasons:
#   The system is out of physical RAM or swap space
#   In 32 bit mode, the process size limit was hit
# Possible solutions:
#   Reduce memory load on the system
#   Increase physical memory or swap space
#   Check if swap backing store is full
#   Use 64 bit Java on a 64 bit OS
#   Decrease Java heap size (-Xmx/-Xms)
#   Decrease number of Java threads
#   Decrease Java thread stack sizes (-Xss)
#   Set larger code cache with -XX:ReservedCodeCacheSize=
# This output file may be truncated or incomplete.
#
#  Out of Memory Error (allocation.cpp:273), pid=5720, tid=3352
#
# JRE version: Java(TM) SE Runtime Environment (8.0_31-b13) (build 1.8.0_31-b13)
# Java VM: Java HotSpot(TM) 64-Bit Server VM (25.31-b07 mixed mode windows-amd64 compressed oops)
# Failed to write core dump. Minidumps are not enabled by default on client versions of Windows
#

---------------  T H R E A D  ---------------

Current thread (0x000000001707c000):  JavaThread "C2 CompilerThread2" daemon [_thread_in_native, id=3352, stack(0x0000000017850000,0x0000000017950000)]

Stack: [0x0000000017850000,0x0000000017950000]
Native frames: (J=compiled Java code, j=interpreted, Vv=VM code, C=native code)
V  [jvm.dll+0x3169ba]


Current CompileTask:
C2:   3257 1296   !   4       com.android.dx.cf.cst.ConstantPoolParser::parse0 (731 bytes)


---------------  P R O C E S S  ---------------

Java Threads: ( => current thread )
  0x000000001733b000 JavaThread "pool-1-thread-4" [_thread_in_vm, id=1032, stack(0x0000000018050000,0x0000000018150000)]
  0x000000001733a000 JavaThread "pool-1-thread-3" [_thread_blocked, id=1004, stack(0x0000000017f50000,0x0000000018050000)]
  0x0000000017335000 JavaThread "pool-1-thread-2" [_thread_blocked, id=5140, stack(0x0000000017e50000,0x0000000017f50000)]
  0x0000000017334800 JavaThread "pool-2-thread-1" [_thread_blocked, id=5736, stack(0x0000000017d50000,0x0000000017e50000)]
  0x000000001732d800 JavaThread "pool-1-thread-1" [_thread_in_vm, id=5956, stack(0x0000000017c50000,0x0000000017d50000)]
  0x00000000170e9000 JavaThread "Service Thread" daemon [_thread_blocked, id=6352, stack(0x0000000017a50000,0x0000000017b50000)]
  0x0000000017081800 JavaThread "C1 CompilerThread3" daemon [_thread_blocked, id=8124, stack(0x0000000017950000,0x0000000017a50000)]
=>0x000000001707c000 JavaThread "C2 CompilerThread2" daemon [_thread_in_native, id=3352, stack(0x0000000017850000,0x0000000017950000)]
  0x000000001707a000 JavaThread "C2 CompilerThread1" daemon [_thread_blocked, id=3784, stack(0x0000000017750000,0x0000000017850000)]
  0x0000000017078000 JavaThread "C2 CompilerThread0" daemon [_thread_blocked, id=7396, stack(0x0000000017650000,0x0000000017750000)]
  0x0000000017075800 JavaThread "Attach Listener" daemon [_thread_blocked, id=7848, stack(0x0000000017550000,0x0000000017650000)]
  0x0000000017075000 JavaThread "Signal Dispatcher" daemon [_thread_blocked, id=6048, stack(0x0000000017450000,0x0000000017550000)]
  0x0000000002552000 JavaThread "Finalizer" daemon [_thread_blocked, id=7072, stack(0x0000000016f50000,0x0000000017050000)]
  0x0000000002551000 JavaThread "Reference Handler" daemon [_thread_blocked, id=6844, stack(0x0000000016e50000,0x0000000016f50000)]
  0x0000000002460800 JavaThread "main" [_thread_in_vm, id=3500, stack(0x00000000022d0000,0x00000000023d0000)]

Other Threads:
  0x0000000015078800 VMThread [stack: 0x0000000016d50000,0x0000000016e50000] [id=6980]
  0x00000000170ef000 WatcherThread [stack: 0x0000000017b50000,0x0000000017c50000] [id=7344]

VM state:synchronizing (normal execution)

VM Mutex/Monitor currently owned by a thread:  ([mutex/lock_event])
[0x000000000245cab0] Threads_lock - owner thread: 0x0000000015078800
[0x000000000245c230] Heap_lock - owner thread: 0x0000000002460800

Heap:
 PSYoungGen      total 35328K, used 35312K [0x00000000eab00000, 0x00000000ed000000, 0x0000000100000000)
  eden space 32768K, 100% used [0x00000000eab00000,0x00000000ecb00000,0x00000000ecb00000)
  from space 2560K, 99% used [0x00000000ecd80000,0x00000000ecffc038,0x00000000ed000000)
  to   space 2560K, 0% used [0x00000000ecb00000,0x00000000ecb00000,0x00000000ecd80000)
 ParOldGen       total 44032K, used 4603K [0x00000000c0000000, 0x00000000c2b00000, 0x00000000eab00000)
  object space 44032K, 10% used [0x00000000c0000000,0x00000000c047ee88,0x00000000c2b00000)
 Metaspace       used 5986K, capacity 7024K, committed 7296K, reserved 1056768K
  class space    used 584K, capacity 616K, committed 640K, reserved 1048576K

Card table byte_map: [0x0000000011920000,0x0000000011b30000] byte_map_base: 0x0000000011320000

Marking Bits: (ParMarkBitMap*) 0x00000000702ed4f0
 Begin Bits: [0x0000000012490000, 0x0000000013490000)
 End Bits:   [0x0000000013490000, 0x0000000014490000)

Polling page: 0x0000000000a10000

CodeCache: size=245760Kb used=5679Kb max_used=5679Kb free=240080Kb
 bounds [0x0000000002560000, 0x0000000002b00000, 0x0000000011560000]
 total_blobs=1663 nmethods=1399 adapters=178
 compilation: enabled

Compilation events (10 events):
Event: 3.098 Thread 0x0000000017081800 nmethod 1423 0x0000000002aee290 code [0x0000000002aee3e0, 0x0000000002aee550]
Event: 3.098 Thread 0x0000000017081800 1424       3       java.util.Collections::unmodifiableCollection (9 bytes)
Event: 3.099 Thread 0x0000000017081800 nmethod 1424 0x0000000002aee5d0 code [0x0000000002aee740, 0x0000000002aeea68]
Event: 3.099 Thread 0x0000000017081800 1425       3       com.android.dx.cf.direct.FieldListParser::set (30 bytes)
Event: 3.100 Thread 0x0000000017081800 nmethod 1425 0x0000000002aeebd0 code [0x0000000002aeedc0, 0x0000000002aef818]
Event: 3.100 Thread 0x0000000017081800 1426       3       com.android.dx.cf.direct.DirectClassFile::getSourceFile (31 bytes)
Event: 3.100 Thread 0x0000000017081800 nmethod 1426 0x0000000002aeffd0 code [0x0000000002af0180, 0x0000000002af0718]
Event: 3.100 Thread 0x0000000017081800 1427       1       com.android.dx.cf.attrib.AttConstantValue::getConstantValue (5 bytes)
Event: 3.100 Thread 0x0000000017081800 nmethod 1427 0x0000000002af08d0 code [0x0000000002af0a20, 0x0000000002af0b30]
Event: 3.102 Thread 0x0000000017081800 1428       3       com.android.dx.ssa.back.SsaToRop::verifyValidExitPredecessor (53 bytes)

GC Heap History (4 events):
Event: 1.500 GC heap before
{Heap before GC invocations=1 (full 0):
 PSYoungGen      total 18944K, used 16384K [0x00000000eab00000, 0x00000000ec000000, 0x0000000100000000)
  eden space 16384K, 100% used [0x00000000eab00000,0x00000000ebb00000,0x00000000ebb00000)
  from space 2560K, 0% used [0x00000000ebd80000,0x00000000ebd80000,0x00000000ec000000)
  to   space 2560K, 0% used [0x00000000ebb00000,0x00000000ebb00000,0x00000000ebd80000)
 ParOldGen       total 44032K, used 0K [0x00000000c0000000, 0x00000000c2b00000, 0x00000000eab00000)
  object space 44032K, 0% used [0x00000000c0000000,0x00000000c0000000,0x00000000c2b00000)
 Metaspace       used 5678K, capacity 6768K, committed 7040K, reserved 1056768K
  class space    used 582K, capacity 616K, committed 640K, reserved 1048576K
Event: 1.580 GC heap after
Heap after GC invocations=1 (full 0):
 PSYoungGen      total 18944K, used 2551K [0x00000000eab00000, 0x00000000ed000000, 0x0000000100000000)
  eden space 16384K, 0% used [0x00000000eab00000,0x00000000eab00000,0x00000000ebb00000)
  from space 2560K, 99% used [0x00000000ebb00000,0x00000000ebd7dc98,0x00000000ebd80000)
  to   space 2560K, 0% used [0x00000000ecd80000,0x00000000ecd80000,0x00000000ed000000)
 ParOldGen       total 44032K, used 1942K [0x00000000c0000000, 0x00000000c2b00000, 0x00000000eab00000)
  object space 44032K, 4% used [0x00000000c0000000,0x00000000c01e5888,0x00000000c2b00000)
 Metaspace       used 5678K, capacity 6768K, committed 7040K, reserved 1056768K
  class space    used 582K, capacity 616K, committed 640K, reserved 1048576K
}
Event: 2.416 GC heap before
{Heap before GC invocations=2 (full 0):
 PSYoungGen      total 18944K, used 18935K [0x00000000eab00000, 0x00000000ed000000, 0x0000000100000000)
  eden space 16384K, 100% used [0x00000000eab00000,0x00000000ebb00000,0x00000000ebb00000)
  from space 2560K, 99% used [0x00000000ebb00000,0x00000000ebd7dc98,0x00000000ebd80000)
  to   space 2560K, 0% used [0x00000000ecd80000,0x00000000ecd80000,0x00000000ed000000)
 ParOldGen       total 44032K, used 1942K [0x00000000c0000000, 0x00000000c2b00000, 0x00000000eab00000)
  object space 44032K, 4% used [0x00000000c0000000,0x00000000c01e5888,0x00000000c2b00000)
 Metaspace       used 5826K, capacity 6896K, committed 7040K, reserved 1056768K
  class space    used 584K, capacity 616K, committed 640K, reserved 1048576K
Event: 2.701 GC heap after
Heap after GC invocations=2 (full 0):
 PSYoungGen      total 35328K, used 2544K [0x00000000eab00000, 0x00000000ed000000, 0x0000000100000000)
  eden space 32768K, 0% used [0x00000000eab00000,0x00000000eab00000,0x00000000ecb00000)
  from space 2560K, 99% used [0x00000000ecd80000,0x00000000ecffc038,0x00000000ed000000)
  to   space 2560K, 0% used [0x00000000ecb00000,0x00000000ecb00000,0x00000000ecd80000)
 ParOldGen       total 44032K, used 4603K [0x00000000c0000000, 0x00000000c2b00000, 0x00000000eab00000)
  object space 44032K, 10% used [0x00000000c0000000,0x00000000c047ee88,0x00000000c2b00000)
 Metaspace       used 5826K, capacity 6896K, committed 7040K, reserved 1056768K
  class space    used 584K, capacity 616K, committed 640K, reserved 1048576K
}

Deoptimization events (7 events):
Event: 1.638 Thread 0x0000000017335000 Uncommon trap: reason=class_check action=maybe_recompile pc=0x000000000282226c method=com.android.dx.rop.type.Type.equals(Ljava/lang/Object;)Z @ 8
Event: 1.639 Thread 0x0000000017335000 Uncommon trap: reason=class_check action=maybe_recompile pc=0x000000000282226c method=com.android.dx.rop.type.Type.equals(Ljava/lang/Object;)Z @ 8
Event: 1.737 Thread 0x000000001732d800 Uncommon trap: reason=class_check action=maybe_recompile pc=0x000000000282226c method=com.android.dx.rop.type.Type.equals(Ljava/lang/Object;)Z @ 8
Event: 1.738 Thread 0x000000001732d800 Uncommon trap: reason=class_check action=maybe_recompile pc=0x000000000282226c method=com.android.dx.rop.type.Type.equals(Ljava/lang/Object;)Z @ 8
Event: 1.748 Thread 0x0000000002460800 Uncommon trap: reason=class_check action=maybe_recompile pc=0x00000000027bf2cc method=com.android.dx.rop.type.Type.equals(Ljava/lang/Object;)Z @ 8
Event: 3.009 Thread 0x000000001733b000 Uncommon trap: reason=unreached action=reinterpret pc=0x000000000286e69c method=com.android.dx.rop.cst.Constant.compareTo(Lcom/android/dx/rop/cst/Constant;)I @ 12
Event: 3.063 Thread 0x000000001733b000 Uncommon trap: reason=unreached action=reinterpret pc=0x0000000002a5bfc0 method=com.android.dx.rop.code.RegisterSpec.intersect(Lcom/android/dx/rop/code/RegisterSpec;Z)Lcom/android/dx/rop/code/RegisterSpec; @ 8

Internal exceptions (10 events):
Event: 1.046 Thread 0x0000000017335000 Exception <a 'java/security/PrivilegedActionException'> (0x00000000eb24fcc0) thrown at [C:\workspace\8-2-build-windows-amd64-cygwin\jdk8u31\2394\hotspot\src\share\vm\prims\jvm.cpp, line 1312]
Event: 1.050 Thread 0x0000000002460800 Exception <a 'java/security/PrivilegedActionException'> (0x00000000eb4612d8) thrown at [C:\workspace\8-2-build-windows-amd64-cygwin\jdk8u31\2394\hotspot\src\share\vm\prims\jvm.cpp, line 1312]
Event: 1.069 Thread 0x0000000017335000 Exception <a 'java/security/PrivilegedActionException'> (0x00000000eb4f03a8) thrown at [C:\workspace\8-2-build-windows-amd64-cygwin\jdk8u31\2394\hotspot\src\share\vm\prims\jvm.cpp, line 1312]
Event: 1.140 Thread 0x000000001732d800 Exception <a 'java/security/PrivilegedActionException'> (0x00000000eb5e2200) thrown at [C:\workspace\8-2-build-windows-amd64-cygwin\jdk8u31\2394\hotspot\src\share\vm\prims\jvm.cpp, line 1312]
Event: 1.141 Thread 0x000000001732d800 Exception <a 'java/security/PrivilegedActionException'> (0x00000000eb5e7c50) thrown at [C:\workspace\8-2-build-windows-amd64-cygwin\jdk8u31\2394\hotspot\src\share\vm\prims\jvm.cpp, line 1312]
Event: 1.147 Thread 0x000000001732d800 Exception <a 'java/security/PrivilegedActionException'> (0x00000000eb5ed408) thrown at [C:\workspace\8-2-build-windows-amd64-cygwin\jdk8u31\2394\hotspot\src\share\vm\prims\jvm.cpp, line 1312]
Event: 1.486 Thread 0x000000001732d800 Exception <a 'java/security/PrivilegedActionException'> (0x00000000eba092d8) thrown at [C:\workspace\8-2-build-windows-amd64-cygwin\jdk8u31\2394\hotspot\src\share\vm\prims\jvm.cpp, line 1312]
Event: 1.489 Thread 0x000000001733a000 Exception <a 'java/security/PrivilegedActionException'> (0x00000000eb89f170) thrown at [C:\workspace\8-2-build-windows-amd64-cygwin\jdk8u31\2394\hotspot\src\share\vm\prims\jvm.cpp, line 1312]
Event: 1.496 Thread 0x0000000017335000 Exception <a 'java/security/PrivilegedActionException'> (0x00000000eba4c018) thrown at [C:\workspace\8-2-build-windows-amd64-cygwin\jdk8u31\2394\hotspot\src\share\vm\prims\jvm.cpp, line 1312]
Event: 1.683 Thread 0x000000001732d800 Exception <a 'java/security/PrivilegedActionException'> (0x00000000eafa1788) thrown at [C:\workspace\8-2-build-windows-amd64-cygwin\jdk8u31\2394\hotspot\src\share\vm\prims\jvm.cpp, line 1312]

Events (10 events):
Event: 1.748 Thread 0x0000000002460800 DEOPT UNPACKING pc=0x00000000025a556a sp=0x00000000023cdf38 mode 2
Event: 1.938 Executing VM operation: ParallelGCFailedAllocation
Event: 2.702 Executing VM operation: ParallelGCFailedAllocation done
Event: 3.009 Thread 0x000000001733b000 Uncommon trap: trap_request=0xffffffad fr.pc=0x000000000286e69c
Event: 3.009 Thread 0x000000001733b000 DEOPT PACKING pc=0x000000000286e69c sp=0x000000001814e700
Event: 3.009 Thread 0x000000001733b000 DEOPT UNPACKING pc=0x00000000025a556a sp=0x000000001814e6a0 mode 2
Event: 3.063 Thread 0x000000001733b000 Uncommon trap: trap_request=0xffffffad fr.pc=0x0000000002a5bfc0
Event: 3.063 Thread 0x000000001733b000 DEOPT PACKING pc=0x0000000002a5bfc0 sp=0x000000001814eb20
Event: 3.064 Thread 0x000000001733b000 DEOPT UNPACKING pc=0x00000000025a556a sp=0x000000001814e918 mode 2
Event: 3.102 Executing VM operation: ParallelGCFailedAllocation


Dynamic libraries:
0x00007ff73e6e0000 - 0x00007ff73e714000 	C:\Program Files\Java\jdk1.8.0_31\bin\java.exe
0x00007ffda6090000 - 0x00007ffda623c000 	C:\Windows\SYSTEM32\ntdll.dll
0x00007ffda3a50000 - 0x00007ffda3b8e000 	C:\Windows\system32\KERNEL32.DLL
0x00007ffda3540000 - 0x00007ffda3655000 	C:\Windows\system32\KERNELBASE.dll
0x00007ffda1dd0000 - 0x00007ffda1e5e000 	C:\Windows\system32\apphelp.dll
0x00007ffd9e5c0000 - 0x00007ffd9e613000 	C:\Windows\AppPatch\AppPatch64\AcGenral.DLL
0x00007ffda4640000 - 0x00007ffda46ea000 	C:\Windows\system32\msvcrt.dll
0x00007ffda2fa0000 - 0x00007ffda2fce000 	C:\Windows\SYSTEM32\SspiCli.dll
0x00007ffda3e00000 - 0x00007ffda3e54000 	C:\Windows\system32\SHLWAPI.dll
0x00007ffda4290000 - 0x00007ffda4407000 	C:\Windows\system32\USER32.dll
0x00007ffda3b90000 - 0x00007ffda3d24000 	C:\Windows\system32\ole32.dll
0x00007ffda4b60000 - 0x00007ffda608b000 	C:\Windows\system32\SHELL32.dll
0x00007ffda2780000 - 0x00007ffda27a1000 	C:\Windows\SYSTEM32\USERENV.dll
0x00007ffda3e60000 - 0x00007ffda3f0a000 	C:\Windows\system32\ADVAPI32.dll
0x00007ffd942c0000 - 0x00007ffd942de000 	C:\Windows\SYSTEM32\MPR.dll
0x00007ffda4140000 - 0x00007ffda4281000 	C:\Windows\system32\RPCRT4.dll
0x00007ffda3f10000 - 0x00007ffda3f69000 	C:\Windows\SYSTEM32\sechost.dll
0x00007ffda4420000 - 0x00007ffda4631000 	C:\Windows\SYSTEM32\combase.dll
0x00007ffda3710000 - 0x00007ffda385f000 	C:\Windows\system32\GDI32.dll
0x00007ffda31e0000 - 0x00007ffda31f5000 	C:\Windows\SYSTEM32\profapi.dll
0x00007ffda1c60000 - 0x00007ffda1d12000 	C:\Windows\SYSTEM32\SHCORE.dll
0x00007ffda4090000 - 0x00007ffda40c6000 	C:\Windows\system32\IMM32.DLL
0x00007ffda46f0000 - 0x00007ffda4842000 	C:\Windows\system32\MSCTF.dll
0x00007ffda1070000 - 0x00007ffda12eb000 	C:\Windows\WinSxS\amd64_microsoft.windows.common-controls_6595b64144ccf1df_6.0.9600.18006_none_623f33d3ecbe86e8\COMCTL32.dll
0x000000006f6e0000 - 0x000000006f7b2000 	C:\Program Files\Java\jdk1.8.0_31\jre\bin\msvcr100.dll
0x000000006fb10000 - 0x000000007036a000 	C:\Program Files\Java\jdk1.8.0_31\jre\bin\server\jvm.dll
0x00007ffda1bc0000 - 0x00007ffda1bc9000 	C:\Windows\SYSTEM32\WSOCK32.dll
0x00007ffda1bd0000 - 0x00007ffda1bf2000 	C:\Windows\SYSTEM32\WINMM.dll
0x00007ffda4410000 - 0x00007ffda4417000 	C:\Windows\system32\PSAPI.DLL
0x00007ffda40e0000 - 0x00007ffda413a000 	C:\Windows\system32\WS2_32.dll
0x00007ffda04a0000 - 0x00007ffda04ca000 	C:\Windows\SYSTEM32\WINMMBASE.dll
0x00007ffda40d0000 - 0x00007ffda40d9000 	C:\Windows\system32\NSI.dll
0x00007ffda36c0000 - 0x00007ffda370f000 	C:\Windows\SYSTEM32\cfgmgr32.dll
0x00007ffda1fd0000 - 0x00007ffda1ff8000 	C:\Windows\SYSTEM32\DEVOBJ.dll
0x0000000070cd0000 - 0x0000000070cdf000 	C:\Program Files\Java\jdk1.8.0_31\jre\bin\verify.dll
0x0000000070ca0000 - 0x0000000070cc8000 	C:\Program Files\Java\jdk1.8.0_31\jre\bin\java.dll
0x000000006faf0000 - 0x000000006fb06000 	C:\Program Files\Java\jdk1.8.0_31\jre\bin\zip.dll

VM Arguments:
jvm_args: -Xmx1024M -Dfile.encoding=windows-1252 -Duser.country=US -Duser.language=en -Duser.variant 
java_command: com.android.dx.command.Main --dex --num-threads=4 --output E:\Data Adek\Data Kuliah\SEM 7 - MOBILE\FINAL PROJECT\Android1_EasyGo\EasyGo\app\build\intermediates\pre-dexed\debug\classes-b4777fd3c12dc9073aba487ac798abd3f3e6b2c8.jar E:\Data Adek\Data Kuliah\SEM 7 - MOBILE\FINAL PROJECT\Android1_EasyGo\EasyGo\app\build\intermediates\exploded-aar\com.android.support\mediarouter-v7\23.0.0\jars\classes.jar
java_class_path (initial): C:\Users\angga\AppData\Local\Android\sdk\build-tools\23.0.1\lib\dx.jar
Launcher Type: SUN_STANDARD

Environment Variables:
PATH=C:\ProgramData\Oracle\Java\javapath;C:\oraclexe\app\oracle\product\10.2.0\server\bin;C:\Program Files (x86)\Intel\iCLS Client\;C:\Program Files\Intel\iCLS Client\;C:\Windows\system32;C:\Windows;C:\Windows\System32\Wbem;C:\Windows\System32\WindowsPowerShell\v1.0\;C:\Program Files\Intel\Intel(R) Management Engine Components\DAL;C:\Program Files\Intel\Intel(R) Management Engine Components\IPT;C:\Program Files (x86)\Intel\Intel(R) Management Engine Components\DAL;C:\Program Files (x86)\Intel\Intel(R) Management Engine Components\IPT;C:\Program Files (x86)\Windows Kits\8.1\Windows Performance Toolkit\;C:\Program Files\Microsoft SQL Server\110\Tools\Binn\;C:\Program Files (x86)\nodejs\;C:\Users\angga\AppData\Roaming\npm;C:\Program Files (x86)\Java\jre7\bin
USERNAME=angga
OS=Windows_NT
PROCESSOR_IDENTIFIER=Intel64 Family 6 Model 58 Stepping 9, GenuineIntel



---------------  S Y S T E M  ---------------

OS: Windows 8.1 , 64 bit Build 9600 

CPU:total 8 (4 cores per cpu, 2 threads per core) family 6 model 58 stepping 9, cmov, cx8, fxsr, mmx, sse, sse2, sse3, ssse3, sse4.1, sse4.2, popcnt, avx, aes, clmul, erms, ht, tsc, tscinvbit, tscinv

Memory: 4k page, physical 4144288k(361532k free), swap 7290016k(4212k free)

vm_info: Java HotSpot(TM) 64-Bit Server VM (25.31-b07) for windows-amd64 JRE (1.8.0_31-b13), built on Dec 17 2014 21:00:28 by "java_re" with MS VC++ 10.0 (VS2010)

time: Sat Jan 02 20:16:40 2016
elapsed time: 3 seconds (0d 0h 0m 3s)

