#
# There is insufficient memory for the Java Runtime Environment to continue.
# Native memory allocation (malloc) failed to allocate 307376 bytes for Chunk::new
# Possible reasons:
#   The system is out of physical RAM or swap space
#   In 32 bit mode, the process size limit was hit
# Possible solutions:
#   Reduce memory load on the system
#   Increase physical memory or swap space
#   Check if swap backing store is full
#   Use 64 bit Java on a 64 bit OS
#   Decrease Java heap size (-Xmx/-Xms)
#   Decrease number of Java threads
#   Decrease Java thread stack sizes (-Xss)
#   Set larger code cache with -XX:ReservedCodeCacheSize=
# This output file may be truncated or incomplete.
#
#  Out of Memory Error (allocation.cpp:390), pid=1004, tid=5372
#
# JRE version: Java(TM) SE Runtime Environment (8.0_31-b13) (build 1.8.0_31-b13)
# Java VM: Java HotSpot(TM) 64-Bit Server VM (25.31-b07 mixed mode windows-amd64 compressed oops)
# Failed to write core dump. Minidumps are not enabled by default on client versions of Windows
#

---------------  T H R E A D  ---------------

Current thread (0x0000000016f3f000):  JavaThread "C2 CompilerThread1" daemon [_thread_in_native, id=5372, stack(0x0000000017610000,0x0000000017710000)]

Stack: [0x0000000017610000,0x0000000017710000]
Native frames: (J=compiled Java code, j=interpreted, Vv=VM code, C=native code)
V  [jvm.dll+0x3169ba]


Current CompileTask:
C2:   6804 1441   !   4       com.android.dx.cf.cst.ConstantPoolParser::parse0 (731 bytes)


---------------  P R O C E S S  ---------------

Java Threads: ( => current thread )
  0x0000000017222800 JavaThread "pool-1-thread-4" [_thread_blocked, id=1176, stack(0x0000000017f10000,0x0000000018010000)]
  0x000000001721d000 JavaThread "pool-1-thread-3" [_thread_blocked, id=5180, stack(0x0000000017e10000,0x0000000017f10000)]
  0x00000000171f0800 JavaThread "pool-1-thread-2" [_thread_blocked, id=6496, stack(0x0000000017d10000,0x0000000017e10000)]
  0x00000000171eb800 JavaThread "pool-2-thread-1" [_thread_blocked, id=5640, stack(0x0000000017c10000,0x0000000017d10000)]
  0x00000000171e3000 JavaThread "pool-1-thread-1" [_thread_in_Java, id=5276, stack(0x0000000017b10000,0x0000000017c10000)]
  0x0000000016fd7000 JavaThread "Service Thread" daemon [_thread_blocked, id=6316, stack(0x0000000017910000,0x0000000017a10000)]
  0x0000000016f8c000 JavaThread "C1 CompilerThread3" daemon [_thread_blocked, id=1852, stack(0x0000000017810000,0x0000000017910000)]
  0x0000000016f5a800 JavaThread "C2 CompilerThread2" daemon [_thread_in_native, id=5704, stack(0x0000000017710000,0x0000000017810000)]
=>0x0000000016f3f000 JavaThread "C2 CompilerThread1" daemon [_thread_in_native, id=5372, stack(0x0000000017610000,0x0000000017710000)]
  0x0000000016f37000 JavaThread "C2 CompilerThread0" daemon [_thread_blocked, id=5068, stack(0x0000000017510000,0x0000000017610000)]
  0x0000000016f34800 JavaThread "Attach Listener" daemon [_thread_blocked, id=5876, stack(0x0000000017410000,0x0000000017510000)]
  0x0000000016f34000 JavaThread "Signal Dispatcher" daemon [_thread_blocked, id=4372, stack(0x0000000017310000,0x0000000017410000)]
  0x0000000002422000 JavaThread "Finalizer" daemon [_thread_blocked, id=3984, stack(0x0000000016e10000,0x0000000016f10000)]
  0x0000000002421000 JavaThread "Reference Handler" daemon [_thread_blocked, id=6220, stack(0x0000000016d10000,0x0000000016e10000)]
  0x0000000002330800 JavaThread "main" [_thread_blocked, id=7152, stack(0x0000000002230000,0x0000000002330000)]

Other Threads:
  0x0000000014f48800 VMThread [stack: 0x0000000016c10000,0x0000000016d10000] [id=688]
  0x0000000016fd8800 WatcherThread [stack: 0x0000000017a10000,0x0000000017b10000] [id=3844]

VM state:not at safepoint (normal execution)

VM Mutex/Monitor currently owned by a thread: None

Heap:
 PSYoungGen      total 35328K, used 3371K [0x00000000eab00000, 0x00000000ed000000, 0x0000000100000000)
  eden space 32768K, 2% used [0x00000000eab00000,0x00000000eabcd1f8,0x00000000ecb00000)
  from space 2560K, 99% used [0x00000000ecd80000,0x00000000ecffdc70,0x00000000ed000000)
  to   space 2560K, 0% used [0x00000000ecb00000,0x00000000ecb00000,0x00000000ecd80000)
 ParOldGen       total 44032K, used 3882K [0x00000000c0000000, 0x00000000c2b00000, 0x00000000eab00000)
  object space 44032K, 8% used [0x00000000c0000000,0x00000000c03caab0,0x00000000c2b00000)
 Metaspace       used 5998K, capacity 7024K, committed 7296K, reserved 1056768K
  class space    used 584K, capacity 616K, committed 640K, reserved 1048576K

Card table byte_map: [0x00000000117f0000,0x0000000011a00000] byte_map_base: 0x00000000111f0000

Marking Bits: (ParMarkBitMap*) 0x00000000702ed4f0
 Begin Bits: [0x0000000012360000, 0x0000000013360000)
 End Bits:   [0x0000000013360000, 0x0000000014360000)

Polling page: 0x0000000000920000

CodeCache: size=245760Kb used=5815Kb max_used=5826Kb free=239944Kb
 bounds [0x0000000002430000, 0x00000000029f0000, 0x0000000011430000]
 total_blobs=1719 nmethods=1455 adapters=178
 compilation: enabled

Compilation events (10 events):
Event: 6.376 Thread 0x0000000016f8c000 nmethod 1457 0x00000000029e2490 code [0x00000000029e2700, 0x00000000029e3758]
Event: 6.376 Thread 0x0000000016f8c000 1459       3       com.android.dx.rop.type.StdTypeList::equalContents (56 bytes)
Event: 6.376 Thread 0x0000000016f8c000 nmethod 1459 0x00000000029e1750 code [0x00000000029e1920, 0x00000000029e21e8]
Event: 6.376 Thread 0x0000000016f8c000 1460       3       com.android.dx.rop.cst.CstLong::getType (4 bytes)
Event: 6.377 Thread 0x0000000016f8c000 nmethod 1460 0x00000000029b9050 code [0x00000000029b91a0, 0x00000000029b92f0]
Event: 6.377 Thread 0x0000000016f37000 1461       4       com.android.dx.rop.code.LocalItem::compareTo (32 bytes)
Event: 6.770 Thread 0x0000000016f37000 nmethod 1461 0x00000000029e1050 code [0x00000000029e11a0, 0x00000000029e1478]
Event: 6.770 Thread 0x0000000016f8c000 1462       1       com.android.dx.rop.cst.CstString::getType (4 bytes)
Event: 6.770 Thread 0x0000000016f8c000 nmethod 1462 0x00000000029e0cd0 code [0x00000000029e0e20, 0x00000000029e0f30]
Event: 6.771 Thread 0x0000000016f5a800 1463       4       com.android.dx.ssa.LocalVariableExtractor::processBlock (383 bytes)

GC Heap History (4 events):
Event: 3.651 GC heap before
{Heap before GC invocations=1 (full 0):
 PSYoungGen      total 18944K, used 16384K [0x00000000eab00000, 0x00000000ec000000, 0x0000000100000000)
  eden space 16384K, 100% used [0x00000000eab00000,0x00000000ebb00000,0x00000000ebb00000)
  from space 2560K, 0% used [0x00000000ebd80000,0x00000000ebd80000,0x00000000ec000000)
  to   space 2560K, 0% used [0x00000000ebb00000,0x00000000ebb00000,0x00000000ebd80000)
 ParOldGen       total 44032K, used 0K [0x00000000c0000000, 0x00000000c2b00000, 0x00000000eab00000)
  object space 44032K, 0% used [0x00000000c0000000,0x00000000c0000000,0x00000000c2b00000)
 Metaspace       used 5693K, capacity 6768K, committed 7040K, reserved 1056768K
  class space    used 580K, capacity 616K, committed 640K, reserved 1048576K
Event: 3.939 GC heap after
Heap after GC invocations=1 (full 0):
 PSYoungGen      total 18944K, used 2535K [0x00000000eab00000, 0x00000000ed000000, 0x0000000100000000)
  eden space 16384K, 0% used [0x00000000eab00000,0x00000000eab00000,0x00000000ebb00000)
  from space 2560K, 99% used [0x00000000ebb00000,0x00000000ebd79c88,0x00000000ebd80000)
  to   space 2560K, 0% used [0x00000000ecd80000,0x00000000ecd80000,0x00000000ed000000)
 ParOldGen       total 44032K, used 1567K [0x00000000c0000000, 0x00000000c2b00000, 0x00000000eab00000)
  object space 44032K, 3% used [0x00000000c0000000,0x00000000c0187f08,0x00000000c2b00000)
 Metaspace       used 5693K, capacity 6768K, committed 7040K, reserved 1056768K
  class space    used 580K, capacity 616K, committed 640K, reserved 1048576K
}
Event: 6.377 GC heap before
{Heap before GC invocations=2 (full 0):
 PSYoungGen      total 18944K, used 18919K [0x00000000eab00000, 0x00000000ed000000, 0x0000000100000000)
  eden space 16384K, 100% used [0x00000000eab00000,0x00000000ebb00000,0x00000000ebb00000)
  from space 2560K, 99% used [0x00000000ebb00000,0x00000000ebd79c88,0x00000000ebd80000)
  to   space 2560K, 0% used [0x00000000ecd80000,0x00000000ecd80000,0x00000000ed000000)
 ParOldGen       total 44032K, used 1567K [0x00000000c0000000, 0x00000000c2b00000, 0x00000000eab00000)
  object space 44032K, 3% used [0x00000000c0000000,0x00000000c0187f08,0x00000000c2b00000)
 Metaspace       used 5998K, capacity 7024K, committed 7296K, reserved 1056768K
  class space    used 584K, capacity 616K, committed 640K, reserved 1048576K
Event: 6.769 GC heap after
Heap after GC invocations=2 (full 0):
 PSYoungGen      total 35328K, used 2551K [0x00000000eab00000, 0x00000000ed000000, 0x0000000100000000)
  eden space 32768K, 0% used [0x00000000eab00000,0x00000000eab00000,0x00000000ecb00000)
  from space 2560K, 99% used [0x00000000ecd80000,0x00000000ecffdc70,0x00000000ed000000)
  to   space 2560K, 0% used [0x00000000ecb00000,0x00000000ecb00000,0x00000000ecd80000)
 ParOldGen       total 44032K, used 3882K [0x00000000c0000000, 0x00000000c2b00000, 0x00000000eab00000)
  object space 44032K, 8% used [0x00000000c0000000,0x00000000c03caab0,0x00000000c2b00000)
 Metaspace       used 5998K, capacity 7024K, committed 7296K, reserved 1056768K
  class space    used 584K, capacity 616K, committed 640K, reserved 1048576K
}

Deoptimization events (7 events):
Event: 3.066 Thread 0x000000001721d000 Uncommon trap: reason=class_check action=maybe_recompile pc=0x00000000026a332c method=com.android.dx.ssa.NormalSsaInsn.accept(Lcom/android/dx/ssa/SsaInsn$Visitor;)V @ 9
Event: 3.066 Thread 0x000000001721d000 Uncommon trap: reason=class_check action=maybe_recompile pc=0x0000000002665230 method=com.android.dx.ssa.NormalSsaInsn.accept(Lcom/android/dx/ssa/SsaInsn$Visitor;)V @ 9
Event: 3.066 Thread 0x000000001721d000 Uncommon trap: reason=class_check action=maybe_recompile pc=0x00000000026a332c method=com.android.dx.ssa.NormalSsaInsn.accept(Lcom/android/dx/ssa/SsaInsn$Visitor;)V @ 9
Event: 3.066 Thread 0x000000001721d000 Uncommon trap: reason=class_check action=maybe_recompile pc=0x0000000002665230 method=com.android.dx.ssa.NormalSsaInsn.accept(Lcom/android/dx/ssa/SsaInsn$Visitor;)V @ 9
Event: 3.066 Thread 0x000000001721d000 Uncommon trap: reason=class_check action=maybe_recompile pc=0x00000000026a332c method=com.android.dx.ssa.NormalSsaInsn.accept(Lcom/android/dx/ssa/SsaInsn$Visitor;)V @ 9
Event: 5.165 Thread 0x0000000017222800 Uncommon trap: reason=null_check action=make_not_entrant pc=0x0000000002814b94 method=com.android.dx.ssa.SsaRenamer.getLocalForNewReg(I)Lcom/android/dx/rop/code/LocalItem; @ 19
Event: 5.165 Thread 0x0000000017222800 Uncommon trap: reason=null_check action=make_not_entrant pc=0x00000000027d9170 method=com.android.dx.ssa.SsaRenamer.getLocalForNewReg(I)Lcom/android/dx/rop/code/LocalItem; @ 19

Internal exceptions (10 events):
Event: 3.647 Thread 0x00000000171e3000 Exception <a 'java/security/PrivilegedActionException'> (0x00000000eb5ccf18) thrown at [C:\workspace\8-2-build-windows-amd64-cygwin\jdk8u31\2394\hotspot\src\share\vm\prims\jvm.cpp, line 1312]
Event: 3.650 Thread 0x00000000171e3000 Exception <a 'java/security/PrivilegedActionException'> (0x00000000eb5d1fd0) thrown at [C:\workspace\8-2-build-windows-amd64-cygwin\jdk8u31\2394\hotspot\src\share\vm\prims\jvm.cpp, line 1312]
Event: 3.946 Thread 0x0000000002330800 Exception <a 'java/security/PrivilegedActionException'> (0x00000000eab59cd0) thrown at [C:\workspace\8-2-build-windows-amd64-cygwin\jdk8u31\2394\hotspot\src\share\vm\prims\jvm.cpp, line 1312]
Event: 3.948 Thread 0x0000000002330800 Exception <a 'java/security/PrivilegedActionException'> (0x00000000eab6c178) thrown at [C:\workspace\8-2-build-windows-amd64-cygwin\jdk8u31\2394\hotspot\src\share\vm\prims\jvm.cpp, line 1312]
Event: 3.958 Thread 0x00000000171e3000 Exception <a 'java/security/PrivilegedActionException'> (0x00000000eab4e980) thrown at [C:\workspace\8-2-build-windows-amd64-cygwin\jdk8u31\2394\hotspot\src\share\vm\prims\jvm.cpp, line 1312]
Event: 4.294 Thread 0x0000000017222800 Exception <a 'java/security/PrivilegedActionException'> (0x00000000eaf4f9a0) thrown at [C:\workspace\8-2-build-windows-amd64-cygwin\jdk8u31\2394\hotspot\src\share\vm\prims\jvm.cpp, line 1312]
Event: 5.005 Thread 0x0000000002330800 Exception <a 'java/security/PrivilegedActionException'> (0x00000000eb23f3c0) thrown at [C:\workspace\8-2-build-windows-amd64-cygwin\jdk8u31\2394\hotspot\src\share\vm\prims\jvm.cpp, line 1312]
Event: 5.164 Thread 0x0000000017222800 Implicit null exception at 0x0000000002813806 to 0x0000000002814b71
Event: 5.165 Thread 0x0000000017222800 Implicit null exception at 0x00000000027d7e13 to 0x00000000027d9135
Event: 6.361 Thread 0x0000000002330800 Exception <a 'java/security/PrivilegedActionException'> (0x00000000eb961108) thrown at [C:\workspace\8-2-build-windows-amd64-cygwin\jdk8u31\2394\hotspot\src\share\vm\prims\jvm.cpp, line 1312]

Events (10 events):
Event: 5.164 Thread 0x0000000017222800 Uncommon trap: trap_request=0xfffffff4 fr.pc=0x0000000002814b94
Event: 5.165 Thread 0x0000000017222800 DEOPT PACKING pc=0x0000000002814b94 sp=0x000000001800e7f0
Event: 5.165 Thread 0x0000000017222800 DEOPT UNPACKING pc=0x000000000247556a sp=0x000000001800e5f8 mode 2
Event: 5.165 Thread 0x0000000017222800 Uncommon trap: trap_request=0xfffffff4 fr.pc=0x00000000027d9170
Event: 5.165 Thread 0x0000000017222800 DEOPT PACKING pc=0x00000000027d9170 sp=0x000000001800e780
Event: 5.165 Thread 0x0000000017222800 DEOPT UNPACKING pc=0x000000000247556a sp=0x000000001800e5e8 mode 2
Event: 6.361 loading class com/android/dx/cf/attrib/AttExceptions
Event: 6.361 loading class com/android/dx/cf/attrib/AttExceptions done
Event: 6.377 Executing VM operation: ParallelGCFailedAllocation
Event: 6.769 Executing VM operation: ParallelGCFailedAllocation done


Dynamic libraries:
0x00007ff73e6e0000 - 0x00007ff73e714000 	C:\Program Files\Java\jdk1.8.0_31\bin\java.exe
0x00007ffda6090000 - 0x00007ffda623c000 	C:\Windows\SYSTEM32\ntdll.dll
0x00007ffda3a50000 - 0x00007ffda3b8e000 	C:\Windows\system32\KERNEL32.DLL
0x00007ffda3540000 - 0x00007ffda3655000 	C:\Windows\system32\KERNELBASE.dll
0x00007ffda1dd0000 - 0x00007ffda1e5e000 	C:\Windows\system32\apphelp.dll
0x00007ffd9e5c0000 - 0x00007ffd9e613000 	C:\Windows\AppPatch\AppPatch64\AcGenral.DLL
0x00007ffda4640000 - 0x00007ffda46ea000 	C:\Windows\system32\msvcrt.dll
0x00007ffda2fa0000 - 0x00007ffda2fce000 	C:\Windows\SYSTEM32\SspiCli.dll
0x00007ffda3e00000 - 0x00007ffda3e54000 	C:\Windows\system32\SHLWAPI.dll
0x00007ffda4290000 - 0x00007ffda4407000 	C:\Windows\system32\USER32.dll
0x00007ffda3b90000 - 0x00007ffda3d24000 	C:\Windows\system32\ole32.dll
0x00007ffda4b60000 - 0x00007ffda608b000 	C:\Windows\system32\SHELL32.dll
0x00007ffda2780000 - 0x00007ffda27a1000 	C:\Windows\SYSTEM32\USERENV.dll
0x00007ffda3e60000 - 0x00007ffda3f0a000 	C:\Windows\system32\ADVAPI32.dll
0x00007ffd942c0000 - 0x00007ffd942de000 	C:\Windows\SYSTEM32\MPR.dll
0x00007ffda4140000 - 0x00007ffda4281000 	C:\Windows\system32\RPCRT4.dll
0x00007ffda3f10000 - 0x00007ffda3f69000 	C:\Windows\SYSTEM32\sechost.dll
0x00007ffda4420000 - 0x00007ffda4631000 	C:\Windows\SYSTEM32\combase.dll
0x00007ffda3710000 - 0x00007ffda385f000 	C:\Windows\system32\GDI32.dll
0x00007ffda31e0000 - 0x00007ffda31f5000 	C:\Windows\SYSTEM32\profapi.dll
0x00007ffda1c60000 - 0x00007ffda1d12000 	C:\Windows\SYSTEM32\SHCORE.dll
0x00007ffda4090000 - 0x00007ffda40c6000 	C:\Windows\system32\IMM32.DLL
0x00007ffda46f0000 - 0x00007ffda4842000 	C:\Windows\system32\MSCTF.dll
0x00007ffda1070000 - 0x00007ffda12eb000 	C:\Windows\WinSxS\amd64_microsoft.windows.common-controls_6595b64144ccf1df_6.0.9600.18006_none_623f33d3ecbe86e8\COMCTL32.dll
0x000000006f6e0000 - 0x000000006f7b2000 	C:\Program Files\Java\jdk1.8.0_31\jre\bin\msvcr100.dll
0x000000006fb10000 - 0x000000007036a000 	C:\Program Files\Java\jdk1.8.0_31\jre\bin\server\jvm.dll
0x00007ffda1bc0000 - 0x00007ffda1bc9000 	C:\Windows\SYSTEM32\WSOCK32.dll
0x00007ffda1bd0000 - 0x00007ffda1bf2000 	C:\Windows\SYSTEM32\WINMM.dll
0x00007ffda4410000 - 0x00007ffda4417000 	C:\Windows\system32\PSAPI.DLL
0x00007ffda40e0000 - 0x00007ffda413a000 	C:\Windows\system32\WS2_32.dll
0x00007ffda04a0000 - 0x00007ffda04ca000 	C:\Windows\SYSTEM32\WINMMBASE.dll
0x00007ffda40d0000 - 0x00007ffda40d9000 	C:\Windows\system32\NSI.dll
0x00007ffda36c0000 - 0x00007ffda370f000 	C:\Windows\SYSTEM32\cfgmgr32.dll
0x00007ffda1fd0000 - 0x00007ffda1ff8000 	C:\Windows\SYSTEM32\DEVOBJ.dll
0x0000000070cd0000 - 0x0000000070cdf000 	C:\Program Files\Java\jdk1.8.0_31\jre\bin\verify.dll
0x0000000070ca0000 - 0x0000000070cc8000 	C:\Program Files\Java\jdk1.8.0_31\jre\bin\java.dll
0x000000006faf0000 - 0x000000006fb06000 	C:\Program Files\Java\jdk1.8.0_31\jre\bin\zip.dll
0x00007ffd9a920000 - 0x00007ffd9aaa9000 	C:\Windows\SYSTEM32\dbghelp.dll

VM Arguments:
jvm_args: -Xmx1024M -Dfile.encoding=windows-1252 -Duser.country=US -Duser.language=en -Duser.variant 
java_command: com.android.dx.command.Main --dex --num-threads=4 --output E:\Data Adek\Data Kuliah\SEM 7 - MOBILE\FINAL PROJECT\Android1_EasyGo\EasyGo\app\build\intermediates\pre-dexed\debug\internal_impl-23.1.1-a8b2d5fdcdc131c15bb49021d61e77e9d68e070d.jar E:\Data Adek\Data Kuliah\SEM 7 - MOBILE\FINAL PROJECT\Android1_EasyGo\EasyGo\app\build\intermediates\exploded-aar\com.android.support\support-v4\23.1.1\jars\libs\internal_impl-23.1.1.jar
java_class_path (initial): C:\Users\angga\AppData\Local\Android\sdk\build-tools\23.0.1\lib\dx.jar
Launcher Type: SUN_STANDARD

Environment Variables:
PATH=C:\ProgramData\Oracle\Java\javapath;C:\oraclexe\app\oracle\product\10.2.0\server\bin;C:\Program Files (x86)\Intel\iCLS Client\;C:\Program Files\Intel\iCLS Client\;C:\Windows\system32;C:\Windows;C:\Windows\System32\Wbem;C:\Windows\System32\WindowsPowerShell\v1.0\;C:\Program Files\Intel\Intel(R) Management Engine Components\DAL;C:\Program Files\Intel\Intel(R) Management Engine Components\IPT;C:\Program Files (x86)\Intel\Intel(R) Management Engine Components\DAL;C:\Program Files (x86)\Intel\Intel(R) Management Engine Components\IPT;C:\Program Files (x86)\Windows Kits\8.1\Windows Performance Toolkit\;C:\Program Files\Microsoft SQL Server\110\Tools\Binn\;C:\Program Files (x86)\nodejs\;C:\Users\angga\AppData\Roaming\npm;C:\Program Files (x86)\Java\jre7\bin
USERNAME=angga
OS=Windows_NT
PROCESSOR_IDENTIFIER=Intel64 Family 6 Model 58 Stepping 9, GenuineIntel



---------------  S Y S T E M  ---------------

OS: Windows 8.1 , 64 bit Build 9600 

CPU:total 8 (4 cores per cpu, 2 threads per core) family 6 model 58 stepping 9, cmov, cx8, fxsr, mmx, sse, sse2, sse3, ssse3, sse4.1, sse4.2, popcnt, avx, aes, clmul, erms, ht, tsc, tscinvbit, tscinv

Memory: 4k page, physical 4144288k(444784k free), swap 7290016k(6552k free)

vm_info: Java HotSpot(TM) 64-Bit Server VM (25.31-b07) for windows-amd64 JRE (1.8.0_31-b13), built on Dec 17 2014 21:00:28 by "java_re" with MS VC++ 10.0 (VS2010)

time: Sat Jan 02 20:19:28 2016
elapsed time: 6 seconds (0d 0h 0m 6s)

