#
# There is insufficient memory for the Java Runtime Environment to continue.
# Native memory allocation (malloc) failed to allocate 1708736 bytes for Chunk::new
# Possible reasons:
#   The system is out of physical RAM or swap space
#   In 32 bit mode, the process size limit was hit
# Possible solutions:
#   Reduce memory load on the system
#   Increase physical memory or swap space
#   Check if swap backing store is full
#   Use 64 bit Java on a 64 bit OS
#   Decrease Java heap size (-Xmx/-Xms)
#   Decrease number of Java threads
#   Decrease Java thread stack sizes (-Xss)
#   Set larger code cache with -XX:ReservedCodeCacheSize=
# This output file may be truncated or incomplete.
#
#  Out of Memory Error (allocation.cpp:390), pid=7968, tid=6672
#
# JRE version: Java(TM) SE Runtime Environment (8.0_31-b13) (build 1.8.0_31-b13)
# Java VM: Java HotSpot(TM) 64-Bit Server VM (25.31-b07 mixed mode windows-amd64 compressed oops)
# Failed to write core dump. Minidumps are not enabled by default on client versions of Windows
#

---------------  T H R E A D  ---------------

Current thread (0x0000000017346000):  JavaThread "C2 CompilerThread1" daemon [_thread_in_native, id=6672, stack(0x00000000179d0000,0x0000000017ad0000)]

Stack: [0x00000000179d0000,0x0000000017ad0000]
Native frames: (J=compiled Java code, j=interpreted, Vv=VM code, C=native code)
V  [jvm.dll+0x3169ba]
V  [jvm.dll+0x2674c3]
V  [jvm.dll+0x268103]
V  [jvm.dll+0x25f8f5]
V  [jvm.dll+0xbf025]
V  [jvm.dll+0xbf4cc]
V  [jvm.dll+0x45df82]
V  [jvm.dll+0x49f21f]
V  [jvm.dll+0x453401]
V  [jvm.dll+0x454124]
V  [jvm.dll+0x437c62]
V  [jvm.dll+0x988e2]
V  [jvm.dll+0x990d3]
V  [jvm.dll+0x22c194]
V  [jvm.dll+0x28576a]
C  [msvcr100.dll+0x21d9f]
C  [msvcr100.dll+0x21e3b]
C  [KERNEL32.DLL+0x13d2]
C  [ntdll.dll+0x15454]


Current CompileTask:
C2:   7528 1645   !   4       com.android.dx.cf.code.BytecodeArray::parseInstruction (2764 bytes)


---------------  P R O C E S S  ---------------

Java Threads: ( => current thread )
  0x000000001735b000 JavaThread "Service Thread" daemon [_thread_blocked, id=4192, stack(0x0000000017cd0000,0x0000000017dd0000)]
  0x0000000017350000 JavaThread "C1 CompilerThread3" daemon [_thread_blocked, id=692, stack(0x0000000017bd0000,0x0000000017cd0000)]
  0x000000001734d800 JavaThread "C2 CompilerThread2" daemon [_thread_in_native, id=8060, stack(0x0000000017ad0000,0x0000000017bd0000)]
=>0x0000000017346000 JavaThread "C2 CompilerThread1" daemon [_thread_in_native, id=6672, stack(0x00000000179d0000,0x0000000017ad0000)]
  0x00000000172f7000 JavaThread "C2 CompilerThread0" daemon [_thread_in_native, id=6484, stack(0x00000000178d0000,0x00000000179d0000)]
  0x00000000172f4800 JavaThread "Attach Listener" daemon [_thread_blocked, id=6388, stack(0x00000000177d0000,0x00000000178d0000)]
  0x00000000172f4000 JavaThread "Signal Dispatcher" daemon [_thread_blocked, id=3440, stack(0x00000000176d0000,0x00000000177d0000)]
  0x00000000027b7800 JavaThread "Finalizer" daemon [_thread_blocked, id=5236, stack(0x00000000171d0000,0x00000000172d0000)]
  0x00000000027b1000 JavaThread "Reference Handler" daemon [_thread_blocked, id=7496, stack(0x00000000170d0000,0x00000000171d0000)]
  0x00000000026c0800 JavaThread "main" [_thread_in_Java, id=6104, stack(0x0000000002530000,0x0000000002630000)]

Other Threads:
  0x00000000152d8800 VMThread [stack: 0x0000000016fd0000,0x00000000170d0000] [id=6108]
  0x000000001735d000 WatcherThread [stack: 0x0000000017dd0000,0x0000000017ed0000] [id=524]

VM state:not at safepoint (normal execution)

VM Mutex/Monitor currently owned by a thread: None

Heap:
 PSYoungGen      total 35328K, used 24282K [0x00000000eab00000, 0x00000000ef000000, 0x0000000100000000)
  eden space 32768K, 66% used [0x00000000eab00000,0x00000000ec03e888,0x00000000ecb00000)
  from space 2560K, 98% used [0x00000000ecb00000,0x00000000ecd78010,0x00000000ecd80000)
  to   space 2560K, 0% used [0x00000000eed80000,0x00000000eed80000,0x00000000ef000000)
 ParOldGen       total 44032K, used 8673K [0x00000000c0000000, 0x00000000c2b00000, 0x00000000eab00000)
  object space 44032K, 19% used [0x00000000c0000000,0x00000000c08786b0,0x00000000c2b00000)
 Metaspace       used 6139K, capacity 7152K, committed 7296K, reserved 1056768K
  class space    used 587K, capacity 616K, committed 640K, reserved 1048576K

Card table byte_map: [0x0000000011b80000,0x0000000011d90000] byte_map_base: 0x0000000011580000

Marking Bits: (ParMarkBitMap*) 0x00000000702ed4f0
 Begin Bits: [0x00000000126f0000, 0x00000000136f0000)
 End Bits:   [0x00000000136f0000, 0x00000000146f0000)

Polling page: 0x0000000000b60000

CodeCache: size=245760Kb used=7400Kb max_used=7400Kb free=238359Kb
 bounds [0x00000000027c0000, 0x0000000002f10000, 0x00000000117c0000]
 total_blobs=2029 nmethods=1763 adapters=178
 compilation: disabled (not enough contiguous free space left)

Compilation events (10 events):
Event: 7.020 Thread 0x0000000017350000 1661       3       com.android.dx.dex.cf.OptimizerOptions::shouldOptimize (38 bytes)
Event: 7.021 Thread 0x0000000017350000 nmethod 1661 0x0000000002ea06d0 code [0x0000000002ea08c0, 0x0000000002ea1218]
Event: 7.021 Thread 0x0000000017350000 1675   !   3       com.android.dx.cf.cst.ConstantPoolParser::parse0 (731 bytes)
Event: 7.021 Thread 0x000000001734d800 1676       4       com.android.dx.util.ByteArray::<init> (81 bytes)
Event: 7.022 Thread 0x000000001734d800 nmethod 1676 0x0000000002e84850 code [0x0000000002e849a0, 0x0000000002e84a78]
Event: 7.026 Thread 0x0000000017350000 nmethod 1675 0x0000000002eabc10 code [0x0000000002eac540, 0x0000000002eb25c8]
Event: 7.026 Thread 0x0000000017350000 1677       3       com.android.dx.util.ByteArray::makeDataInputStream (12 bytes)
Event: 7.027 Thread 0x0000000017350000 nmethod 1677 0x0000000002eaae50 code [0x0000000002eab000, 0x0000000002eab7f0]
Event: 7.027 Thread 0x0000000017350000 1678       3       com.android.dx.util.ByteArray::makeInputStream (9 bytes)
Event: 7.027 Thread 0x0000000017350000 nmethod 1678 0x0000000002ea0110 code [0x0000000002ea0280, 0x0000000002ea0550]

GC Heap History (6 events):
Event: 1.792 GC heap before
{Heap before GC invocations=1 (full 0):
 PSYoungGen      total 18944K, used 16384K [0x00000000eab00000, 0x00000000ec000000, 0x0000000100000000)
  eden space 16384K, 100% used [0x00000000eab00000,0x00000000ebb00000,0x00000000ebb00000)
  from space 2560K, 0% used [0x00000000ebd80000,0x00000000ebd80000,0x00000000ec000000)
  to   space 2560K, 0% used [0x00000000ebb00000,0x00000000ebb00000,0x00000000ebd80000)
 ParOldGen       total 44032K, used 0K [0x00000000c0000000, 0x00000000c2b00000, 0x00000000eab00000)
  object space 44032K, 0% used [0x00000000c0000000,0x00000000c0000000,0x00000000c2b00000)
 Metaspace       used 5633K, capacity 6768K, committed 7040K, reserved 1056768K
  class space    used 578K, capacity 616K, committed 640K, reserved 1048576K
Event: 2.368 GC heap after
Heap after GC invocations=1 (full 0):
 PSYoungGen      total 18944K, used 2538K [0x00000000eab00000, 0x00000000ed000000, 0x0000000100000000)
  eden space 16384K, 0% used [0x00000000eab00000,0x00000000eab00000,0x00000000ebb00000)
  from space 2560K, 99% used [0x00000000ebb00000,0x00000000ebd7aa90,0x00000000ebd80000)
  to   space 2560K, 0% used [0x00000000ecd80000,0x00000000ecd80000,0x00000000ed000000)
 ParOldGen       total 44032K, used 1915K [0x00000000c0000000, 0x00000000c2b00000, 0x00000000eab00000)
  object space 44032K, 4% used [0x00000000c0000000,0x00000000c01ded28,0x00000000c2b00000)
 Metaspace       used 5633K, capacity 6768K, committed 7040K, reserved 1056768K
  class space    used 578K, capacity 616K, committed 640K, reserved 1048576K
}
Event: 3.125 GC heap before
{Heap before GC invocations=2 (full 0):
 PSYoungGen      total 18944K, used 18922K [0x00000000eab00000, 0x00000000ed000000, 0x0000000100000000)
  eden space 16384K, 100% used [0x00000000eab00000,0x00000000ebb00000,0x00000000ebb00000)
  from space 2560K, 99% used [0x00000000ebb00000,0x00000000ebd7aa90,0x00000000ebd80000)
  to   space 2560K, 0% used [0x00000000ecd80000,0x00000000ecd80000,0x00000000ed000000)
 ParOldGen       total 44032K, used 1915K [0x00000000c0000000, 0x00000000c2b00000, 0x00000000eab00000)
  object space 44032K, 4% used [0x00000000c0000000,0x00000000c01ded28,0x00000000c2b00000)
 Metaspace       used 5823K, capacity 6896K, committed 7040K, reserved 1056768K
  class space    used 579K, capacity 616K, committed 640K, reserved 1048576K
Event: 3.849 GC heap after
Heap after GC invocations=2 (full 0):
 PSYoungGen      total 35328K, used 2544K [0x00000000eab00000, 0x00000000ed000000, 0x0000000100000000)
  eden space 32768K, 0% used [0x00000000eab00000,0x00000000eab00000,0x00000000ecb00000)
  from space 2560K, 99% used [0x00000000ecd80000,0x00000000ecffc030,0x00000000ed000000)
  to   space 2560K, 0% used [0x00000000ecb00000,0x00000000ecb00000,0x00000000ecd80000)
 ParOldGen       total 44032K, used 3491K [0x00000000c0000000, 0x00000000c2b00000, 0x00000000eab00000)
  object space 44032K, 7% used [0x00000000c0000000,0x00000000c0368d68,0x00000000c2b00000)
 Metaspace       used 5823K, capacity 6896K, committed 7040K, reserved 1056768K
  class space    used 579K, capacity 616K, committed 640K, reserved 1048576K
}
Event: 6.772 GC heap before
{Heap before GC invocations=3 (full 0):
 PSYoungGen      total 35328K, used 35312K [0x00000000eab00000, 0x00000000ed000000, 0x0000000100000000)
  eden space 32768K, 100% used [0x00000000eab00000,0x00000000ecb00000,0x00000000ecb00000)
  from space 2560K, 99% used [0x00000000ecd80000,0x00000000ecffc030,0x00000000ed000000)
  to   space 2560K, 0% used [0x00000000ecb00000,0x00000000ecb00000,0x00000000ecd80000)
 ParOldGen       total 44032K, used 3491K [0x00000000c0000000, 0x00000000c2b00000, 0x00000000eab00000)
  object space 44032K, 7% used [0x00000000c0000000,0x00000000c0368d68,0x00000000c2b00000)
 Metaspace       used 6026K, capacity 7088K, committed 7296K, reserved 1056768K
  class space    used 581K, capacity 616K, committed 640K, reserved 1048576K
Event: 6.995 GC heap after
Heap after GC invocations=3 (full 0):
 PSYoungGen      total 35328K, used 2528K [0x00000000eab00000, 0x00000000ef000000, 0x0000000100000000)
  eden space 32768K, 0% used [0x00000000eab00000,0x00000000eab00000,0x00000000ecb00000)
  from space 2560K, 98% used [0x00000000ecb00000,0x00000000ecd78010,0x00000000ecd80000)
  to   space 2560K, 0% used [0x00000000eed80000,0x00000000eed80000,0x00000000ef000000)
 ParOldGen       total 44032K, used 8673K [0x00000000c0000000, 0x00000000c2b00000, 0x00000000eab00000)
  object space 44032K, 19% used [0x00000000c0000000,0x00000000c08786b0,0x00000000c2b00000)
 Metaspace       used 6026K, capacity 7088K, committed 7296K, reserved 1056768K
  class space    used 581K, capacity 616K, committed 640K, reserved 1048576K
}

Deoptimization events (10 events):
Event: 5.688 Thread 0x00000000175a3000 Uncommon trap: reason=uninitialized action=reinterpret pc=0x0000000002c78290 method=com.android.dx.cf.code.BytecodeArray.parseInstruction(ILcom/android/dx/cf/code/BytecodeArray$Visitor;)I @ 999
Event: 5.713 Thread 0x00000000175a3000 Uncommon trap: reason=bimorphic action=maybe_recompile pc=0x0000000002d3e288 method=com.android.dx.ssa.SCCP.simulatePhi(Lcom/android/dx/ssa/PhiInsn;)V @ 124
Event: 5.713 Thread 0x00000000175a3000 Uncommon trap: reason=bimorphic action=maybe_recompile pc=0x0000000002d3e288 method=com.android.dx.ssa.SCCP.simulatePhi(Lcom/android/dx/ssa/PhiInsn;)V @ 124
Event: 5.713 Thread 0x00000000175a3000 Uncommon trap: reason=bimorphic action=maybe_recompile pc=0x0000000002a99838 method=java.util.HashMap.getNode(ILjava/lang/Object;)Ljava/util/HashMap$Node; @ 126
Event: 6.759 Thread 0x00000000175a2800 Uncommon trap: reason=null_check action=make_not_entrant pc=0x0000000002aed6a0 method=com.android.dx.rop.type.Type.equals(Ljava/lang/Object;)Z @ 8
Event: 6.759 Thread 0x00000000175a2800 Uncommon trap: reason=unreached action=reinterpret pc=0x0000000002cb8918 method=com.android.dx.cf.code.Merger.mergeType(Lcom/android/dx/rop/type/TypeBearer;Lcom/android/dx/rop/type/TypeBearer;)Lcom/android/dx/rop/type/TypeBearer; @ 15
Event: 7.004 Thread 0x00000000175a2800 Uncommon trap: reason=bimorphic action=maybe_recompile pc=0x0000000002cd8f64 method=com.android.dx.ssa.LiteralOpUpgrader.tryReplacingWithConstant(Lcom/android/dx/ssa/NormalSsaInsn;)Z @ 52
Event: 7.005 Thread 0x00000000175a2800 Uncommon trap: reason=unreached action=reinterpret pc=0x0000000002d5e4d0 method=com.android.dx.dex.code.RopToDop.dopFor(Lcom/android/dx/rop/code/Insn;)Lcom/android/dx/dex/code/Dop; @ 747
Event: 7.008 Thread 0x00000000175a2800 Uncommon trap: reason=bimorphic action=maybe_recompile pc=0x0000000002cd8f64 method=com.android.dx.ssa.LiteralOpUpgrader.tryReplacingWithConstant(Lcom/android/dx/ssa/NormalSsaInsn;)Z @ 52
Event: 7.021 Thread 0x00000000026c0800 Uncommon trap: reason=unloaded action=reinterpret pc=0x0000000002e26314 method=com.android.dx.cf.cst.ConstantPoolParser.parse0(ILjava/util/BitSet;)Lcom/android/dx/rop/cst/Constant; @ 198

Internal exceptions (10 events):
Event: 1.610 Thread 0x00000000026c0800 Exception <a 'java/security/PrivilegedActionException'> (0x00000000eb9161a0) thrown at [C:\workspace\8-2-build-windows-amd64-cygwin\jdk8u31\2394\hotspot\src\share\vm\prims\jvm.cpp, line 1312]
Event: 1.612 Thread 0x00000000026c0800 Exception <a 'java/security/PrivilegedActionException'> (0x00000000eb920320) thrown at [C:\workspace\8-2-build-windows-amd64-cygwin\jdk8u31\2394\hotspot\src\share\vm\prims\jvm.cpp, line 1312]
Event: 1.613 Thread 0x00000000026c0800 Exception <a 'java/security/PrivilegedActionException'> (0x00000000eb9228c8) thrown at [C:\workspace\8-2-build-windows-amd64-cygwin\jdk8u31\2394\hotspot\src\share\vm\prims\jvm.cpp, line 1312]
Event: 1.617 Thread 0x00000000175a3000 Exception <a 'java/security/PrivilegedActionException'> (0x00000000eb9f1400) thrown at [C:\workspace\8-2-build-windows-amd64-cygwin\jdk8u31\2394\hotspot\src\share\vm\prims\jvm.cpp, line 1312]
Event: 2.831 Thread 0x00000000026c0800 Exception <a 'java/security/PrivilegedActionException'> (0x00000000eb6edd10) thrown at [C:\workspace\8-2-build-windows-amd64-cygwin\jdk8u31\2394\hotspot\src\share\vm\prims\jvm.cpp, line 1312]
Event: 2.832 Thread 0x00000000026c0800 Exception <a 'java/security/PrivilegedActionException'> (0x00000000eb6f04f8) thrown at [C:\workspace\8-2-build-windows-amd64-cygwin\jdk8u31\2394\hotspot\src\share\vm\prims\jvm.cpp, line 1312]
Event: 3.976 Thread 0x00000000026c0800 Exception <a 'java/security/PrivilegedActionException'> (0x00000000eab16168) thrown at [C:\workspace\8-2-build-windows-amd64-cygwin\jdk8u31\2394\hotspot\src\share\vm\prims\jvm.cpp, line 1312]
Event: 4.176 Thread 0x00000000026c0800 Exception <a 'java/security/PrivilegedActionException'> (0x00000000eab1ee80) thrown at [C:\workspace\8-2-build-windows-amd64-cygwin\jdk8u31\2394\hotspot\src\share\vm\prims\jvm.cpp, line 1312]
Event: 6.432 Thread 0x00000000175a3000 Exception <a 'java/security/PrivilegedActionException'> (0x00000000ec0da7e0) thrown at [C:\workspace\8-2-build-windows-amd64-cygwin\jdk8u31\2394\hotspot\src\share\vm\prims\jvm.cpp, line 1312]
Event: 6.759 Thread 0x00000000175a2800 Implicit null exception at 0x0000000002aed5a2 to 0x0000000002aed692

Events (10 events):
Event: 7.004 Thread 0x00000000175a2800 DEOPT UNPACKING pc=0x000000000280556a sp=0x00000000182ce678 mode 2
Event: 7.005 Thread 0x00000000175a2800 Uncommon trap: trap_request=0xffffffad fr.pc=0x0000000002d5e4d0
Event: 7.005 Thread 0x00000000175a2800 DEOPT PACKING pc=0x0000000002d5e4d0 sp=0x00000000182ce710
Event: 7.005 Thread 0x00000000175a2800 DEOPT UNPACKING pc=0x000000000280556a sp=0x00000000182ce6b0 mode 2
Event: 7.008 Thread 0x00000000175a2800 Uncommon trap: trap_request=0xffffffc6 fr.pc=0x0000000002cd8f64
Event: 7.008 Thread 0x00000000175a2800 DEOPT PACKING pc=0x0000000002cd8f64 sp=0x00000000182ce7a0
Event: 7.008 Thread 0x00000000175a2800 DEOPT UNPACKING pc=0x000000000280556a sp=0x00000000182ce678 mode 2
Event: 7.021 Thread 0x00000000026c0800 Uncommon trap: trap_request=0x000000d0 fr.pc=0x0000000002e26314
Event: 7.021 Thread 0x00000000026c0800 DEOPT PACKING pc=0x0000000002e26314 sp=0x000000000262ed00
Event: 7.021 Thread 0x00000000026c0800 DEOPT UNPACKING pc=0x000000000280556a sp=0x000000000262ed00 mode 2


Dynamic libraries:
0x00007ff73e6e0000 - 0x00007ff73e714000 	C:\Program Files\Java\jdk1.8.0_31\bin\java.exe
0x00007ffda6090000 - 0x00007ffda623c000 	C:\Windows\SYSTEM32\ntdll.dll
0x00007ffda3a50000 - 0x00007ffda3b8e000 	C:\Windows\system32\KERNEL32.DLL
0x00007ffda3540000 - 0x00007ffda3655000 	C:\Windows\system32\KERNELBASE.dll
0x00007ffda1dd0000 - 0x00007ffda1e5e000 	C:\Windows\system32\apphelp.dll
0x00007ffd9e5c0000 - 0x00007ffd9e613000 	C:\Windows\AppPatch\AppPatch64\AcGenral.DLL
0x00007ffda4640000 - 0x00007ffda46ea000 	C:\Windows\system32\msvcrt.dll
0x00007ffda2fa0000 - 0x00007ffda2fce000 	C:\Windows\SYSTEM32\SspiCli.dll
0x00007ffda3e00000 - 0x00007ffda3e54000 	C:\Windows\system32\SHLWAPI.dll
0x00007ffda4290000 - 0x00007ffda4407000 	C:\Windows\system32\USER32.dll
0x00007ffda3b90000 - 0x00007ffda3d24000 	C:\Windows\system32\ole32.dll
0x00007ffda4b60000 - 0x00007ffda608b000 	C:\Windows\system32\SHELL32.dll
0x00007ffda2780000 - 0x00007ffda27a1000 	C:\Windows\SYSTEM32\USERENV.dll
0x00007ffda3e60000 - 0x00007ffda3f0a000 	C:\Windows\system32\ADVAPI32.dll
0x00007ffd942c0000 - 0x00007ffd942de000 	C:\Windows\SYSTEM32\MPR.dll
0x00007ffda4140000 - 0x00007ffda4281000 	C:\Windows\system32\RPCRT4.dll
0x00007ffda3f10000 - 0x00007ffda3f69000 	C:\Windows\SYSTEM32\sechost.dll
0x00007ffda4420000 - 0x00007ffda4631000 	C:\Windows\SYSTEM32\combase.dll
0x00007ffda3710000 - 0x00007ffda385f000 	C:\Windows\system32\GDI32.dll
0x00007ffda31e0000 - 0x00007ffda31f5000 	C:\Windows\SYSTEM32\profapi.dll
0x00007ffda1c60000 - 0x00007ffda1d12000 	C:\Windows\SYSTEM32\SHCORE.dll
0x00007ffda4090000 - 0x00007ffda40c6000 	C:\Windows\system32\IMM32.DLL
0x00007ffda46f0000 - 0x00007ffda4842000 	C:\Windows\system32\MSCTF.dll
0x00007ffda1070000 - 0x00007ffda12eb000 	C:\Windows\WinSxS\amd64_microsoft.windows.common-controls_6595b64144ccf1df_6.0.9600.18006_none_623f33d3ecbe86e8\COMCTL32.dll
0x000000006f6e0000 - 0x000000006f7b2000 	C:\Program Files\Java\jdk1.8.0_31\jre\bin\msvcr100.dll
0x000000006fb10000 - 0x000000007036a000 	C:\Program Files\Java\jdk1.8.0_31\jre\bin\server\jvm.dll
0x00007ffda1bc0000 - 0x00007ffda1bc9000 	C:\Windows\SYSTEM32\WSOCK32.dll
0x00007ffda1bd0000 - 0x00007ffda1bf2000 	C:\Windows\SYSTEM32\WINMM.dll
0x00007ffda4410000 - 0x00007ffda4417000 	C:\Windows\system32\PSAPI.DLL
0x00007ffda40e0000 - 0x00007ffda413a000 	C:\Windows\system32\WS2_32.dll
0x00007ffda04a0000 - 0x00007ffda04ca000 	C:\Windows\SYSTEM32\WINMMBASE.dll
0x00007ffda40d0000 - 0x00007ffda40d9000 	C:\Windows\system32\NSI.dll
0x00007ffda36c0000 - 0x00007ffda370f000 	C:\Windows\SYSTEM32\cfgmgr32.dll
0x00007ffda1fd0000 - 0x00007ffda1ff8000 	C:\Windows\SYSTEM32\DEVOBJ.dll
0x0000000070cd0000 - 0x0000000070cdf000 	C:\Program Files\Java\jdk1.8.0_31\jre\bin\verify.dll
0x0000000070ca0000 - 0x0000000070cc8000 	C:\Program Files\Java\jdk1.8.0_31\jre\bin\java.dll
0x000000006faf0000 - 0x000000006fb06000 	C:\Program Files\Java\jdk1.8.0_31\jre\bin\zip.dll
0x00007ffd9a920000 - 0x00007ffd9aaa9000 	C:\Windows\SYSTEM32\dbghelp.dll

VM Arguments:
jvm_args: -Xmx1024M -Dfile.encoding=windows-1252 -Duser.country=US -Duser.language=en -Duser.variant 
java_command: com.android.dx.command.Main --dex --num-threads=4 --output E:\Data Adek\Data Kuliah\SEM 7 - MOBILE\FINAL PROJECT\Android1_EasyGo\EasyGo\app\build\intermediates\pre-dexed\debug\classes-ea60be18cb9b7c7a8aa0337fb59005eb4eb511ee.jar E:\Data Adek\Data Kuliah\SEM 7 - MOBILE\FINAL PROJECT\Android1_EasyGo\EasyGo\app\build\intermediates\exploded-aar\com.google.android.gms\play-services-wallet\8.4.0\jars\classes.jar
java_class_path (initial): C:\Users\angga\AppData\Local\Android\sdk\build-tools\23.0.1\lib\dx.jar
Launcher Type: SUN_STANDARD

Environment Variables:
PATH=C:\ProgramData\Oracle\Java\javapath;C:\oraclexe\app\oracle\product\10.2.0\server\bin;C:\Program Files (x86)\Intel\iCLS Client\;C:\Program Files\Intel\iCLS Client\;C:\Windows\system32;C:\Windows;C:\Windows\System32\Wbem;C:\Windows\System32\WindowsPowerShell\v1.0\;C:\Program Files\Intel\Intel(R) Management Engine Components\DAL;C:\Program Files\Intel\Intel(R) Management Engine Components\IPT;C:\Program Files (x86)\Intel\Intel(R) Management Engine Components\DAL;C:\Program Files (x86)\Intel\Intel(R) Management Engine Components\IPT;C:\Program Files (x86)\Windows Kits\8.1\Windows Performance Toolkit\;C:\Program Files\Microsoft SQL Server\110\Tools\Binn\;C:\Program Files (x86)\nodejs\;C:\Users\angga\AppData\Roaming\npm;C:\Program Files (x86)\Java\jre7\bin
USERNAME=angga
OS=Windows_NT
PROCESSOR_IDENTIFIER=Intel64 Family 6 Model 58 Stepping 9, GenuineIntel



---------------  S Y S T E M  ---------------

OS: Windows 8.1 , 64 bit Build 9600 

CPU:total 8 (4 cores per cpu, 2 threads per core) family 6 model 58 stepping 9, cmov, cx8, fxsr, mmx, sse, sse2, sse3, ssse3, sse4.1, sse4.2, popcnt, avx, aes, clmul, erms, ht, tsc, tscinvbit, tscinv

Memory: 4k page, physical 4144288k(256212k free), swap 7290016k(4640k free)

vm_info: Java HotSpot(TM) 64-Bit Server VM (25.31-b07) for windows-amd64 JRE (1.8.0_31-b13), built on Dec 17 2014 21:00:28 by "java_re" with MS VC++ 10.0 (VS2010)

time: Sat Jan 02 20:14:41 2016
elapsed time: 7 seconds (0d 0h 0m 7s)

