#
# There is insufficient memory for the Java Runtime Environment to continue.
# Native memory allocation (malloc) failed to allocate 65552 bytes for Chunk::new
# Possible reasons:
#   The system is out of physical RAM or swap space
#   In 32 bit mode, the process size limit was hit
# Possible solutions:
#   Reduce memory load on the system
#   Increase physical memory or swap space
#   Check if swap backing store is full
#   Use 64 bit Java on a 64 bit OS
#   Decrease Java heap size (-Xmx/-Xms)
#   Decrease number of Java threads
#   Decrease Java thread stack sizes (-Xss)
#   Set larger code cache with -XX:ReservedCodeCacheSize=
# This output file may be truncated or incomplete.
#
#  Out of Memory Error (allocation.cpp:390), pid=3844, tid=3464
#
# JRE version: Java(TM) SE Runtime Environment (8.0_31-b13) (build 1.8.0_31-b13)
# Java VM: Java HotSpot(TM) 64-Bit Server VM (25.31-b07 mixed mode windows-amd64 compressed oops)
# Failed to write core dump. Minidumps are not enabled by default on client versions of Windows
#

---------------  T H R E A D  ---------------

Current thread (0x00000000174b5800):  JavaThread "C2 CompilerThread2" daemon [_thread_in_native, id=3464, stack(0x0000000017c90000,0x0000000017d90000)]

Stack: [0x0000000017c90000,0x0000000017d90000]
Native frames: (J=compiled Java code, j=interpreted, Vv=VM code, C=native code)
V  [jvm.dll+0x3169ba]


Current CompileTask:
C2:   2300  539       4       com.android.dx.ssa.SsaBasicBlock::forEachInsn (37 bytes)


---------------  P R O C E S S  ---------------

Java Threads: ( => current thread )
  0x00000000177cf000 JavaThread "pool-1-thread-4" [_thread_blocked, id=1200, stack(0x0000000018490000,0x0000000018590000)]
  0x0000000017780000 JavaThread "pool-1-thread-3" [_thread_blocked, id=6728, stack(0x0000000018390000,0x0000000018490000)]
  0x000000001777d800 JavaThread "pool-1-thread-2" [_thread_blocked, id=6668, stack(0x0000000018290000,0x0000000018390000)]
  0x0000000017770000 JavaThread "pool-2-thread-1" [_thread_blocked, id=3076, stack(0x0000000018190000,0x0000000018290000)]
  0x000000001776f800 JavaThread "pool-1-thread-1" [_thread_blocked, id=5616, stack(0x0000000018090000,0x0000000018190000)]
  0x000000001751b000 JavaThread "Service Thread" daemon [_thread_blocked, id=2076, stack(0x0000000017e90000,0x0000000017f90000)]
  0x00000000174ba800 JavaThread "C1 CompilerThread3" daemon [_thread_in_vm, id=6608, stack(0x0000000017d90000,0x0000000017e90000)]
=>0x00000000174b5800 JavaThread "C2 CompilerThread2" daemon [_thread_in_native, id=3464, stack(0x0000000017c90000,0x0000000017d90000)]
  0x00000000174c5000 JavaThread "C2 CompilerThread1" daemon [_thread_blocked, id=744, stack(0x0000000017b90000,0x0000000017c90000)]
  0x00000000174c2800 JavaThread "C2 CompilerThread0" daemon [_thread_blocked, id=4488, stack(0x0000000017a90000,0x0000000017b90000)]
  0x00000000174c0800 JavaThread "Attach Listener" daemon [_thread_blocked, id=4980, stack(0x0000000017990000,0x0000000017a90000)]
  0x00000000174bf000 JavaThread "Signal Dispatcher" daemon [_thread_blocked, id=420, stack(0x0000000017890000,0x0000000017990000)]
  0x0000000002982000 JavaThread "Finalizer" daemon [_thread_blocked, id=5664, stack(0x0000000017390000,0x0000000017490000)]
  0x0000000002981000 JavaThread "Reference Handler" daemon [_thread_blocked, id=5380, stack(0x0000000017290000,0x0000000017390000)]
  0x0000000002890800 JavaThread "main" [_thread_in_vm, id=8084, stack(0x0000000002790000,0x0000000002890000)]

Other Threads:
  0x00000000154a8800 VMThread [stack: 0x0000000017190000,0x0000000017290000] [id=6636]
  0x000000001751d000 WatcherThread [stack: 0x0000000017f90000,0x0000000018090000] [id=680]

VM state:not at safepoint (normal execution)

VM Mutex/Monitor currently owned by a thread: None

Heap:
 PSYoungGen      total 18944K, used 12871K [0x00000000eab00000, 0x00000000ec000000, 0x0000000100000000)
  eden space 16384K, 78% used [0x00000000eab00000,0x00000000eb791f48,0x00000000ebb00000)
  from space 2560K, 0% used [0x00000000ebd80000,0x00000000ebd80000,0x00000000ec000000)
  to   space 2560K, 0% used [0x00000000ebb00000,0x00000000ebb00000,0x00000000ebd80000)
 ParOldGen       total 44032K, used 0K [0x00000000c0000000, 0x00000000c2b00000, 0x00000000eab00000)
  object space 44032K, 0% used [0x00000000c0000000,0x00000000c0000000,0x00000000c2b00000)
 Metaspace       used 5395K, capacity 6576K, committed 6784K, reserved 1056768K
  class space    used 575K, capacity 616K, committed 640K, reserved 1048576K

Card table byte_map: [0x0000000011d50000,0x0000000011f60000] byte_map_base: 0x0000000011750000

Marking Bits: (ParMarkBitMap*) 0x00000000702ed4f0
 Begin Bits: [0x00000000128c0000, 0x00000000138c0000)
 End Bits:   [0x00000000138c0000, 0x00000000148c0000)

Polling page: 0x0000000000e40000

CodeCache: size=245760Kb used=2041Kb max_used=2041Kb free=243718Kb
 bounds [0x0000000002990000, 0x0000000002c00000, 0x0000000011990000]
 total_blobs=801 nmethods=537 adapters=178
 compilation: enabled

Compilation events (10 events):
Event: 2.297 Thread 0x00000000174ba800  563       3       java.util.ArrayList$SubList::checkForComodification (23 bytes)
Event: 2.297 Thread 0x00000000174ba800 nmethod 563 0x0000000002b88dd0 code [0x0000000002b88f40, 0x0000000002b89168]
Event: 2.297 Thread 0x00000000174ba800  564       3       com.android.dx.dex.code.OutputCollector::add (9 bytes)
Event: 2.298 Thread 0x00000000174ba800 nmethod 564 0x0000000002b89250 code [0x0000000002b89400, 0x0000000002b899f8]
Event: 2.298 Thread 0x00000000174ba800  565       3       com.android.dx.dex.code.OutputFinisher::add (15 bytes)
Event: 2.298 Thread 0x00000000174c5000  570       4       com.android.dx.ssa.SsaMethod::getExitBlock (26 bytes)
Event: 2.298 Thread 0x00000000174ba800 nmethod 565 0x0000000002b89d90 code [0x0000000002b89f40, 0x0000000002b8a518]
Event: 2.298 Thread 0x00000000174ba800  566       3       com.android.dx.dex.code.OutputFinisher::updateInfo (44 bytes)
Event: 2.298 Thread 0x00000000174ba800 nmethod 566 0x0000000002b8a850 code [0x0000000002b8a9c0, 0x0000000002b8ad88]
Event: 2.298 Thread 0x00000000174ba800  567       3       com.android.dx.rop.cst.CstMemberRef::compareTo0 (49 bytes)

GC Heap History (0 events):
No events

Deoptimization events (0 events):
No events

Internal exceptions (10 events):
Event: 2.164 Thread 0x000000001777d800 Exception <a 'java/security/PrivilegedActionException'> (0x00000000eb3c4cf0) thrown at [C:\workspace\8-2-build-windows-amd64-cygwin\jdk8u31\2394\hotspot\src\share\vm\prims\jvm.cpp, line 1312]
Event: 2.164 Thread 0x000000001777d800 Exception <a 'java/security/PrivilegedActionException'> (0x00000000eb3c93a8) thrown at [C:\workspace\8-2-build-windows-amd64-cygwin\jdk8u31\2394\hotspot\src\share\vm\prims\jvm.cpp, line 1312]
Event: 2.165 Thread 0x000000001777d800 Exception <a 'java/security/PrivilegedActionException'> (0x00000000eb3cedc0) thrown at [C:\workspace\8-2-build-windows-amd64-cygwin\jdk8u31\2394\hotspot\src\share\vm\prims\jvm.cpp, line 1312]
Event: 2.166 Thread 0x000000001777d800 Exception <a 'java/security/PrivilegedActionException'> (0x00000000eb3d7a80) thrown at [C:\workspace\8-2-build-windows-amd64-cygwin\jdk8u31\2394\hotspot\src\share\vm\prims\jvm.cpp, line 1312]
Event: 2.166 Thread 0x000000001777d800 Exception <a 'java/security/PrivilegedActionException'> (0x00000000eb3dcef8) thrown at [C:\workspace\8-2-build-windows-amd64-cygwin\jdk8u31\2394\hotspot\src\share\vm\prims\jvm.cpp, line 1312]
Event: 2.168 Thread 0x0000000017780000 Exception <a 'java/security/PrivilegedActionException'> (0x00000000eb1297b0) thrown at [C:\workspace\8-2-build-windows-amd64-cygwin\jdk8u31\2394\hotspot\src\share\vm\prims\jvm.cpp, line 1312]
Event: 2.184 Thread 0x0000000017780000 Exception <a 'java/security/PrivilegedActionException'> (0x00000000eb139c50) thrown at [C:\workspace\8-2-build-windows-amd64-cygwin\jdk8u31\2394\hotspot\src\share\vm\prims\jvm.cpp, line 1312]
Event: 2.251 Thread 0x0000000002890800 Exception <a 'java/security/PrivilegedActionException'> (0x00000000eb2196e8) thrown at [C:\workspace\8-2-build-windows-amd64-cygwin\jdk8u31\2394\hotspot\src\share\vm\prims\jvm.cpp, line 1312]
Event: 2.285 Thread 0x0000000017780000 Exception <a 'java/security/PrivilegedActionException'> (0x00000000eb6f2190) thrown at [C:\workspace\8-2-build-windows-amd64-cygwin\jdk8u31\2394\hotspot\src\share\vm\prims\jvm.cpp, line 1312]
Event: 2.296 Thread 0x0000000017780000 Exception <a 'java/security/PrivilegedActionException'> (0x00000000eb719690) thrown at [C:\workspace\8-2-build-windows-amd64-cygwin\jdk8u31\2394\hotspot\src\share\vm\prims\jvm.cpp, line 1312]

Events (10 events):
Event: 2.188 loading class java/util/TreeMap$EntryIterator
Event: 2.188 loading class java/util/TreeMap$EntryIterator done
Event: 2.251 loading class com/android/dx/ssa/PhiInsn$Operand
Event: 2.251 loading class com/android/dx/ssa/PhiInsn$Operand done
Event: 2.282 loading class java/util/ArrayList$1
Event: 2.282 loading class java/util/ArrayList$1 done
Event: 2.285 loading class com/android/dx/dex/file/FieldAnnotationStruct
Event: 2.285 loading class com/android/dx/dex/file/FieldAnnotationStruct done
Event: 2.296 loading class com/android/dx/ssa/back/FirstFitLocalCombiningAllocator$Multiset
Event: 2.296 loading class com/android/dx/ssa/back/FirstFitLocalCombiningAllocator$Multiset done


Dynamic libraries:
0x00007ff73e6e0000 - 0x00007ff73e714000 	C:\Program Files\Java\jdk1.8.0_31\bin\java.exe
0x00007ffda6090000 - 0x00007ffda623c000 	C:\Windows\SYSTEM32\ntdll.dll
0x00007ffda3a50000 - 0x00007ffda3b8e000 	C:\Windows\system32\KERNEL32.DLL
0x00007ffda3540000 - 0x00007ffda3655000 	C:\Windows\system32\KERNELBASE.dll
0x00007ffda1dd0000 - 0x00007ffda1e5e000 	C:\Windows\system32\apphelp.dll
0x00007ffd9e5c0000 - 0x00007ffd9e613000 	C:\Windows\AppPatch\AppPatch64\AcGenral.DLL
0x00007ffda4640000 - 0x00007ffda46ea000 	C:\Windows\system32\msvcrt.dll
0x00007ffda2fa0000 - 0x00007ffda2fce000 	C:\Windows\SYSTEM32\SspiCli.dll
0x00007ffda3e00000 - 0x00007ffda3e54000 	C:\Windows\system32\SHLWAPI.dll
0x00007ffda4290000 - 0x00007ffda4407000 	C:\Windows\system32\USER32.dll
0x00007ffda3b90000 - 0x00007ffda3d24000 	C:\Windows\system32\ole32.dll
0x00007ffda4b60000 - 0x00007ffda608b000 	C:\Windows\system32\SHELL32.dll
0x00007ffda2780000 - 0x00007ffda27a1000 	C:\Windows\SYSTEM32\USERENV.dll
0x00007ffda3e60000 - 0x00007ffda3f0a000 	C:\Windows\system32\ADVAPI32.dll
0x00007ffd942c0000 - 0x00007ffd942de000 	C:\Windows\SYSTEM32\MPR.dll
0x00007ffda4140000 - 0x00007ffda4281000 	C:\Windows\system32\RPCRT4.dll
0x00007ffda3f10000 - 0x00007ffda3f69000 	C:\Windows\SYSTEM32\sechost.dll
0x00007ffda4420000 - 0x00007ffda4631000 	C:\Windows\SYSTEM32\combase.dll
0x00007ffda3710000 - 0x00007ffda385f000 	C:\Windows\system32\GDI32.dll
0x00007ffda31e0000 - 0x00007ffda31f5000 	C:\Windows\SYSTEM32\profapi.dll
0x00007ffda1c60000 - 0x00007ffda1d12000 	C:\Windows\SYSTEM32\SHCORE.dll
0x00007ffda4090000 - 0x00007ffda40c6000 	C:\Windows\system32\IMM32.DLL
0x00007ffda46f0000 - 0x00007ffda4842000 	C:\Windows\system32\MSCTF.dll
0x00007ffda1070000 - 0x00007ffda12eb000 	C:\Windows\WinSxS\amd64_microsoft.windows.common-controls_6595b64144ccf1df_6.0.9600.18006_none_623f33d3ecbe86e8\COMCTL32.dll
0x000000006f6e0000 - 0x000000006f7b2000 	C:\Program Files\Java\jdk1.8.0_31\jre\bin\msvcr100.dll
0x000000006fb10000 - 0x000000007036a000 	C:\Program Files\Java\jdk1.8.0_31\jre\bin\server\jvm.dll
0x00007ffda1bc0000 - 0x00007ffda1bc9000 	C:\Windows\SYSTEM32\WSOCK32.dll
0x00007ffda1bd0000 - 0x00007ffda1bf2000 	C:\Windows\SYSTEM32\WINMM.dll
0x00007ffda4410000 - 0x00007ffda4417000 	C:\Windows\system32\PSAPI.DLL
0x00007ffda40e0000 - 0x00007ffda413a000 	C:\Windows\system32\WS2_32.dll
0x00007ffda04a0000 - 0x00007ffda04ca000 	C:\Windows\SYSTEM32\WINMMBASE.dll
0x00007ffda40d0000 - 0x00007ffda40d9000 	C:\Windows\system32\NSI.dll
0x00007ffda36c0000 - 0x00007ffda370f000 	C:\Windows\SYSTEM32\cfgmgr32.dll
0x00007ffda1fd0000 - 0x00007ffda1ff8000 	C:\Windows\SYSTEM32\DEVOBJ.dll
0x0000000070cd0000 - 0x0000000070cdf000 	C:\Program Files\Java\jdk1.8.0_31\jre\bin\verify.dll
0x0000000070ca0000 - 0x0000000070cc8000 	C:\Program Files\Java\jdk1.8.0_31\jre\bin\java.dll
0x000000006faf0000 - 0x000000006fb06000 	C:\Program Files\Java\jdk1.8.0_31\jre\bin\zip.dll

VM Arguments:
jvm_args: -Xmx1024M -Dfile.encoding=windows-1252 -Duser.country=US -Duser.language=en -Duser.variant 
java_command: com.android.dx.command.Main --dex --num-threads=4 --output E:\Data Adek\Data Kuliah\SEM 7 - MOBILE\FINAL PROJECT\Android1_EasyGo\EasyGo\app\build\intermediates\pre-dexed\debug\classes-16eb44d2c3283b5ad8886482f0d9b817cc368da3.jar E:\Data Adek\Data Kuliah\SEM 7 - MOBILE\FINAL PROJECT\Android1_EasyGo\EasyGo\app\build\intermediates\exploded-aar\com.google.android.gms\play-services-plus\8.4.0\jars\classes.jar
java_class_path (initial): C:\Users\angga\AppData\Local\Android\sdk\build-tools\23.0.1\lib\dx.jar
Launcher Type: SUN_STANDARD

Environment Variables:
PATH=C:\ProgramData\Oracle\Java\javapath;C:\oraclexe\app\oracle\product\10.2.0\server\bin;C:\Program Files (x86)\Intel\iCLS Client\;C:\Program Files\Intel\iCLS Client\;C:\Windows\system32;C:\Windows;C:\Windows\System32\Wbem;C:\Windows\System32\WindowsPowerShell\v1.0\;C:\Program Files\Intel\Intel(R) Management Engine Components\DAL;C:\Program Files\Intel\Intel(R) Management Engine Components\IPT;C:\Program Files (x86)\Intel\Intel(R) Management Engine Components\DAL;C:\Program Files (x86)\Intel\Intel(R) Management Engine Components\IPT;C:\Program Files (x86)\Windows Kits\8.1\Windows Performance Toolkit\;C:\Program Files\Microsoft SQL Server\110\Tools\Binn\;C:\Program Files (x86)\nodejs\;C:\Users\angga\AppData\Roaming\npm;C:\Program Files (x86)\Java\jre7\bin
USERNAME=angga
OS=Windows_NT
PROCESSOR_IDENTIFIER=Intel64 Family 6 Model 58 Stepping 9, GenuineIntel



---------------  S Y S T E M  ---------------

OS: Windows 8.1 , 64 bit Build 9600 

CPU:total 8 (4 cores per cpu, 2 threads per core) family 6 model 58 stepping 9, cmov, cx8, fxsr, mmx, sse, sse2, sse3, ssse3, sse4.1, sse4.2, popcnt, avx, aes, clmul, erms, ht, tsc, tscinvbit, tscinv

Memory: 4k page, physical 4144288k(306588k free), swap 7290016k(4912k free)

vm_info: Java HotSpot(TM) 64-Bit Server VM (25.31-b07) for windows-amd64 JRE (1.8.0_31-b13), built on Dec 17 2014 21:00:28 by "java_re" with MS VC++ 10.0 (VS2010)

time: Sat Jan 02 20:43:20 2016
elapsed time: 2 seconds (0d 0h 0m 2s)

