#
# There is insufficient memory for the Java Runtime Environment to continue.
# Native memory allocation (malloc) failed to allocate 131088 bytes for Chunk::new
# Possible reasons:
#   The system is out of physical RAM or swap space
#   In 32 bit mode, the process size limit was hit
# Possible solutions:
#   Reduce memory load on the system
#   Increase physical memory or swap space
#   Check if swap backing store is full
#   Use 64 bit Java on a 64 bit OS
#   Decrease Java heap size (-Xmx/-Xms)
#   Decrease number of Java threads
#   Decrease Java thread stack sizes (-Xss)
#   Set larger code cache with -XX:ReservedCodeCacheSize=
# This output file may be truncated or incomplete.
#
#  Out of Memory Error (allocation.cpp:390), pid=4396, tid=5384
#
# JRE version: Java(TM) SE Runtime Environment (8.0_31-b13) (build 1.8.0_31-b13)
# Java VM: Java HotSpot(TM) 64-Bit Server VM (25.31-b07 mixed mode windows-amd64 compressed oops)
# Failed to write core dump. Minidumps are not enabled by default on client versions of Windows
#

---------------  T H R E A D  ---------------

Current thread (0x0000000017469000):  JavaThread "C2 CompilerThread1" daemon [_thread_in_native, id=5384, stack(0x0000000017b40000,0x0000000017c40000)]

Stack: [0x0000000017b40000,0x0000000017c40000]
Native frames: (J=compiled Java code, j=interpreted, Vv=VM code, C=native code)
V  [jvm.dll+0x3169ba]


Current CompileTask:
C2:   1372 1161       4       com.android.dx.ssa.SCCP::simulateStmt (481 bytes)


---------------  P R O C E S S  ---------------

Java Threads: ( => current thread )
  0x000000001771c000 JavaThread "pool-1-thread-4" [_thread_blocked, id=4756, stack(0x0000000018440000,0x0000000018540000)]
  0x000000001771b800 JavaThread "pool-1-thread-3" [_thread_blocked, id=5900, stack(0x0000000018340000,0x0000000018440000)]
  0x0000000017716000 JavaThread "pool-1-thread-2" [_thread_blocked, id=3188, stack(0x0000000018240000,0x0000000018340000)]
  0x0000000017711800 JavaThread "pool-2-thread-1" [_thread_blocked, id=8012, stack(0x0000000018140000,0x0000000018240000)]
  0x0000000017704000 JavaThread "pool-1-thread-1" [_thread_blocked, id=7804, stack(0x0000000018040000,0x0000000018140000)]
  0x0000000017507000 JavaThread "Service Thread" daemon [_thread_blocked, id=728, stack(0x0000000017e40000,0x0000000017f40000)]
  0x00000000174bd000 JavaThread "C1 CompilerThread3" daemon [_thread_in_native, id=2192, stack(0x0000000017d40000,0x0000000017e40000)]
  0x000000001746f800 JavaThread "C2 CompilerThread2" daemon [_thread_blocked, id=5628, stack(0x0000000017c40000,0x0000000017d40000)]
=>0x0000000017469000 JavaThread "C2 CompilerThread1" daemon [_thread_in_native, id=5384, stack(0x0000000017b40000,0x0000000017c40000)]
  0x0000000017467000 JavaThread "C2 CompilerThread0" daemon [_thread_blocked, id=7416, stack(0x0000000017a40000,0x0000000017b40000)]
  0x0000000017464800 JavaThread "Attach Listener" daemon [_thread_blocked, id=2600, stack(0x0000000017940000,0x0000000017a40000)]
  0x0000000017464000 JavaThread "Signal Dispatcher" daemon [_thread_blocked, id=1088, stack(0x0000000017840000,0x0000000017940000)]
  0x0000000002907800 JavaThread "Finalizer" daemon [_thread_blocked, id=3864, stack(0x0000000017340000,0x0000000017440000)]
  0x0000000002901000 JavaThread "Reference Handler" daemon [_thread_blocked, id=5060, stack(0x0000000017240000,0x0000000017340000)]
  0x0000000002810800 JavaThread "main" [_thread_in_vm, id=7384, stack(0x0000000002680000,0x0000000002780000)]

Other Threads:
  0x0000000015428800 VMThread [stack: 0x0000000017140000,0x0000000017240000] [id=5540]
  0x0000000017509000 WatcherThread [stack: 0x0000000017f40000,0x0000000018040000] [id=7004]

VM state:not at safepoint (normal execution)

VM Mutex/Monitor currently owned by a thread: None

Heap:
 PSYoungGen      total 18944K, used 13464K [0x00000000eab00000, 0x00000000ed000000, 0x0000000100000000)
  eden space 16384K, 66% used [0x00000000eab00000,0x00000000eb5ac688,0x00000000ebb00000)
  from space 2560K, 99% used [0x00000000ebb00000,0x00000000ebd79c70,0x00000000ebd80000)
  to   space 2560K, 0% used [0x00000000ecd80000,0x00000000ecd80000,0x00000000ed000000)
 ParOldGen       total 44032K, used 1920K [0x00000000c0000000, 0x00000000c2b00000, 0x00000000eab00000)
  object space 44032K, 4% used [0x00000000c0000000,0x00000000c01e00d8,0x00000000c2b00000)
 Metaspace       used 5802K, capacity 6896K, committed 7040K, reserved 1056768K
  class space    used 579K, capacity 616K, committed 640K, reserved 1048576K

Card table byte_map: [0x0000000011cd0000,0x0000000011ee0000] byte_map_base: 0x00000000116d0000

Marking Bits: (ParMarkBitMap*) 0x00000000702ed4f0
 Begin Bits: [0x0000000012840000, 0x0000000013840000)
 End Bits:   [0x0000000013840000, 0x0000000014840000)

Polling page: 0x0000000000ea0000

CodeCache: size=245760Kb used=4732Kb max_used=4738Kb free=241027Kb
 bounds [0x0000000002910000, 0x0000000002dc0000, 0x0000000011910000]
 total_blobs=1480 nmethods=1216 adapters=178
 compilation: enabled

Compilation events (10 events):
Event: 1.360 Thread 0x00000000174bd000 1217  s    3       com.android.dx.dex.file.FieldIdsSection::intern (55 bytes)
Event: 1.361 Thread 0x00000000174bd000 nmethod 1217 0x0000000002dadb50 code [0x0000000002dadd60, 0x0000000002daea28]
Event: 1.361 Thread 0x00000000174bd000 1212       1       com.android.dx.cf.attrib.InnerClassList$Item::getInnerClass (5 bytes)
Event: 1.361 Thread 0x00000000174bd000 nmethod 1212 0x0000000002d8b590 code [0x0000000002d8b6e0, 0x0000000002d8b7f0]
Event: 1.361 Thread 0x0000000017467000 nmethod 1202 0x0000000002db21d0 code [0x0000000002db2340, 0x0000000002db2858]
Event: 1.361 Thread 0x0000000017467000 1210       4       com.android.dx.ssa.SsaMethod::bitSetFromLabelList (47 bytes)
Event: 1.364 Thread 0x000000001746f800 nmethod 1205 0x0000000002dafd50 code [0x0000000002dafec0, 0x0000000002db0508]
Event: 1.364 Thread 0x000000001746f800 1214       4       com.android.dx.rop.type.Type::getFrameType (58 bytes)
Event: 1.364 Thread 0x000000001746f800 nmethod 1214 0x0000000002d29e90 code [0x0000000002d29fc0, 0x0000000002d2a058]
Event: 1.368 Thread 0x0000000017467000 nmethod 1210 0x0000000002daf290 code [0x0000000002daf400, 0x0000000002daf848]

GC Heap History (2 events):
Event: 0.911 GC heap before
{Heap before GC invocations=1 (full 0):
 PSYoungGen      total 18944K, used 16384K [0x00000000eab00000, 0x00000000ec000000, 0x0000000100000000)
  eden space 16384K, 100% used [0x00000000eab00000,0x00000000ebb00000,0x00000000ebb00000)
  from space 2560K, 0% used [0x00000000ebd80000,0x00000000ebd80000,0x00000000ec000000)
  to   space 2560K, 0% used [0x00000000ebb00000,0x00000000ebb00000,0x00000000ebd80000)
 ParOldGen       total 44032K, used 0K [0x00000000c0000000, 0x00000000c2b00000, 0x00000000eab00000)
  object space 44032K, 0% used [0x00000000c0000000,0x00000000c0000000,0x00000000c2b00000)
 Metaspace       used 5619K, capacity 6704K, committed 6784K, reserved 1056768K
  class space    used 578K, capacity 616K, committed 640K, reserved 1048576K
Event: 0.973 GC heap after
Heap after GC invocations=1 (full 0):
 PSYoungGen      total 18944K, used 2535K [0x00000000eab00000, 0x00000000ed000000, 0x0000000100000000)
  eden space 16384K, 0% used [0x00000000eab00000,0x00000000eab00000,0x00000000ebb00000)
  from space 2560K, 99% used [0x00000000ebb00000,0x00000000ebd79c70,0x00000000ebd80000)
  to   space 2560K, 0% used [0x00000000ecd80000,0x00000000ecd80000,0x00000000ed000000)
 ParOldGen       total 44032K, used 1920K [0x00000000c0000000, 0x00000000c2b00000, 0x00000000eab00000)
  object space 44032K, 4% used [0x00000000c0000000,0x00000000c01e00d8,0x00000000c2b00000)
 Metaspace       used 5619K, capacity 6704K, committed 6784K, reserved 1056768K
  class space    used 578K, capacity 616K, committed 640K, reserved 1048576K
}

Deoptimization events (6 events):
Event: 0.713 Thread 0x0000000002810800 Uncommon trap: reason=null_assert action=make_not_entrant pc=0x0000000002b294d0 method=com.android.dx.rop.code.RegisterSpec$ForComparison.equals(Ljava/lang/Object;)Z @ 27
Event: 0.793 Thread 0x000000001771b800 Uncommon trap: reason=unreached action=reinterpret pc=0x0000000002be428c method=com.android.dx.rop.code.RegisterSpec.equals(ILcom/android/dx/rop/type/TypeBearer;Lcom/android/dx/rop/code/LocalItem;)Z @ 24
Event: 0.794 Thread 0x000000001771b800 Uncommon trap: reason=null_assert action=make_not_entrant pc=0x0000000002b3ce0c method=com.android.dx.rop.code.RegisterSpec$ForComparison.equals(Ljava/lang/Object;)Z @ 27
Event: 0.998 Thread 0x0000000017704000 Uncommon trap: reason=unreached action=reinterpret pc=0x0000000002babd70 method=com.android.dx.rop.code.RegisterSpec.equals(ILcom/android/dx/rop/type/TypeBearer;Lcom/android/dx/rop/code/LocalItem;)Z @ 24
Event: 1.087 Thread 0x000000001771b800 Uncommon trap: reason=unreached action=reinterpret pc=0x0000000002b98390 method=com.android.dx.rop.code.RegisterSpec.equals(ILcom/android/dx/rop/type/TypeBearer;Lcom/android/dx/rop/code/LocalItem;)Z @ 24
Event: 1.358 Thread 0x0000000017716000 Uncommon trap: reason=unreached action=reinterpret pc=0x0000000002c1ec34 method=com.android.dx.rop.code.RegisterSpec.equals(ILcom/android/dx/rop/type/TypeBearer;Lcom/android/dx/rop/code/LocalItem;)Z @ 24

Internal exceptions (10 events):
Event: 0.663 Thread 0x0000000002810800 Exception <a 'java/security/PrivilegedActionException'> (0x00000000eb5817c8) thrown at [C:\workspace\8-2-build-windows-amd64-cygwin\jdk8u31\2394\hotspot\src\share\vm\prims\jvm.cpp, line 1312]
Event: 0.664 Thread 0x0000000002810800 Exception <a 'java/security/PrivilegedActionException'> (0x00000000eb584678) thrown at [C:\workspace\8-2-build-windows-amd64-cygwin\jdk8u31\2394\hotspot\src\share\vm\prims\jvm.cpp, line 1312]
Event: 0.665 Thread 0x0000000002810800 Exception <a 'java/security/PrivilegedActionException'> (0x00000000eb586b08) thrown at [C:\workspace\8-2-build-windows-amd64-cygwin\jdk8u31\2394\hotspot\src\share\vm\prims\jvm.cpp, line 1312]
Event: 0.666 Thread 0x0000000002810800 Exception <a 'java/security/PrivilegedActionException'> (0x00000000eb590d90) thrown at [C:\workspace\8-2-build-windows-amd64-cygwin\jdk8u31\2394\hotspot\src\share\vm\prims\jvm.cpp, line 1312]
Event: 0.666 Thread 0x0000000002810800 Exception <a 'java/security/PrivilegedActionException'> (0x00000000eb593480) thrown at [C:\workspace\8-2-build-windows-amd64-cygwin\jdk8u31\2394\hotspot\src\share\vm\prims\jvm.cpp, line 1312]
Event: 0.667 Thread 0x000000001771b800 Exception <a 'java/security/PrivilegedActionException'> (0x00000000eb4eae50) thrown at [C:\workspace\8-2-build-windows-amd64-cygwin\jdk8u31\2394\hotspot\src\share\vm\prims\jvm.cpp, line 1312]
Event: 0.668 Thread 0x000000001771b800 Exception <a 'java/security/PrivilegedActionException'> (0x00000000eb4f40a0) thrown at [C:\workspace\8-2-build-windows-amd64-cygwin\jdk8u31\2394\hotspot\src\share\vm\prims\jvm.cpp, line 1312]
Event: 0.712 Thread 0x0000000002810800 Exception <a 'java/security/PrivilegedActionException'> (0x00000000eb7aa850) thrown at [C:\workspace\8-2-build-windows-amd64-cygwin\jdk8u31\2394\hotspot\src\share\vm\prims\jvm.cpp, line 1312]
Event: 0.719 Thread 0x0000000017704000 Exception <a 'java/security/PrivilegedActionException'> (0x00000000eb76a8d0) thrown at [C:\workspace\8-2-build-windows-amd64-cygwin\jdk8u31\2394\hotspot\src\share\vm\prims\jvm.cpp, line 1312]
Event: 1.268 Thread 0x0000000002810800 Exception <a 'java/security/PrivilegedActionException'> (0x00000000eb2b9e08) thrown at [C:\workspace\8-2-build-windows-amd64-cygwin\jdk8u31\2394\hotspot\src\share\vm\prims\jvm.cpp, line 1312]

Events (10 events):
Event: 0.998 Thread 0x0000000017704000 DEOPT PACKING pc=0x0000000002babd70 sp=0x000000001813e940
Event: 0.998 Thread 0x0000000017704000 DEOPT UNPACKING pc=0x000000000295556a sp=0x000000001813e8d0 mode 2
Event: 1.087 Thread 0x000000001771b800 Uncommon trap: trap_request=0xffffffad fr.pc=0x0000000002b98390
Event: 1.087 Thread 0x000000001771b800 DEOPT PACKING pc=0x0000000002b98390 sp=0x000000001843ec10
Event: 1.087 Thread 0x000000001771b800 DEOPT UNPACKING pc=0x000000000295556a sp=0x000000001843ea48 mode 2
Event: 1.268 loading class com/android/dx/cf/attrib/AttLocalVariableTypeTable
Event: 1.268 loading class com/android/dx/cf/attrib/AttLocalVariableTypeTable done
Event: 1.358 Thread 0x0000000017716000 Uncommon trap: trap_request=0xffffffad fr.pc=0x0000000002c1ec34
Event: 1.358 Thread 0x0000000017716000 DEOPT PACKING pc=0x0000000002c1ec34 sp=0x000000001833ee60
Event: 1.358 Thread 0x0000000017716000 DEOPT UNPACKING pc=0x000000000295556a sp=0x000000001833ea18 mode 2


Dynamic libraries:
0x00007ff73e6e0000 - 0x00007ff73e714000 	C:\Program Files\Java\jdk1.8.0_31\bin\java.exe
0x00007ffda6090000 - 0x00007ffda623c000 	C:\Windows\SYSTEM32\ntdll.dll
0x00007ffda3a50000 - 0x00007ffda3b8e000 	C:\Windows\system32\KERNEL32.DLL
0x00007ffda3540000 - 0x00007ffda3655000 	C:\Windows\system32\KERNELBASE.dll
0x00007ffda1dd0000 - 0x00007ffda1e5e000 	C:\Windows\system32\apphelp.dll
0x00007ffd9e5c0000 - 0x00007ffd9e613000 	C:\Windows\AppPatch\AppPatch64\AcGenral.DLL
0x00007ffda4640000 - 0x00007ffda46ea000 	C:\Windows\system32\msvcrt.dll
0x00007ffda2fa0000 - 0x00007ffda2fce000 	C:\Windows\SYSTEM32\SspiCli.dll
0x00007ffda3e00000 - 0x00007ffda3e54000 	C:\Windows\system32\SHLWAPI.dll
0x00007ffda4290000 - 0x00007ffda4407000 	C:\Windows\system32\USER32.dll
0x00007ffda3b90000 - 0x00007ffda3d24000 	C:\Windows\system32\ole32.dll
0x00007ffda4b60000 - 0x00007ffda608b000 	C:\Windows\system32\SHELL32.dll
0x00007ffda2780000 - 0x00007ffda27a1000 	C:\Windows\SYSTEM32\USERENV.dll
0x00007ffda3e60000 - 0x00007ffda3f0a000 	C:\Windows\system32\ADVAPI32.dll
0x00007ffd942c0000 - 0x00007ffd942de000 	C:\Windows\SYSTEM32\MPR.dll
0x00007ffda4140000 - 0x00007ffda4281000 	C:\Windows\system32\RPCRT4.dll
0x00007ffda3f10000 - 0x00007ffda3f69000 	C:\Windows\SYSTEM32\sechost.dll
0x00007ffda4420000 - 0x00007ffda4631000 	C:\Windows\SYSTEM32\combase.dll
0x00007ffda3710000 - 0x00007ffda385f000 	C:\Windows\system32\GDI32.dll
0x00007ffda31e0000 - 0x00007ffda31f5000 	C:\Windows\SYSTEM32\profapi.dll
0x00007ffda1c60000 - 0x00007ffda1d12000 	C:\Windows\SYSTEM32\SHCORE.dll
0x00007ffda4090000 - 0x00007ffda40c6000 	C:\Windows\system32\IMM32.DLL
0x00007ffda46f0000 - 0x00007ffda4842000 	C:\Windows\system32\MSCTF.dll
0x00007ffda1070000 - 0x00007ffda12eb000 	C:\Windows\WinSxS\amd64_microsoft.windows.common-controls_6595b64144ccf1df_6.0.9600.18006_none_623f33d3ecbe86e8\COMCTL32.dll
0x000000006f6e0000 - 0x000000006f7b2000 	C:\Program Files\Java\jdk1.8.0_31\jre\bin\msvcr100.dll
0x000000006fb10000 - 0x000000007036a000 	C:\Program Files\Java\jdk1.8.0_31\jre\bin\server\jvm.dll
0x00007ffda1bc0000 - 0x00007ffda1bc9000 	C:\Windows\SYSTEM32\WSOCK32.dll
0x00007ffda1bd0000 - 0x00007ffda1bf2000 	C:\Windows\SYSTEM32\WINMM.dll
0x00007ffda4410000 - 0x00007ffda4417000 	C:\Windows\system32\PSAPI.DLL
0x00007ffda40e0000 - 0x00007ffda413a000 	C:\Windows\system32\WS2_32.dll
0x00007ffda04a0000 - 0x00007ffda04ca000 	C:\Windows\SYSTEM32\WINMMBASE.dll
0x00007ffda40d0000 - 0x00007ffda40d9000 	C:\Windows\system32\NSI.dll
0x00007ffda36c0000 - 0x00007ffda370f000 	C:\Windows\SYSTEM32\cfgmgr32.dll
0x00007ffda1fd0000 - 0x00007ffda1ff8000 	C:\Windows\SYSTEM32\DEVOBJ.dll
0x0000000070cd0000 - 0x0000000070cdf000 	C:\Program Files\Java\jdk1.8.0_31\jre\bin\verify.dll
0x0000000070ca0000 - 0x0000000070cc8000 	C:\Program Files\Java\jdk1.8.0_31\jre\bin\java.dll
0x000000006faf0000 - 0x000000006fb06000 	C:\Program Files\Java\jdk1.8.0_31\jre\bin\zip.dll

VM Arguments:
jvm_args: -Xmx1024M -Dfile.encoding=windows-1252 -Duser.country=US -Duser.language=en -Duser.variant 
java_command: com.android.dx.command.Main --dex --num-threads=4 --output E:\Data Adek\Data Kuliah\SEM 7 - MOBILE\FINAL PROJECT\Android1_EasyGo\EasyGo\app\build\intermediates\pre-dexed\debug\classes-a043371ab55c1959a3ca4615216a6e6128d9959c.jar E:\Data Adek\Data Kuliah\SEM 7 - MOBILE\FINAL PROJECT\Android1_EasyGo\EasyGo\app\build\intermediates\exploded-aar\com.google.android.gms\play-services-drive\8.4.0\jars\classes.jar
java_class_path (initial): C:\Users\angga\AppData\Local\Android\sdk\build-tools\23.0.1\lib\dx.jar
Launcher Type: SUN_STANDARD

Environment Variables:
PATH=C:\ProgramData\Oracle\Java\javapath;C:\oraclexe\app\oracle\product\10.2.0\server\bin;C:\Program Files (x86)\Intel\iCLS Client\;C:\Program Files\Intel\iCLS Client\;C:\Windows\system32;C:\Windows;C:\Windows\System32\Wbem;C:\Windows\System32\WindowsPowerShell\v1.0\;C:\Program Files\Intel\Intel(R) Management Engine Components\DAL;C:\Program Files\Intel\Intel(R) Management Engine Components\IPT;C:\Program Files (x86)\Intel\Intel(R) Management Engine Components\DAL;C:\Program Files (x86)\Intel\Intel(R) Management Engine Components\IPT;C:\Program Files (x86)\Windows Kits\8.1\Windows Performance Toolkit\;C:\Program Files\Microsoft SQL Server\110\Tools\Binn\;C:\Program Files (x86)\nodejs\;C:\Users\angga\AppData\Roaming\npm;C:\Program Files (x86)\Java\jre7\bin
USERNAME=angga
OS=Windows_NT
PROCESSOR_IDENTIFIER=Intel64 Family 6 Model 58 Stepping 9, GenuineIntel



---------------  S Y S T E M  ---------------

OS: Windows 8.1 , 64 bit Build 9600 

CPU:total 8 (4 cores per cpu, 2 threads per core) family 6 model 58 stepping 9, cmov, cx8, fxsr, mmx, sse, sse2, sse3, ssse3, sse4.1, sse4.2, popcnt, avx, aes, clmul, erms, ht, tsc, tscinvbit, tscinv

Memory: 4k page, physical 4144288k(441208k free), swap 7290016k(5040k free)

vm_info: Java HotSpot(TM) 64-Bit Server VM (25.31-b07) for windows-amd64 JRE (1.8.0_31-b13), built on Dec 17 2014 21:00:28 by "java_re" with MS VC++ 10.0 (VS2010)

time: Sat Jan 02 20:43:14 2016
elapsed time: 1 seconds (0d 0h 0m 1s)

