#
# There is insufficient memory for the Java Runtime Environment to continue.
# Native memory allocation (malloc) failed to allocate 1280336 bytes for Chunk::new
# Possible reasons:
#   The system is out of physical RAM or swap space
#   In 32 bit mode, the process size limit was hit
# Possible solutions:
#   Reduce memory load on the system
#   Increase physical memory or swap space
#   Check if swap backing store is full
#   Use 64 bit Java on a 64 bit OS
#   Decrease Java heap size (-Xmx/-Xms)
#   Decrease number of Java threads
#   Decrease Java thread stack sizes (-Xss)
#   Set larger code cache with -XX:ReservedCodeCacheSize=
# This output file may be truncated or incomplete.
#
#  Out of Memory Error (allocation.cpp:390), pid=7048, tid=4796
#
# JRE version: Java(TM) SE Runtime Environment (8.0_31-b13) (build 1.8.0_31-b13)
# Java VM: Java HotSpot(TM) 64-Bit Server VM (25.31-b07 mixed mode windows-amd64 compressed oops)
# Failed to write core dump. Minidumps are not enabled by default on client versions of Windows
#

---------------  T H R E A D  ---------------

Current thread (0x00000000172f2800):  JavaThread "C2 CompilerThread0" daemon [_thread_in_native, id=4796, stack(0x00000000178c0000,0x00000000179c0000)]

Stack: [0x00000000178c0000,0x00000000179c0000]
Native frames: (J=compiled Java code, j=interpreted, Vv=VM code, C=native code)
V  [jvm.dll+0x3169ba]
V  [jvm.dll+0x2674c3]
V  [jvm.dll+0x268103]
V  [jvm.dll+0x25f8f5]
V  [jvm.dll+0xbf025]
V  [jvm.dll+0xbf4cc]
V  [jvm.dll+0x45df82]
V  [jvm.dll+0x49f21f]
V  [jvm.dll+0x452daf]
V  [jvm.dll+0x454124]
V  [jvm.dll+0x437c62]
V  [jvm.dll+0x988e2]
V  [jvm.dll+0x990d3]
V  [jvm.dll+0x22c194]
V  [jvm.dll+0x28576a]
C  [msvcr100.dll+0x21d9f]
C  [msvcr100.dll+0x21e3b]
C  [KERNEL32.DLL+0x13d2]
C  [ntdll.dll+0x15454]


Current CompileTask:
C2:   2226  976       4       com.android.dx.ssa.back.LivenessAnalyzer::run (231 bytes)


---------------  P R O C E S S  ---------------

Java Threads: ( => current thread )
  0x000000001759d800 JavaThread "pool-1-thread-4" [_thread_blocked, id=4376, stack(0x0000000018ac0000,0x0000000018bc0000)]
  0x000000001758a000 JavaThread "pool-1-thread-3" [_thread_blocked, id=412, stack(0x00000000189c0000,0x0000000018ac0000)]
  0x0000000017622000 JavaThread "pool-1-thread-2" [_thread_blocked, id=6492, stack(0x00000000188c0000,0x00000000189c0000)]
  0x0000000017621000 JavaThread "pool-2-thread-1" [_thread_blocked, id=4468, stack(0x00000000187c0000,0x00000000188c0000)]
  0x0000000017593800 JavaThread "pool-1-thread-1" [_thread_blocked, id=168, stack(0x00000000186c0000,0x00000000187c0000)]
  0x0000000017367800 JavaThread "Service Thread" daemon [_thread_blocked, id=244, stack(0x0000000017cc0000,0x0000000017dc0000)]
  0x00000000172ea800 JavaThread "C1 CompilerThread3" daemon [_thread_blocked, id=7948, stack(0x0000000017bc0000,0x0000000017cc0000)]
  0x00000000172e2800 JavaThread "C2 CompilerThread2" daemon [_thread_in_native, id=5440, stack(0x0000000017ac0000,0x0000000017bc0000)]
  0x00000000172f5000 JavaThread "C2 CompilerThread1" daemon [_thread_blocked, id=7968, stack(0x00000000179c0000,0x0000000017ac0000)]
=>0x00000000172f2800 JavaThread "C2 CompilerThread0" daemon [_thread_in_native, id=4796, stack(0x00000000178c0000,0x00000000179c0000)]
  0x00000000172f0800 JavaThread "Attach Listener" daemon [_thread_blocked, id=7468, stack(0x00000000177c0000,0x00000000178c0000)]
  0x00000000172ef000 JavaThread "Signal Dispatcher" daemon [_thread_blocked, id=4568, stack(0x00000000176c0000,0x00000000177c0000)]
  0x00000000027c2000 JavaThread "Finalizer" daemon [_thread_blocked, id=5992, stack(0x00000000171c0000,0x00000000172c0000)]
  0x00000000027c1000 JavaThread "Reference Handler" daemon [_thread_blocked, id=6744, stack(0x00000000170c0000,0x00000000171c0000)]
  0x00000000026d0800 JavaThread "main" [_thread_blocked, id=3812, stack(0x00000000025d0000,0x00000000026d0000)]

Other Threads:
  0x00000000152e8800 VMThread [stack: 0x0000000016fc0000,0x00000000170c0000] [id=7676]
  0x0000000017369800 WatcherThread [stack: 0x0000000017dc0000,0x0000000017ec0000] [id=3360]

VM state:not at safepoint (normal execution)

VM Mutex/Monitor currently owned by a thread: None

Heap:
 PSYoungGen      total 18944K, used 7533K [0x00000000eab00000, 0x00000000ed000000, 0x0000000100000000)
  eden space 16384K, 30% used [0x00000000eab00000,0x00000000eafe1b80,0x00000000ebb00000)
  from space 2560K, 99% used [0x00000000ebb00000,0x00000000ebd79c68,0x00000000ebd80000)
  to   space 2560K, 0% used [0x00000000ecd80000,0x00000000ecd80000,0x00000000ed000000)
 ParOldGen       total 44032K, used 1892K [0x00000000c0000000, 0x00000000c2b00000, 0x00000000eab00000)
  object space 44032K, 4% used [0x00000000c0000000,0x00000000c01d9258,0x00000000c2b00000)
 Metaspace       used 5700K, capacity 6768K, committed 7040K, reserved 1056768K
  class space    used 577K, capacity 616K, committed 640K, reserved 1048576K

Card table byte_map: [0x0000000011b90000,0x0000000011da0000] byte_map_base: 0x0000000011590000

Marking Bits: (ParMarkBitMap*) 0x00000000702ed4f0
 Begin Bits: [0x0000000012700000, 0x0000000013700000)
 End Bits:   [0x0000000013700000, 0x0000000014700000)

Polling page: 0x0000000000ce0000

CodeCache: size=245760Kb used=4103Kb max_used=4103Kb free=241656Kb
 bounds [0x00000000027d0000, 0x0000000002be0000, 0x00000000117d0000]
 total_blobs=1301 nmethods=1037 adapters=178
 compilation: enabled

Compilation events (10 events):
Event: 2.203 Thread 0x00000000172ea800 1025       3       com.android.dx.cf.code.Simulator$SimVisitor::visitLocal (329 bytes)
Event: 2.206 Thread 0x00000000172ea800 nmethod 1025 0x0000000002bc8690 code [0x0000000002bc8ac0, 0x0000000002bcb6f8]
Event: 2.206 Thread 0x00000000172ea800 1026       3       com.android.dx.rop.type.Prototype::<init> (67 bytes)
Event: 2.206 Thread 0x00000000172ea800 nmethod 1026 0x0000000002bc3090 code [0x0000000002bc3240, 0x0000000002bc36c8]
Event: 2.206 Thread 0x00000000172ea800 1028   !   3       com.android.dx.rop.type.Prototype::putIntern (50 bytes)
Event: 2.207 Thread 0x00000000172ea800 nmethod 1028 0x0000000002bcd290 code [0x0000000002bcd480, 0x0000000002bcdf58]
Event: 2.207 Thread 0x00000000172ea800 1032       1       com.android.dx.ssa.BasicRegisterMapper::getNewRegisterCount (5 bytes)
Event: 2.207 Thread 0x00000000172ea800 nmethod 1032 0x0000000002bc1690 code [0x0000000002bc17e0, 0x0000000002bc18f0]
Event: 2.207 Thread 0x00000000172ea800 1031       1       java.lang.Integer::intValue (5 bytes)
Event: 2.207 Thread 0x00000000172ea800 nmethod 1031 0x0000000002bce490 code [0x0000000002bce5e0, 0x0000000002bce6f0]

GC Heap History (2 events):
Event: 1.889 GC heap before
{Heap before GC invocations=1 (full 0):
 PSYoungGen      total 18944K, used 16384K [0x00000000eab00000, 0x00000000ec000000, 0x0000000100000000)
  eden space 16384K, 100% used [0x00000000eab00000,0x00000000ebb00000,0x00000000ebb00000)
  from space 2560K, 0% used [0x00000000ebd80000,0x00000000ebd80000,0x00000000ec000000)
  to   space 2560K, 0% used [0x00000000ebb00000,0x00000000ebb00000,0x00000000ebd80000)
 ParOldGen       total 44032K, used 0K [0x00000000c0000000, 0x00000000c2b00000, 0x00000000eab00000)
  object space 44032K, 0% used [0x00000000c0000000,0x00000000c0000000,0x00000000c2b00000)
 Metaspace       used 5637K, capacity 6704K, committed 6784K, reserved 1056768K
  class space    used 577K, capacity 616K, committed 640K, reserved 1048576K
Event: 1.950 GC heap after
Heap after GC invocations=1 (full 0):
 PSYoungGen      total 18944K, used 2535K [0x00000000eab00000, 0x00000000ed000000, 0x0000000100000000)
  eden space 16384K, 0% used [0x00000000eab00000,0x00000000eab00000,0x00000000ebb00000)
  from space 2560K, 99% used [0x00000000ebb00000,0x00000000ebd79c68,0x00000000ebd80000)
  to   space 2560K, 0% used [0x00000000ecd80000,0x00000000ecd80000,0x00000000ed000000)
 ParOldGen       total 44032K, used 1892K [0x00000000c0000000, 0x00000000c2b00000, 0x00000000eab00000)
  object space 44032K, 4% used [0x00000000c0000000,0x00000000c01d9258,0x00000000c2b00000)
 Metaspace       used 5637K, capacity 6704K, committed 6784K, reserved 1056768K
  class space    used 577K, capacity 616K, committed 640K, reserved 1048576K
}

Deoptimization events (6 events):
Event: 1.733 Thread 0x00000000026d0800 Uncommon trap: reason=class_check action=maybe_recompile pc=0x0000000002aa8510 method=com.android.dx.ssa.NormalSsaInsn.accept(Lcom/android/dx/ssa/SsaInsn$Visitor;)V @ 9
Event: 1.733 Thread 0x00000000026d0800 Uncommon trap: reason=class_check action=maybe_recompile pc=0x0000000002a9e9e0 method=com.android.dx.ssa.NormalSsaInsn.accept(Lcom/android/dx/ssa/SsaInsn$Visitor;)V @ 9
Event: 1.733 Thread 0x00000000026d0800 Uncommon trap: reason=class_check action=maybe_recompile pc=0x0000000002a9e9e0 method=com.android.dx.ssa.NormalSsaInsn.accept(Lcom/android/dx/ssa/SsaInsn$Visitor;)V @ 9
Event: 1.733 Thread 0x00000000026d0800 Uncommon trap: reason=class_check action=maybe_recompile pc=0x0000000002a9e9e0 method=com.android.dx.ssa.NormalSsaInsn.accept(Lcom/android/dx/ssa/SsaInsn$Visitor;)V @ 9
Event: 1.872 Thread 0x000000001758a000 Uncommon trap: reason=bimorphic action=maybe_recompile pc=0x0000000002ab8470 method=java.util.HashMap.getNode(ILjava/lang/Object;)Ljava/util/HashMap$Node; @ 126
Event: 2.075 Thread 0x0000000017622000 Uncommon trap: reason=class_check action=maybe_recompile pc=0x0000000002aa8510 method=com.android.dx.ssa.NormalSsaInsn.accept(Lcom/android/dx/ssa/SsaInsn$Visitor;)V @ 9

Internal exceptions (10 events):
Event: 1.465 Thread 0x00000000026d0800 Exception <a 'java/security/PrivilegedActionException'> (0x00000000eb3c6040) thrown at [C:\workspace\8-2-build-windows-amd64-cygwin\jdk8u31\2394\hotspot\src\share\vm\prims\jvm.cpp, line 1312]
Event: 1.466 Thread 0x00000000026d0800 Exception <a 'java/security/PrivilegedActionException'> (0x00000000eb3caa18) thrown at [C:\workspace\8-2-build-windows-amd64-cygwin\jdk8u31\2394\hotspot\src\share\vm\prims\jvm.cpp, line 1312]
Event: 1.466 Thread 0x00000000026d0800 Exception <a 'java/security/PrivilegedActionException'> (0x00000000eb3d0750) thrown at [C:\workspace\8-2-build-windows-amd64-cygwin\jdk8u31\2394\hotspot\src\share\vm\prims\jvm.cpp, line 1312]
Event: 1.467 Thread 0x00000000026d0800 Exception <a 'java/security/PrivilegedActionException'> (0x00000000eb3d9730) thrown at [C:\workspace\8-2-build-windows-amd64-cygwin\jdk8u31\2394\hotspot\src\share\vm\prims\jvm.cpp, line 1312]
Event: 1.468 Thread 0x0000000017593800 Exception <a 'java/security/PrivilegedActionException'> (0x00000000eb297408) thrown at [C:\workspace\8-2-build-windows-amd64-cygwin\jdk8u31\2394\hotspot\src\share\vm\prims\jvm.cpp, line 1312]
Event: 1.469 Thread 0x000000001759d800 Exception <a 'java/security/PrivilegedActionException'> (0x00000000eb415560) thrown at [C:\workspace\8-2-build-windows-amd64-cygwin\jdk8u31\2394\hotspot\src\share\vm\prims\jvm.cpp, line 1312]
Event: 1.472 Thread 0x0000000017593800 Exception <a 'java/security/PrivilegedActionException'> (0x00000000eb2a2898) thrown at [C:\workspace\8-2-build-windows-amd64-cygwin\jdk8u31\2394\hotspot\src\share\vm\prims\jvm.cpp, line 1312]
Event: 1.501 Thread 0x000000001759d800 Exception <a 'java/security/PrivilegedActionException'> (0x00000000eb435698) thrown at [C:\workspace\8-2-build-windows-amd64-cygwin\jdk8u31\2394\hotspot\src\share\vm\prims\jvm.cpp, line 1312]
Event: 1.507 Thread 0x0000000017593800 Exception <a 'java/security/PrivilegedActionException'> (0x00000000eb4e92e8) thrown at [C:\workspace\8-2-build-windows-amd64-cygwin\jdk8u31\2394\hotspot\src\share\vm\prims\jvm.cpp, line 1312]
Event: 1.566 Thread 0x00000000026d0800 Exception <a 'java/security/PrivilegedActionException'> (0x00000000eb5ec758) thrown at [C:\workspace\8-2-build-windows-amd64-cygwin\jdk8u31\2394\hotspot\src\share\vm\prims\jvm.cpp, line 1312]

Events (10 events):
Event: 1.733 Executing VM operation: ForceSafepoint
Event: 1.850 Executing VM operation: ForceSafepoint done
Event: 1.872 Thread 0x000000001758a000 Uncommon trap: trap_request=0xffffffc6 fr.pc=0x0000000002ab8470
Event: 1.872 Thread 0x000000001758a000 DEOPT PACKING pc=0x0000000002ab8470 sp=0x0000000018abebf0
Event: 1.872 Thread 0x000000001758a000 DEOPT UNPACKING pc=0x000000000281556a sp=0x0000000018abeb18 mode 2
Event: 1.889 Executing VM operation: ParallelGCFailedAllocation
Event: 1.950 Executing VM operation: ParallelGCFailedAllocation done
Event: 2.075 Thread 0x0000000017622000 Uncommon trap: trap_request=0xffffffde fr.pc=0x0000000002aa8510
Event: 2.075 Thread 0x0000000017622000 DEOPT PACKING pc=0x0000000002aa8510 sp=0x00000000189be480
Event: 2.075 Thread 0x0000000017622000 DEOPT UNPACKING pc=0x000000000281556a sp=0x00000000189be440 mode 2


Dynamic libraries:
0x00007ff73e6e0000 - 0x00007ff73e714000 	C:\Program Files\Java\jdk1.8.0_31\bin\java.exe
0x00007ffda6090000 - 0x00007ffda623c000 	C:\Windows\SYSTEM32\ntdll.dll
0x00007ffda3a50000 - 0x00007ffda3b8e000 	C:\Windows\system32\KERNEL32.DLL
0x00007ffda3540000 - 0x00007ffda3655000 	C:\Windows\system32\KERNELBASE.dll
0x00007ffda1dd0000 - 0x00007ffda1e5e000 	C:\Windows\system32\apphelp.dll
0x00007ffd9e5c0000 - 0x00007ffd9e613000 	C:\Windows\AppPatch\AppPatch64\AcGenral.DLL
0x00007ffda4640000 - 0x00007ffda46ea000 	C:\Windows\system32\msvcrt.dll
0x00007ffda2fa0000 - 0x00007ffda2fce000 	C:\Windows\SYSTEM32\SspiCli.dll
0x00007ffda3e00000 - 0x00007ffda3e54000 	C:\Windows\system32\SHLWAPI.dll
0x00007ffda4290000 - 0x00007ffda4407000 	C:\Windows\system32\USER32.dll
0x00007ffda3b90000 - 0x00007ffda3d24000 	C:\Windows\system32\ole32.dll
0x00007ffda4b60000 - 0x00007ffda608b000 	C:\Windows\system32\SHELL32.dll
0x00007ffda2780000 - 0x00007ffda27a1000 	C:\Windows\SYSTEM32\USERENV.dll
0x00007ffda3e60000 - 0x00007ffda3f0a000 	C:\Windows\system32\ADVAPI32.dll
0x00007ffd942c0000 - 0x00007ffd942de000 	C:\Windows\SYSTEM32\MPR.dll
0x00007ffda4140000 - 0x00007ffda4281000 	C:\Windows\system32\RPCRT4.dll
0x00007ffda3f10000 - 0x00007ffda3f69000 	C:\Windows\SYSTEM32\sechost.dll
0x00007ffda4420000 - 0x00007ffda4631000 	C:\Windows\SYSTEM32\combase.dll
0x00007ffda3710000 - 0x00007ffda385f000 	C:\Windows\system32\GDI32.dll
0x00007ffda31e0000 - 0x00007ffda31f5000 	C:\Windows\SYSTEM32\profapi.dll
0x00007ffda1c60000 - 0x00007ffda1d12000 	C:\Windows\SYSTEM32\SHCORE.dll
0x00007ffda4090000 - 0x00007ffda40c6000 	C:\Windows\system32\IMM32.DLL
0x00007ffda46f0000 - 0x00007ffda4842000 	C:\Windows\system32\MSCTF.dll
0x00007ffda1070000 - 0x00007ffda12eb000 	C:\Windows\WinSxS\amd64_microsoft.windows.common-controls_6595b64144ccf1df_6.0.9600.18006_none_623f33d3ecbe86e8\COMCTL32.dll
0x000000006f6e0000 - 0x000000006f7b2000 	C:\Program Files\Java\jdk1.8.0_31\jre\bin\msvcr100.dll
0x000000006fb10000 - 0x000000007036a000 	C:\Program Files\Java\jdk1.8.0_31\jre\bin\server\jvm.dll
0x00007ffda1bc0000 - 0x00007ffda1bc9000 	C:\Windows\SYSTEM32\WSOCK32.dll
0x00007ffda1bd0000 - 0x00007ffda1bf2000 	C:\Windows\SYSTEM32\WINMM.dll
0x00007ffda4410000 - 0x00007ffda4417000 	C:\Windows\system32\PSAPI.DLL
0x00007ffda40e0000 - 0x00007ffda413a000 	C:\Windows\system32\WS2_32.dll
0x00007ffda04a0000 - 0x00007ffda04ca000 	C:\Windows\SYSTEM32\WINMMBASE.dll
0x00007ffda40d0000 - 0x00007ffda40d9000 	C:\Windows\system32\NSI.dll
0x00007ffda36c0000 - 0x00007ffda370f000 	C:\Windows\SYSTEM32\cfgmgr32.dll
0x00007ffda1fd0000 - 0x00007ffda1ff8000 	C:\Windows\SYSTEM32\DEVOBJ.dll
0x0000000070cd0000 - 0x0000000070cdf000 	C:\Program Files\Java\jdk1.8.0_31\jre\bin\verify.dll
0x0000000070ca0000 - 0x0000000070cc8000 	C:\Program Files\Java\jdk1.8.0_31\jre\bin\java.dll
0x000000006faf0000 - 0x000000006fb06000 	C:\Program Files\Java\jdk1.8.0_31\jre\bin\zip.dll
0x00007ffd9a920000 - 0x00007ffd9aaa9000 	C:\Windows\SYSTEM32\dbghelp.dll

VM Arguments:
jvm_args: -Xmx1024M -Dfile.encoding=windows-1252 -Duser.country=US -Duser.language=en -Duser.variant 
java_command: com.android.dx.command.Main --dex --num-threads=4 --output E:\Data Adek\Data Kuliah\SEM 7 - MOBILE\FINAL PROJECT\Android1_EasyGo\EasyGo\app\build\intermediates\pre-dexed\debug\classes-d68c1daa684721c8cf4fd1d516c8fa14c2f7a142.jar E:\Data Adek\Data Kuliah\SEM 7 - MOBILE\FINAL PROJECT\Android1_EasyGo\EasyGo\app\build\intermediates\exploded-aar\com.google.android.gms\play-services-games\8.4.0\jars\classes.jar
java_class_path (initial): C:\Users\angga\AppData\Local\Android\sdk\build-tools\23.0.1\lib\dx.jar
Launcher Type: SUN_STANDARD

Environment Variables:
PATH=C:\ProgramData\Oracle\Java\javapath;C:\oraclexe\app\oracle\product\10.2.0\server\bin;C:\Program Files (x86)\Intel\iCLS Client\;C:\Program Files\Intel\iCLS Client\;C:\Windows\system32;C:\Windows;C:\Windows\System32\Wbem;C:\Windows\System32\WindowsPowerShell\v1.0\;C:\Program Files\Intel\Intel(R) Management Engine Components\DAL;C:\Program Files\Intel\Intel(R) Management Engine Components\IPT;C:\Program Files (x86)\Intel\Intel(R) Management Engine Components\DAL;C:\Program Files (x86)\Intel\Intel(R) Management Engine Components\IPT;C:\Program Files (x86)\Windows Kits\8.1\Windows Performance Toolkit\;C:\Program Files\Microsoft SQL Server\110\Tools\Binn\;C:\Program Files (x86)\nodejs\;C:\Users\angga\AppData\Roaming\npm;C:\Program Files (x86)\Java\jre7\bin
USERNAME=angga
OS=Windows_NT
PROCESSOR_IDENTIFIER=Intel64 Family 6 Model 58 Stepping 9, GenuineIntel



---------------  S Y S T E M  ---------------

OS: Windows 8.1 , 64 bit Build 9600 

CPU:total 8 (4 cores per cpu, 2 threads per core) family 6 model 58 stepping 9, cmov, cx8, fxsr, mmx, sse, sse2, sse3, ssse3, sse4.1, sse4.2, popcnt, avx, aes, clmul, erms, ht, tsc, tscinvbit, tscinv

Memory: 4k page, physical 4144288k(310112k free), swap 7290016k(5132k free)

vm_info: Java HotSpot(TM) 64-Bit Server VM (25.31-b07) for windows-amd64 JRE (1.8.0_31-b13), built on Dec 17 2014 21:00:28 by "java_re" with MS VC++ 10.0 (VS2010)

time: Sat Jan 02 20:43:20 2016
elapsed time: 2 seconds (0d 0h 0m 2s)

