#
# There is insufficient memory for the Java Runtime Environment to continue.
# Native memory allocation (malloc) failed to allocate 451536 bytes for Chunk::new
# Possible reasons:
#   The system is out of physical RAM or swap space
#   In 32 bit mode, the process size limit was hit
# Possible solutions:
#   Reduce memory load on the system
#   Increase physical memory or swap space
#   Check if swap backing store is full
#   Use 64 bit Java on a 64 bit OS
#   Decrease Java heap size (-Xmx/-Xms)
#   Decrease number of Java threads
#   Decrease Java thread stack sizes (-Xss)
#   Set larger code cache with -XX:ReservedCodeCacheSize=
# This output file may be truncated or incomplete.
#
#  Out of Memory Error (allocation.cpp:390), pid=3228, tid=4236
#
# JRE version: Java(TM) SE Runtime Environment (8.0_31-b13) (build 1.8.0_31-b13)
# Java VM: Java HotSpot(TM) 64-Bit Server VM (25.31-b07 mixed mode windows-amd64 compressed oops)
# Failed to write core dump. Minidumps are not enabled by default on client versions of Windows
#

---------------  T H R E A D  ---------------

Current thread (0x0000000017329000):  JavaThread "C2 CompilerThread1" daemon [_thread_in_native, id=4236, stack(0x0000000017a00000,0x0000000017b00000)]

Stack: [0x0000000017a00000,0x0000000017b00000]
Native frames: (J=compiled Java code, j=interpreted, Vv=VM code, C=native code)
V  [jvm.dll+0x3169ba]


Current CompileTask:
C2:   3292 1224       4       com.android.dx.ssa.SCCP::simulatePhi (169 bytes)


---------------  P R O C E S S  ---------------

Java Threads: ( => current thread )
  0x00000000175e4000 JavaThread "pool-1-thread-4" [_thread_blocked, id=4372, stack(0x0000000018300000,0x0000000018400000)]
  0x00000000175df000 JavaThread "pool-1-thread-3" [_thread_blocked, id=1440, stack(0x0000000018200000,0x0000000018300000)]
  0x00000000175de000 JavaThread "pool-1-thread-2" [_thread_blocked, id=3436, stack(0x0000000018100000,0x0000000018200000)]
  0x00000000175db800 JavaThread "pool-2-thread-1" [_thread_blocked, id=3440, stack(0x0000000018000000,0x0000000018100000)]
  0x00000000175d8000 JavaThread "pool-1-thread-1" [_thread_blocked, id=6652, stack(0x0000000017f00000,0x0000000018000000)]
  0x00000000173b0000 JavaThread "Service Thread" daemon [_thread_blocked, id=6484, stack(0x0000000017d00000,0x0000000017e00000)]
  0x0000000017380000 JavaThread "C1 CompilerThread3" daemon [_thread_in_native, id=5068, stack(0x0000000017c00000,0x0000000017d00000)]
  0x0000000017375000 JavaThread "C2 CompilerThread2" daemon [_thread_in_native, id=6588, stack(0x0000000017b00000,0x0000000017c00000)]
=>0x0000000017329000 JavaThread "C2 CompilerThread1" daemon [_thread_in_native, id=4236, stack(0x0000000017a00000,0x0000000017b00000)]
  0x0000000017327000 JavaThread "C2 CompilerThread0" daemon [_thread_in_native, id=6304, stack(0x0000000017900000,0x0000000017a00000)]
  0x0000000017324800 JavaThread "Attach Listener" daemon [_thread_blocked, id=3132, stack(0x0000000017800000,0x0000000017900000)]
  0x0000000017324000 JavaThread "Signal Dispatcher" daemon [_thread_blocked, id=7648, stack(0x0000000017700000,0x0000000017800000)]
  0x00000000027f7800 JavaThread "Finalizer" daemon [_thread_blocked, id=8116, stack(0x0000000017200000,0x0000000017300000)]
  0x00000000027f1000 JavaThread "Reference Handler" daemon [_thread_blocked, id=6136, stack(0x0000000017100000,0x0000000017200000)]
  0x0000000002700800 JavaThread "main" [_thread_in_Java, id=908, stack(0x0000000002520000,0x0000000002620000)]

Other Threads:
  0x0000000015318800 VMThread [stack: 0x0000000017000000,0x0000000017100000] [id=256]
  0x00000000173b1800 WatcherThread [stack: 0x0000000017e00000,0x0000000017f00000] [id=224]

VM state:not at safepoint (normal execution)

VM Mutex/Monitor currently owned by a thread: None

Heap:
 PSYoungGen      total 35328K, used 20793K [0x00000000eab00000, 0x00000000ed000000, 0x0000000100000000)
  eden space 32768K, 55% used [0x00000000eab00000,0x00000000ebcce588,0x00000000ecb00000)
  from space 2560K, 100% used [0x00000000ecd80000,0x00000000ed000000,0x00000000ed000000)
  to   space 2560K, 0% used [0x00000000ecb00000,0x00000000ecb00000,0x00000000ecd80000)
 ParOldGen       total 44032K, used 4103K [0x00000000c0000000, 0x00000000c2b00000, 0x00000000eab00000)
  object space 44032K, 9% used [0x00000000c0000000,0x00000000c0401d48,0x00000000c2b00000)
 Metaspace       used 5828K, capacity 6896K, committed 7040K, reserved 1056768K
  class space    used 578K, capacity 616K, committed 640K, reserved 1048576K

Card table byte_map: [0x0000000011bc0000,0x0000000011dd0000] byte_map_base: 0x00000000115c0000

Marking Bits: (ParMarkBitMap*) 0x00000000702ed4f0
 Begin Bits: [0x0000000012730000, 0x0000000013730000)
 End Bits:   [0x0000000013730000, 0x0000000014730000)

Polling page: 0x0000000000c60000

CodeCache: size=245760Kb used=4979Kb max_used=4992Kb free=240780Kb
 bounds [0x0000000002800000, 0x0000000002cf0000, 0x0000000011800000]
 total_blobs=1487 nmethods=1223 adapters=178
 compilation: enabled

Compilation events (10 events):
Event: 3.094 Thread 0x0000000017327000 nmethod 1223 0x0000000002cd9710 code [0x0000000002cd98c0, 0x0000000002cda208]
Event: 3.105 Thread 0x0000000017327000 1225       4       java.util.ArrayList::remove (77 bytes)
Event: 3.111 Thread 0x0000000017327000 nmethod 1225 0x0000000002caf850 code [0x0000000002caf9a0, 0x0000000002cafd38]
Event: 3.111 Thread 0x0000000017327000 1227       4       com.android.dx.ssa.SsaMethod::computeReachability (131 bytes)
Event: 3.142 Thread 0x0000000017327000 nmethod 1227 0x0000000002cdb310 code [0x0000000002cdb4e0, 0x0000000002cdc278]
Event: 3.142 Thread 0x0000000017327000 1236       4       com.android.dx.ssa.LocalVariableExtractor::processBlock (383 bytes)
Event: 3.174 Thread 0x0000000017327000 nmethod 1236 0x0000000002cdd3d0 code [0x0000000002cdd640, 0x0000000002cde650]
Event: 3.174 Thread 0x0000000017327000 1248       4       com.android.dx.ssa.SsaRenamer$BlockRenamer::process (191 bytes)
Event: 3.182 Thread 0x0000000017380000 nmethod 1219 0x0000000002ce0350 code [0x0000000002ce07c0, 0x0000000002ce2ed8]
Event: 3.182 Thread 0x0000000017380000 1252   !   3       com.android.dx.cf.code.BytecodeArray::parseInstruction (2764 bytes)

GC Heap History (4 events):
Event: 1.445 GC heap before
{Heap before GC invocations=1 (full 0):
 PSYoungGen      total 18944K, used 16384K [0x00000000eab00000, 0x00000000ec000000, 0x0000000100000000)
  eden space 16384K, 100% used [0x00000000eab00000,0x00000000ebb00000,0x00000000ebb00000)
  from space 2560K, 0% used [0x00000000ebd80000,0x00000000ebd80000,0x00000000ec000000)
  to   space 2560K, 0% used [0x00000000ebb00000,0x00000000ebb00000,0x00000000ebd80000)
 ParOldGen       total 44032K, used 0K [0x00000000c0000000, 0x00000000c2b00000, 0x00000000eab00000)
  object space 44032K, 0% used [0x00000000c0000000,0x00000000c0000000,0x00000000c2b00000)
 Metaspace       used 5579K, capacity 6704K, committed 6784K, reserved 1056768K
  class space    used 573K, capacity 616K, committed 640K, reserved 1048576K
Event: 1.580 GC heap after
Heap after GC invocations=1 (full 0):
 PSYoungGen      total 18944K, used 2538K [0x00000000eab00000, 0x00000000ed000000, 0x0000000100000000)
  eden space 16384K, 0% used [0x00000000eab00000,0x00000000eab00000,0x00000000ebb00000)
  from space 2560K, 99% used [0x00000000ebb00000,0x00000000ebd7aaa8,0x00000000ebd80000)
  to   space 2560K, 0% used [0x00000000ecd80000,0x00000000ecd80000,0x00000000ed000000)
 ParOldGen       total 44032K, used 1827K [0x00000000c0000000, 0x00000000c2b00000, 0x00000000eab00000)
  object space 44032K, 4% used [0x00000000c0000000,0x00000000c01c8e20,0x00000000c2b00000)
 Metaspace       used 5579K, capacity 6704K, committed 6784K, reserved 1056768K
  class space    used 573K, capacity 616K, committed 640K, reserved 1048576K
}
Event: 2.491 GC heap before
{Heap before GC invocations=2 (full 0):
 PSYoungGen      total 18944K, used 18922K [0x00000000eab00000, 0x00000000ed000000, 0x0000000100000000)
  eden space 16384K, 100% used [0x00000000eab00000,0x00000000ebb00000,0x00000000ebb00000)
  from space 2560K, 99% used [0x00000000ebb00000,0x00000000ebd7aaa8,0x00000000ebd80000)
  to   space 2560K, 0% used [0x00000000ecd80000,0x00000000ecd80000,0x00000000ed000000)
 ParOldGen       total 44032K, used 1827K [0x00000000c0000000, 0x00000000c2b00000, 0x00000000eab00000)
  object space 44032K, 4% used [0x00000000c0000000,0x00000000c01c8e20,0x00000000c2b00000)
 Metaspace       used 5792K, capacity 6896K, committed 7040K, reserved 1056768K
  class space    used 576K, capacity 616K, committed 640K, reserved 1048576K
Event: 2.975 GC heap after
Heap after GC invocations=2 (full 0):
 PSYoungGen      total 35328K, used 2560K [0x00000000eab00000, 0x00000000ed000000, 0x0000000100000000)
  eden space 32768K, 0% used [0x00000000eab00000,0x00000000eab00000,0x00000000ecb00000)
  from space 2560K, 100% used [0x00000000ecd80000,0x00000000ed000000,0x00000000ed000000)
  to   space 2560K, 0% used [0x00000000ecb00000,0x00000000ecb00000,0x00000000ecd80000)
 ParOldGen       total 44032K, used 4103K [0x00000000c0000000, 0x00000000c2b00000, 0x00000000eab00000)
  object space 44032K, 9% used [0x00000000c0000000,0x00000000c0401d48,0x00000000c2b00000)
 Metaspace       used 5792K, capacity 6896K, committed 7040K, reserved 1056768K
  class space    used 576K, capacity 616K, committed 640K, reserved 1048576K
}

Deoptimization events (10 events):
Event: 1.391 Thread 0x00000000175d8000 Uncommon trap: reason=class_check action=maybe_recompile pc=0x0000000002aa00e0 method=com.android.dx.rop.type.Type.equals(Ljava/lang/Object;)Z @ 8
Event: 1.392 Thread 0x00000000175d8000 Uncommon trap: reason=class_check action=maybe_recompile pc=0x0000000002aa00e0 method=com.android.dx.rop.type.Type.equals(Ljava/lang/Object;)Z @ 8
Event: 1.392 Thread 0x00000000175d8000 Uncommon trap: reason=class_check action=maybe_recompile pc=0x0000000002aa00e0 method=com.android.dx.rop.type.Type.equals(Ljava/lang/Object;)Z @ 8
Event: 1.392 Thread 0x00000000175d8000 Uncommon trap: reason=class_check action=maybe_recompile pc=0x0000000002aa00e0 method=com.android.dx.rop.type.Type.equals(Ljava/lang/Object;)Z @ 8
Event: 3.127 Thread 0x00000000175d8000 Uncommon trap: reason=bimorphic action=maybe_recompile pc=0x0000000002ccf844 method=com.android.dx.ssa.LiteralOpUpgrader.tryReplacingWithConstant(Lcom/android/dx/ssa/NormalSsaInsn;)Z @ 52
Event: 3.127 Thread 0x00000000175d8000 Uncommon trap: reason=bimorphic action=maybe_recompile pc=0x0000000002ccf844 method=com.android.dx.ssa.LiteralOpUpgrader.tryReplacingWithConstant(Lcom/android/dx/ssa/NormalSsaInsn;)Z @ 52
Event: 3.128 Thread 0x00000000175df000 Uncommon trap: reason=bimorphic action=maybe_recompile pc=0x0000000002ccf844 method=com.android.dx.ssa.LiteralOpUpgrader.tryReplacingWithConstant(Lcom/android/dx/ssa/NormalSsaInsn;)Z @ 52
Event: 3.128 Thread 0x00000000175df000 Uncommon trap: reason=bimorphic action=maybe_recompile pc=0x0000000002ccf844 method=com.android.dx.ssa.LiteralOpUpgrader.tryReplacingWithConstant(Lcom/android/dx/ssa/NormalSsaInsn;)Z @ 52
Event: 3.170 Thread 0x0000000002700800 Uncommon trap: reason=uninitialized action=reinterpret pc=0x0000000002c54618 method=com.android.dx.cf.code.BytecodeArray.parseInstruction(ILcom/android/dx/cf/code/BytecodeArray$Visitor;)I @ 1015
Event: 3.177 Thread 0x00000000175d8000 Uncommon trap: reason=null_check action=make_not_entrant pc=0x0000000002b300a0 method=com.android.dx.rop.type.Type.equals(Ljava/lang/Object;)Z @ 8

Internal exceptions (10 events):
Event: 1.026 Thread 0x00000000175d8000 Exception <a 'java/security/PrivilegedActionException'> (0x00000000eb647b08) thrown at [C:\workspace\8-2-build-windows-amd64-cygwin\jdk8u31\2394\hotspot\src\share\vm\prims\jvm.cpp, line 1312]
Event: 1.364 Thread 0x00000000175d8000 Exception <a 'java/security/PrivilegedActionException'> (0x00000000eb8d4d80) thrown at [C:\workspace\8-2-build-windows-amd64-cygwin\jdk8u31\2394\hotspot\src\share\vm\prims\jvm.cpp, line 1312]
Event: 1.365 Thread 0x00000000175d8000 Exception <a 'java/security/PrivilegedActionException'> (0x00000000eb8d8358) thrown at [C:\workspace\8-2-build-windows-amd64-cygwin\jdk8u31\2394\hotspot\src\share\vm\prims\jvm.cpp, line 1312]
Event: 1.790 Thread 0x0000000002700800 Exception <a 'java/security/PrivilegedActionException'> (0x00000000eb48ec90) thrown at [C:\workspace\8-2-build-windows-amd64-cygwin\jdk8u31\2394\hotspot\src\share\vm\prims\jvm.cpp, line 1312]
Event: 1.790 Thread 0x0000000002700800 Exception <a 'java/security/PrivilegedActionException'> (0x00000000eb493348) thrown at [C:\workspace\8-2-build-windows-amd64-cygwin\jdk8u31\2394\hotspot\src\share\vm\prims\jvm.cpp, line 1312]
Event: 1.791 Thread 0x0000000002700800 Exception <a 'java/security/PrivilegedActionException'> (0x00000000eb49d5d8) thrown at [C:\workspace\8-2-build-windows-amd64-cygwin\jdk8u31\2394\hotspot\src\share\vm\prims\jvm.cpp, line 1312]
Event: 1.791 Thread 0x0000000002700800 Exception <a 'java/security/PrivilegedActionException'> (0x00000000eb49fd10) thrown at [C:\workspace\8-2-build-windows-amd64-cygwin\jdk8u31\2394\hotspot\src\share\vm\prims\jvm.cpp, line 1312]
Event: 1.947 Thread 0x0000000002700800 Exception <a 'java/security/PrivilegedActionException'> (0x00000000eb675468) thrown at [C:\workspace\8-2-build-windows-amd64-cygwin\jdk8u31\2394\hotspot\src\share\vm\prims\jvm.cpp, line 1312]
Event: 1.948 Thread 0x0000000002700800 Exception <a 'java/security/PrivilegedActionException'> (0x00000000eb67b318) thrown at [C:\workspace\8-2-build-windows-amd64-cygwin\jdk8u31\2394\hotspot\src\share\vm\prims\jvm.cpp, line 1312]
Event: 3.177 Thread 0x00000000175d8000 Implicit null exception at 0x0000000002b2ffa2 to 0x0000000002b30092

Events (10 events):
Event: 3.170 Thread 0x0000000002700800 DEOPT UNPACKING pc=0x000000000284556a sp=0x000000000261e7b0 mode 2
Event: 3.177 Thread 0x00000000175d8000 Uncommon trap: trap_request=0xfffffff4 fr.pc=0x0000000002b300a0
Event: 3.177 Thread 0x00000000175d8000 DEOPT PACKING pc=0x0000000002b300a0 sp=0x0000000017ffe2a0
Event: 3.177 Thread 0x00000000175d8000 DEOPT UNPACKING pc=0x000000000284556a sp=0x0000000017ffe228 mode 2
Event: 3.186 loading class java/util/TreeMap$EntrySet
Event: 3.186 loading class java/util/TreeMap$EntrySet done
Event: 3.186 loading class java/util/TreeMap$EntryIterator
Event: 3.186 loading class java/util/TreeMap$EntryIterator done
Event: 3.186 Executing VM operation: Deoptimize
Event: 3.261 Executing VM operation: Deoptimize done


Dynamic libraries:
0x00007ff73e6e0000 - 0x00007ff73e714000 	C:\Program Files\Java\jdk1.8.0_31\bin\java.exe
0x00007ffda6090000 - 0x00007ffda623c000 	C:\Windows\SYSTEM32\ntdll.dll
0x00007ffda3a50000 - 0x00007ffda3b8e000 	C:\Windows\system32\KERNEL32.DLL
0x00007ffda3540000 - 0x00007ffda3655000 	C:\Windows\system32\KERNELBASE.dll
0x00007ffda1dd0000 - 0x00007ffda1e5e000 	C:\Windows\system32\apphelp.dll
0x00007ffd9e5c0000 - 0x00007ffd9e613000 	C:\Windows\AppPatch\AppPatch64\AcGenral.DLL
0x00007ffda4640000 - 0x00007ffda46ea000 	C:\Windows\system32\msvcrt.dll
0x00007ffda2fa0000 - 0x00007ffda2fce000 	C:\Windows\SYSTEM32\SspiCli.dll
0x00007ffda3e00000 - 0x00007ffda3e54000 	C:\Windows\system32\SHLWAPI.dll
0x00007ffda4290000 - 0x00007ffda4407000 	C:\Windows\system32\USER32.dll
0x00007ffda3b90000 - 0x00007ffda3d24000 	C:\Windows\system32\ole32.dll
0x00007ffda4b60000 - 0x00007ffda608b000 	C:\Windows\system32\SHELL32.dll
0x00007ffda2780000 - 0x00007ffda27a1000 	C:\Windows\SYSTEM32\USERENV.dll
0x00007ffda3e60000 - 0x00007ffda3f0a000 	C:\Windows\system32\ADVAPI32.dll
0x00007ffd942c0000 - 0x00007ffd942de000 	C:\Windows\SYSTEM32\MPR.dll
0x00007ffda4140000 - 0x00007ffda4281000 	C:\Windows\system32\RPCRT4.dll
0x00007ffda3f10000 - 0x00007ffda3f69000 	C:\Windows\SYSTEM32\sechost.dll
0x00007ffda4420000 - 0x00007ffda4631000 	C:\Windows\SYSTEM32\combase.dll
0x00007ffda3710000 - 0x00007ffda385f000 	C:\Windows\system32\GDI32.dll
0x00007ffda31e0000 - 0x00007ffda31f5000 	C:\Windows\SYSTEM32\profapi.dll
0x00007ffda1c60000 - 0x00007ffda1d12000 	C:\Windows\SYSTEM32\SHCORE.dll
0x00007ffda4090000 - 0x00007ffda40c6000 	C:\Windows\system32\IMM32.DLL
0x00007ffda46f0000 - 0x00007ffda4842000 	C:\Windows\system32\MSCTF.dll
0x00007ffda1070000 - 0x00007ffda12eb000 	C:\Windows\WinSxS\amd64_microsoft.windows.common-controls_6595b64144ccf1df_6.0.9600.18006_none_623f33d3ecbe86e8\COMCTL32.dll
0x000000006f6e0000 - 0x000000006f7b2000 	C:\Program Files\Java\jdk1.8.0_31\jre\bin\msvcr100.dll
0x000000006fb10000 - 0x000000007036a000 	C:\Program Files\Java\jdk1.8.0_31\jre\bin\server\jvm.dll
0x00007ffda1bc0000 - 0x00007ffda1bc9000 	C:\Windows\SYSTEM32\WSOCK32.dll
0x00007ffda1bd0000 - 0x00007ffda1bf2000 	C:\Windows\SYSTEM32\WINMM.dll
0x00007ffda4410000 - 0x00007ffda4417000 	C:\Windows\system32\PSAPI.DLL
0x00007ffda40e0000 - 0x00007ffda413a000 	C:\Windows\system32\WS2_32.dll
0x00007ffda04a0000 - 0x00007ffda04ca000 	C:\Windows\SYSTEM32\WINMMBASE.dll
0x00007ffda40d0000 - 0x00007ffda40d9000 	C:\Windows\system32\NSI.dll
0x00007ffda36c0000 - 0x00007ffda370f000 	C:\Windows\SYSTEM32\cfgmgr32.dll
0x00007ffda1fd0000 - 0x00007ffda1ff8000 	C:\Windows\SYSTEM32\DEVOBJ.dll
0x0000000070cd0000 - 0x0000000070cdf000 	C:\Program Files\Java\jdk1.8.0_31\jre\bin\verify.dll
0x0000000070ca0000 - 0x0000000070cc8000 	C:\Program Files\Java\jdk1.8.0_31\jre\bin\java.dll
0x000000006faf0000 - 0x000000006fb06000 	C:\Program Files\Java\jdk1.8.0_31\jre\bin\zip.dll

VM Arguments:
jvm_args: -Xmx1024M -Dfile.encoding=windows-1252 -Duser.country=US -Duser.language=en -Duser.variant 
java_command: com.android.dx.command.Main --dex --num-threads=4 --output E:\Data Adek\Data Kuliah\SEM 7 - MOBILE\FINAL PROJECT\Android1_EasyGo\EasyGo\app\build\intermediates\pre-dexed\debug\classes-d6a634a2496bbd4a5cc6e9bb5337ece7f7a93a36.jar E:\Data Adek\Data Kuliah\SEM 7 - MOBILE\FINAL PROJECT\Android1_EasyGo\EasyGo\app\build\intermediates\exploded-aar\com.google.android.gms\play-services-measurement\8.4.0\jars\classes.jar
java_class_path (initial): C:\Users\angga\AppData\Local\Android\sdk\build-tools\23.0.1\lib\dx.jar
Launcher Type: SUN_STANDARD

Environment Variables:
PATH=C:\ProgramData\Oracle\Java\javapath;C:\oraclexe\app\oracle\product\10.2.0\server\bin;C:\Program Files (x86)\Intel\iCLS Client\;C:\Program Files\Intel\iCLS Client\;C:\Windows\system32;C:\Windows;C:\Windows\System32\Wbem;C:\Windows\System32\WindowsPowerShell\v1.0\;C:\Program Files\Intel\Intel(R) Management Engine Components\DAL;C:\Program Files\Intel\Intel(R) Management Engine Components\IPT;C:\Program Files (x86)\Intel\Intel(R) Management Engine Components\DAL;C:\Program Files (x86)\Intel\Intel(R) Management Engine Components\IPT;C:\Program Files (x86)\Windows Kits\8.1\Windows Performance Toolkit\;C:\Program Files\Microsoft SQL Server\110\Tools\Binn\;C:\Program Files (x86)\nodejs\;C:\Users\angga\AppData\Roaming\npm;C:\Program Files (x86)\Java\jre7\bin
USERNAME=angga
OS=Windows_NT
PROCESSOR_IDENTIFIER=Intel64 Family 6 Model 58 Stepping 9, GenuineIntel



---------------  S Y S T E M  ---------------

OS: Windows 8.1 , 64 bit Build 9600 

CPU:total 8 (4 cores per cpu, 2 threads per core) family 6 model 58 stepping 9, cmov, cx8, fxsr, mmx, sse, sse2, sse3, ssse3, sse4.1, sse4.2, popcnt, avx, aes, clmul, erms, ht, tsc, tscinvbit, tscinv

Memory: 4k page, physical 4144288k(355144k free), swap 7290016k(5088k free)

vm_info: Java HotSpot(TM) 64-Bit Server VM (25.31-b07) for windows-amd64 JRE (1.8.0_31-b13), built on Dec 17 2014 21:00:28 by "java_re" with MS VC++ 10.0 (VS2010)

time: Sat Jan 02 20:16:40 2016
elapsed time: 3 seconds (0d 0h 0m 3s)

