#
# There is insufficient memory for the Java Runtime Environment to continue.
# Native memory allocation (malloc) failed to allocate 296336 bytes for Chunk::new
# Possible reasons:
#   The system is out of physical RAM or swap space
#   In 32 bit mode, the process size limit was hit
# Possible solutions:
#   Reduce memory load on the system
#   Increase physical memory or swap space
#   Check if swap backing store is full
#   Use 64 bit Java on a 64 bit OS
#   Decrease Java heap size (-Xmx/-Xms)
#   Decrease number of Java threads
#   Decrease Java thread stack sizes (-Xss)
#   Set larger code cache with -XX:ReservedCodeCacheSize=
# This output file may be truncated or incomplete.
#
#  Out of Memory Error (allocation.cpp:390), pid=8152, tid=5324
#
# JRE version: Java(TM) SE Runtime Environment (8.0_31-b13) (build 1.8.0_31-b13)
# Java VM: Java HotSpot(TM) 64-Bit Server VM (25.31-b07 mixed mode windows-amd64 compressed oops)
# Failed to write core dump. Minidumps are not enabled by default on client versions of Windows
#

---------------  T H R E A D  ---------------

Current thread (0x00000000175bd000):  JavaThread "C2 CompilerThread2" daemon [_thread_in_native, id=5324, stack(0x0000000017d40000,0x0000000017e40000)]

Stack: [0x0000000017d40000,0x0000000017e40000]
Native frames: (J=compiled Java code, j=interpreted, Vv=VM code, C=native code)
V  [jvm.dll+0x3169ba]


Current CompileTask:
C2:   7483 1722 %     4       com.android.dx.ssa.SsaConverter::placePhiFunctions @ 229 (394 bytes)


---------------  P R O C E S S  ---------------

Java Threads: ( => current thread )
  0x0000000017845000 JavaThread "pool-1-thread-4" [_thread_in_Java, id=1280, stack(0x0000000018540000,0x0000000018640000)]
  0x0000000017844000 JavaThread "pool-1-thread-3" [_thread_in_Java, id=6664, stack(0x0000000018440000,0x0000000018540000)]
  0x0000000017834000 JavaThread "pool-1-thread-2" [_thread_in_Java, id=4996, stack(0x0000000018340000,0x0000000018440000)]
  0x000000001782f800 JavaThread "pool-2-thread-1" [_thread_blocked, id=3964, stack(0x0000000018240000,0x0000000018340000)]
  0x0000000017818800 JavaThread "pool-1-thread-1" [_thread_in_Java, id=2672, stack(0x0000000018140000,0x0000000018240000)]
  0x000000001760e800 JavaThread "Service Thread" daemon [_thread_blocked, id=4828, stack(0x0000000017f40000,0x0000000018040000)]
  0x00000000175c4000 JavaThread "C1 CompilerThread3" daemon [_thread_blocked, id=7040, stack(0x0000000017e40000,0x0000000017f40000)]
=>0x00000000175bd000 JavaThread "C2 CompilerThread2" daemon [_thread_in_native, id=5324, stack(0x0000000017d40000,0x0000000017e40000)]
  0x0000000017569000 JavaThread "C2 CompilerThread1" daemon [_thread_in_native, id=7252, stack(0x0000000017c40000,0x0000000017d40000)]
  0x0000000017567000 JavaThread "C2 CompilerThread0" daemon [_thread_in_native, id=7724, stack(0x0000000017b40000,0x0000000017c40000)]
  0x0000000017564800 JavaThread "Attach Listener" daemon [_thread_blocked, id=968, stack(0x0000000017a40000,0x0000000017b40000)]
  0x0000000017564000 JavaThread "Signal Dispatcher" daemon [_thread_blocked, id=7356, stack(0x0000000017940000,0x0000000017a40000)]
  0x0000000002997800 JavaThread "Finalizer" daemon [_thread_blocked, id=4372, stack(0x0000000017440000,0x0000000017540000)]
  0x0000000002991000 JavaThread "Reference Handler" daemon [_thread_blocked, id=1440, stack(0x0000000017340000,0x0000000017440000)]
  0x00000000028a0800 JavaThread "main" [_thread_in_Java, id=7848, stack(0x0000000002750000,0x0000000002850000)]

Other Threads:
  0x0000000015558800 VMThread [stack: 0x0000000017240000,0x0000000017340000] [id=844]
  0x0000000017612800 WatcherThread [stack: 0x0000000018040000,0x0000000018140000] [id=8112]

VM state:not at safepoint (normal execution)

VM Mutex/Monitor currently owned by a thread: None

Heap:
 PSYoungGen      total 35328K, used 32197K [0x00000000eab00000, 0x00000000ef000000, 0x0000000100000000)
  eden space 32768K, 90% used [0x00000000eab00000,0x00000000ec7f9460,0x00000000ecb00000)
  from space 2560K, 98% used [0x00000000ecb00000,0x00000000ecd78018,0x00000000ecd80000)
  to   space 2560K, 0% used [0x00000000eed80000,0x00000000eed80000,0x00000000ef000000)
 ParOldGen       total 44032K, used 9785K [0x00000000c0000000, 0x00000000c2b00000, 0x00000000eab00000)
  object space 44032K, 22% used [0x00000000c0000000,0x00000000c098e468,0x00000000c2b00000)
 Metaspace       used 6060K, capacity 7088K, committed 7296K, reserved 1056768K
  class space    used 581K, capacity 616K, committed 640K, reserved 1048576K

Card table byte_map: [0x0000000011e00000,0x0000000012010000] byte_map_base: 0x0000000011800000

Marking Bits: (ParMarkBitMap*) 0x00000000702ed4f0
 Begin Bits: [0x0000000012970000, 0x0000000013970000)
 End Bits:   [0x0000000013970000, 0x0000000014970000)

Polling page: 0x0000000002850000

CodeCache: size=245760Kb used=7364Kb max_used=7365Kb free=238396Kb
 bounds [0x0000000002a40000, 0x0000000003180000, 0x0000000011a40000]
 total_blobs=1999 nmethods=1734 adapters=178
 compilation: disabled (not enough contiguous free space left)

Compilation events (10 events):
Event: 7.373 Thread 0x00000000175c4000 nmethod 1719 0x000000000316f410 code [0x000000000316f5a0, 0x000000000316f928]
Event: 7.374 Thread 0x0000000017569000 1720       4       java.lang.StringBuilder::append (8 bytes)
Event: 7.379 Thread 0x0000000017569000 nmethod 1720 0x000000000316d650 code [0x000000000316d7a0, 0x000000000316db58]
Event: 7.386 Thread 0x0000000017567000 1721       4       com.android.dx.rop.cst.CstString::hashCode (8 bytes)
Event: 7.387 Thread 0x00000000175bd000 1722 %     4       com.android.dx.ssa.SsaConverter::placePhiFunctions @ 229 (394 bytes)
Event: 7.387 Thread 0x00000000175c4000 1723       3       com.android.dx.rop.code.ThrowingInsn::accept (8 bytes)
Event: 7.388 Thread 0x00000000175c4000 nmethod 1723 0x000000000316ef90 code [0x000000000316f100, 0x000000000316f328]
Event: 7.388 Thread 0x0000000017569000 1724       4       com.android.dx.cf.iface.StdAttributeList::get (9 bytes)
Event: 7.389 Thread 0x0000000017567000 nmethod 1721 0x0000000003173c90 code [0x0000000003173dc0, 0x0000000003173f38]
Event: 7.389 Thread 0x0000000017569000 nmethod 1724 0x0000000003167610 code [0x0000000003167760, 0x0000000003167878]

GC Heap History (6 events):
Event: 1.119 GC heap before
{Heap before GC invocations=1 (full 0):
 PSYoungGen      total 18944K, used 16384K [0x00000000eab00000, 0x00000000ec000000, 0x0000000100000000)
  eden space 16384K, 100% used [0x00000000eab00000,0x00000000ebb00000,0x00000000ebb00000)
  from space 2560K, 0% used [0x00000000ebd80000,0x00000000ebd80000,0x00000000ec000000)
  to   space 2560K, 0% used [0x00000000ebb00000,0x00000000ebb00000,0x00000000ebd80000)
 ParOldGen       total 44032K, used 0K [0x00000000c0000000, 0x00000000c2b00000, 0x00000000eab00000)
  object space 44032K, 0% used [0x00000000c0000000,0x00000000c0000000,0x00000000c2b00000)
 Metaspace       used 5592K, capacity 6704K, committed 6784K, reserved 1056768K
  class space    used 578K, capacity 616K, committed 640K, reserved 1048576K
Event: 1.607 GC heap after
Heap after GC invocations=1 (full 0):
 PSYoungGen      total 18944K, used 2551K [0x00000000eab00000, 0x00000000ed000000, 0x0000000100000000)
  eden space 16384K, 0% used [0x00000000eab00000,0x00000000eab00000,0x00000000ebb00000)
  from space 2560K, 99% used [0x00000000ebb00000,0x00000000ebd7dc78,0x00000000ebd80000)
  to   space 2560K, 0% used [0x00000000ecd80000,0x00000000ecd80000,0x00000000ed000000)
 ParOldGen       total 44032K, used 1829K [0x00000000c0000000, 0x00000000c2b00000, 0x00000000eab00000)
  object space 44032K, 4% used [0x00000000c0000000,0x00000000c01c9490,0x00000000c2b00000)
 Metaspace       used 5592K, capacity 6704K, committed 6784K, reserved 1056768K
  class space    used 578K, capacity 616K, committed 640K, reserved 1048576K
}
Event: 2.067 GC heap before
{Heap before GC invocations=2 (full 0):
 PSYoungGen      total 18944K, used 18935K [0x00000000eab00000, 0x00000000ed000000, 0x0000000100000000)
  eden space 16384K, 100% used [0x00000000eab00000,0x00000000ebb00000,0x00000000ebb00000)
  from space 2560K, 99% used [0x00000000ebb00000,0x00000000ebd7dc78,0x00000000ebd80000)
  to   space 2560K, 0% used [0x00000000ecd80000,0x00000000ecd80000,0x00000000ed000000)
 ParOldGen       total 44032K, used 1829K [0x00000000c0000000, 0x00000000c2b00000, 0x00000000eab00000)
  object space 44032K, 4% used [0x00000000c0000000,0x00000000c01c9490,0x00000000c2b00000)
 Metaspace       used 5815K, capacity 6896K, committed 7040K, reserved 1056768K
  class space    used 579K, capacity 616K, committed 640K, reserved 1048576K
Event: 2.358 GC heap after
Heap after GC invocations=2 (full 0):
 PSYoungGen      total 35328K, used 2554K [0x00000000eab00000, 0x00000000ed000000, 0x0000000100000000)
  eden space 32768K, 0% used [0x00000000eab00000,0x00000000eab00000,0x00000000ecb00000)
  from space 2560K, 99% used [0x00000000ecd80000,0x00000000ecffea98,0x00000000ed000000)
  to   space 2560K, 0% used [0x00000000ecb00000,0x00000000ecb00000,0x00000000ecd80000)
 ParOldGen       total 44032K, used 4243K [0x00000000c0000000, 0x00000000c2b00000, 0x00000000eab00000)
  object space 44032K, 9% used [0x00000000c0000000,0x00000000c0424d48,0x00000000c2b00000)
 Metaspace       used 5815K, capacity 6896K, committed 7040K, reserved 1056768K
  class space    used 579K, capacity 616K, committed 640K, reserved 1048576K
}
Event: 6.697 GC heap before
{Heap before GC invocations=3 (full 0):
 PSYoungGen      total 35328K, used 35322K [0x00000000eab00000, 0x00000000ed000000, 0x0000000100000000)
  eden space 32768K, 100% used [0x00000000eab00000,0x00000000ecb00000,0x00000000ecb00000)
  from space 2560K, 99% used [0x00000000ecd80000,0x00000000ecffea98,0x00000000ed000000)
  to   space 2560K, 0% used [0x00000000ecb00000,0x00000000ecb00000,0x00000000ecd80000)
 ParOldGen       total 44032K, used 4243K [0x00000000c0000000, 0x00000000c2b00000, 0x00000000eab00000)
  object space 44032K, 9% used [0x00000000c0000000,0x00000000c0424d48,0x00000000c2b00000)
 Metaspace       used 6037K, capacity 7088K, committed 7296K, reserved 1056768K
  class space    used 581K, capacity 616K, committed 640K, reserved 1048576K
Event: 7.005 GC heap after
Heap after GC invocations=3 (full 0):
 PSYoungGen      total 35328K, used 2528K [0x00000000eab00000, 0x00000000ef000000, 0x0000000100000000)
  eden space 32768K, 0% used [0x00000000eab00000,0x00000000eab00000,0x00000000ecb00000)
  from space 2560K, 98% used [0x00000000ecb00000,0x00000000ecd78018,0x00000000ecd80000)
  to   space 2560K, 0% used [0x00000000eed80000,0x00000000eed80000,0x00000000ef000000)
 ParOldGen       total 44032K, used 9785K [0x00000000c0000000, 0x00000000c2b00000, 0x00000000eab00000)
  object space 44032K, 22% used [0x00000000c0000000,0x00000000c098e468,0x00000000c2b00000)
 Metaspace       used 6037K, capacity 7088K, committed 7296K, reserved 1056768K
  class space    used 581K, capacity 616K, committed 640K, reserved 1048576K
}

Deoptimization events (10 events):
Event: 0.903 Thread 0x00000000028a0800 Uncommon trap: reason=unreached action=reinterpret pc=0x0000000002cf21c0 method=com.android.dx.rop.code.RegisterSpec.equals(ILcom/android/dx/rop/type/TypeBearer;Lcom/android/dx/rop/code/LocalItem;)Z @ 24
Event: 0.916 Thread 0x0000000017834000 Uncommon trap: reason=class_check action=maybe_recompile pc=0x0000000002c8e670 method=com.android.dx.ssa.NormalSsaInsn.accept(Lcom/android/dx/ssa/SsaInsn$Visitor;)V @ 9
Event: 0.916 Thread 0x0000000017834000 Uncommon trap: reason=class_check action=maybe_recompile pc=0x0000000002c8e670 method=com.android.dx.ssa.NormalSsaInsn.accept(Lcom/android/dx/ssa/SsaInsn$Visitor;)V @ 9
Event: 0.916 Thread 0x0000000017834000 Uncommon trap: reason=class_check action=maybe_recompile pc=0x0000000002c8e670 method=com.android.dx.ssa.NormalSsaInsn.accept(Lcom/android/dx/ssa/SsaInsn$Visitor;)V @ 9
Event: 0.916 Thread 0x0000000017834000 Uncommon trap: reason=class_check action=maybe_recompile pc=0x0000000002c8e670 method=com.android.dx.ssa.NormalSsaInsn.accept(Lcom/android/dx/ssa/SsaInsn$Visitor;)V @ 9
Event: 1.635 Thread 0x0000000017845000 Uncommon trap: reason=unreached action=reinterpret pc=0x0000000002cf18d0 method=com.android.dx.rop.code.RegisterSpec.equals(ILcom/android/dx/rop/type/TypeBearer;Lcom/android/dx/rop/code/LocalItem;)Z @ 24
Event: 1.666 Thread 0x0000000017844000 Uncommon trap: reason=unreached action=reinterpret pc=0x0000000002cd1eb0 method=com.android.dx.rop.code.RegisterSpec.equals(ILcom/android/dx/rop/type/TypeBearer;Lcom/android/dx/rop/code/LocalItem;)Z @ 24
Event: 1.709 Thread 0x0000000017818800 Uncommon trap: reason=class_check action=maybe_recompile pc=0x0000000002d5350c method=com.android.dx.ssa.NormalSsaInsn.accept(Lcom/android/dx/ssa/SsaInsn$Visitor;)V @ 9
Event: 3.393 Thread 0x0000000017845000 Uncommon trap: reason=unloaded action=reinterpret pc=0x0000000002f6e32c method=com.android.dx.ssa.LiteralOpUpgrader$1.visitNonMoveInsn(Lcom/android/dx/ssa/NormalSsaInsn;)V @ 72
Event: 3.393 Thread 0x0000000017845000 Uncommon trap: reason=unreached action=reinterpret pc=0x0000000002e23d5c method=com.android.dx.ssa.SsaMethod.updateOneDefinition(Lcom/android/dx/ssa/SsaInsn;Lcom/android/dx/rop/code/RegisterSpec;)V @ 4

Internal exceptions (10 events):
Event: 0.871 Thread 0x00000000028a0800 Exception <a 'java/security/PrivilegedActionException'> (0x00000000eb62a4c0) thrown at [C:\workspace\8-2-build-windows-amd64-cygwin\jdk8u31\2394\hotspot\src\share\vm\prims\jvm.cpp, line 1312]
Event: 0.872 Thread 0x00000000028a0800 Exception <a 'java/security/PrivilegedActionException'> (0x00000000eb634748) thrown at [C:\workspace\8-2-build-windows-amd64-cygwin\jdk8u31\2394\hotspot\src\share\vm\prims\jvm.cpp, line 1312]
Event: 0.873 Thread 0x00000000028a0800 Exception <a 'java/security/PrivilegedActionException'> (0x00000000eb636e38) thrown at [C:\workspace\8-2-build-windows-amd64-cygwin\jdk8u31\2394\hotspot\src\share\vm\prims\jvm.cpp, line 1312]
Event: 0.873 Thread 0x0000000017845000 Exception <a 'java/security/PrivilegedActionException'> (0x00000000eb761ac0) thrown at [C:\workspace\8-2-build-windows-amd64-cygwin\jdk8u31\2394\hotspot\src\share\vm\prims\jvm.cpp, line 1312]
Event: 0.877 Thread 0x00000000028a0800 Exception <a 'java/security/PrivilegedActionException'> (0x00000000eb7fe6b0) thrown at [C:\workspace\8-2-build-windows-amd64-cygwin\jdk8u31\2394\hotspot\src\share\vm\prims\jvm.cpp, line 1312]
Event: 1.773 Thread 0x00000000028a0800 Exception <a 'java/security/PrivilegedActionException'> (0x00000000eb305d50) thrown at [C:\workspace\8-2-build-windows-amd64-cygwin\jdk8u31\2394\hotspot\src\share\vm\prims\jvm.cpp, line 1312]
Event: 3.323 Thread 0x00000000028a0800 Exception <a 'java/security/PrivilegedActionException'> (0x00000000eabf9098) thrown at [C:\workspace\8-2-build-windows-amd64-cygwin\jdk8u31\2394\hotspot\src\share\vm\prims\jvm.cpp, line 1312]
Event: 3.393 Thread 0x0000000017845000 Exception <a 'java/security/PrivilegedActionException'> (0x00000000eafe89f8) thrown at [C:\workspace\8-2-build-windows-amd64-cygwin\jdk8u31\2394\hotspot\src\share\vm\prims\jvm.cpp, line 1312]
Event: 4.694 Thread 0x00000000028a0800 Exception <a 'java/security/PrivilegedActionException'> (0x00000000eaf482f0) thrown at [C:\workspace\8-2-build-windows-amd64-cygwin\jdk8u31\2394\hotspot\src\share\vm\prims\jvm.cpp, line 1312]
Event: 5.335 Thread 0x0000000017818800 Exception <a 'java/security/PrivilegedActionException'> (0x00000000eb80c1b8) thrown at [C:\workspace\8-2-build-windows-amd64-cygwin\jdk8u31\2394\hotspot\src\share\vm\prims\jvm.cpp, line 1312]

Events (10 events):
Event: 3.393 Thread 0x0000000017845000 DEOPT PACKING pc=0x0000000002e23d5c sp=0x000000001863e330
Event: 3.393 Thread 0x0000000017845000 DEOPT UNPACKING pc=0x0000000002a8556a sp=0x000000001863e2d8 mode 2
Event: 4.137 Executing VM operation: EnableBiasedLocking
Event: 4.137 Executing VM operation: EnableBiasedLocking done
Event: 4.693 loading class com/android/dx/cf/attrib/AttRuntimeInvisibleAnnotations
Event: 4.693 loading class com/android/dx/cf/attrib/AttRuntimeInvisibleAnnotations done
Event: 5.335 loading class com/android/dx/rop/code/RegisterSpec$1
Event: 5.335 loading class com/android/dx/rop/code/RegisterSpec$1 done
Event: 6.696 Executing VM operation: ParallelGCFailedAllocation
Event: 7.005 Executing VM operation: ParallelGCFailedAllocation done


Dynamic libraries:
0x00007ff73e6e0000 - 0x00007ff73e714000 	C:\Program Files\Java\jdk1.8.0_31\bin\java.exe
0x00007ffda6090000 - 0x00007ffda623c000 	C:\Windows\SYSTEM32\ntdll.dll
0x00007ffda3a50000 - 0x00007ffda3b8e000 	C:\Windows\system32\KERNEL32.DLL
0x00007ffda3540000 - 0x00007ffda3655000 	C:\Windows\system32\KERNELBASE.dll
0x00007ffda1dd0000 - 0x00007ffda1e5e000 	C:\Windows\system32\apphelp.dll
0x00007ffd9e5c0000 - 0x00007ffd9e613000 	C:\Windows\AppPatch\AppPatch64\AcGenral.DLL
0x00007ffda4640000 - 0x00007ffda46ea000 	C:\Windows\system32\msvcrt.dll
0x00007ffda2fa0000 - 0x00007ffda2fce000 	C:\Windows\SYSTEM32\SspiCli.dll
0x00007ffda3e00000 - 0x00007ffda3e54000 	C:\Windows\system32\SHLWAPI.dll
0x00007ffda4290000 - 0x00007ffda4407000 	C:\Windows\system32\USER32.dll
0x00007ffda3b90000 - 0x00007ffda3d24000 	C:\Windows\system32\ole32.dll
0x00007ffda4b60000 - 0x00007ffda608b000 	C:\Windows\system32\SHELL32.dll
0x00007ffda2780000 - 0x00007ffda27a1000 	C:\Windows\SYSTEM32\USERENV.dll
0x00007ffda3e60000 - 0x00007ffda3f0a000 	C:\Windows\system32\ADVAPI32.dll
0x00007ffd942c0000 - 0x00007ffd942de000 	C:\Windows\SYSTEM32\MPR.dll
0x00007ffda4140000 - 0x00007ffda4281000 	C:\Windows\system32\RPCRT4.dll
0x00007ffda3f10000 - 0x00007ffda3f69000 	C:\Windows\SYSTEM32\sechost.dll
0x00007ffda4420000 - 0x00007ffda4631000 	C:\Windows\SYSTEM32\combase.dll
0x00007ffda3710000 - 0x00007ffda385f000 	C:\Windows\system32\GDI32.dll
0x00007ffda31e0000 - 0x00007ffda31f5000 	C:\Windows\SYSTEM32\profapi.dll
0x00007ffda1c60000 - 0x00007ffda1d12000 	C:\Windows\SYSTEM32\SHCORE.dll
0x00007ffda4090000 - 0x00007ffda40c6000 	C:\Windows\system32\IMM32.DLL
0x00007ffda46f0000 - 0x00007ffda4842000 	C:\Windows\system32\MSCTF.dll
0x00007ffda1070000 - 0x00007ffda12eb000 	C:\Windows\WinSxS\amd64_microsoft.windows.common-controls_6595b64144ccf1df_6.0.9600.18006_none_623f33d3ecbe86e8\COMCTL32.dll
0x000000006f6e0000 - 0x000000006f7b2000 	C:\Program Files\Java\jdk1.8.0_31\jre\bin\msvcr100.dll
0x000000006fb10000 - 0x000000007036a000 	C:\Program Files\Java\jdk1.8.0_31\jre\bin\server\jvm.dll
0x00007ffda1bc0000 - 0x00007ffda1bc9000 	C:\Windows\SYSTEM32\WSOCK32.dll
0x00007ffda1bd0000 - 0x00007ffda1bf2000 	C:\Windows\SYSTEM32\WINMM.dll
0x00007ffda4410000 - 0x00007ffda4417000 	C:\Windows\system32\PSAPI.DLL
0x00007ffda40e0000 - 0x00007ffda413a000 	C:\Windows\system32\WS2_32.dll
0x00007ffda04a0000 - 0x00007ffda04ca000 	C:\Windows\SYSTEM32\WINMMBASE.dll
0x00007ffda40d0000 - 0x00007ffda40d9000 	C:\Windows\system32\NSI.dll
0x00007ffda36c0000 - 0x00007ffda370f000 	C:\Windows\SYSTEM32\cfgmgr32.dll
0x00007ffda1fd0000 - 0x00007ffda1ff8000 	C:\Windows\SYSTEM32\DEVOBJ.dll
0x0000000070cd0000 - 0x0000000070cdf000 	C:\Program Files\Java\jdk1.8.0_31\jre\bin\verify.dll
0x0000000070ca0000 - 0x0000000070cc8000 	C:\Program Files\Java\jdk1.8.0_31\jre\bin\java.dll
0x000000006faf0000 - 0x000000006fb06000 	C:\Program Files\Java\jdk1.8.0_31\jre\bin\zip.dll

VM Arguments:
jvm_args: -Xmx1024M -Dfile.encoding=windows-1252 -Duser.country=US -Duser.language=en -Duser.variant 
java_command: com.android.dx.command.Main --dex --num-threads=4 --output E:\Data Adek\Data Kuliah\SEM 7 - MOBILE\FINAL PROJECT\Android1_EasyGo\EasyGo\app\build\intermediates\pre-dexed\debug\classes-a043371ab55c1959a3ca4615216a6e6128d9959c.jar E:\Data Adek\Data Kuliah\SEM 7 - MOBILE\FINAL PROJECT\Android1_EasyGo\EasyGo\app\build\intermediates\exploded-aar\com.google.android.gms\play-services-drive\8.4.0\jars\classes.jar
java_class_path (initial): C:\Users\angga\AppData\Local\Android\sdk\build-tools\23.0.1\lib\dx.jar
Launcher Type: SUN_STANDARD

Environment Variables:
PATH=C:\ProgramData\Oracle\Java\javapath;C:\oraclexe\app\oracle\product\10.2.0\server\bin;C:\Program Files (x86)\Intel\iCLS Client\;C:\Program Files\Intel\iCLS Client\;C:\Windows\system32;C:\Windows;C:\Windows\System32\Wbem;C:\Windows\System32\WindowsPowerShell\v1.0\;C:\Program Files\Intel\Intel(R) Management Engine Components\DAL;C:\Program Files\Intel\Intel(R) Management Engine Components\IPT;C:\Program Files (x86)\Intel\Intel(R) Management Engine Components\DAL;C:\Program Files (x86)\Intel\Intel(R) Management Engine Components\IPT;C:\Program Files (x86)\Windows Kits\8.1\Windows Performance Toolkit\;C:\Program Files\Microsoft SQL Server\110\Tools\Binn\;C:\Program Files (x86)\nodejs\;C:\Users\angga\AppData\Roaming\npm;C:\Program Files (x86)\Java\jre7\bin
USERNAME=angga
OS=Windows_NT
PROCESSOR_IDENTIFIER=Intel64 Family 6 Model 58 Stepping 9, GenuineIntel



---------------  S Y S T E M  ---------------

OS: Windows 8.1 , 64 bit Build 9600 

CPU:total 8 (4 cores per cpu, 2 threads per core) family 6 model 58 stepping 9, cmov, cx8, fxsr, mmx, sse, sse2, sse3, ssse3, sse4.1, sse4.2, popcnt, avx, aes, clmul, erms, ht, tsc, tscinvbit, tscinv

Memory: 4k page, physical 4144288k(264940k free), swap 7290016k(4864k free)

vm_info: Java HotSpot(TM) 64-Bit Server VM (25.31-b07) for windows-amd64 JRE (1.8.0_31-b13), built on Dec 17 2014 21:00:28 by "java_re" with MS VC++ 10.0 (VS2010)

time: Sat Jan 02 20:14:41 2016
elapsed time: 7 seconds (0d 0h 0m 7s)

