#
# There is insufficient memory for the Java Runtime Environment to continue.
# Native memory allocation (malloc) failed to allocate 64656 bytes for Chunk::new
# Possible reasons:
#   The system is out of physical RAM or swap space
#   In 32 bit mode, the process size limit was hit
# Possible solutions:
#   Reduce memory load on the system
#   Increase physical memory or swap space
#   Check if swap backing store is full
#   Use 64 bit Java on a 64 bit OS
#   Decrease Java heap size (-Xmx/-Xms)
#   Decrease number of Java threads
#   Decrease Java thread stack sizes (-Xss)
#   Set larger code cache with -XX:ReservedCodeCacheSize=
# This output file may be truncated or incomplete.
#
#  Out of Memory Error (allocation.cpp:390), pid=5324, tid=7832
#
# JRE version: Java(TM) SE Runtime Environment (8.0_31-b13) (build 1.8.0_31-b13)
# Java VM: Java HotSpot(TM) 64-Bit Server VM (25.31-b07 mixed mode windows-amd64 compressed oops)
# Failed to write core dump. Minidumps are not enabled by default on client versions of Windows
#

---------------  T H R E A D  ---------------

Current thread (0x0000000017706800):  JavaThread "C2 CompilerThread0" daemon [_thread_in_native, id=7832, stack(0x0000000017ce0000,0x0000000017de0000)]

Stack: [0x0000000017ce0000,0x0000000017de0000]
Native frames: (J=compiled Java code, j=interpreted, Vv=VM code, C=native code)
V  [jvm.dll+0x3169ba]


Current CompileTask:
C2:  18879 2022       4       com.android.dx.ssa.LocalVariableExtractor::doit (59 bytes)


---------------  P R O C E S S  ---------------

Java Threads: ( => current thread )
  0x00000000179d5000 JavaThread "pool-1-thread-4" [_thread_blocked, id=5992, stack(0x00000000186e0000,0x00000000187e0000)]
  0x00000000179d4000 JavaThread "pool-1-thread-3" [_thread_blocked, id=1324, stack(0x00000000185e0000,0x00000000186e0000)]
  0x00000000179c0800 JavaThread "pool-1-thread-2" [_thread_blocked, id=8088, stack(0x00000000184e0000,0x00000000185e0000)]
  0x00000000179bb800 JavaThread "pool-2-thread-1" [_thread_blocked, id=6804, stack(0x00000000183e0000,0x00000000184e0000)]
  0x00000000179b8800 JavaThread "pool-1-thread-1" [_thread_in_Java, id=4980, stack(0x00000000182e0000,0x00000000183e0000)]
  0x000000001776c800 JavaThread "Service Thread" daemon [_thread_blocked, id=7080, stack(0x00000000180e0000,0x00000000181e0000)]
  0x000000001775f800 JavaThread "C1 CompilerThread3" daemon [_thread_blocked, id=8064, stack(0x0000000017fe0000,0x00000000180e0000)]
  0x000000001775d000 JavaThread "C2 CompilerThread2" daemon [_thread_blocked, id=5232, stack(0x0000000017ee0000,0x0000000017fe0000)]
  0x0000000017756000 JavaThread "C2 CompilerThread1" daemon [_thread_blocked, id=1296, stack(0x0000000017de0000,0x0000000017ee0000)]
=>0x0000000017706800 JavaThread "C2 CompilerThread0" daemon [_thread_in_native, id=7832, stack(0x0000000017ce0000,0x0000000017de0000)]
  0x0000000017704800 JavaThread "Attach Listener" daemon [_thread_blocked, id=7972, stack(0x0000000017be0000,0x0000000017ce0000)]
  0x0000000017704000 JavaThread "Signal Dispatcher" daemon [_thread_blocked, id=908, stack(0x0000000017ae0000,0x0000000017be0000)]
  0x0000000002bf2000 JavaThread "Finalizer" daemon [_thread_blocked, id=6584, stack(0x00000000175e0000,0x00000000176e0000)]
  0x0000000002bf1000 JavaThread "Reference Handler" daemon [_thread_blocked, id=6608, stack(0x00000000174e0000,0x00000000175e0000)]
  0x0000000002b00800 JavaThread "main" [_thread_blocked, id=7824, stack(0x0000000002a00000,0x0000000002b00000)]

Other Threads:
  0x0000000015718800 VMThread [stack: 0x00000000173e0000,0x00000000174e0000] [id=5600]
  0x000000001776e800 WatcherThread [stack: 0x00000000181e0000,0x00000000182e0000] [id=7968]

VM state:not at safepoint (normal execution)

VM Mutex/Monitor currently owned by a thread: None

Heap:
 PSYoungGen      total 207872K, used 75080K [0x00000000eab00000, 0x0000000100000000, 0x0000000100000000)
  eden space 137216K, 3% used [0x00000000eab00000,0x00000000eaf58ef8,0x00000000f3100000)
  from space 70656K, 99% used [0x00000000f3100000,0x00000000f75f9458,0x00000000f7600000)
  to   space 91648K, 0% used [0x00000000fa680000,0x00000000fa680000,0x0000000100000000)
 ParOldGen       total 193536K, used 133526K [0x00000000c0000000, 0x00000000cbd00000, 0x00000000eab00000)
  object space 193536K, 68% used [0x00000000c0000000,0x00000000c8265a18,0x00000000cbd00000)
 Metaspace       used 6135K, capacity 7152K, committed 7296K, reserved 1056768K
  class space    used 584K, capacity 616K, committed 640K, reserved 1048576K

Card table byte_map: [0x0000000011fc0000,0x00000000121d0000] byte_map_base: 0x00000000119c0000

Marking Bits: (ParMarkBitMap*) 0x00000000702ed4f0
 Begin Bits: [0x0000000012b30000, 0x0000000013b30000)
 End Bits:   [0x0000000013b30000, 0x0000000014b30000)

Polling page: 0x0000000001090000

CodeCache: size=245760Kb used=9391Kb max_used=9463Kb free=236368Kb
 bounds [0x0000000002c00000, 0x0000000003550000, 0x0000000011c00000]
 total_blobs=2237 nmethods=1972 adapters=178
 compilation: enabled

Compilation events (10 events):
Event: 17.479 Thread 0x000000001775f800 2019       3       com.android.dx.cf.code.RopperMachine::updateReturnOp (115 bytes)
Event: 17.480 Thread 0x000000001775f800 nmethod 2019 0x0000000003525110 code [0x00000000035253a0, 0x0000000003526578]
Event: 17.484 Thread 0x0000000017706800 nmethod 2003 0x000000000352a390 code [0x000000000352a5e0, 0x000000000352c4e8]
Event: 17.485 Thread 0x000000001775d000 nmethod 2018 0x0000000003527610 code [0x00000000035277a0, 0x0000000003527eb8]
Event: 17.570 Thread 0x0000000017706800 2020 %     4       com.android.dx.cf.code.Ropper::getRopMethod @ 19 (64 bytes)
Event: 17.577 Thread 0x000000001775d000 2021       4       com.android.dx.ssa.SsaMethod::convertRopToSsaBlocks (103 bytes)
Event: 17.587 Thread 0x0000000017706800 nmethod 2020% 0x00000000035236d0 code [0x0000000003523880, 0x0000000003524248]
Event: 17.596 Thread 0x000000001775d000 nmethod 2021 0x0000000003528550 code [0x0000000003528780, 0x0000000003529340]
Event: 18.818 Thread 0x0000000017756000 nmethod 2009 0x000000000353bb10 code [0x000000000353cfa0, 0x0000000003543128]
Event: 18.870 Thread 0x0000000017706800 2022       4       com.android.dx.ssa.LocalVariableExtractor::doit (59 bytes)

GC Heap History (10 events):
Event: 10.691 GC heap before
{Heap before GC invocations=8 (full 2):
 PSYoungGen      total 68096K, used 65536K [0x00000000eab00000, 0x00000000f5b00000, 0x0000000100000000)
  eden space 65536K, 100% used [0x00000000eab00000,0x00000000eeb00000,0x00000000eeb00000)
  from space 2560K, 0% used [0x00000000eeb00000,0x00000000eeb00000,0x00000000eed80000)
  to   space 32256K, 0% used [0x00000000f3b80000,0x00000000f3b80000,0x00000000f5b00000)
 ParOldGen       total 112640K, used 51578K [0x00000000c0000000, 0x00000000c6e00000, 0x00000000eab00000)
  object space 112640K, 45% used [0x00000000c0000000,0x00000000c325e850,0x00000000c6e00000)
 Metaspace       used 6077K, capacity 7088K, committed 7296K, reserved 1056768K
  class space    used 584K, capacity 616K, committed 640K, reserved 1048576K
Event: 11.143 GC heap after
Heap after GC invocations=8 (full 2):
 PSYoungGen      total 126464K, used 32243K [0x00000000eab00000, 0x00000000f5b00000, 0x0000000100000000)
  eden space 94208K, 0% used [0x00000000eab00000,0x00000000eab00000,0x00000000f0700000)
  from space 32256K, 99% used [0x00000000f3b80000,0x00000000f5afcf18,0x00000000f5b00000)
  to   space 43008K, 0% used [0x00000000f0700000,0x00000000f0700000,0x00000000f3100000)
 ParOldGen       total 112640K, used 57563K [0x00000000c0000000, 0x00000000c6e00000, 0x00000000eab00000)
  object space 112640K, 51% used [0x00000000c0000000,0x00000000c3836c70,0x00000000c6e00000)
 Metaspace       used 6077K, capacity 7088K, committed 7296K, reserved 1056768K
  class space    used 584K, capacity 616K, committed 640K, reserved 1048576K
}
Event: 11.977 GC heap before
{Heap before GC invocations=9 (full 2):
 PSYoungGen      total 126464K, used 126451K [0x00000000eab00000, 0x00000000f5b00000, 0x0000000100000000)
  eden space 94208K, 100% used [0x00000000eab00000,0x00000000f0700000,0x00000000f0700000)
  from space 32256K, 99% used [0x00000000f3b80000,0x00000000f5afcf18,0x00000000f5b00000)
  to   space 43008K, 0% used [0x00000000f0700000,0x00000000f0700000,0x00000000f3100000)
 ParOldGen       total 112640K, used 57563K [0x00000000c0000000, 0x00000000c6e00000, 0x00000000eab00000)
  object space 112640K, 51% used [0x00000000c0000000,0x00000000c3836c70,0x00000000c6e00000)
 Metaspace       used 6077K, capacity 7088K, committed 7296K, reserved 1056768K
  class space    used 584K, capacity 616K, committed 640K, reserved 1048576K
Event: 12.830 GC heap after
Heap after GC invocations=9 (full 2):
 PSYoungGen      total 137216K, used 43003K [0x00000000eab00000, 0x00000000fbf00000, 0x0000000100000000)
  eden space 94208K, 0% used [0x00000000eab00000,0x00000000eab00000,0x00000000f0700000)
  from space 43008K, 99% used [0x00000000f0700000,0x00000000f30feca0,0x00000000f3100000)
  to   space 71168K, 0% used [0x00000000f7980000,0x00000000f7980000,0x00000000fbf00000)
 ParOldGen       total 112640K, used 95899K [0x00000000c0000000, 0x00000000c6e00000, 0x00000000eab00000)
  object space 112640K, 85% used [0x00000000c0000000,0x00000000c5da6c70,0x00000000c6e00000)
 Metaspace       used 6077K, capacity 7088K, committed 7296K, reserved 1056768K
  class space    used 584K, capacity 616K, committed 640K, reserved 1048576K
}
Event: 12.830 GC heap before
{Heap before GC invocations=10 (full 3):
 PSYoungGen      total 137216K, used 43003K [0x00000000eab00000, 0x00000000fbf00000, 0x0000000100000000)
  eden space 94208K, 0% used [0x00000000eab00000,0x00000000eab00000,0x00000000f0700000)
  from space 43008K, 99% used [0x00000000f0700000,0x00000000f30feca0,0x00000000f3100000)
  to   space 71168K, 0% used [0x00000000f7980000,0x00000000f7980000,0x00000000fbf00000)
 ParOldGen       total 112640K, used 95899K [0x00000000c0000000, 0x00000000c6e00000, 0x00000000eab00000)
  object space 112640K, 85% used [0x00000000c0000000,0x00000000c5da6c70,0x00000000c6e00000)
 Metaspace       used 6077K, capacity 7088K, committed 7296K, reserved 1056768K
  class space    used 584K, capacity 616K, committed 640K, reserved 1048576K
Event: 14.144 GC heap after
Heap after GC invocations=10 (full 3):
 PSYoungGen      total 137216K, used 19268K [0x00000000eab00000, 0x00000000fbf00000, 0x0000000100000000)
  eden space 94208K, 0% used [0x00000000eab00000,0x00000000eab00000,0x00000000f0700000)
  from space 43008K, 44% used [0x00000000f0700000,0x00000000f19d1178,0x00000000f3100000)
  to   space 71168K, 0% used [0x00000000f7980000,0x00000000f7980000,0x00000000fbf00000)
 ParOldGen       total 193536K, used 112596K [0x00000000c0000000, 0x00000000cbd00000, 0x00000000eab00000)
  object space 193536K, 58% used [0x00000000c0000000,0x00000000c6df5168,0x00000000cbd00000)
 Metaspace       used 6077K, capacity 7088K, committed 7296K, reserved 1056768K
  class space    used 584K, capacity 616K, committed 640K, reserved 1048576K
}
Event: 15.253 GC heap before
{Heap before GC invocations=11 (full 3):
 PSYoungGen      total 137216K, used 113476K [0x00000000eab00000, 0x00000000fbf00000, 0x0000000100000000)
  eden space 94208K, 100% used [0x00000000eab00000,0x00000000f0700000,0x00000000f0700000)
  from space 43008K, 44% used [0x00000000f0700000,0x00000000f19d1178,0x00000000f3100000)
  to   space 71168K, 0% used [0x00000000f7980000,0x00000000f7980000,0x00000000fbf00000)
 ParOldGen       total 193536K, used 112596K [0x00000000c0000000, 0x00000000cbd00000, 0x00000000eab00000)
  object space 193536K, 58% used [0x00000000c0000000,0x00000000c6df5168,0x00000000cbd00000)
 Metaspace       used 6083K, capacity 7088K, committed 7296K, reserved 1056768K
  class space    used 584K, capacity 616K, committed 640K, reserved 1048576K
Event: 15.600 GC heap after
Heap after GC invocations=11 (full 3):
 PSYoungGen      total 204288K, used 37069K [0x00000000eab00000, 0x00000000fbb00000, 0x0000000100000000)
  eden space 137216K, 0% used [0x00000000eab00000,0x00000000eab00000,0x00000000f3100000)
  from space 67072K, 55% used [0x00000000f7980000,0x00000000f9db37e0,0x00000000fbb00000)
  to   space 70656K, 0% used [0x00000000f3100000,0x00000000f3100000,0x00000000f7600000)
 ParOldGen       total 193536K, used 112596K [0x00000000c0000000, 0x00000000cbd00000, 0x00000000eab00000)
  object space 193536K, 58% used [0x00000000c0000000,0x00000000c6df5168,0x00000000cbd00000)
 Metaspace       used 6083K, capacity 7088K, committed 7296K, reserved 1056768K
  class space    used 584K, capacity 616K, committed 640K, reserved 1048576K
}
Event: 17.674 GC heap before
{Heap before GC invocations=12 (full 3):
 PSYoungGen      total 204288K, used 174285K [0x00000000eab00000, 0x00000000fbb00000, 0x0000000100000000)
  eden space 137216K, 100% used [0x00000000eab00000,0x00000000f3100000,0x00000000f3100000)
  from space 67072K, 55% used [0x00000000f7980000,0x00000000f9db37e0,0x00000000fbb00000)
  to   space 70656K, 0% used [0x00000000f3100000,0x00000000f3100000,0x00000000f7600000)
 ParOldGen       total 193536K, used 112596K [0x00000000c0000000, 0x00000000cbd00000, 0x00000000eab00000)
  object space 193536K, 58% used [0x00000000c0000000,0x00000000c6df5168,0x00000000cbd00000)
 Metaspace       used 6135K, capacity 7152K, committed 7296K, reserved 1056768K
  class space    used 584K, capacity 616K, committed 640K, reserved 1048576K
Event: 18.817 GC heap after
Heap after GC invocations=12 (full 3):
 PSYoungGen      total 207872K, used 70629K [0x00000000eab00000, 0x0000000100000000, 0x0000000100000000)
  eden space 137216K, 0% used [0x00000000eab00000,0x00000000eab00000,0x00000000f3100000)
  from space 70656K, 99% used [0x00000000f3100000,0x00000000f75f9458,0x00000000f7600000)
  to   space 91648K, 0% used [0x00000000fa680000,0x00000000fa680000,0x0000000100000000)
 ParOldGen       total 193536K, used 133526K [0x00000000c0000000, 0x00000000cbd00000, 0x00000000eab00000)
  object space 193536K, 68% used [0x00000000c0000000,0x00000000c8265a18,0x00000000cbd00000)
 Metaspace       used 6135K, capacity 7152K, committed 7296K, reserved 1056768K
  class space    used 584K, capacity 616K, committed 640K, reserved 1048576K
}

Deoptimization events (10 events):
Event: 14.409 Thread 0x00000000179c0800 Uncommon trap: reason=class_check action=maybe_recompile pc=0x0000000003229230 method=com.android.dx.ssa.back.InterferenceGraph.mergeInterferenceSet(ILcom/android/dx/util/IntSet;)V @ 20
Event: 15.938 Thread 0x00000000179d4000 Uncommon trap: reason=class_check action=maybe_recompile pc=0x00000000032b8a14 method=com.android.dx.ssa.SCCP.simulateBranch(Lcom/android/dx/ssa/SsaInsn;)V @ 145
Event: 15.938 Thread 0x00000000179d4000 Uncommon trap: reason=class_check action=maybe_recompile pc=0x00000000032b8a14 method=com.android.dx.ssa.SCCP.simulateBranch(Lcom/android/dx/ssa/SsaInsn;)V @ 145
Event: 15.938 Thread 0x00000000179d4000 Uncommon trap: reason=class_check action=maybe_recompile pc=0x00000000032b8a14 method=com.android.dx.ssa.SCCP.simulateBranch(Lcom/android/dx/ssa/SsaInsn;)V @ 145
Event: 17.379 Thread 0x00000000179d5000 Uncommon trap: reason=bimorphic action=maybe_recompile pc=0x000000000335d42c method=com.android.dx.cf.code.BytecodeArray.parseInstruction(ILcom/android/dx/cf/code/BytecodeArray$Visitor;)I @ 923
Event: 17.380 Thread 0x00000000179d5000 Uncommon trap: reason=bimorphic action=maybe_recompile pc=0x000000000335d42c method=com.android.dx.cf.code.BytecodeArray.parseInstruction(ILcom/android/dx/cf/code/BytecodeArray$Visitor;)I @ 923
Event: 17.380 Thread 0x00000000179d5000 Uncommon trap: reason=unreached action=reinterpret pc=0x00000000032a5574 method=com.android.dx.cf.code.RopperMachine.run(Lcom/android/dx/cf/code/Frame;II)V @ 1500
Event: 17.380 Thread 0x00000000179d5000 Uncommon trap: reason=class_check action=maybe_recompile pc=0x00000000032cee6c method=com.android.dx.cf.code.Ropper.processBlock(Lcom/android/dx/cf/code/ByteBlock;Lcom/android/dx/cf/code/Frame;[I)V @ 777
Event: 17.381 Thread 0x00000000179d5000 Uncommon trap: reason=bimorphic action=maybe_recompile pc=0x0000000003360454 method=com.android.dx.cf.code.BytecodeArray.parseInstruction(ILcom/android/dx/cf/code/BytecodeArray$Visitor;)I @ 2484
Event: 17.381 Thread 0x00000000179d5000 Uncommon trap: reason=bimorphic action=maybe_recompile pc=0x0000000003360454 method=com.android.dx.cf.code.BytecodeArray.parseInstruction(ILcom/android/dx/cf/code/BytecodeArray$Visitor;)I @ 2484

Internal exceptions (10 events):
Event: 2.653 Thread 0x0000000002b00800 Exception <a 'java/security/PrivilegedActionException'> (0x00000000ead8dd80) thrown at [C:\workspace\8-2-build-windows-amd64-cygwin\jdk8u31\2394\hotspot\src\share\vm\prims\jvm.cpp, line 1312]
Event: 2.662 Thread 0x00000000179d5000 Implicit null exception at 0x0000000002ed7d62 to 0x0000000002ed7e52
Event: 2.703 Thread 0x00000000179c0800 Exception <a 'java/security/PrivilegedActionException'> (0x00000000eb53e758) thrown at [C:\workspace\8-2-build-windows-amd64-cygwin\jdk8u31\2394\hotspot\src\share\vm\prims\jvm.cpp, line 1312]
Event: 2.703 Thread 0x00000000179c0800 Exception <a 'java/security/PrivilegedActionException'> (0x00000000eb5441a8) thrown at [C:\workspace\8-2-build-windows-amd64-cygwin\jdk8u31\2394\hotspot\src\share\vm\prims\jvm.cpp, line 1312]
Event: 2.704 Thread 0x00000000179c0800 Exception <a 'java/security/PrivilegedActionException'> (0x00000000eb549960) thrown at [C:\workspace\8-2-build-windows-amd64-cygwin\jdk8u31\2394\hotspot\src\share\vm\prims\jvm.cpp, line 1312]
Event: 3.051 Thread 0x0000000002b00800 Exception <a 'java/security/PrivilegedActionException'> (0x00000000eb718c58) thrown at [C:\workspace\8-2-build-windows-amd64-cygwin\jdk8u31\2394\hotspot\src\share\vm\prims\jvm.cpp, line 1312]
Event: 3.744 Thread 0x00000000179b8800 Exception <a 'java/security/PrivilegedActionException'> (0x00000000eb0e83f8) thrown at [C:\workspace\8-2-build-windows-amd64-cygwin\jdk8u31\2394\hotspot\src\share\vm\prims\jvm.cpp, line 1312]
Event: 5.995 Thread 0x00000000179d4000 Exception <a 'java/security/PrivilegedActionException'> (0x00000000eb402ef8) thrown at [C:\workspace\8-2-build-windows-amd64-cygwin\jdk8u31\2394\hotspot\src\share\vm\prims\jvm.cpp, line 1312]
Event: 10.200 Thread 0x00000000179c0800 Exception <a 'java/security/PrivilegedActionException'> (0x00000000eb91ce58) thrown at [C:\workspace\8-2-build-windows-amd64-cygwin\jdk8u31\2394\hotspot\src\share\vm\prims\jvm.cpp, line 1312]
Event: 10.436 Thread 0x00000000179c0800 Exception <a 'java/security/PrivilegedActionException'> (0x00000000ec5abdf0) thrown at [C:\workspace\8-2-build-windows-amd64-cygwin\jdk8u31\2394\hotspot\src\share\vm\prims\jvm.cpp, line 1312]

Events (10 events):
Event: 18.819 Thread 0x0000000017756000 flushing nmethod 0x0000000002cff710
Event: 18.819 Thread 0x0000000017756000 flushing nmethod 0x0000000002d07d90
Event: 18.819 Thread 0x0000000017756000 flushing nmethod 0x0000000002d086d0
Event: 18.819 Thread 0x0000000017756000 flushing nmethod 0x0000000002d0af10
Event: 18.819 Thread 0x0000000017756000 flushing nmethod 0x0000000002d1f590
Event: 18.819 Thread 0x0000000017756000 flushing nmethod 0x0000000002d38c90
Event: 18.819 Thread 0x0000000017756000 flushing nmethod 0x0000000002d39d90
Event: 18.819 Thread 0x0000000017756000 flushing nmethod 0x0000000002d3c090
Event: 18.870 Thread 0x00000000179b8800 DEOPT PACKING pc=0x00000000032182fe sp=0x00000000183de810
Event: 18.870 Thread 0x00000000179b8800 DEOPT UNPACKING pc=0x0000000002c475bf sp=0x00000000183de550 mode 0


Dynamic libraries:
0x00007ff73e6e0000 - 0x00007ff73e714000 	C:\Program Files\Java\jdk1.8.0_31\bin\java.exe
0x00007ffda6090000 - 0x00007ffda623c000 	C:\Windows\SYSTEM32\ntdll.dll
0x00007ffda3a50000 - 0x00007ffda3b8e000 	C:\Windows\system32\KERNEL32.DLL
0x00007ffda3540000 - 0x00007ffda3655000 	C:\Windows\system32\KERNELBASE.dll
0x00007ffda1dd0000 - 0x00007ffda1e5e000 	C:\Windows\system32\apphelp.dll
0x00007ffd9e5c0000 - 0x00007ffd9e613000 	C:\Windows\AppPatch\AppPatch64\AcGenral.DLL
0x00007ffda4640000 - 0x00007ffda46ea000 	C:\Windows\system32\msvcrt.dll
0x00007ffda2fa0000 - 0x00007ffda2fce000 	C:\Windows\SYSTEM32\SspiCli.dll
0x00007ffda3e00000 - 0x00007ffda3e54000 	C:\Windows\system32\SHLWAPI.dll
0x00007ffda4290000 - 0x00007ffda4407000 	C:\Windows\system32\USER32.dll
0x00007ffda3b90000 - 0x00007ffda3d24000 	C:\Windows\system32\ole32.dll
0x00007ffda4b60000 - 0x00007ffda608b000 	C:\Windows\system32\SHELL32.dll
0x00007ffda2780000 - 0x00007ffda27a1000 	C:\Windows\SYSTEM32\USERENV.dll
0x00007ffda3e60000 - 0x00007ffda3f0a000 	C:\Windows\system32\ADVAPI32.dll
0x00007ffd942c0000 - 0x00007ffd942de000 	C:\Windows\SYSTEM32\MPR.dll
0x00007ffda4140000 - 0x00007ffda4281000 	C:\Windows\system32\RPCRT4.dll
0x00007ffda3f10000 - 0x00007ffda3f69000 	C:\Windows\SYSTEM32\sechost.dll
0x00007ffda4420000 - 0x00007ffda4631000 	C:\Windows\SYSTEM32\combase.dll
0x00007ffda3710000 - 0x00007ffda385f000 	C:\Windows\system32\GDI32.dll
0x00007ffda31e0000 - 0x00007ffda31f5000 	C:\Windows\SYSTEM32\profapi.dll
0x00007ffda1c60000 - 0x00007ffda1d12000 	C:\Windows\SYSTEM32\SHCORE.dll
0x00007ffda4090000 - 0x00007ffda40c6000 	C:\Windows\system32\IMM32.DLL
0x00007ffda46f0000 - 0x00007ffda4842000 	C:\Windows\system32\MSCTF.dll
0x00007ffda1070000 - 0x00007ffda12eb000 	C:\Windows\WinSxS\amd64_microsoft.windows.common-controls_6595b64144ccf1df_6.0.9600.18006_none_623f33d3ecbe86e8\COMCTL32.dll
0x000000006f6e0000 - 0x000000006f7b2000 	C:\Program Files\Java\jdk1.8.0_31\jre\bin\msvcr100.dll
0x000000006fb10000 - 0x000000007036a000 	C:\Program Files\Java\jdk1.8.0_31\jre\bin\server\jvm.dll
0x00007ffda1bc0000 - 0x00007ffda1bc9000 	C:\Windows\SYSTEM32\WSOCK32.dll
0x00007ffda1bd0000 - 0x00007ffda1bf2000 	C:\Windows\SYSTEM32\WINMM.dll
0x00007ffda4410000 - 0x00007ffda4417000 	C:\Windows\system32\PSAPI.DLL
0x00007ffda40e0000 - 0x00007ffda413a000 	C:\Windows\system32\WS2_32.dll
0x00007ffda04a0000 - 0x00007ffda04ca000 	C:\Windows\SYSTEM32\WINMMBASE.dll
0x00007ffda40d0000 - 0x00007ffda40d9000 	C:\Windows\system32\NSI.dll
0x00007ffda36c0000 - 0x00007ffda370f000 	C:\Windows\SYSTEM32\cfgmgr32.dll
0x00007ffda1fd0000 - 0x00007ffda1ff8000 	C:\Windows\SYSTEM32\DEVOBJ.dll
0x0000000070cd0000 - 0x0000000070cdf000 	C:\Program Files\Java\jdk1.8.0_31\jre\bin\verify.dll
0x0000000070ca0000 - 0x0000000070cc8000 	C:\Program Files\Java\jdk1.8.0_31\jre\bin\java.dll
0x000000006faf0000 - 0x000000006fb06000 	C:\Program Files\Java\jdk1.8.0_31\jre\bin\zip.dll

VM Arguments:
jvm_args: -Xmx1024M -Dfile.encoding=windows-1252 -Duser.country=US -Duser.language=en -Duser.variant 
java_command: com.android.dx.command.Main --dex --num-threads=4 --output E:\Data Adek\Data Kuliah\SEM 7 - MOBILE\FINAL PROJECT\Android1_EasyGo\EasyGo\app\build\intermediates\pre-dexed\debug\classes-909e896a548e04475e40589ec3151e46926e414a.jar E:\Data Adek\Data Kuliah\SEM 7 - MOBILE\FINAL PROJECT\Android1_EasyGo\EasyGo\app\build\intermediates\exploded-aar\com.google.android.gms\play-services-ads\8.4.0\jars\classes.jar
java_class_path (initial): C:\Users\angga\AppData\Local\Android\sdk\build-tools\23.0.1\lib\dx.jar
Launcher Type: SUN_STANDARD

Environment Variables:
PATH=C:\ProgramData\Oracle\Java\javapath;C:\oraclexe\app\oracle\product\10.2.0\server\bin;C:\Program Files (x86)\Intel\iCLS Client\;C:\Program Files\Intel\iCLS Client\;C:\Windows\system32;C:\Windows;C:\Windows\System32\Wbem;C:\Windows\System32\WindowsPowerShell\v1.0\;C:\Program Files\Intel\Intel(R) Management Engine Components\DAL;C:\Program Files\Intel\Intel(R) Management Engine Components\IPT;C:\Program Files (x86)\Intel\Intel(R) Management Engine Components\DAL;C:\Program Files (x86)\Intel\Intel(R) Management Engine Components\IPT;C:\Program Files (x86)\Windows Kits\8.1\Windows Performance Toolkit\;C:\Program Files\Microsoft SQL Server\110\Tools\Binn\;C:\Program Files (x86)\nodejs\;C:\Users\angga\AppData\Roaming\npm;C:\Program Files (x86)\Java\jre7\bin
USERNAME=angga
OS=Windows_NT
PROCESSOR_IDENTIFIER=Intel64 Family 6 Model 58 Stepping 9, GenuineIntel



---------------  S Y S T E M  ---------------

OS: Windows 8.1 , 64 bit Build 9600 

CPU:total 8 (4 cores per cpu, 2 threads per core) family 6 model 58 stepping 9, cmov, cx8, fxsr, mmx, sse, sse2, sse3, ssse3, sse4.1, sse4.2, popcnt, avx, aes, clmul, erms, ht, tsc, tscinvbit, tscinv

Memory: 4k page, physical 4144288k(439508k free), swap 7290016k(5156k free)

vm_info: Java HotSpot(TM) 64-Bit Server VM (25.31-b07) for windows-amd64 JRE (1.8.0_31-b13), built on Dec 17 2014 21:00:28 by "java_re" with MS VC++ 10.0 (VS2010)

time: Sat Jan 02 20:19:28 2016
elapsed time: 18 seconds (0d 0h 0m 18s)

