#
# There is insufficient memory for the Java Runtime Environment to continue.
# Native memory allocation (malloc) failed to allocate 1561376 bytes for Chunk::new
# Possible reasons:
#   The system is out of physical RAM or swap space
#   In 32 bit mode, the process size limit was hit
# Possible solutions:
#   Reduce memory load on the system
#   Increase physical memory or swap space
#   Check if swap backing store is full
#   Use 64 bit Java on a 64 bit OS
#   Decrease Java heap size (-Xmx/-Xms)
#   Decrease number of Java threads
#   Decrease Java thread stack sizes (-Xss)
#   Set larger code cache with -XX:ReservedCodeCacheSize=
# This output file may be truncated or incomplete.
#
#  Out of Memory Error (allocation.cpp:390), pid=6868, tid=6640
#
# JRE version: Java(TM) SE Runtime Environment (8.0_31-b13) (build 1.8.0_31-b13)
# Java VM: Java HotSpot(TM) 64-Bit Server VM (25.31-b07 mixed mode windows-amd64 compressed oops)
# Failed to write core dump. Minidumps are not enabled by default on client versions of Windows
#

---------------  T H R E A D  ---------------

Current thread (0x000000001798e000):  JavaThread "C2 CompilerThread2" daemon [_thread_in_native, id=6640, stack(0x0000000018160000,0x0000000018260000)]

Stack: [0x0000000018160000,0x0000000018260000]
Native frames: (J=compiled Java code, j=interpreted, Vv=VM code, C=native code)
V  [jvm.dll+0x3169ba]
V  [jvm.dll+0x2674c3]
V  [jvm.dll+0x268103]
V  [jvm.dll+0x25f8f5]
V  [jvm.dll+0xbf025]
V  [jvm.dll+0xbf4cc]
V  [jvm.dll+0x45df82]
V  [jvm.dll+0x49f21f]
V  [jvm.dll+0x453401]
V  [jvm.dll+0x454124]
V  [jvm.dll+0x437c62]
V  [jvm.dll+0x988e2]
V  [jvm.dll+0x990d3]
V  [jvm.dll+0x22c194]
V  [jvm.dll+0x28576a]
C  [msvcr100.dll+0x21d9f]
C  [msvcr100.dll+0x21e3b]
C  [KERNEL32.DLL+0x13d2]
C  [ntdll.dll+0x15454]


Current CompileTask:
C2:   6566 1705   !   4       com.android.dx.cf.cst.ConstantPoolParser::parse0 (731 bytes)


---------------  P R O C E S S  ---------------

Java Threads: ( => current thread )
  0x0000000017c4c800 JavaThread "pool-1-thread-4" [_thread_blocked, id=964, stack(0x0000000018960000,0x0000000018a60000)]
  0x0000000017c49800 JavaThread "pool-1-thread-3" [_thread_blocked, id=7196, stack(0x0000000018860000,0x0000000018960000)]
  0x0000000017c46800 JavaThread "pool-1-thread-2" [_thread_blocked, id=7104, stack(0x0000000018760000,0x0000000018860000)]
  0x0000000017c43800 JavaThread "pool-2-thread-1" [_thread_blocked, id=1184, stack(0x0000000018660000,0x0000000018760000)]
  0x0000000017c43000 JavaThread "pool-1-thread-1" [_thread_blocked, id=6304, stack(0x0000000018560000,0x0000000018660000)]
  0x00000000179e9000 JavaThread "Service Thread" daemon [_thread_blocked, id=3464, stack(0x0000000018360000,0x0000000018460000)]
  0x00000000179dd800 JavaThread "C1 CompilerThread3" daemon [_thread_blocked, id=1060, stack(0x0000000018260000,0x0000000018360000)]
=>0x000000001798e000 JavaThread "C2 CompilerThread2" daemon [_thread_in_native, id=6640, stack(0x0000000018160000,0x0000000018260000)]
  0x000000001798a000 JavaThread "C2 CompilerThread1" daemon [_thread_in_native, id=6968, stack(0x0000000018060000,0x0000000018160000)]
  0x0000000017988000 JavaThread "C2 CompilerThread0" daemon [_thread_in_native, id=412, stack(0x0000000017f60000,0x0000000018060000)]
  0x0000000017985800 JavaThread "Attach Listener" daemon [_thread_blocked, id=7604, stack(0x0000000017e60000,0x0000000017f60000)]
  0x0000000017985000 JavaThread "Signal Dispatcher" daemon [_thread_blocked, id=4624, stack(0x0000000017d60000,0x0000000017e60000)]
  0x0000000002e67800 JavaThread "Finalizer" daemon [_thread_blocked, id=6092, stack(0x0000000017860000,0x0000000017960000)]
  0x0000000002e61000 JavaThread "Reference Handler" daemon [_thread_blocked, id=6156, stack(0x0000000017760000,0x0000000017860000)]
  0x0000000002d70800 JavaThread "main" [_thread_blocked, id=8024, stack(0x0000000002b90000,0x0000000002c90000)]

Other Threads:
  0x0000000015988800 VMThread [stack: 0x0000000017660000,0x0000000017760000] [id=6664]
  0x00000000179ea800 WatcherThread [stack: 0x0000000018460000,0x0000000018560000] [id=3232]

VM state:not at safepoint (normal execution)

VM Mutex/Monitor currently owned by a thread: None

Heap:
 PSYoungGen      total 35328K, used 16071K [0x00000000eab00000, 0x00000000ef000000, 0x0000000100000000)
  eden space 32768K, 41% used [0x00000000eab00000,0x00000000eb831d38,0x00000000ecb00000)
  from space 2560K, 100% used [0x00000000ecb00000,0x00000000ecd80000,0x00000000ecd80000)
  to   space 2560K, 0% used [0x00000000eed80000,0x00000000eed80000,0x00000000ef000000)
 ParOldGen       total 44032K, used 9234K [0x00000000c0000000, 0x00000000c2b00000, 0x00000000eab00000)
  object space 44032K, 20% used [0x00000000c0000000,0x00000000c0904bb0,0x00000000c2b00000)
 Metaspace       used 6060K, capacity 7088K, committed 7296K, reserved 1056768K
  class space    used 585K, capacity 616K, committed 640K, reserved 1048576K

Card table byte_map: [0x0000000012230000,0x0000000012440000] byte_map_base: 0x0000000011c30000

Marking Bits: (ParMarkBitMap*) 0x00000000702ed4f0
 Begin Bits: [0x0000000012da0000, 0x0000000013da0000)
 End Bits:   [0x0000000013da0000, 0x0000000014da0000)

Polling page: 0x00000000011f0000

CodeCache: size=245760Kb used=7527Kb max_used=7527Kb free=238232Kb
 bounds [0x0000000002e70000, 0x00000000035e0000, 0x0000000011e70000]
 total_blobs=1976 nmethods=1712 adapters=178
 compilation: enabled

Compilation events (10 events):
Event: 6.472 Thread 0x00000000179dd800 1720       3       com.android.dx.cf.code.OneLocalsArray::makeInitialized (55 bytes)
Event: 6.472 Thread 0x00000000179dd800 nmethod 1720 0x00000000035c5c50 code [0x00000000035c5e00, 0x00000000035c6498]
Event: 6.474 Thread 0x00000000179dd800 1721       1       java.util.concurrent.locks.AbstractOwnableSynchronizer::setExclusiveOwnerThread (6 bytes)
Event: 6.474 Thread 0x00000000179dd800 nmethod 1721 0x00000000035d0150 code [0x00000000035d02a0, 0x00000000035d03d0]
Event: 6.489 Thread 0x00000000179dd800 1722       3       com.android.dx.rop.annotation.NameValuePair::<init> (43 bytes)
Event: 6.489 Thread 0x00000000179dd800 nmethod 1722 0x00000000035c5610 code [0x00000000035c57a0, 0x00000000035c5b38]
Event: 6.491 Thread 0x00000000179dd800 1723       3       com.android.dx.util.ByteArray::<init> (9 bytes)
Event: 6.492 Thread 0x00000000179dd800 nmethod 1723 0x00000000035cfd90 code [0x00000000035cff00, 0x00000000035d0088]
Event: 6.494 Thread 0x00000000179dd800 1724       3       com.android.dx.rop.annotation.Annotation::put (32 bytes)
Event: 6.494 Thread 0x00000000179dd800 nmethod 1724 0x00000000035c4d90 code [0x00000000035c4f40, 0x00000000035c5448]

GC Heap History (6 events):
Event: 2.747 GC heap before
{Heap before GC invocations=1 (full 0):
 PSYoungGen      total 18944K, used 16384K [0x00000000eab00000, 0x00000000ec000000, 0x0000000100000000)
  eden space 16384K, 100% used [0x00000000eab00000,0x00000000ebb00000,0x00000000ebb00000)
  from space 2560K, 0% used [0x00000000ebd80000,0x00000000ebd80000,0x00000000ec000000)
  to   space 2560K, 0% used [0x00000000ebb00000,0x00000000ebb00000,0x00000000ebd80000)
 ParOldGen       total 44032K, used 0K [0x00000000c0000000, 0x00000000c2b00000, 0x00000000eab00000)
  object space 44032K, 0% used [0x00000000c0000000,0x00000000c0000000,0x00000000c2b00000)
 Metaspace       used 5665K, capacity 6768K, committed 7040K, reserved 1056768K
  class space    used 579K, capacity 616K, committed 640K, reserved 1048576K
Event: 3.181 GC heap after
Heap after GC invocations=1 (full 0):
 PSYoungGen      total 18944K, used 2551K [0x00000000eab00000, 0x00000000ed000000, 0x0000000100000000)
  eden space 16384K, 0% used [0x00000000eab00000,0x00000000eab00000,0x00000000ebb00000)
  from space 2560K, 99% used [0x00000000ebb00000,0x00000000ebd7dc80,0x00000000ebd80000)
  to   space 2560K, 0% used [0x00000000ecd80000,0x00000000ecd80000,0x00000000ed000000)
 ParOldGen       total 44032K, used 1948K [0x00000000c0000000, 0x00000000c2b00000, 0x00000000eab00000)
  object space 44032K, 4% used [0x00000000c0000000,0x00000000c01e71a8,0x00000000c2b00000)
 Metaspace       used 5665K, capacity 6768K, committed 7040K, reserved 1056768K
  class space    used 579K, capacity 616K, committed 640K, reserved 1048576K
}
Event: 3.570 GC heap before
{Heap before GC invocations=2 (full 0):
 PSYoungGen      total 18944K, used 18935K [0x00000000eab00000, 0x00000000ed000000, 0x0000000100000000)
  eden space 16384K, 100% used [0x00000000eab00000,0x00000000ebb00000,0x00000000ebb00000)
  from space 2560K, 99% used [0x00000000ebb00000,0x00000000ebd7dc80,0x00000000ebd80000)
  to   space 2560K, 0% used [0x00000000ecd80000,0x00000000ecd80000,0x00000000ed000000)
 ParOldGen       total 44032K, used 1948K [0x00000000c0000000, 0x00000000c2b00000, 0x00000000eab00000)
  object space 44032K, 4% used [0x00000000c0000000,0x00000000c01e71a8,0x00000000c2b00000)
 Metaspace       used 5896K, capacity 6960K, committed 7040K, reserved 1056768K
  class space    used 582K, capacity 616K, committed 640K, reserved 1048576K
Event: 3.793 GC heap after
Heap after GC invocations=2 (full 0):
 PSYoungGen      total 35328K, used 2551K [0x00000000eab00000, 0x00000000ed000000, 0x0000000100000000)
  eden space 32768K, 0% used [0x00000000eab00000,0x00000000eab00000,0x00000000ecb00000)
  from space 2560K, 99% used [0x00000000ecd80000,0x00000000ecffdc70,0x00000000ed000000)
  to   space 2560K, 0% used [0x00000000ecb00000,0x00000000ecb00000,0x00000000ecd80000)
 ParOldGen       total 44032K, used 4195K [0x00000000c0000000, 0x00000000c2b00000, 0x00000000eab00000)
  object space 44032K, 9% used [0x00000000c0000000,0x00000000c0418db0,0x00000000c2b00000)
 Metaspace       used 5896K, capacity 6960K, committed 7040K, reserved 1056768K
  class space    used 582K, capacity 616K, committed 640K, reserved 1048576K
}
Event: 6.065 GC heap before
{Heap before GC invocations=3 (full 0):
 PSYoungGen      total 35328K, used 35319K [0x00000000eab00000, 0x00000000ed000000, 0x0000000100000000)
  eden space 32768K, 100% used [0x00000000eab00000,0x00000000ecb00000,0x00000000ecb00000)
  from space 2560K, 99% used [0x00000000ecd80000,0x00000000ecffdc70,0x00000000ed000000)
  to   space 2560K, 0% used [0x00000000ecb00000,0x00000000ecb00000,0x00000000ecd80000)
 ParOldGen       total 44032K, used 4195K [0x00000000c0000000, 0x00000000c2b00000, 0x00000000eab00000)
  object space 44032K, 9% used [0x00000000c0000000,0x00000000c0418db0,0x00000000c2b00000)
 Metaspace       used 6049K, capacity 7088K, committed 7296K, reserved 1056768K
  class space    used 585K, capacity 616K, committed 640K, reserved 1048576K
Event: 6.165 GC heap after
Heap after GC invocations=3 (full 0):
 PSYoungGen      total 35328K, used 2560K [0x00000000eab00000, 0x00000000ef000000, 0x0000000100000000)
  eden space 32768K, 0% used [0x00000000eab00000,0x00000000eab00000,0x00000000ecb00000)
  from space 2560K, 100% used [0x00000000ecb00000,0x00000000ecd80000,0x00000000ecd80000)
  to   space 2560K, 0% used [0x00000000eed80000,0x00000000eed80000,0x00000000ef000000)
 ParOldGen       total 44032K, used 9234K [0x00000000c0000000, 0x00000000c2b00000, 0x00000000eab00000)
  object space 44032K, 20% used [0x00000000c0000000,0x00000000c0904bb0,0x00000000c2b00000)
 Metaspace       used 6049K, capacity 7088K, committed 7296K, reserved 1056768K
  class space    used 585K, capacity 616K, committed 640K, reserved 1048576K
}

Deoptimization events (10 events):
Event: 5.546 Thread 0x0000000017c43000 Uncommon trap: reason=bimorphic action=maybe_recompile pc=0x0000000003441f7c method=com.android.dx.cf.code.BaseMachine.getLocalTarget(Z)Lcom/android/dx/rop/code/RegisterSpec; @ 70
Event: 5.552 Thread 0x0000000017c43000 Uncommon trap: reason=bimorphic action=maybe_recompile pc=0x00000000034a7b00 method=com.android.dx.cf.code.BaseMachine.getLocalTarget(Z)Lcom/android/dx/rop/code/RegisterSpec; @ 70
Event: 5.553 Thread 0x0000000017c43000 Uncommon trap: reason=bimorphic action=maybe_recompile pc=0x0000000003441f7c method=com.android.dx.cf.code.BaseMachine.getLocalTarget(Z)Lcom/android/dx/rop/code/RegisterSpec; @ 70
Event: 5.554 Thread 0x0000000017c43000 Uncommon trap: reason=bimorphic action=maybe_recompile pc=0x00000000034a7b00 method=com.android.dx.cf.code.BaseMachine.getLocalTarget(Z)Lcom/android/dx/rop/code/RegisterSpec; @ 70
Event: 5.641 Thread 0x0000000017c43000 Uncommon trap: reason=bimorphic action=maybe_recompile pc=0x0000000003488b08 method=com.android.dx.cf.code.BaseMachine.getLocalTarget(Z)Lcom/android/dx/rop/code/RegisterSpec; @ 70
Event: 5.641 Thread 0x0000000017c43000 Uncommon trap: reason=bimorphic action=maybe_recompile pc=0x00000000034ec924 method=com.android.dx.cf.code.BaseMachine.getLocalTarget(Z)Lcom/android/dx/rop/code/RegisterSpec; @ 70
Event: 5.753 Thread 0x0000000017c43000 Uncommon trap: reason=unreached action=reinterpret pc=0x00000000033a22d4 method=com.android.dx.util.LabeledList.set(ILcom/android/dx/util/LabeledItem;)V @ 16
Event: 6.430 Thread 0x0000000017c4c800 Uncommon trap: reason=bimorphic action=maybe_recompile pc=0x00000000033bb5e8 method=com.android.dx.cf.code.BytecodeArray.parseInstruction(ILcom/android/dx/cf/code/BytecodeArray$Visitor;)I @ 955
Event: 6.430 Thread 0x0000000017c4c800 Uncommon trap: reason=bimorphic action=maybe_recompile pc=0x00000000033baf24 method=com.android.dx.cf.code.BytecodeArray.parseInstruction(ILcom/android/dx/cf/code/BytecodeArray$Visitor;)I @ 1597
Event: 6.430 Thread 0x0000000017c4c800 Uncommon trap: reason=bimorphic action=maybe_recompile pc=0x00000000033bb5e8 method=com.android.dx.cf.code.BytecodeArray.parseInstruction(ILcom/android/dx/cf/code/BytecodeArray$Visitor;)I @ 955

Internal exceptions (10 events):
Event: 2.311 Thread 0x0000000017c49800 Exception <a 'java/security/PrivilegedActionException'> (0x00000000eb796770) thrown at [C:\workspace\8-2-build-windows-amd64-cygwin\jdk8u31\2394\hotspot\src\share\vm\prims\jvm.cpp, line 1312]
Event: 2.312 Thread 0x0000000017c49800 Exception <a 'java/security/PrivilegedActionException'> (0x00000000eb79c1c0) thrown at [C:\workspace\8-2-build-windows-amd64-cygwin\jdk8u31\2394\hotspot\src\share\vm\prims\jvm.cpp, line 1312]
Event: 2.313 Thread 0x0000000017c49800 Exception <a 'java/security/PrivilegedActionException'> (0x00000000eb7a19b8) thrown at [C:\workspace\8-2-build-windows-amd64-cygwin\jdk8u31\2394\hotspot\src\share\vm\prims\jvm.cpp, line 1312]
Event: 3.226 Thread 0x0000000002d70800 Exception <a 'java/security/PrivilegedActionException'> (0x00000000eadc2dc0) thrown at [C:\workspace\8-2-build-windows-amd64-cygwin\jdk8u31\2394\hotspot\src\share\vm\prims\jvm.cpp, line 1312]
Event: 3.228 Thread 0x0000000017c4c800 Exception <a 'java/security/PrivilegedActionException'> (0x00000000eae089b8) thrown at [C:\workspace\8-2-build-windows-amd64-cygwin\jdk8u31\2394\hotspot\src\share\vm\prims\jvm.cpp, line 1312]
Event: 3.252 Thread 0x0000000002d70800 Exception <a 'java/security/PrivilegedActionException'> (0x00000000eb017c08) thrown at [C:\workspace\8-2-build-windows-amd64-cygwin\jdk8u31\2394\hotspot\src\share\vm\prims\jvm.cpp, line 1312]
Event: 3.253 Thread 0x0000000017c46800 Implicit null exception at 0x00000000031b8ccd to 0x00000000031baf61
Event: 3.253 Thread 0x0000000017c46800 Implicit null exception at 0x00000000031c1f85 to 0x00000000031c4679
Event: 5.569 Thread 0x0000000017c43000 Exception <a 'java/security/PrivilegedActionException'> (0x00000000ebc1b508) thrown at [C:\workspace\8-2-build-windows-amd64-cygwin\jdk8u31\2394\hotspot\src\share\vm\prims\jvm.cpp, line 1312]
Event: 5.961 Thread 0x0000000017c4c800 Exception <a 'java/security/PrivilegedActionException'> (0x00000000ec4a11c8) thrown at [C:\workspace\8-2-build-windows-amd64-cygwin\jdk8u31\2394\hotspot\src\share\vm\prims\jvm.cpp, line 1312]

Events (10 events):
Event: 6.165 Executing VM operation: ParallelGCFailedAllocation done
Event: 6.430 Thread 0x0000000017c4c800 Uncommon trap: trap_request=0xffffffc6 fr.pc=0x00000000033bb5e8
Event: 6.430 Thread 0x0000000017c4c800 DEOPT PACKING pc=0x00000000033bb5e8 sp=0x0000000018a5e5c0
Event: 6.430 Thread 0x0000000017c4c800 DEOPT UNPACKING pc=0x0000000002eb556a sp=0x0000000018a5e558 mode 2
Event: 6.430 Thread 0x0000000017c4c800 Uncommon trap: trap_request=0xffffffc6 fr.pc=0x00000000033baf24
Event: 6.430 Thread 0x0000000017c4c800 DEOPT PACKING pc=0x00000000033baf24 sp=0x0000000018a5e5c0
Event: 6.430 Thread 0x0000000017c4c800 DEOPT UNPACKING pc=0x0000000002eb556a sp=0x0000000018a5e550 mode 2
Event: 6.430 Thread 0x0000000017c4c800 Uncommon trap: trap_request=0xffffffc6 fr.pc=0x00000000033bb5e8
Event: 6.430 Thread 0x0000000017c4c800 DEOPT PACKING pc=0x00000000033bb5e8 sp=0x0000000018a5e410
Event: 6.430 Thread 0x0000000017c4c800 DEOPT UNPACKING pc=0x0000000002eb556a sp=0x0000000018a5e3a8 mode 2


Dynamic libraries:
0x00007ff73e6e0000 - 0x00007ff73e714000 	C:\Program Files\Java\jdk1.8.0_31\bin\java.exe
0x00007ffda6090000 - 0x00007ffda623c000 	C:\Windows\SYSTEM32\ntdll.dll
0x00007ffda3a50000 - 0x00007ffda3b8e000 	C:\Windows\system32\KERNEL32.DLL
0x00007ffda3540000 - 0x00007ffda3655000 	C:\Windows\system32\KERNELBASE.dll
0x00007ffda1dd0000 - 0x00007ffda1e5e000 	C:\Windows\system32\apphelp.dll
0x00007ffd9e5c0000 - 0x00007ffd9e613000 	C:\Windows\AppPatch\AppPatch64\AcGenral.DLL
0x00007ffda4640000 - 0x00007ffda46ea000 	C:\Windows\system32\msvcrt.dll
0x00007ffda2fa0000 - 0x00007ffda2fce000 	C:\Windows\SYSTEM32\SspiCli.dll
0x00007ffda3e00000 - 0x00007ffda3e54000 	C:\Windows\system32\SHLWAPI.dll
0x00007ffda4290000 - 0x00007ffda4407000 	C:\Windows\system32\USER32.dll
0x00007ffda3b90000 - 0x00007ffda3d24000 	C:\Windows\system32\ole32.dll
0x00007ffda4b60000 - 0x00007ffda608b000 	C:\Windows\system32\SHELL32.dll
0x00007ffda2780000 - 0x00007ffda27a1000 	C:\Windows\SYSTEM32\USERENV.dll
0x00007ffda3e60000 - 0x00007ffda3f0a000 	C:\Windows\system32\ADVAPI32.dll
0x00007ffd942c0000 - 0x00007ffd942de000 	C:\Windows\SYSTEM32\MPR.dll
0x00007ffda4140000 - 0x00007ffda4281000 	C:\Windows\system32\RPCRT4.dll
0x00007ffda3f10000 - 0x00007ffda3f69000 	C:\Windows\SYSTEM32\sechost.dll
0x00007ffda4420000 - 0x00007ffda4631000 	C:\Windows\SYSTEM32\combase.dll
0x00007ffda3710000 - 0x00007ffda385f000 	C:\Windows\system32\GDI32.dll
0x00007ffda31e0000 - 0x00007ffda31f5000 	C:\Windows\SYSTEM32\profapi.dll
0x00007ffda1c60000 - 0x00007ffda1d12000 	C:\Windows\SYSTEM32\SHCORE.dll
0x00007ffda4090000 - 0x00007ffda40c6000 	C:\Windows\system32\IMM32.DLL
0x00007ffda46f0000 - 0x00007ffda4842000 	C:\Windows\system32\MSCTF.dll
0x00007ffda1070000 - 0x00007ffda12eb000 	C:\Windows\WinSxS\amd64_microsoft.windows.common-controls_6595b64144ccf1df_6.0.9600.18006_none_623f33d3ecbe86e8\COMCTL32.dll
0x000000006f6e0000 - 0x000000006f7b2000 	C:\Program Files\Java\jdk1.8.0_31\jre\bin\msvcr100.dll
0x000000006fb10000 - 0x000000007036a000 	C:\Program Files\Java\jdk1.8.0_31\jre\bin\server\jvm.dll
0x00007ffda1bc0000 - 0x00007ffda1bc9000 	C:\Windows\SYSTEM32\WSOCK32.dll
0x00007ffda1bd0000 - 0x00007ffda1bf2000 	C:\Windows\SYSTEM32\WINMM.dll
0x00007ffda4410000 - 0x00007ffda4417000 	C:\Windows\system32\PSAPI.DLL
0x00007ffda40e0000 - 0x00007ffda413a000 	C:\Windows\system32\WS2_32.dll
0x00007ffda04a0000 - 0x00007ffda04ca000 	C:\Windows\SYSTEM32\WINMMBASE.dll
0x00007ffda40d0000 - 0x00007ffda40d9000 	C:\Windows\system32\NSI.dll
0x00007ffda36c0000 - 0x00007ffda370f000 	C:\Windows\SYSTEM32\cfgmgr32.dll
0x00007ffda1fd0000 - 0x00007ffda1ff8000 	C:\Windows\SYSTEM32\DEVOBJ.dll
0x0000000070cd0000 - 0x0000000070cdf000 	C:\Program Files\Java\jdk1.8.0_31\jre\bin\verify.dll
0x0000000070ca0000 - 0x0000000070cc8000 	C:\Program Files\Java\jdk1.8.0_31\jre\bin\java.dll
0x000000006faf0000 - 0x000000006fb06000 	C:\Program Files\Java\jdk1.8.0_31\jre\bin\zip.dll
0x00007ffd9a920000 - 0x00007ffd9aaa9000 	C:\Windows\SYSTEM32\dbghelp.dll

VM Arguments:
jvm_args: -Xmx1024M -Dfile.encoding=windows-1252 -Duser.country=US -Duser.language=en -Duser.variant 
java_command: com.android.dx.command.Main --dex --num-threads=4 --output E:\Data Adek\Data Kuliah\SEM 7 - MOBILE\FINAL PROJECT\Android1_EasyGo\EasyGo\app\build\intermediates\pre-dexed\debug\classes-d03aedd3ff6bb012553803eabf95052e6af8d40b.jar E:\Data Adek\Data Kuliah\SEM 7 - MOBILE\FINAL PROJECT\Android1_EasyGo\EasyGo\app\build\intermediates\exploded-aar\com.android.support\design\23.1.1\jars\classes.jar
java_class_path (initial): C:\Users\angga\AppData\Local\Android\sdk\build-tools\23.0.1\lib\dx.jar
Launcher Type: SUN_STANDARD

Environment Variables:
PATH=C:\ProgramData\Oracle\Java\javapath;C:\oraclexe\app\oracle\product\10.2.0\server\bin;C:\Program Files (x86)\Intel\iCLS Client\;C:\Program Files\Intel\iCLS Client\;C:\Windows\system32;C:\Windows;C:\Windows\System32\Wbem;C:\Windows\System32\WindowsPowerShell\v1.0\;C:\Program Files\Intel\Intel(R) Management Engine Components\DAL;C:\Program Files\Intel\Intel(R) Management Engine Components\IPT;C:\Program Files (x86)\Intel\Intel(R) Management Engine Components\DAL;C:\Program Files (x86)\Intel\Intel(R) Management Engine Components\IPT;C:\Program Files (x86)\Windows Kits\8.1\Windows Performance Toolkit\;C:\Program Files\Microsoft SQL Server\110\Tools\Binn\;C:\Program Files (x86)\nodejs\;C:\Users\angga\AppData\Roaming\npm;C:\Program Files (x86)\Java\jre7\bin
USERNAME=angga
OS=Windows_NT
PROCESSOR_IDENTIFIER=Intel64 Family 6 Model 58 Stepping 9, GenuineIntel



---------------  S Y S T E M  ---------------

OS: Windows 8.1 , 64 bit Build 9600 

CPU:total 8 (4 cores per cpu, 2 threads per core) family 6 model 58 stepping 9, cmov, cx8, fxsr, mmx, sse, sse2, sse3, ssse3, sse4.1, sse4.2, popcnt, avx, aes, clmul, erms, ht, tsc, tscinvbit, tscinv

Memory: 4k page, physical 4144288k(439024k free), swap 7290016k(5156k free)

vm_info: Java HotSpot(TM) 64-Bit Server VM (25.31-b07) for windows-amd64 JRE (1.8.0_31-b13), built on Dec 17 2014 21:00:28 by "java_re" with MS VC++ 10.0 (VS2010)

time: Sat Jan 02 20:19:28 2016
elapsed time: 6 seconds (0d 0h 0m 6s)

