#
# A fatal error has been detected by the Java Runtime Environment:
#
#  EXCEPTION_ACCESS_VIOLATION (0xc0000005) at pc=0x000000006fd0b107, pid=3696, tid=8000
#
# JRE version: Java(TM) SE Runtime Environment (8.0_31-b13) (build 1.8.0_31-b13)
# Java VM: Java HotSpot(TM) 64-Bit Server VM (25.31-b07 mixed mode windows-amd64 compressed oops)
# Problematic frame:
# V  [jvm.dll+0x1fb107]
#
# Failed to write core dump. Minidumps are not enabled by default on client versions of Windows
#
# If you would like to submit a bug report, please visit:
#   http://bugreport.java.com/bugreport/crash.jsp
#

---------------  T H R E A D  ---------------

Current thread (0x000000001ef40000):  JavaThread "Forward streams with process: command 'C:\Program Files\Java\jdk1.8.0_31\bin\java.exe'" [_thread_in_vm, id=8000, stack(0x00000000212f0000,0x00000000213f0000)]

siginfo: ExceptionCode=0xc0000005, writing address 0x00000000213ea4c0

Registers:
RAX=0x00000000213ea4c0, RBX=0x0000000000000006, RCX=0x0000000000005000, RDX=0x0000000000000006
RSP=0x00000000213ef4c0, RBP=0x0000000000000000, RSI=0x00000000213ef4c0, RDI=0x0000000000000006
R8 =0x0000000000000006, R9 =0x0000000019173950, R10=0x0000000014c0c7e8, R11=0x00000000212fa148
R12=0x0000000019173950, R13=0x000000001ef40000, R14=0x00000000213ef588, R15=0x0000000014c0c7e8
RIP=0x000000006fd0b107, EFLAGS=0x0000000000010206

Top of Stack: (sp=0x00000000213ef4c0)
0x00000000213ef4c0:   0000000000000000 00007ffda60c1115
0x00000000213ef4d0:   000000001ef40000 0000000019173950
0x00000000213ef4e0:   00000000ffffffff 000000006fd0c037
0x00000000213ef4f0:   00000000213ef5f0 0000000014c0c7e8
0x00000000213ef500:   000000001ef40000 000000006fbc1fb3
0x00000000213ef510:   00000000213ef550 000000001ef40000
0x00000000213ef520:   00000000213ef5e0 000000001ef40000
0x00000000213ef530:   0000000014c0c7e8 000000001ef40000
0x00000000213ef540:   0000000002ac0e20 000000001ef40000
0x00000000213ef550:   0000000014c0c7e8 000000001ef40000
0x00000000213ef560:   0000000014c0c7e8 000000001ef40000
0x00000000213ef570:   0000000000000001 0000000014c0c7e8
0x00000000213ef580:   000000001ef40000 000000001e946520
0x00000000213ef590:   000000001ef40000 000000006fbc349d
0x00000000213ef5a0:   00000000213ef8a8 0000000100006670
0x00000000213ef5b0:   0000000100006670 00007ffda1bc0000 

Instructions: (pc=0x000000006fd0b107)
0x000000006fd0b0e7:   48 89 6c 24 30 33 ed 66 90 e8 7b 5c 08 00 ff c3
0x000000006fd0b0f7:   48 63 c8 48 8b c6 48 0f af cf 48 ff c7 48 2b c1
0x000000006fd0b107:   89 28 48 63 c3 48 3b 05 ed 6e 57 00 7e db 48 8b
0x000000006fd0b117:   6c 24 30 48 8b 5c 24 38 48 8b 74 24 40 48 83 c4 


Register to memory mapping:

RAX=0x00000000213ea4c0 is pointing into the stack for thread: 0x000000001ef40000
RBX=0x0000000000000006 is an unknown value
RCX=0x0000000000005000 is an unknown value
RDX=0x0000000000000006 is an unknown value
RSP=0x00000000213ef4c0 is pointing into the stack for thread: 0x000000001ef40000
RBP=0x0000000000000000 is an unknown value
RSI=0x00000000213ef4c0 is pointing into the stack for thread: 0x000000001ef40000
RDI=0x0000000000000006 is an unknown value
R8 =0x0000000000000006 is an unknown value
R9 =0x0000000019173950 is an unknown value
R10={method} {0x0000000014c0c7f0} 'run' '()V' in 'java/lang/Thread'
R11=0x00000000212fa148 is pointing into the stack for thread: 0x000000001ef40000
R12=0x0000000019173950 is an unknown value
R13=0x000000001ef40000 is a thread
R14=0x00000000213ef588 is pointing into the stack for thread: 0x000000001ef40000
R15={method} {0x0000000014c0c7f0} 'run' '()V' in 'java/lang/Thread'


Stack: [0x00000000212f0000,0x00000000213f0000],  sp=0x00000000213ef4c0,  free space=1021k
